@ GetLLMVersion %s "V3.0.0 Dev"
@ Command %s "/usr/bin/python2 '/home/eirik/CERN/beta-Beat/GetLLM/GetLLM.py' '--accel=LHCB2' '--model=model_opticsfile.1_Qx0.278_Qy0.31_beam2/twiss.dat' '--files=/home/eirik/CERN/global_coupling_correction3/data_analysis2/hole_in_one_dir/Beam2@Turn@2015_04_09@04_18_33_348.sdds' '--output=/home/eirik/CERN/global_coupling_correction3/data_analysis2/outputfiles/' '--tbtana=SUSSIX' '--bpmu=mm' '--lhcphase=1' '--errordefs=model_opticsfile.1_Qx0.278_Qy0.31_beam2/error_deffs.txt' '--coupling=1'"
@ CWD %s "/home/eirik/CERN/global_coupling_correction3/data_analysis2"
@ Date %s "29. April 2021, 10:30:56"
@ Q1 %le 0.2679271851406006
@ MUX %le 0.0
@ Q2 %le 0.319948196411
@ MUY %le 0.0
@ FILES %s "/home/eirik/CERN/global_coupling_correction3/data_analysis2/hole_in_one_dir/Beam2@Turn@2015_04_09@04_18_33_348.sdds.liny"
*                 NAME                NAME2                    S                   S1                COUNT               PHASEY               STDPHY               PHYMDL               MUYMDL
$                   %s                   %s                  %le                  %le                  %le                  %le                  %le                  %le                  %le
        "BPMYB.5R8.B2"        "BPMR.6R8.B2"               16.238              100.346                    1       0.114291718703                    0        0.13164248814        0.05477737236
         "BPMR.6R8.B2"        "BPM.10R8.B2"              100.346          243.5569682                    1       0.306613152643                    0         0.3241318954         0.1864198605
         "BPM.10R8.B2"        "BPM.11R8.B2"          243.5569682          295.3976576                    1      0.0984520606231                    0         0.1004462241         0.5105517559
         "BPM.11R8.B2"        "BPM.12R8.B2"          295.3976576          350.1241417                    1      0.1053909674069                    0         0.1181032707           0.61099798
         "BPM.12R8.B2"        "BPM.13R8.B2"          350.1241417          403.5756258                    1       0.101065793607                    0         0.1106161287         0.7291012507
         "BPM.13R8.B2"        "BPM.15R8.B2"          403.5756258           510.478594                    1       0.267219937521                    0         0.2588681306         0.8397173794
         "BPM.15R8.B2"        "BPM.18R8.B2"           510.478594          670.8330463                    1       0.360264048295                    0          0.385238897           1.09858551
         "BPM.18R8.B2"        "BPM.22R8.B2"          670.8330463          884.6389827                    1       0.475894067035                    0          0.499675907          1.483824407
         "BPM.22R8.B2"        "BPM.23R8.B2"          884.6389827          938.0904667                    1       0.127394808641                    0          0.114702867          1.983500314
         "BPM.23R8.B2"        "BPM.31R8.B2"          938.0904667           1365.70234                    1       0.473974776861                    0          1.000000002          2.098203181
         "BPM.31R8.B2"        "BPM.32R8.B2"           1365.70234          1419.153824                    1       0.626511996686                    0          0.128240509          3.098203183
         "BPM.32R8.B2"        "BPM.33R8.B2"          1419.153824          1472.605308                    1         0.0957934797                    0          0.112631226          3.226443692
         "BPM.33R8.B2"        "BPM.34R8.B2"          1472.605308          1526.056792                    1       0.136426665903                    0          0.144425378          3.339074918
         "BPM.34R8.B2"        "BPM.33L1.B2"          1526.056792          1579.508276                    1       0.129834264586                    0           0.11470288          3.483500296
         "BPM.33L1.B2"        "BPM.32L1.B2"          1579.508276           1632.95976                    1      0.1288102191628                    0          0.128240529          3.598203176
         "BPM.32L1.B2"        "BPM.30L1.B2"           1632.95976          1739.862728                    1      0.2274977850092                    0          0.257056612          3.726443705
         "BPM.30L1.B2"        "BPM.28L1.B2"          1739.862728          1846.765696                    1       0.263007060169                    0          0.242943374          3.983500317
         "BPM.28L1.B2"        "BPM.26L1.B2"          1846.765696          1953.668665                    1       0.224064546844                    0          0.257056605          4.226443691
         "BPM.26L1.B2"        "BPM.24L1.B2"          1953.668665          2060.571633                    1      0.2643273743338                    0          0.242943406          4.483500296
         "BPM.24L1.B2"        "BPM.23L1.B2"          2060.571633          2114.023117                    1     0.09547039505378                    0          0.112631227          4.726443702
         "BPM.23L1.B2"        "BPM.22L1.B2"          2114.023117          2167.474601                    1      0.1257960128574                    0          0.144425385          4.839074929
         "BPM.22L1.B2"        "BPM.20L1.B2"          2167.474601          2274.377569                    1       0.267619293466                    0          0.243049842          4.983500314
         "BPM.20L1.B2"        "BPM.18L1.B2"          2274.377569          2381.280537                    1       0.212986343152                    0          0.256625989          5.226550156
         "BPM.18L1.B2"        "BPM.17L1.B2"          2381.280537          2434.732021                    1       0.126483199401                    0          0.114729794          5.483176145
         "BPM.17L1.B2"        "BPM.16L1.B2"          2434.732021          2488.183506                    1       0.145233024593                    0           0.12835153          5.597905939
         "BPM.16L1.B2"        "BPM.15L1.B2"          2488.183506           2541.63499                    1      0.0952158820707                    0          0.112484682          5.726257469
         "BPM.15L1.B2"        "BPM.14L1.B2"           2541.63499          2595.086474                    1      0.1158837595983                    0          0.144109795          5.838742151
         "BPM.14L1.B2"        "BPM.13L1.B2"          2595.086474          2648.537958                    1       0.121747126067                    0          0.114756698          5.982851946
         "BPM.13L1.B2"        "BPM.12L1.B2"          2648.537958          2701.989442                    1       0.152863150385                    0          0.126783679          6.097608644
         "BPM.12L1.B2"        "BPM.11L1.B2"          2701.989442          2755.440926                    1        0.09925057874                    0          0.114738242          6.224392323
         "BPM.11L1.B2"        "BPM.10L1.B2"          2755.440926          2808.223615                    1        0.10683405042                    0          0.147525665          6.339130565
         "BPM.10L1.B2"         "BPM.8L1.B2"          2808.223615          2887.755594                    1      0.3497732775026                    0            0.3035108           6.48665623
          "BPM.8L1.B2"         "BPM.7L1.B2"          2887.755594          2926.823584                    1     0.05925387542037                    0          0.073074262           6.79016703
          "BPM.7L1.B2"       "BPMSX.7L1.B2"          2926.823584          2957.502084                    1       0.050589733365                    0          0.067305294          6.863241292
        "BPMSX.7L1.B2"        "BPMR.6L1.B2"          2957.502084          2970.007584                    1       0.010484896751                    0           0.01268708          6.930546586
         "BPMR.6L1.B2"       "BPMYA.4L1.B2"          2970.007584          3023.025584                    1       0.063591488842                    0          0.065402927          6.943233666
        "BPMYA.4L1.B2"       "BPMSY.4L1.B2"          3023.025584          3136.938084                    1       0.160822386287                    0          0.136379393          7.008636593
        "BPMSY.4L1.B2"       "BPMSW.1R1.B2"          3136.938084          3216.816584                    1       0.371720213036                    0          0.400436035          7.145015986
        "BPMSW.1R1.B2"        "BPMS.2R1.B2"          3216.816584          3226.781584                    1       0.031362649061                    0          0.024936065          7.545452021
         "BPMS.2R1.B2"       "BPMYA.4R1.B2"          3226.781584          3367.479584                    1      0.2465340236116                    0          0.208480999          7.570388086
        "BPMYA.4R1.B2"        "BPMR.5R1.B2"          3367.479584          3394.887584                    1     0.02440445969609                    0          0.030528943          7.778869085
         "BPMR.5R1.B2"       "BPMRA.7R1.B2"          3394.887584          3454.511584                    1      0.0752015539063                    0          0.073607384          7.809398028
        "BPMRA.7R1.B2"         "BPM.8R1.B2"          3454.511584          3495.948594                    1       0.131522767261                    0          0.127690272          7.883005412
          "BPM.8R1.B2"         "BPM.9R1.B2"          3495.948594          3535.013605                    1       0.170824565901                    0          0.226069275          8.010695684
          "BPM.9R1.B2"        "BPM.10R1.B2"          3535.013605          3575.476615                    1       0.101025452242                    0          0.093057758          8.236764959
         "BPM.10R1.B2"        "BPM.11R1.B2"          3575.476615          3628.257326                    1       0.150902243433                    0          0.149898939          8.329822717
         "BPM.11R1.B2"        "BPM.12R1.B2"          3628.257326          3682.980842                    1       0.636277022864                    0          0.117774549          8.479721656
         "BPM.12R1.B2"        "BPM.13R1.B2"          3682.980842          3736.429358                    1      0.6608634735434                    0          0.129507854          8.597496205
         "BPM.13R1.B2"        "BPM.14R1.B2"          3736.429358          3789.877874                    1       0.091842838561                    0          0.112673509          8.727004059
         "BPM.14R1.B2"        "BPM.15R1.B2"          3789.877874           3843.32639                    1      0.1101091006666                    0          0.144546688          8.839677568
         "BPM.15R1.B2"        "BPM.16R1.B2"           3843.32639          3896.774906                    1       0.133514645201                    0          0.114513933          8.984224256
         "BPM.16R1.B2"        "BPM.17R1.B2"          3896.774906          3950.223421                    1       0.162186860899                    0          0.127939402          9.098738189
         "BPM.17R1.B2"        "BPM.18R1.B2"          3950.223421          4003.671937                    1       0.092121815248                    0          0.112642714          9.226677591
         "BPM.18R1.B2"        "BPM.19R1.B2"          4003.671937          4057.120453                    1       0.108478950828                    0          0.144541576          9.339320305
         "BPM.19R1.B2"        "BPM.20R1.B2"          4057.120453          4110.568969                    1       0.133105055476                    0          0.114545523          9.483861881
         "BPM.20R1.B2"        "BPM.21R1.B2"          4110.568969          4164.017485                    1      0.1643052999819                    0          0.127943742          9.598407404
         "BPM.21R1.B2"        "BPM.22R1.B2"          4164.017485          4217.466001                    1        0.09235894573                    0          0.112612006          9.726351146
         "BPM.22R1.B2"        "BPM.23R1.B2"          4217.466001          4270.914517                    1      0.1071067151841                    0           0.14441826          9.838963152
         "BPM.23R1.B2"        "BPM.24R1.B2"          4270.914517          4324.363033                    1       0.122305589873                    0          0.114708108          9.983381412
         "BPM.24R1.B2"        "BPM.25R1.B2"          4324.363033          4377.811549                    1       0.159923330075                    0           0.12822741          10.09808952
         "BPM.25R1.B2"        "BPM.26R1.B2"          4377.811549          4431.260065                    1       0.096319310098                    0           0.11260888          10.22631693
         "BPM.26R1.B2"        "BPM.27R1.B2"          4431.260065           4484.70858                    1       0.103865119049                    0           0.14441765          10.33892581
         "BPM.27R1.B2"        "BPM.28R1.B2"           4484.70858          4538.157096                    1       0.117101998743                    0           0.11471135          10.48334346
         "BPM.28R1.B2"        "BPM.29R1.B2"          4538.157096          4591.605612                    1      0.1640954559983                    0           0.12822792          10.59805481
         "BPM.29R1.B2"        "BPM.30R1.B2"          4591.605612          4645.054128                    1      0.1010018629518                    0           0.11260575          10.72628273
         "BPM.30R1.B2"        "BPM.31R1.B2"          4645.054128          4698.502644                    1      0.1031422523879                    0           0.14441706          10.83888848
         "BPM.31R1.B2"        "BPM.32R1.B2"          4698.502644           4751.95116                    1       0.110341159904                    0           0.11471457          10.98330554
         "BPM.32R1.B2"        "BPM.33R1.B2"           4751.95116          4805.399676                    1       0.163727818342                    0           0.12822841          11.09802011
         "BPM.33R1.B2"        "BPM.34R1.B2"          4805.399676          4858.848192                    1        0.10694694836                    0           0.11260261          11.22624852
         "BPM.34R1.B2"        "BPM.33L2.B2"          4858.848192          4912.296708                    1       0.102191424194                    0           0.14441645          11.33885113
         "BPM.33L2.B2"        "BPM.32L2.B2"          4912.296708          4965.745224                    1       0.103133680978                    0           0.11471782          11.48326758
         "BPM.32L2.B2"        "BPM.26L2.B2"          4965.745224          5286.436319                    1       0.758431006397                    0           0.74079106           11.5979854
         "BPM.26L2.B2"        "BPM.24L2.B2"          5286.436319          5393.333351                    1       0.200570864417                    0           0.25913952          12.33877646
         "BPM.24L2.B2"        "BPM.22L2.B2"          5393.333351          5500.230383                    1      0.2824100417372                    0           0.24082316          12.59791598
         "BPM.22L2.B2"        "BPM.18L2.B2"          5500.230383          5714.024446                    1      0.4962982745178                    0           0.49964285          12.83873914
         "BPM.18L2.B2"        "BPM.16L2.B2"          5714.024446          5820.921478                    1       0.204467562778                    0            0.2589581          13.33838199
         "BPM.16L2.B2"        "BPM.14L2.B2"          5820.921478           5927.81851                    1      0.2931667606324                    0           0.24068497          13.59734009
         "BPM.14L2.B2"        "BPM.13L2.B2"           5927.81851          5981.267026                    1      0.1102722654055                    0           0.14440442          13.83802506
         "BPM.13L2.B2"        "BPM.12L2.B2"          5981.267026          6034.715542                    1      0.0873308264021                    0            0.0988145          13.98242948
         "BPM.12L2.B2"        "BPM.11L2.B2"          6034.715542          6088.164058                    1       0.146323026833                    0           0.10748882          14.08124398
         "BPM.11L2.B2"        "BPM.10L2.B2"          6088.164058          6140.002768                    1       0.127029989557                    0           0.09637115           14.1887328
         "BPM.10L2.B2"         "BPM.8L2.B2"          6140.002768          6219.530789                    1       0.207582516782                    0            0.2603794          14.28510395
          "BPM.8L2.B2"       "BPMYB.4L2.B2"          6219.530789            6383.4718                    1      0.4244415922543                    0           0.39877036          14.54548335
        "BPMYB.4L2.B2"       "BPMSW.1L2.B2"            6383.4718            6505.9418                    1      0.2764175156517                    0           0.27118614          14.94425371
        "BPMSW.1L2.B2"       "BPMWB.4R2.B2"            6505.9418            6647.1343                    1      0.6275231053732                    0            0.6233361          15.21543985
        "BPMWB.4R2.B2"       "BPM_A.7R2.B2"            6647.1343            6787.3068                    1      0.3221122158348                    0           0.31317378          15.83877595
        "BPM_A.7R2.B2"        "BPM.10R2.B2"            6787.3068          6908.277768                    1       0.228086347793                    0           0.18012323          16.15194973
         "BPM.10R2.B2"        "BPM.11R2.B2"          6908.277768          6960.118458                    1       0.097086049987                    0           0.11287068          16.33207296
         "BPM.11R2.B2"        "BPM.12R2.B2"          6960.118458          7014.844942                    1       0.136793159093                    0            0.1427649          16.44494364
         "BPM.12R2.B2"        "BPM.13R2.B2"          7014.844942          7068.296426                    1       0.126602547498                    0           0.10597873          16.58770854
         "BPM.13R2.B2"        "BPM.19R2.B2"          7068.296426           7389.00533                    1       0.713610063016                    0           0.74145479          16.69368727
         "BPM.19R2.B2"        "BPM.32R2.B2"           7389.00533          8083.874624                    1       0.584979613431                    0           1.59769442          17.43514206
         "BPM.32R2.B2"        "BPM.33R2.B2"          8083.874624          8137.326108                    1       0.118990903245                    0           0.10784701          19.03283648
         "BPM.33R2.B2"        "BPM.34R2.B2"          8137.326108          8190.777592                    1       0.148537130012                    0           0.12482328          19.14068349
         "BPM.34R2.B2"        "BPM.33L3.B2"          8190.777592          8244.229076                    1        0.10402156499                    0            0.1131058          19.26550677
         "BPM.33L3.B2"        "BPM.32L3.B2"          8244.229076           8297.68056                    1       0.118558268597                    0           0.13988607          19.37861257
         "BPM.32L3.B2"        "BPM.31L3.B2"           8297.68056          8351.132044                    1       0.116932425959                    0           0.10895839          19.51849864
         "BPM.31L3.B2"        "BPM.30L3.B2"          8351.132044          8404.583528                    1      0.1493474612782                    0           0.12443972          19.62745703
         "BPM.30L3.B2"        "BPM.29L3.B2"          8404.583528          8458.035012                    1      0.1055365260795                    0           0.11189054          19.75189675
         "BPM.29L3.B2"        "BPM.28L3.B2"          8458.035012          8511.486496                    1      0.1184445964893                    0           0.14021264          19.86378729
         "BPM.28L3.B2"        "BPM.27L3.B2"          8511.486496           8564.93798                    1       0.115379881735                    0           0.11014358          20.00399993
         "BPM.27L3.B2"        "BPM.26L3.B2"           8564.93798          8618.389465                    1       0.148818096462                    0           0.12427871          20.11414351
         "BPM.26L3.B2"        "BPM.25L3.B2"          8618.389465          8671.840949                    1       0.106910503439                    0           0.11066043          20.23842222
         "BPM.25L3.B2"        "BPM.24L3.B2"          8671.840949          8725.292433                    1       0.117869227937                    0           0.14027035          20.34908265
         "BPM.24L3.B2"        "BPM.23L3.B2"          8725.292433          8778.743917                    1       0.112575687366                    0            0.1113682            20.489353
         "BPM.23L3.B2"        "BPM.22L3.B2"          8778.743917          8832.195401                    1       0.149468023686                    0           0.12434391           20.6007212
         "BPM.22L3.B2"        "BPM.21L3.B2"          8832.195401          8885.646885                    1      0.1106568548253                    0           0.10945408          20.72506511
         "BPM.21L3.B2"        "BPM.20L3.B2"          8885.646885          8939.098369                    1      0.1172874891847                    0           0.13943577          20.83451919
         "BPM.20L3.B2"        "BPM.19L3.B2"          8939.098369          8992.549853                    1       0.106714310617                    0           0.11523692          20.97395496
         "BPM.19L3.B2"        "BPM.18L3.B2"          8992.549853          9046.001337                    1        0.14393363323                    0           0.12879518          21.08919188
         "BPM.18L3.B2"        "BPM.17L3.B2"          9046.001337          9099.452821                    1        0.11363910685                    0           0.10904067          21.21798706
         "BPM.17L3.B2"        "BPM.16L3.B2"          9099.452821          9152.904306                    1       0.118464323189                    0           0.13908152          21.32702773
         "BPM.16L3.B2"        "BPM.15L3.B2"          9152.904306           9206.35579                    1       0.104354782717                    0           0.11567588          21.46610925
         "BPM.15L3.B2"        "BPM.14L3.B2"           9206.35579          9259.807274                    1       0.145050028696                    0           0.12913212          21.58178513
         "BPM.14L3.B2"        "BPM.13L3.B2"          9259.807274          9313.258758                    1      0.1137766697608                    0           0.10865636          21.71091725
         "BPM.13L3.B2"        "BPM.12L3.B2"          9313.258758          9366.710242                    1      0.1238823923652                    0           0.14432543          21.81957361
         "BPM.12L3.B2"        "BPM.11L3.B2"          9366.710242          9420.161726                    1       0.126877713629                    0           0.11380536          21.96389904
         "BPM.11L3.B2"        "BPM.10L3.B2"          9420.161726          9472.944415                    1       0.171680720761                    0           0.12464593           22.0777044
         "BPM.10L3.B2"         "BPM.9L3.B2"          9472.944415          9512.011405                    1       0.056367626162                    0           0.05661105          22.20235033
          "BPM.9L3.B2"         "BPM.8L3.B2"          9512.011405          9552.476394                    1       0.057115926514                    0           0.06365164          22.25896138
          "BPM.8L3.B2"         "BPM.7L3.B2"          9552.476394          9591.542384                    1       0.046461855225                    0           0.05713505          22.32261302
          "BPM.7L3.B2"        "BPMR.6L3.B2"          9591.542384          9664.181384                    1       0.086895012762                    0           0.10015442          22.37974807
         "BPMR.6L3.B2"      "BPMWJ.A5L3.B2"          9664.181384          9705.809884                    1       0.046507714042                    0           0.04762989          22.47990249
       "BPMWJ.A5L3.B2"        "BPMW.5L3.B2"          9705.809884          9734.779884                    1       0.065526267245                    0           0.06338259          22.52753238
         "BPMW.5L3.B2"        "BPMW.4L3.B2"          9734.779884          9837.452884                    1        0.08568757004                    0           0.08009336          22.59091497
         "BPMW.4L3.B2"        "BPMW.4R3.B2"          9837.452884          9882.417884                    1       0.035814380298                    0           0.03287749          22.67100833
         "BPMW.4R3.B2"       "BPMWE.4R3.B2"          9882.417884          9909.962884                    1      0.0470232815949                    0             0.043287          22.70388582
        "BPMWE.4R3.B2"        "BPMW.5R3.B2"          9909.962884          9985.090884                    1      0.0754054644645                    0           0.07266511          22.74717282
         "BPMW.5R3.B2"      "BPMWE.A5R3.B2"          9985.090884          10013.80888                    1     0.01517302265888                    0           0.01585893          22.81983793
       "BPMWE.A5R3.B2"       "BPMWC.6R3.B2"          10013.80888          10053.62688                    1     0.04289137552452                    0           0.04490052          22.83569686
        "BPMWC.6R3.B2"         "BPM.6R3.B2"          10053.62688          10065.78138                    1      0.0267297037626                    0           0.02795936          22.88059738
          "BPM.6R3.B2"       "BPM_A.7R3.B2"          10065.78138          10121.60538                    1      0.0891979174586                    0           0.09502222          22.90855674
        "BPM_A.7R3.B2"         "BPM.8R3.B2"          10121.60538          10160.67137                    1       0.167525372378                    0            0.1321219          23.00357896
          "BPM.8R3.B2"         "BPM.9R3.B2"          10160.67137          10199.73836                    1       0.215691615151                    0           0.21047985          23.13570086
          "BPM.9R3.B2"        "BPM.10R3.B2"          10199.73836          10240.20335                    1       0.055555341612                    0           0.08507954          23.34618071
         "BPM.10R3.B2"        "BPM.11R3.B2"          10240.20335          10292.98604                    1       0.085685043909                    0           0.10889952          23.43126025
         "BPM.11R3.B2"        "BPM.12R3.B2"          10292.98604          10347.71253                    1       0.122160317481                    0           0.10891404          23.54015977
         "BPM.12R3.B2"        "BPM.13R3.B2"          10347.71253          10401.16401                    1      0.1405942194073                    0           0.12792091          23.64907381
         "BPM.13R3.B2"        "BPM.14R3.B2"          10401.16401          10454.61549                    1      0.1072465796671                    0            0.1136697          23.77699472
         "BPM.14R3.B2"        "BPM.15R3.B2"          10454.61549          10508.06698                    1      0.1327990556596                    0           0.13917435          23.89066442
         "BPM.15R3.B2"        "BPM.16R3.B2"          10508.06698          10561.51846                    1       0.112815243578                    0           0.11097811          24.02983877
         "BPM.16R3.B2"        "BPM.17R3.B2"          10561.51846          10614.96995                    1       0.129906238664                    0           0.12887378          24.14081688
         "BPM.17R3.B2"        "BPM.18R3.B2"          10614.96995          10668.42143                    1       0.106692407162                    0           0.11324302          24.26969066
         "BPM.18R3.B2"        "BPM.19R3.B2"          10668.42143          10721.87291                    1       0.132087287778                    0           0.13930379          24.38293368
         "BPM.19R3.B2"        "BPM.20R3.B2"          10721.87291           10775.3244                    1       0.113070867228                    0           0.11139567          24.52223747
         "BPM.20R3.B2"        "BPM.21R3.B2"           10775.3244          10828.77588                    1      0.1295531050444                    0           0.12878012          24.63363314
         "BPM.21R3.B2"        "BPM.22R3.B2"          10828.77588          10882.22737                    1      0.1080135304178                    0           0.11280985          24.76241326
         "BPM.22R3.B2"        "BPM.24R3.B2"          10882.22737          10989.13033                    1      0.2499128491588                    0           0.24923518          24.87522311
         "BPM.24R3.B2"        "BPM.26R3.B2"          10989.13033           11096.0333                    1       0.238837283899                    0           0.23596717          25.12445829
         "BPM.26R3.B2"        "BPM.28R3.B2"           11096.0333          11202.93627                    1       0.250375024421                    0           0.25069438          25.36042546
         "BPM.28R3.B2"        "BPM.29R3.B2"          11202.93627          11256.38775                    1       0.133322585411                    0           0.12427453          25.61111984
         "BPM.29R3.B2"        "BPM.30R3.B2"          11256.38775          11309.83924                    1      0.1074894641672                    0            0.1103596          25.73539437
         "BPM.30R3.B2"        "BPM.31R3.B2"          11309.83924          11363.29072                    1      0.1322884132278                    0            0.1402419          25.84575397
         "BPM.31R3.B2"        "BPM.32R3.B2"          11363.29072          11416.74221                    1       0.117248922897                    0           0.11167169          25.98599587
         "BPM.32R3.B2"        "BPM.33R3.B2"          11416.74221          11470.19369                    1       0.135315830058                    0           0.12439544          26.09766756
         "BPM.33R3.B2"        "BPM.34R3.B2"          11470.19369          11523.64518                    1       0.106917013784                    0           0.10916488            26.222063
         "BPM.34R3.B2"        "BPM.33L4.B2"          11523.64518          11577.09666                    1        0.13284655768                    0           0.13996252          26.33122788
         "BPM.33L4.B2"        "BPM.30L4.B2"          11577.09666          11737.45111                    1      0.3586929876833                    0           0.34567037           26.4711904
         "BPM.30L4.B2"        "BPM.28L4.B2"          11737.45111          11844.35408                    1      0.2493080076797                    0           0.25348919          26.81686077
         "BPM.28L4.B2"        "BPM.26L4.B2"          11844.35408          11951.25705                    1       0.239891891846                    0           0.23231066          27.07034996
         "BPM.26L4.B2"        "BPM.25L4.B2"          11951.25705          12004.70853                    1       0.132884203158                    0           0.13864739          27.30266062
         "BPM.25L4.B2"        "BPM.24L4.B2"          12004.70853          12058.16002                    1       0.116682029384                    0           0.11514948          27.44130801
         "BPM.24L4.B2"        "BPM.23L4.B2"          12058.16002           12111.6115                    1       0.134613003572                    0           0.12606282          27.55645749
         "BPM.23L4.B2"        "BPM.22L4.B2"           12111.6115          12165.06298                    1      0.1068109856555                    0           0.10610927          27.68252031
         "BPM.22L4.B2"        "BPM.18L4.B2"          12165.06298          12378.86892                    1      0.4819810388075                    0           0.49279473          27.78862958
         "BPM.18L4.B2"        "BPM.16L4.B2"          12378.86892          12485.77189                    1       0.245363443761                    0           0.25651066          28.28142431
         "BPM.16L4.B2"        "BPM.15L4.B2"          12485.77189          12539.22337                    1       0.133167505484                    0           0.13114653          28.53793497
         "BPM.15L4.B2"        "BPM.14L4.B2"          12539.22337          12592.67486                    1      0.1054388593529                    0           0.10517925           28.6690815
         "BPM.14L4.B2"        "BPM.13L4.B2"          12592.67486          12646.12634                    1      0.1274613304604                    0            0.1360802          28.77426075
         "BPM.13L4.B2"        "BPM.12L4.B2"          12646.12634          12699.57783                    1      0.1224302535817                    0           0.11180167          28.91034095
         "BPM.12L4.B2"        "BPM.10L4.B2"          12699.57783             12804.87                    1         0.2889191823                    0           0.20895379          29.02214262
         "BPM.10L4.B2"      "BPMWA.B5L4.B2"             12804.87          13159.46247                    1      0.4383068459439                    0           0.39888864          29.23109641
       "BPMWA.B5L4.B2"      "BPMWA.A5R4.B2"          13159.46247          13216.39647                    1      0.0352321757069                    0           0.03006849          29.62998505
       "BPMWA.A5R4.B2"      "BPMWA.B5R4.B2"          13216.39647          13225.28147                    1      0.0065753108178                    0    0.005263469999999          29.66005354
       "BPMWA.B5R4.B2"      "BPMWI.A5R4.B2"          13225.28147          13251.14547                    1      0.0212460799356                    0           0.01611879          29.66531701
       "BPMWI.A5R4.B2"       "BPMYA.5R4.B2"          13251.14547          13327.74797                    1      0.0706540289543                    0           0.05220516           29.6814358
        "BPMYA.5R4.B2"       "BPMYB.6R4.B2"          13327.74797          13359.31197                    1      0.0189782968778                    0           0.01363216          29.73364096
        "BPMYB.6R4.B2"         "BPM.7R4.B2"          13359.31197          13455.82797                    1      0.1587468310747                    0           0.22501282          29.74727312
          "BPM.7R4.B2"         "BPM.8R4.B2"          13455.82797          13493.61896                    1        0.11516873511                    0           0.15187009          29.97228594
          "BPM.8R4.B2"         "BPM.9R4.B2"          13493.61896          13532.68595                    1       0.139778392067                    0           0.06374968          30.12415603
          "BPM.9R4.B2"        "BPM.10R4.B2"          13532.68595          13573.15094                    1       0.168221193363                    0           0.08126635          30.18790571
         "BPM.10R4.B2"        "BPM.11R4.B2"          13573.15094          13624.99162                    1       0.098983888371                    0           0.10329061          30.26917206
         "BPM.11R4.B2"        "BPM.12R4.B2"          13624.99162          13679.71811                    1       0.122546659817                    0           0.12400131          30.37246267
         "BPM.12R4.B2"        "BPM.13R4.B2"          13679.71811          13733.16959                    1      0.1108097839172                    0           0.10937024          30.49646398
         "BPM.13R4.B2"        "BPM.14R4.B2"          13733.16959          13786.62108                    1      0.1382442530718                    0           0.14181497          30.60583422
         "BPM.14R4.B2"        "BPM.15R4.B2"          13786.62108          13840.07256                    1       0.108483580598                    0           0.11876668          30.74764919
         "BPM.15R4.B2"        "BPM.16R4.B2"          13840.07256          13893.52405                    1       0.124443221048                    0            0.1303309          30.86641587
         "BPM.16R4.B2"        "BPM.17R4.B2"          13893.52405          13946.97553                    1       0.110345835469                    0           0.10878199          30.99674677
         "BPM.17R4.B2"        "BPM.18R4.B2"          13946.97553          14000.42701                    1       0.139290254966                    0           0.14179056          31.10552876
         "BPM.18R4.B2"        "BPM.19R4.B2"          14000.42701           14053.8785                    1       0.109463949698                    0           0.11878741          31.24731932
         "BPM.19R4.B2"        "BPM.20R4.B2"           14053.8785          14107.32998                    1       0.123315231128                    0           0.13035185          31.36610673
         "BPM.20R4.B2"        "BPM.21R4.B2"          14107.32998          14160.78147                    1      0.1097511184452                    0           0.10876411          31.49645858
         "BPM.21R4.B2"        "BPM.22R4.B2"          14160.78147          14214.23295                    1      0.1402164919511                    0           0.14176679          31.60522269
         "BPM.22R4.B2"        "BPM.23R4.B2"          14214.23295          14267.68443                    1      0.1128722117607                    0           0.11902738          31.74698948
         "BPM.23R4.B2"        "BPM.24R4.B2"          14267.68443          14321.13592                    1       0.126466939056                    0           0.13052843          31.86601686
         "BPM.24R4.B2"        "BPM.25R4.B2"          14321.13592           14374.5874                    1       0.109435798755                    0            0.1086775          31.99654529
         "BPM.25R4.B2"        "BPM.26R4.B2"           14374.5874          14428.03889                    1       0.140692415354                    0           0.14176667          32.10522279
         "BPM.26R4.B2"        "BPM.27R4.B2"          14428.03889          14481.49037                    1       0.112414970931                    0           0.11902739          32.24698946
         "BPM.27R4.B2"        "BPM.28R4.B2"          14481.49037          14534.94185                    1        0.12594026525                    0           0.13052844          32.36601685
         "BPM.28R4.B2"        "BPM.29R4.B2"          14534.94185          14588.39334                    1      0.1093805725378                    0           0.10867751          32.49654529
         "BPM.29R4.B2"        "BPM.30R4.B2"          14588.39334          14641.84482                    1      0.1406809295733                    0           0.14176669           32.6052228
         "BPM.30R4.B2"        "BPM.31R4.B2"          14641.84482          14695.29631                    1      0.1135714229809                    0           0.11902737          32.74698949
         "BPM.31R4.B2"        "BPM.32R4.B2"          14695.29631          14748.74779                    1       0.125632909911                    0           0.13052843          32.86601686
         "BPM.32R4.B2"        "BPM.33R4.B2"          14748.74779          14802.19927                    1       0.108655880423                    0            0.1086775          32.99654529
         "BPM.33R4.B2"        "BPM.34R4.B2"          14802.19927          14855.65076                    1       0.140278739809                    0           0.14176667          33.10522279
         "BPM.34R4.B2"        "BPM.32L5.B2"          14855.65076          14962.55373                    1        0.23939272409                    0           0.24955583          33.24698946
         "BPM.32L5.B2"        "BPM.31L5.B2"          14962.55373          15016.00521                    1       0.106996945743                    0           0.10867751          33.49654529
         "BPM.31L5.B2"        "BPM.30L5.B2"          15016.00521           15069.4567                    1      0.1397791814016                    0           0.14176669           33.6052228
         "BPM.30L5.B2"        "BPM.29L5.B2"           15069.4567          15122.90818                    1      0.1144430138774                    0           0.11902737          33.74698949
         "BPM.29L5.B2"        "BPM.27L5.B2"          15122.90818          15229.81115                    1       0.232807678937                    0           0.23920593          33.86601686
         "BPM.27L5.B2"        "BPM.25L5.B2"          15229.81115          15336.71412                    1       0.254969031417                    0           0.26079406          34.10522279
         "BPM.25L5.B2"        "BPM.23L5.B2"          15336.71412          15443.61708                    1       0.234870383219                    0           0.23920595          34.36601685
         "BPM.23L5.B2"        "BPM.21L5.B2"          15443.61708          15550.52005                    1       0.253854807637                    0           0.26079406           34.6052228
         "BPM.21L5.B2"        "BPM.19L5.B2"          15550.52005          15657.42302                    1       0.232970383754                    0           0.23919252          34.86601686
         "BPM.19L5.B2"        "BPM.17L5.B2"          15657.42302          15764.32599                    1       0.248904901609                    0           0.26049725          35.10520938
         "BPM.17L5.B2"        "BPM.15L5.B2"          15764.32599          15871.22896                    1        0.23436596079                    0           0.23919773          35.36570663
         "BPM.15L5.B2"        "BPM.13L5.B2"          15871.22896          15978.13193                    1      0.2450170423454                    0           0.26049197          35.60490436
         "BPM.13L5.B2"        "BPM.11L5.B2"          15978.13193          16085.03489                    1      0.2431745076396                    0           0.23987971          35.86539633
         "BPM.11L5.B2"         "BPM.9L5.B2"          16085.03489          16176.88457                    1       0.224302784429                    0           0.25535513          36.10527604
          "BPM.9L5.B2"         "BPM.7L5.B2"          16176.88457          16256.41755                    1       0.291876442233                    0           0.26775816          36.36063117
          "BPM.7L5.B2"         "BPM.5L5.B2"          16256.41755          16325.21155                    1      0.0995118211235                    0           0.10953937          36.62838933
          "BPM.5L5.B2"       "BPMWB.4L5.B2"          16325.21155          16373.67605                    1     0.05538523445558                    0           0.05374549           36.7379287
        "BPMWB.4L5.B2"        "BPMS.2L5.B2"          16373.67605          16493.31755                    1      0.1591362336269                    0           0.14946855          36.79167419
         "BPMS.2L5.B2"       "BPMWB.4R5.B2"          16493.31755          16676.01705                    1       0.577348868872                    0           0.56857321          36.94114274
        "BPMWB.4R5.B2"       "BPMYA.4R5.B2"          16676.01705          16697.07355                    1       0.036471117871                    0           0.03782727          37.50971595
        "BPMYA.4R5.B2"       "BPMRA.7R5.B2"          16697.07355          16784.10555                    1       0.110347791915                    0           0.09989268          37.54754322
        "BPMRA.7R5.B2"        "BPM.10R5.B2"          16784.10555          16905.07058                    1       0.393958494853                    0            0.4489364           37.6474359
         "BPM.10R5.B2"        "BPM.11R5.B2"          16905.07058          16957.85129                    1       0.166777451544                    0            0.1467757           38.0963723
         "BPM.11R5.B2"        "BPM.12R5.B2"          16957.85129          17012.57481                    1       0.133575543546                    0           0.12213097            38.243148
         "BPM.12R5.B2"        "BPM.13R5.B2"          17012.57481          17066.02333                    1       0.148008490087                    0           0.13181796          38.36527897
         "BPM.13R5.B2"        "BPM.15R5.B2"          17066.02333          17172.92036                    1      0.2174904342883                    0            0.2506294          38.49709693
         "BPM.15R5.B2"        "BPM.17R5.B2"          17172.92036          17279.81739                    1      0.2776645454107                    0           0.24904924          38.74772633
         "BPM.17R5.B2"        "BPM.24R5.B2"          17279.81739            17653.957                    1      0.8325381686812                    0           0.86912267          38.99677557
         "BPM.24R5.B2"        "BPM.25R5.B2"            17653.957          17707.40552                    1      0.1445661799358                    0           0.13052223          39.86589824
         "BPM.25R5.B2"        "BPM.27R5.B2"          17707.40552          17814.30255                    1       0.216958401124                    0            0.2504094          39.99642047
         "BPM.27R5.B2"        "BPM.30R5.B2"          17814.30255           17974.6481                    1       0.367255257569                    0           0.35821451          40.24682987
         "BPM.30R5.B2"        "BPM.31R5.B2"           17974.6481          18028.09661                    1       0.114077660631                    0           0.14174691          40.60504438
         "BPM.31R5.B2"        "BPM.32R5.B2"          18028.09661          18081.54513                    1      0.1162059965419                    0           0.11903451          40.74679129
         "BPM.32R5.B2"        "BPM.33R5.B2"          18081.54513          18134.99364                    1      0.1508035186031                    0           0.13052731           40.8658258
         "BPM.33R5.B2"        "BPM.34R5.B2"          18134.99364          18188.44216                    1       0.103124734704                    0           0.10865554          40.99635311
         "BPM.34R5.B2"        "BPM.33L6.B2"          18188.44216          18241.89067                    1       0.112107030495                    0           0.14174401          41.10500865
         "BPM.33L6.B2"        "BPM.32L6.B2"          18241.89067          18295.33919                    1        0.11222147893                    0            0.1190369          41.24675266
         "BPM.32L6.B2"        "BPM.31L6.B2"          18295.33919          18348.78771                    1       0.152911751434                    0           0.13052986          41.36578956
         "BPM.31L6.B2"        "BPM.30L6.B2"          18348.78771          18402.23622                    1       0.108380066305                    0           0.10865351          41.49631942
         "BPM.30L6.B2"        "BPM.29L6.B2"          18402.23622          18455.68474                    1       0.110645943245                    0           0.14174115          41.60497293
         "BPM.29L6.B2"        "BPM.28L6.B2"          18455.68474          18509.13325                    1      0.1078853041219                    0           0.11903926          41.74671408
         "BPM.28L6.B2"        "BPM.27L6.B2"          18509.13325          18562.58177                    1      0.1544244068171                    0           0.13053241          41.86575334
         "BPM.27L6.B2"        "BPM.26L6.B2"          18562.58177          18616.03029                    1       0.110635809607                    0           0.10865145          41.99628575
         "BPM.26L6.B2"        "BPM.25L6.B2"          18616.03029           18669.4788                    1        0.11054201179                    0           0.14173826           42.1049372
         "BPM.25L6.B2"        "BPM.24L6.B2"           18669.4788          18722.92732                    1       0.103721219982                    0           0.11904165          42.24667546
         "BPM.24L6.B2"        "BPM.23L6.B2"          18722.92732          18776.37583                    1        0.15181297861                    0           0.13053495          42.36571711
         "BPM.23L6.B2"        "BPM.22L6.B2"          18776.37583          18829.82435                    1       0.116745285994                    0           0.10864942          42.49625206
         "BPM.22L6.B2"        "BPM.21L6.B2"          18829.82435          18883.27287                    1       0.113633241862                    0           0.14173539          42.60490148
         "BPM.21L6.B2"        "BPM.20L6.B2"          18883.27287          18936.72138                    1      0.1036721723986                    0           0.11882467          42.74663687
         "BPM.20L6.B2"        "BPM.19L6.B2"          18936.72138           18990.1699                    1      0.1577031725381                    0           0.13038201          42.86546154
         "BPM.19L6.B2"        "BPM.18L6.B2"           18990.1699          19043.61841                    1      0.1196902361003                    0           0.10871619          42.99584355
         "BPM.18L6.B2"        "BPM.17L6.B2"          19043.61841          19097.06693                    1       0.114759660391                    0           0.14170872          43.10455974
         "BPM.17L6.B2"        "BPM.16L6.B2"          19097.06693          19150.51545                    1       0.102429680797                    0           0.11884756          43.24626846
         "BPM.16L6.B2"        "BPM.15L6.B2"          19150.51545          19203.96396                    1       0.156715470857                    0           0.13040572          43.36511602
         "BPM.15L6.B2"        "BPM.14L6.B2"          19203.96396          19257.41248                    1       0.121359741719                    0           0.10869647          43.49552174
         "BPM.14L6.B2"        "BPM.13L6.B2"          19257.41248          19310.86099                    1       0.115388145623                    0           0.14168186          43.60421821
         "BPM.13L6.B2"        "BPM.12L6.B2"          19310.86099          19364.30951                    1      0.0954935137148                    0           0.10753218          43.74590007
         "BPM.12L6.B2"        "BPM.11L6.B2"          19364.30951          19417.75802                    1      0.1455373797503                    0            0.1151013          43.85343225
         "BPM.11L6.B2"        "BPM.10L6.B2"          19417.75802          19469.59674                    1      0.1109730393999                    0           0.14166387          43.96853355
         "BPM.10L6.B2"         "BPM.9L6.B2"          19469.59674          19508.66175                    1        0.08210874206                    0           0.15923763          44.11019742
          "BPM.9L6.B2"         "BPM.8L6.B2"          19508.66175          19549.12476                    1       0.092429644851                    0           0.12198168          44.26943505
          "BPM.8L6.B2"       "BPMYA.4L6.B2"          19549.12476          19682.61277                    1         0.3051139012                    0           0.22398427          44.39141673
        "BPMYA.4L6.B2"      "BPMSI.B4L6.B2"          19682.61277          19716.93327                    1       0.033073701936                    0           0.03163388            44.615401
       "BPMSI.B4L6.B2"      "BPMSI.A4L6.B2"          19716.93327          19717.56827                    1       0.001368263852                    0   0.0006635299999971          44.64703488
       "BPMSI.A4L6.B2"      "BPMSX.A4R6.B2"          19717.56827          19995.52327                    1       0.204906545236                    0           0.24128369          44.64769841
       "BPMSX.A4R6.B2"      "BPMSX.B4R6.B2"          19995.52327          19996.10827                    1   8.859569099995e-05                    0   0.0001822500000017           44.8889821
       "BPMSX.B4R6.B2"       "BPMYB.4R6.B2"          19996.10827          20026.21277                    1       0.008165699793                    0    0.008463089999999          44.88916435
        "BPMYB.4R6.B2"       "BPMYA.5R6.B2"          20026.21277          20062.61277                    1      0.0153563425752                    0            0.0156571          44.89762744
        "BPMYA.5R6.B2"         "BPM.8R6.B2"          20062.61277          20158.33778                    1      0.1080118342331                    0           0.09441877          44.91328454
          "BPM.8R6.B2"         "BPM.9R6.B2"          20158.33778          20197.40279                    1      0.0865135999127                    0           0.14059857          45.00770331
          "BPM.9R6.B2"        "BPM.10R6.B2"          20197.40279           20237.8658                    1        0.09211402799                    0           0.21014481          45.14830188
         "BPM.10R6.B2"        "BPM.11R6.B2"           20237.8658          20289.70451                    1       0.100268428719                    0           0.09497064          45.35844669
         "BPM.11R6.B2"        "BPM.12R6.B2"          20289.70451          20344.42803                    1       0.137850027479                    0           0.11941661          45.45341733
         "BPM.12R6.B2"        "BPM.13R6.B2"          20344.42803          20397.87654                    1        0.12642988179                    0           0.11844109          45.57283394
         "BPM.13R6.B2"        "BPM.14R6.B2"          20397.87654          20451.32506                    1       0.142705769368                    0           0.14850151          45.69127503
         "BPM.14R6.B2"        "BPM.15R6.B2"          20451.32506          20504.77357                    1       0.100412933307                    0            0.1107129          45.83977654
         "BPM.15R6.B2"        "BPM.16R6.B2"          20504.77357          20558.22209                    1      0.1262625443635                    0           0.12766409          45.95048944
         "BPM.16R6.B2"        "BPM.17R6.B2"          20558.22209          20611.67061                    1      0.1267526919719                    0           0.11884961          46.07815353
         "BPM.17R6.B2"        "BPM.18R6.B2"          20611.67061          20665.11912                    1      0.1431591367226                    0           0.14815556          46.19700314
         "BPM.18R6.B2"        "BPM.19R6.B2"          20665.11912          20718.56764                    1       0.100453618854                    0           0.11016005           46.3451587
         "BPM.19R6.B2"        "BPM.20R6.B2"          20718.56764          20772.01615                    1       0.124721725662                    0           0.12796184          46.45531875
         "BPM.20R6.B2"        "BPM.21R6.B2"          20772.01615          20825.46467                    1       0.125547872038                    0           0.11946572          46.58328059
         "BPM.21R6.B2"        "BPM.22R6.B2"          20825.46467          20878.91318                    1       0.144887507103                    0           0.14776164          46.70274631
         "BPM.22R6.B2"        "BPM.23R6.B2"          20878.91318           20932.3617                    1       0.096492286804                    0           0.11321294          46.85050795
         "BPM.23R6.B2"        "BPM.24R6.B2"           20932.3617          20985.81022                    1      0.1159874830292                    0           0.13262012          46.96372089
         "BPM.24R6.B2"        "BPM.25R6.B2"          20985.81022          21039.25873                    1      0.1220754930602                    0           0.11990736          47.09634101
         "BPM.25R6.B2"        "BPM.26R6.B2"          21039.25873          21092.70725                    1      0.1488678170746                    0           0.14709913          47.21624837
         "BPM.26R6.B2"        "BPM.27R6.B2"          21092.70725          21146.15576                    1       0.098293193148                    0           0.11226109           47.3633475
         "BPM.27R6.B2"        "BPM.28R6.B2"          21146.15576          21199.60428                    1       0.111624319921                    0           0.13327487          47.47560859
         "BPM.28R6.B2"        "BPM.29R6.B2"          21199.60428           21253.0528                    1       0.117775044247                    0           0.12091544          47.60888346
         "BPM.29R6.B2"        "BPM.30R6.B2"           21253.0528          21306.50131                    1       0.152466919492                    0            0.1462498           47.7297989
         "BPM.30R6.B2"        "BPM.31R6.B2"          21306.50131          21359.94983                    1       0.102435603705                    0           0.11141882           47.8760487
         "BPM.31R6.B2"        "BPM.32R6.B2"          21359.94983          21413.39834                    1       0.111262758878                    0           0.13409427          47.98746752
         "BPM.32R6.B2"        "BPM.33R6.B2"          21413.39834          21466.84686                    1      0.1130536550124                    0           0.12181286          48.12156179
         "BPM.33R6.B2"        "BPM.34R6.B2"          21466.84686          21520.29538                    1      0.1552800066956                    0           0.14523869          48.24337465
         "BPM.34R6.B2"        "BPM.33L7.B2"          21520.29538          21573.74389                    1       0.105104762664                    0           0.11070334          48.38861334
         "BPM.33L7.B2"        "BPM.32L7.B2"          21573.74389          21627.19241                    1       0.109265588039                    0           0.13506179          48.49931668
         "BPM.32L7.B2"        "BPM.31L7.B2"          21627.19241          21680.64092                    1       0.109030342848                    0            0.1225722          48.63437847
         "BPM.31L7.B2"        "BPM.30L7.B2"          21680.64092          21734.08944                    1       0.155028587434                    0            0.1440959          48.75695067
         "BPM.30L7.B2"        "BPM.28L7.B2"          21734.08944          21840.98647                    1       0.220181806798                    0           0.24628565          48.90104657
         "BPM.28L7.B2"        "BPM.26L7.B2"          21840.98647           21947.8835                    1       0.259349708143                    0           0.26602428          49.14733222
         "BPM.26L7.B2"        "BPM.24L7.B2"           21947.8835          22054.78053                    1       0.225429977344                    0           0.24706167           49.4133565
         "BPM.24L7.B2"        "BPM.22L7.B2"          22054.78053          22161.67757                    1       0.251622782466                    0           0.26513577          49.66041817
         "BPM.22L7.B2"        "BPM.20L7.B2"          22161.67757           22268.5746                    1       0.232908020417                    0           0.24891887          49.92555394
         "BPM.20L7.B2"        "BPM.18L7.B2"           22268.5746          22375.47163                    1      0.2663776798234                    0           0.25609273          50.17447281
         "BPM.18L7.B2"        "BPM.16L7.B2"          22375.47163          22482.36866                    1      0.2311431010026                    0            0.2494436          50.43056554
         "BPM.16L7.B2"        "BPM.14L7.B2"          22482.36866          22589.26569                    1       0.270014348034                    0           0.25556125          50.68000914
         "BPM.14L7.B2"        "BPM.12L7.B2"          22589.26569          22696.16273                    1       0.228857273426                    0           0.24953695          50.93557039
         "BPM.12L7.B2"        "BPM.10L7.B2"          22696.16273          22802.39195                    1      0.2311170849609                    0           0.22492575          51.18510734
         "BPM.10L7.B2"         "BPM.8L7.B2"          22802.39195          22881.91997                    1      0.1631193419491                    0           0.13619454          51.41003309
          "BPM.8L7.B2"        "BPMR.6L7.B2"          22881.91997          22955.80198                    1       0.105804314894                    0           0.12298799          51.54622763
         "BPMR.6L7.B2"       "BPMWE.5L7.B2"          22955.80198          23045.03448                    1       0.173550581042                    0           0.19129796          51.66921562
        "BPMWE.5L7.B2"       "BPMWE.4L7.B2"          23045.03448          23103.32448                    1       0.112798481141                    0           0.09136168          51.86051358
        "BPMWE.4L7.B2"        "BPMW.4R7.B2"          23103.32448          23247.47648                    1       0.167071337342                    0           0.15450162          51.95187526
         "BPMW.4R7.B2"       "BPMWE.4R7.B2"          23247.47648          23275.58148                    1       0.060192341749                    0            0.0723717          52.10637688
        "BPMWE.4R7.B2"        "BPMW.5R7.B2"          23275.58148          23310.66648                    1        0.02951262283                    0           0.03651632          52.17874858
         "BPMW.5R7.B2"       "BPMWE.5R7.B2"          23310.66648          23333.87148                    1       0.009978201378                    0           0.01220403           52.2152649
        "BPMWE.5R7.B2"       "BPM_A.7R7.B2"          23333.87148          23451.04698                    1      0.2194895852491                    0           0.20930708          52.22746893
        "BPM_A.7R7.B2"         "BPM.9R7.B2"          23451.04698            23529.176                    1      0.1624839392469                    0           0.15097004          52.43677601
          "BPM.9R7.B2"        "BPM.11R7.B2"            23529.176          23622.41973                    1       0.162045826126                    0           0.21424559          52.58774605
         "BPM.11R7.B2"        "BPM.12R7.B2"          23622.41973          23677.14324                    1       0.126494170259                    0           0.11317562          52.80199164
         "BPM.12R7.B2"        "BPM.13R7.B2"          23677.14324          23730.59176                    1       0.156242016567                    0           0.12279662          52.91516726
         "BPM.13R7.B2"        "BPM.14R7.B2"          23730.59176          23784.04027                    1       0.098576230161                    0           0.11413887          53.03796388
         "BPM.14R7.B2"        "BPM.15R7.B2"          23784.04027          23837.48879                    1       0.109484874884                    0           0.14936459          53.15210275
         "BPM.15R7.B2"        "BPM.16R7.B2"          23837.48879          23890.93731                    1      0.1232893809806                    0           0.11458145          53.30146734
         "BPM.16R7.B2"        "BPM.17R7.B2"          23890.93731          23944.38582                    1      0.1624708024784                    0           0.12685462          53.41604879
         "BPM.17R7.B2"        "BPM.19R7.B2"          23944.38582          24051.28285                    1       0.209258440808                    0           0.26413853          53.54290341
         "BPM.19R7.B2"        "BPM.20R7.B2"          24051.28285          24104.73137                    1       0.121059099475                    0           0.11393994          53.80704194
         "BPM.20R7.B2"        "BPM.21R7.B2"          24104.73137          24158.17989                    1       0.165263273483                    0            0.1268832          53.92098188
         "BPM.21R7.B2"        "BPM.23R7.B2"          24158.17989          24265.07692                    1       0.209680488151                    0           0.26387731          54.04786508
         "BPM.23R7.B2"        "BPM.25R7.B2"          24265.07692          24371.97395                    1       0.272954731964                    0           0.24821029          54.31174239
         "BPM.25R7.B2"        "BPM.27R7.B2"          24371.97395          24478.87098                    1       0.212619364488                    0            0.2650122          54.55995268
         "BPM.27R7.B2"        "BPM.28R7.B2"          24478.87098           24532.3195                    1       0.108448792808                    0           0.11530558          54.82496488
         "BPM.28R7.B2"        "BPM.29R7.B2"           24532.3195          24585.76801                    1       0.158815837139                    0           0.13186776          54.94027046
         "BPM.29R7.B2"        "BPM.31R7.B2"          24585.76801          24692.66504                    1        0.21860813242                    0           0.26592718          55.07213822
         "BPM.31R7.B2"        "BPM.33R7.B2"          24692.66504          24799.56208                    1       0.262230984176                    0           0.24636939           55.3380654
         "BPM.33R7.B2"        "BPM.34R7.B2"          24799.56208          24853.01059                    1       0.115933540577                    0           0.11887244          55.58443479
         "BPM.34R7.B2"        "BPM.33L8.B2"          24853.01059          24906.45911                    1       0.109143785043                    0           0.14772738          55.70330723
         "BPM.33L8.B2"        "BPM.32L8.B2"          24906.45911          24959.90762                    1       0.099215022053                    0           0.11316547          55.85103461
         "BPM.32L8.B2"        "BPM.31L8.B2"          24959.90762          25013.35614                    1       0.155107264355                    0           0.13265337          55.96420008
         "BPM.31L8.B2"        "BPM.30L8.B2"          25013.35614          25066.80466                    1       0.120601595773                    0           0.11995745          56.09685345
         "BPM.30L8.B2"        "BPM.29L8.B2"          25066.80466          25120.25317                    1       0.110086793861                    0           0.14705633           56.2168109
         "BPM.29L8.B2"        "BPM.28L8.B2"          25120.25317          25173.70169                    1      0.0962238133079                    0            0.1122192          56.36386723
         "BPM.28L8.B2"        "BPM.27L8.B2"          25173.70169           25227.1502                    1      0.1534321054469                    0           0.13331621          56.47608643
         "BPM.27L8.B2"        "BPM.26L8.B2"           25227.1502          25280.59872                    1      0.1258379416532                    0           0.12096001          56.60940264
         "BPM.26L8.B2"        "BPM.25L8.B2"          25280.59872          25334.04723                    1       0.113525519991                    0            0.1461989          56.73036265
         "BPM.25L8.B2"        "BPM.24L8.B2"          25334.04723          25387.49575                    1       0.093249589763                    0           0.11138339          56.87656155
         "BPM.24L8.B2"        "BPM.23L8.B2"          25387.49575          25440.94427                    1       0.145041942977                    0           0.13414294          56.98794494
         "BPM.23L8.B2"        "BPM.22L8.B2"          25440.94427          25494.39278                    1       0.127868693083                    0           0.12185054          57.12208788
         "BPM.22L8.B2"        "BPM.21L8.B2"          25494.39278           25547.8413                    1       0.116608564894                    0            0.1451812          57.24393842
         "BPM.21L8.B2"        "BPM.19L8.B2"           25547.8413          25654.73833                    1      0.2461664496098                    0           0.23762598          57.38911962
         "BPM.19L8.B2"        "BPM.18L8.B2"          25654.73833          25708.18685                    1      0.1301216402002                    0            0.1229886           57.6267456
         "BPM.18L8.B2"        "BPM.17L8.B2"          25708.18685          25761.63536                    1       0.118496562342                    0           0.14453014           57.7497342
         "BPM.17L8.B2"        "BPM.16L8.B2"          25761.63536          25815.08388                    1       0.096002293518                    0           0.10675296          57.89426434
         "BPM.16L8.B2"        "BPM.15L8.B2"          25815.08388          25868.53239                    1       0.150528680749                    0           0.13108934           58.0010173
         "BPM.15L8.B2"        "BPM.14L8.B2"          25868.53239          25921.98091                    1       0.130034346871                    0           0.12342129          58.13210664
         "BPM.14L8.B2"        "BPM.13L8.B2"          25921.98091          25975.42943                    1       0.120021690124                    0           0.14385025          58.25552793
         "BPM.13L8.B2"        "BPM.12L8.B2"          25975.42943          26028.87794                    1       0.082410828034                    0           0.09490473          58.39937818
         "BPM.12L8.B2"        "BPM.11L8.B2"          26028.87794          26082.32646                    1      0.1187308599885                    0           0.11263615          58.49428291
         "BPM.11L8.B2"        "BPM.10L8.B2"          26082.32646          26134.16517                    1      0.1234053325605                    0           0.10339143          58.60691906
         "BPM.10L8.B2"         "BPM.9L8.B2"          26134.16517          26173.23018                    1       0.102836521704                    0     0.09968067000001          58.71031049
          "BPM.9L8.B2"         "BPM.7L8.B2"          26173.23018           26252.7592                    1       0.118563790171                    0           0.17042733          58.80999116
          "BPM.7L8.B2"       "BPMWB.4L8.B2"           26252.7592           26390.8817                    1       0.499468482573                    0           0.45811192          58.98041849
        "BPMWB.4L8.B2"        "BPMS.2L8.B2"           26390.8817           26478.9502                    1      0.1528108814818                    0           0.15364229          59.43853041
         "BPMS.2L8.B2"       "BPMSW.1R8.B2"           26478.9502           26532.0742                    1      0.3876175141273                    0           0.39159297           59.5921727
        "BPMSW.1R8.B2"       "BPMYB.4R8.B2"           26532.0742           26654.5442                    1      0.3442861418759                    0           0.32559796          59.98376567
        "BPMYB.4R8.B2"       "BPMYB.5R8.B2"           26654.5442               16.238                    1       0.061898961882                    0        0.06542423236          60.30936363