@ GetLLMVersion %s "V3.0.0 Dev"
@ Command %s "/usr/bin/python2 '/home/eirik/CERN/beta-Beat/GetLLM/GetLLM.py' '--accel=LHCB2' '--model=model_opticsfile.1_Qx0.278_Qy0.31_beam2/twiss.dat' '--files=/home/eirik/CERN/global_coupling_correction3/data_analysis2/hole_in_one_dir/Beam2@Turn@2015_04_09@04_18_33_348.sdds' '--output=/home/eirik/CERN/global_coupling_correction3/data_analysis2/outputfiles/' '--tbtana=SUSSIX' '--bpmu=mm' '--lhcphase=1' '--errordefs=model_opticsfile.1_Qx0.278_Qy0.31_beam2/error_deffs.txt' '--coupling=1'"
@ CWD %s "/home/eirik/CERN/global_coupling_correction3/data_analysis2"
@ Date %s "29. April 2021, 10:30:56"
@ Q1 %le 0.27792716514059695
@ MUX %le 63.27792716514055
@ Q2 %le 0.3099481664109995
@ MUY %le 0.0
@ FILES %s "/home/eirik/CERN/global_coupling_correction3/data_analysis2/hole_in_one_dir/Beam2@Turn@2015_04_09@04_18_33_348.sdds.linx"
*                 NAME                NAME2                    S                   S1                COUNT               PHASEX               STDPHX               PHXMDL               MUXMDL
$                   %s                   %s                  %le                  %le                  %le                  %le                  %le                  %le                  %le
        "BPM_A.7R8.B2"        "BPM.10R8.B2"              122.586          243.5569682                    1      0.4509153643435                    0         0.4548316483         0.2135859848
         "BPM.10R8.B2"        "BPM.11R8.B2"          243.5569682          295.3976576                    1      0.1353350931011                    0         0.1231118858         0.6684176331
         "BPM.11R8.B2"        "BPM.12R8.B2"          295.3976576          350.1241417                    1      0.1321427090636                    0          0.126835776         0.7915295189
         "BPM.12R8.B2"        "BPM.13R8.B2"          350.1241417          403.5756258                    1      0.1427371976165                    0         0.1525098541         0.9183652949
         "BPM.13R8.B2"        "BPM.16R8.B2"          403.5756258          563.9300781                    1       0.395897780412                    0           0.36347049          1.070875149
         "BPM.16R8.B2"        "BPM.19R8.B2"          563.9300781          724.2845304                    1      0.4134264739558                    0          0.385394763          1.434345639
         "BPM.19R8.B2"        "BPM.20R8.B2"          724.2845304          777.7360145                    1      0.1164956899255                    0           0.11360567          1.819740402
         "BPM.20R8.B2"        "BPM.23R8.B2"          777.7360145          938.0904667                    1      0.4163811778047                    0          0.385338476          1.933346072
         "BPM.23R8.B2"        "BPM.25R8.B2"          938.0904667          1044.993435                    1      0.2475639442434                    0          0.250191188          2.318684548
         "BPM.25R8.B2"        "BPM.26R8.B2"          1044.993435          1098.444919                    1      0.1299648332205                    0           0.11365139          2.568875736
         "BPM.26R8.B2"        "BPM.27R8.B2"          1098.444919          1151.896403                    1      0.1467710293057                    0          0.136157414          2.682527126
         "BPM.27R8.B2"        "BPM.29R8.B2"          1151.896403          1258.799371                    1      0.2498201164856                    0          0.250191225           2.81868454
         "BPM.29R8.B2"        "BPM.32R8.B2"          1258.799371          1419.153824                    1      0.3809299253831                    0          0.363841292          3.068875765
         "BPM.32R8.B2"        "BPM.33R8.B2"          1419.153824          1472.605308                    1      0.1462855050635                    0          0.136158679          3.432717057
         "BPM.33R8.B2"        "BPM.34R8.B2"          1472.605308          1526.056792                    1      0.1273113145949                    0           0.11365139          3.568875736
         "BPM.34R8.B2"        "BPM.33L1.B2"          1526.056792          1579.508276                    1      0.1385860911395                    0          0.136157414          3.682527126
         "BPM.33L1.B2"        "BPM.32L1.B2"          1579.508276           1632.95976                    1      0.1101117755855                    0          0.114032515           3.81868454
         "BPM.32L1.B2"        "BPM.31L1.B2"           1632.95976          1686.411244                    1      0.1499054759682                    0          0.136158678          3.932717055
         "BPM.31L1.B2"        "BPM.30L1.B2"          1686.411244          1739.862728                    1      0.1284819301236                    0          0.113651393          4.068875733
         "BPM.30L1.B2"        "BPM.29L1.B2"          1739.862728          1793.314212                    1      0.1345462293989                    0          0.136157422          4.182527126
         "BPM.29L1.B2"        "BPM.28L1.B2"          1793.314212          1846.765696                    1      0.1104363019034                    0          0.114032514          4.318684548
         "BPM.28L1.B2"        "BPM.27L1.B2"          1846.765696           1900.21718                    1      0.1526735263162                    0          0.136158674          4.432717062
         "BPM.27L1.B2"        "BPM.26L1.B2"           1900.21718          1953.668665                    1      0.1257045268211                    0           0.11365139          4.568875736
         "BPM.26L1.B2"        "BPM.24L1.B2"          1953.668665          2060.571633                    1      0.2457360521226                    0          0.250189941          4.682527126
         "BPM.24L1.B2"        "BPM.23L1.B2"          2060.571633          2114.023117                    1      0.1544838226727                    0          0.136158698          4.932717067
         "BPM.23L1.B2"        "BPM.22L1.B2"          2114.023117          2167.474601                    1      0.1235695816545                    0           0.11365138          5.068875765
         "BPM.22L1.B2"        "BPM.20L1.B2"          2167.474601          2274.377569                    1      0.2532561114971                    0          0.249723398          5.182527145
         "BPM.20L1.B2"        "BPM.19L1.B2"          2274.377569          2327.829053                    1      0.1609646714288                    0          0.135581362          5.432250543
         "BPM.19L1.B2"        "BPM.18L1.B2"          2327.829053          2381.280537                    1      0.1173506337064                    0          0.113691517          5.567831905
         "BPM.18L1.B2"        "BPM.16L1.B2"          2381.280537          2488.183506                    1      0.2561458408306                    0          0.249727537          5.681523422
         "BPM.16L1.B2"        "BPM.14L1.B2"          2488.183506          2595.086474                    1      0.2732902154953                    0          0.249268846          5.931250959
         "BPM.14L1.B2"        "BPM.13L1.B2"          2595.086474          2648.537958                    1      0.1346261276034                    0          0.136159232          6.180519805
         "BPM.13L1.B2"        "BPM.12L1.B2"          2648.537958          2701.989442                    1      0.1101441843013                    0           0.12087118          6.316679037
         "BPM.12L1.B2"        "BPM.11L1.B2"          2701.989442          2755.440926                    1      0.1307194962429                    0          0.143721141          6.437550217
         "BPM.11L1.B2"        "BPM.10L1.B2"          2755.440926          2808.223615                    1      0.1317509881954                    0          0.112234778          6.581271358
         "BPM.10L1.B2"         "BPM.9L1.B2"          2808.223615          2847.290605                    1      0.1243169198714                    0          0.110089807          6.693506136
          "BPM.9L1.B2"         "BPM.8L1.B2"          2847.290605          2887.755594                    1      0.1098025230445                    0          0.163076336          6.803595943
          "BPM.8L1.B2"       "BPMSX.7L1.B2"          2887.755594          2957.502084                    1      0.2228322037506                    0          0.231705404          6.966672279
        "BPMSX.7L1.B2"        "BPMR.6L1.B2"          2957.502084          2970.007584                    1     0.02472150456421                    0          0.018802174          7.198377683
         "BPMR.6L1.B2"         "BPM.5L1.B2"          2970.007584          3001.907584                    1      0.0345970639425                    0          0.034116941          7.217179857
          "BPM.5L1.B2"       "BPMYA.4L1.B2"          3001.907584          3023.025584                    1     0.02361560036314                    0          0.025445694          7.251296798
        "BPMYA.4L1.B2"       "BPMWB.4L1.B2"          3023.025584          3044.082084                    1     0.03954302556018                    0          0.040235278          7.276742492
        "BPMWB.4L1.B2"       "BPMSY.4L1.B2"          3044.082084          3136.938084                    1      0.1400169093573                    0          0.135593305           7.31697777
        "BPMSY.4L1.B2"       "BPMSW.1R1.B2"          3136.938084          3216.816584                    1      0.4189764397653                    0          0.418285987          7.452571075
        "BPMSW.1R1.B2"        "BPMS.2R1.B2"          3216.816584          3226.781584                    1     0.01781060515906                    0          0.019372534          7.870857062
         "BPMS.2R1.B2"       "BPMWB.4R1.B2"          3226.781584          3346.423084                    1      0.1488613651123                    0          0.149170751          7.890229596
        "BPMWB.4R1.B2"       "BPMYA.4R1.B2"          3346.423084          3367.479584                    1     0.01755815385321                    0          0.017811539          8.039400347
        "BPMYA.4R1.B2"        "BPMR.5R1.B2"          3367.479584          3394.887584                    1     0.03615023092141                    0          0.032496841          8.057211886
         "BPMR.5R1.B2"         "BPM.6R1.B2"          3394.887584          3426.787584                    1     0.03705846657626                    0          0.034940395          8.089708727
          "BPM.6R1.B2"         "BPM.8R1.B2"          3426.787584          3495.948594                    1      0.1255646733336                    0          0.130361849          8.124649122
          "BPM.8R1.B2"         "BPM.9R1.B2"          3495.948594          3535.013605                    1      0.1535306696602                    0          0.141837119          8.255010971
          "BPM.9R1.B2"        "BPM.10R1.B2"          3535.013605          3575.476615                    1      0.1748812100001                    0          0.176617719           8.39684809
         "BPM.10R1.B2"        "BPM.11R1.B2"          3575.476615          3628.257326                    1      0.1090100481148                    0          0.107622321          8.573465809
         "BPM.11R1.B2"        "BPM.12R1.B2"          3628.257326          3682.980842                    1      0.1481392068024                    0          0.136825963           8.68108813
         "BPM.12R1.B2"        "BPM.13R1.B2"          3682.980842          3736.429358                    1      0.1184002050702                    0          0.113830409          8.817914093
         "BPM.13R1.B2"        "BPM.15R1.B2"          3736.429358           3843.32639                    1      0.2595761396593                    0          0.249321889          8.931744502
         "BPM.15R1.B2"        "BPM.16R1.B2"           3843.32639          3896.774906                    1       0.139361088327                    0          0.135569107          9.181066391
         "BPM.16R1.B2"        "BPM.17R1.B2"          3896.774906          3950.223421                    1         0.1197239293                    0          0.114066156          9.316635498
         "BPM.17R1.B2"        "BPM.18R1.B2"          3950.223421          4003.671937                    1      0.1445792243113                    0          0.136151554          9.430701654
         "BPM.18R1.B2"        "BPM.19R1.B2"          4003.671937          4057.120453                    1       0.115003933011                    0          0.113180566          9.566853208
         "BPM.19R1.B2"        "BPM.21R1.B2"          4057.120453          4164.017485                    1      0.2601014713964                    0          0.249625299          9.680033774
         "BPM.21R1.B2"        "BPM.22R1.B2"          4164.017485          4217.466001                    1      0.1447401899972                    0          0.136158217          9.929659073
         "BPM.22R1.B2"        "BPM.23R1.B2"          4217.466001          4270.914517                    1      0.1203011412669                    0           0.11364905          10.06581729
         "BPM.23R1.B2"        "BPM.25R1.B2"          4270.914517          4377.811549                    1      0.2665409699918                    0           0.25015668          10.17946634
         "BPM.25R1.B2"        "BPM.26R1.B2"          4377.811549          4431.260065                    1       0.145338006508                    0           0.13615824          10.42962302
         "BPM.26R1.B2"        "BPM.27R1.B2"          4431.260065           4484.70858                    1      0.1202269164601                    0           0.11364906          10.56578126
         "BPM.27R1.B2"        "BPM.28R1.B2"           4484.70858          4538.157096                    1      0.1458343361798                    0           0.13613719          10.67943032
         "BPM.28R1.B2"        "BPM.29R1.B2"          4538.157096          4591.605612                    1      0.1193601097383                    0           0.11401941          10.81556751
         "BPM.29R1.B2"        "BPM.30R1.B2"          4591.605612          4645.054128                    1      0.1446765707147                    0           0.13615836          10.92958692
         "BPM.30R1.B2"        "BPM.31R1.B2"          4645.054128          4698.502644                    1       0.119357144417                    0           0.11364904          11.06574528
         "BPM.31R1.B2"        "BPM.32R1.B2"          4698.502644           4751.95116                    1      0.1467122335333                    0           0.13613708          11.17939432
         "BPM.32R1.B2"        "BPM.33R1.B2"           4751.95116          4805.399676                    1      0.1202310502249                    0            0.1140194           11.3155314
         "BPM.33R1.B2"        "BPM.34R1.B2"          4805.399676          4858.848192                    1      0.1447086850956                    0           0.13615845           11.4295508
         "BPM.34R1.B2"        "BPM.33L2.B2"          4858.848192          4912.296708                    1      0.1197012029478                    0           0.11364906          11.56570925
         "BPM.33L2.B2"        "BPM.32L2.B2"          4912.296708          4965.745224                    1      0.1452448395689                    0             0.136137          11.67935831
         "BPM.32L2.B2"        "BPM.28L2.B2"          4965.745224          5179.539287                    1      0.5318970045853                    0           0.49996391          11.81549531
         "BPM.28L2.B2"        "BPM.26L2.B2"          5179.539287          5286.436319                    1      0.2696728120125                    0           0.25017801          12.31545922
         "BPM.26L2.B2"        "BPM.24L2.B2"          5286.436319          5393.333351                    1      0.2638293477068                    0           0.24978588          12.56563723
         "BPM.24L2.B2"        "BPM.22L2.B2"          5393.333351          5500.230383                    1      0.2667798788421                    0           0.25017814          12.81542311
         "BPM.22L2.B2"        "BPM.18L2.B2"          5500.230383          5714.024446                    1      0.5202028827827                    0            0.4989641          13.06560125
         "BPM.18L2.B2"        "BPM.17L2.B2"          5714.024446          5767.472962                    1      0.1205350994934                    0           0.11364531          13.56456535
         "BPM.17L2.B2"        "BPM.16L2.B2"          5767.472962          5820.921478                    1      0.1449539837768                    0           0.13618962          13.67821066
         "BPM.16L2.B2"        "BPM.15L2.B2"          5820.921478          5874.369994                    1      0.1133427969039                    0           0.11360008          13.81440028
         "BPM.15L2.B2"        "BPM.14L2.B2"          5874.369994           5927.81851                    1      0.1397723812867                    0           0.13552914          13.92800036
         "BPM.14L2.B2"        "BPM.13L2.B2"           5927.81851          5981.267026                    1      0.1201294516887                    0           0.11364157           14.0635295
         "BPM.13L2.B2"        "BPM.12L2.B2"          5981.267026          6034.715542                    1       0.146797655272                    0           0.14077606          14.17717107
         "BPM.12L2.B2"        "BPM.11L2.B2"          6034.715542          6088.164058                    1      0.1017257947476                    0           0.10206029          14.31794713
         "BPM.11L2.B2"        "BPM.10L2.B2"          6088.164058          6140.002768                    1      0.1173105250769                    0           0.11120884          14.42000742
         "BPM.10L2.B2"         "BPM.8L2.B2"          6140.002768          6219.530789                    1       0.344259636755                    0           0.34276981          14.53121626
          "BPM.8L2.B2"       "BPMYB.4L2.B2"          6219.530789            6383.4718                    1      0.2781416362476                    0           0.28322457          14.87398607
        "BPMYB.4L2.B2"       "BPMSW.1L2.B2"            6383.4718            6505.9418                    1      0.3271899311364                    0           0.32260921          15.15721064
        "BPMSW.1L2.B2"         "BPM.9R2.B2"            6505.9418          6867.812779                    1      0.1471042428498                    0           0.13949444          15.47981985
          "BPM.9R2.B2"        "BPM.10R2.B2"          6867.812779          6908.277768                    1     0.09177254387355                    0           0.11893255          16.61931429
         "BPM.10R2.B2"        "BPM.11R2.B2"          6908.277768          6960.118458                    1      0.1294159717187                    0           0.14644109          16.73824684
         "BPM.11R2.B2"        "BPM.12R2.B2"          6960.118458          7014.844942                    1       0.141566553686                    0           0.10744718          16.88468793
         "BPM.12R2.B2"        "BPM.13R2.B2"          7014.844942          7068.296426                    1      0.1448610854244                    0           0.12745717          16.99213511
         "BPM.13R2.B2"        "BPM.17R2.B2"          7068.296426          7282.102362                    1      0.5273068455443                    0           0.51004844          17.11959228
         "BPM.17R2.B2"        "BPM.21R2.B2"          7282.102362          7495.908299                    1      0.5286082158566                    0           0.51002703          17.62964072
         "BPM.21R2.B2"        "BPM.25R2.B2"          7495.908299          7709.714235                    1      0.5217155292314                    0           0.50560582          18.13966775
         "BPM.25R2.B2"        "BPM.32R2.B2"          7709.714235          8083.874624                    1      0.9130547173612                    0           0.87358558          18.64527357
         "BPM.32R2.B2"        "BPM.33R2.B2"          8083.874624          8137.326108                    1      0.1304716110361                    0           0.13762637          19.51885915
         "BPM.33R2.B2"        "BPM.34R2.B2"          8137.326108          8190.777592                    1      0.1312135348606                    0           0.11512673          19.65648552
         "BPM.34R2.B2"        "BPM.33L3.B2"          8190.777592          8244.229076                    1      0.1522992269423                    0           0.13775218          19.77161225
         "BPM.33L3.B2"        "BPM.32L3.B2"          8244.229076           8297.68056                    1      0.1063526628393                    0           0.11509988          19.90936443
         "BPM.32L3.B2"        "BPM.30L3.B2"           8297.68056          8404.583528                    1      0.2696101476478                    0           0.25275802          20.02446431
         "BPM.30L3.B2"        "BPM.29L3.B2"          8404.583528          8458.035012                    1      0.1468446065593                    0           0.13775094          20.27722233
         "BPM.29L3.B2"        "BPM.28L3.B2"          8458.035012          8511.486496                    1      0.1036891137824                    0            0.1150961          20.41497327
         "BPM.28L3.B2"        "BPM.27L3.B2"          8511.486496           8564.93798                    1      0.1412378907235                    0           0.13762885          20.53006937
         "BPM.27L3.B2"        "BPM.26L3.B2"           8564.93798          8618.389465                    1      0.1366071603582                    0           0.11513429          20.66769822
         "BPM.26L3.B2"        "BPM.25L3.B2"          8618.389465          8671.840949                    1      0.1420461593261                    0           0.13774939          20.78283251
         "BPM.25L3.B2"        "BPM.24L3.B2"          8671.840949          8725.292433                    1      0.1041980207926                    0           0.11509241           20.9205819
         "BPM.24L3.B2"        "BPM.23L3.B2"          8725.292433          8778.743917                    1      0.1449045288248                    0           0.13763057          21.03567431
         "BPM.23L3.B2"        "BPM.22L3.B2"          8778.743917          8832.195401                    1      0.1369610107977                    0           0.11513793          21.17330488
         "BPM.22L3.B2"        "BPM.21L3.B2"          8832.195401          8885.646885                    1      0.1367687663986                    0           0.13774754          21.28844281
         "BPM.21L3.B2"        "BPM.20L3.B2"          8885.646885          8939.098369                    1      0.1064423996832                    0           0.11762642          21.42619035
         "BPM.20L3.B2"        "BPM.19L3.B2"          8939.098369          8992.549853                    1      0.1595893530412                    0           0.14005573          21.54381677
         "BPM.19L3.B2"        "BPM.18L3.B2"          8992.549853          9046.001337                    1      0.1325484249006                    0           0.11436685           21.6838725
         "BPM.18L3.B2"        "BPM.17L3.B2"          9046.001337          9099.452821                    1      0.1309779228805                    0           0.13797904          21.79823935
         "BPM.17L3.B2"        "BPM.16L3.B2"          9099.452821          9152.904306                    1      0.1109225801479                    0           0.11774208          21.93621839
         "BPM.16L3.B2"        "BPM.15L3.B2"          9152.904306           9206.35579                    1       0.162220794545                    0           0.13981014          22.05396047
         "BPM.15L3.B2"        "BPM.14L3.B2"           9206.35579          9259.807274                    1      0.1257488458795                    0           0.11426948          22.19377061
         "BPM.14L3.B2"        "BPM.13L3.B2"          9259.807274          9313.258758                    1      0.1284000118493                    0           0.13822706          22.30804009
         "BPM.13L3.B2"        "BPM.12L3.B2"          9313.258758          9366.710242                    1     0.09442924997708                    0           0.09826013          22.44626715
         "BPM.12L3.B2"        "BPM.11L3.B2"          9366.710242          9420.161726                    1      0.1212158721296                    0           0.11115531          22.54452728
         "BPM.11L3.B2"        "BPM.10L3.B2"          9420.161726          9472.944415                    1     0.09576720818772                    0           0.08464948          22.65568259
         "BPM.10L3.B2"         "BPM.9L3.B2"          9472.944415          9512.011405                    1     0.08131829618675                    0           0.07990694          22.74033207
          "BPM.9L3.B2"         "BPM.8L3.B2"          9512.011405          9552.476394                    1     0.08078261803564                    0           0.09062468          22.82023901
          "BPM.8L3.B2"         "BPM.7L3.B2"          9552.476394          9591.542384                    1      0.1099470630471                    0           0.12221223          22.91086369
          "BPM.7L3.B2"        "BPMR.6L3.B2"          9591.542384          9664.181384                    1      0.2561674107377                    0            0.2352598          23.03307592
         "BPMR.6L3.B2"      "BPMWJ.A5L3.B2"          9664.181384          9705.809884                    1     0.05160182262139                    0           0.05114946          23.26833572
       "BPMWJ.A5L3.B2"        "BPMW.5L3.B2"          9705.809884          9734.779884                    1     0.01198938777727                    0           0.01276033          23.31948518
         "BPMW.5L3.B2"       "BPMWE.4L3.B2"          9734.779884          9809.907884                    1      0.1246810556435                    0           0.12941302          23.33224551
        "BPMWE.4L3.B2"        "BPMW.4L3.B2"          9809.907884          9837.452884                    1      0.1523218872617                    0           0.14755883          23.46165853
         "BPMW.4L3.B2"        "BPMW.4R3.B2"          9837.452884          9882.417884                    1     0.07141831755684                    0           0.07021675          23.60921736
         "BPMW.4R3.B2"       "BPMWE.4R3.B2"          9882.417884          9909.962884                    1     0.01565010341763                    0           0.01522262          23.67943411
        "BPMWE.4R3.B2"        "BPMW.5R3.B2"          9909.962884          9985.090884                    1       0.107464937576                    0           0.10347983          23.69465673
         "BPMW.5R3.B2"      "BPMWE.A5R3.B2"          9985.090884          10013.80888                    1     0.08295945664391                    0           0.08275305          23.79813656
       "BPMWE.A5R3.B2"       "BPMWC.6R3.B2"          10013.80888          10053.62688                    1     0.05429604011556                    0           0.05592719          23.88088961
        "BPMWC.6R3.B2"         "BPM.6R3.B2"          10053.62688          10065.78138                    1    0.008657676359907                    0    0.009051290000002           23.9368168
          "BPM.6R3.B2"       "BPM_A.7R3.B2"          10065.78138          10121.60538                    1      0.0853883473176                    0           0.08687925          23.94586809
        "BPM_A.7R3.B2"         "BPM.8R3.B2"          10121.60538          10160.67137                    1     0.06865534369306                    0            0.0702506          24.03274734
          "BPM.8R3.B2"         "BPM.9R3.B2"          10160.67137          10199.73836                    1     0.05713247384205                    0           0.05906938          24.10299794
          "BPM.9R3.B2"        "BPM.10R3.B2"          10199.73836          10240.20335                    1     0.07610276854114                    0           0.07397509          24.16206732
         "BPM.10R3.B2"        "BPM.11R3.B2"          10240.20335          10292.98604                    1      0.1401107661941                    0           0.12599974          24.23604241
         "BPM.11R3.B2"        "BPM.12R3.B2"          10292.98604          10347.71253                    1      0.1631534640513                    0            0.1618091          24.36204215
         "BPM.12R3.B2"        "BPM.13R3.B2"          10347.71253          10401.16401                    1      0.1127631712535                    0           0.11509193          24.52385125
         "BPM.13R3.B2"        "BPM.14R3.B2"          10401.16401          10454.61549                    1      0.1491202858397                    0           0.13733116          24.63894318
         "BPM.14R3.B2"        "BPM.15R3.B2"          10454.61549          10508.06698                    1      0.1283324858735                    0           0.11720439          24.77627434
         "BPM.15R3.B2"        "BPM.16R3.B2"          10508.06698          10561.51846                    1      0.1403222233026                    0           0.14051581          24.89347873
         "BPM.16R3.B2"        "BPM.17R3.B2"          10561.51846          10614.96995                    1      0.1160720886282                    0           0.11474981          25.03399454
         "BPM.17R3.B2"        "BPM.18R3.B2"          10614.96995          10668.42143                    1      0.1512041459718                    0           0.13750507          25.14874435
         "BPM.18R3.B2"        "BPM.19R3.B2"          10668.42143          10721.87291                    1      0.1258465585614                    0           0.11737114          25.28624942
         "BPM.19R3.B2"        "BPM.20R3.B2"          10721.87291           10775.3244                    1      0.1387975728395                    0           0.14032411          25.40362056
         "BPM.20R3.B2"        "BPM.21R3.B2"           10775.3244          10828.77588                    1      0.1165890193917                    0           0.11459914          25.54394467
         "BPM.21R3.B2"        "BPM.22R3.B2"          10828.77588          10882.22737                    1       0.152226537254                    0           0.13770205          25.65854381
         "BPM.22R3.B2"        "BPM.24R3.B2"          10882.22737          10989.13033                    1      0.2526553161794                    0           0.25266189          25.79624586
         "BPM.24R3.B2"        "BPM.25R3.B2"          10989.13033          11042.58182                    1      0.1206366749136                    0           0.11524858          26.04890775
         "BPM.25R3.B2"        "BPM.27R3.B2"          11042.58182          11149.48479                    1      0.2674875007536                    0           0.25267197          26.16415633
         "BPM.27R3.B2"        "BPM.28R3.B2"          11149.48479          11202.93627                    1      0.1358298542135                    0            0.1376924           26.4168283
         "BPM.28R3.B2"        "BPM.29R3.B2"          11202.93627          11256.38775                    1      0.1217678858541                    0           0.11524856           26.5545207
         "BPM.29R3.B2"        "BPM.30R3.B2"          11256.38775          11309.83924                    1      0.1505516344693                    0           0.13768105          26.66976926
         "BPM.30R3.B2"        "BPM.31R3.B2"          11309.83924          11363.29072                    1      0.1150136748201                    0           0.11498038          26.80745031
         "BPM.31R3.B2"        "BPM.32R3.B2"          11363.29072          11416.74221                    1       0.135425987955                    0           0.13770328          26.92243069
         "BPM.32R3.B2"        "BPM.33R3.B2"          11416.74221          11470.19369                    1       0.126182565472                    0           0.11524789          27.06013397
         "BPM.33R3.B2"        "BPM.34R3.B2"          11470.19369          11523.64518                    1      0.1525234838147                    0           0.13767024          27.17538186
         "BPM.34R3.B2"        "BPM.33L4.B2"          11523.64518          11577.09666                    1      0.1086003451843                    0           0.11498137           27.3130521
         "BPM.33L4.B2"        "BPM.32L4.B2"          11577.09666          11630.54814                    1      0.1344443108281                    0           0.13771407          27.42803347
         "BPM.32L4.B2"        "BPM.20L4.B2"          11630.54814          12271.96595                    1      0.5744394336924                    0           0.51605749          27.56574754
         "BPM.20L4.B2"        "BPM.16L4.B2"          12271.96595          12485.77189                    1      0.5364655754587                    0           0.50995184          29.08180503
         "BPM.16L4.B2"        "BPM.15L4.B2"          12485.77189          12539.22337                    1      0.1347824783185                    0           0.11735715          29.59175687
         "BPM.15L4.B2"        "BPM.14L4.B2"          12539.22337          12592.67486                    1      0.1339035695045                    0           0.14070815          29.70911402
         "BPM.14L4.B2"        "BPM.13L4.B2"          12592.67486          12646.12634                    1       0.109745550336                    0           0.11458614          29.84982217
         "BPM.13L4.B2"        "BPM.12L4.B2"          12646.12634          12699.57783                    1      0.1576259237426                    0           0.13934792          29.96440831
         "BPM.12L4.B2"        "BPM.10L4.B2"          12699.57783             12804.87                    1      0.2444817429186                    0           0.26078128          30.10375623
         "BPM.10L4.B2"         "BPM.8L4.B2"             12804.87          12884.40198                    1      0.3295215288026                    0           0.30965417          30.36453751
          "BPM.8L4.B2"       "BPMYA.6L4.B2"          12884.40198          13020.07197                    1      0.1466568309218                    0           0.33868879          30.67419168
        "BPMYA.6L4.B2"      "BPMWA.B5L4.B2"          13020.07197          13159.46247                    1     0.09003252316389                    0           0.10370395          31.01288047
       "BPMWA.B5L4.B2"      "BPMWA.A5R4.B2"          13159.46247          13216.39647                    1     0.03788537950982                    0           0.03989839          31.11658442
       "BPMWA.A5R4.B2"      "BPMWA.B5R4.B2"          13216.39647          13225.28147                    1    0.005621364782044                    0           0.00535898          31.15648281
       "BPMWA.B5R4.B2"      "BPMWI.A5R4.B2"          13225.28147          13251.14547                    1     0.01375341699547                    0           0.01428825          31.16184179
       "BPMWI.A5R4.B2"       "BPMYA.5R4.B2"          13251.14547          13327.74797                    1     0.03554388163265                    0            0.0324456          31.17613004
        "BPMYA.5R4.B2"       "BPMYB.6R4.B2"          13327.74797          13359.31197                    1     0.02148704860042                    0           0.02010439          31.20857564
        "BPMYB.6R4.B2"         "BPM.7R4.B2"          13359.31197          13455.82797                    1      0.1057137854508                    0            0.1196992          31.22868003
          "BPM.7R4.B2"         "BPM.8R4.B2"          13455.82797          13493.61896                    1      0.1085100811082                    0           0.09883946          31.34837923
          "BPM.8R4.B2"         "BPM.9R4.B2"          13493.61896          13532.68595                    1      0.2126777614085                    0           0.16459225          31.44721869
          "BPM.9R4.B2"        "BPM.11R4.B2"          13532.68595          13624.99162                    1      0.2700810580277                    0           0.26013154          31.61181094
         "BPM.11R4.B2"        "BPM.12R4.B2"          13624.99162          13679.71811                    1      0.1085731511007                    0           0.11336278          31.87194248
         "BPM.12R4.B2"        "BPM.13R4.B2"          13679.71811          13733.16959                    1      0.1410044967315                    0           0.13143946          31.98530526
         "BPM.13R4.B2"        "BPM.14R4.B2"          13733.16959          13786.62108                    1      0.1365430631187                    0           0.11385618          32.11674472
         "BPM.14R4.B2"        "BPM.15R4.B2"          13786.62108          13840.07256                    1      0.1469798707336                    0           0.13629166           32.2306009
         "BPM.15R4.B2"        "BPM.16R4.B2"          13840.07256          13893.52405                    1      0.1071462532988                    0           0.11340489          32.36689256
         "BPM.16R4.B2"        "BPM.17R4.B2"          13893.52405          13946.97553                    1      0.1473948811704                    0           0.13544618          32.48029745
         "BPM.17R4.B2"        "BPM.18R4.B2"          13946.97553          14000.42701                    1      0.1352048202193                    0           0.11385168          32.61574363
         "BPM.18R4.B2"        "BPM.19R4.B2"          14000.42701           14053.8785                    1       0.137784099563                    0           0.13629491          32.72959531
         "BPM.19R4.B2"        "BPM.20R4.B2"           14053.8785          14107.32998                    1      0.1098378690457                    0           0.11340954          32.86589022
         "BPM.20R4.B2"        "BPM.21R4.B2"          14107.32998          14160.78147                    1       0.154862807118                    0           0.13544301          32.97929976
         "BPM.21R4.B2"        "BPM.22R4.B2"          14160.78147          14214.23295                    1      0.1302024101524                    0           0.11384701          33.11474277
         "BPM.22R4.B2"        "BPM.23R4.B2"          14214.23295          14267.68443                    1      0.1335000622703                    0            0.1362456          33.22858978
         "BPM.23R4.B2"        "BPM.24R4.B2"          14267.68443          14321.13592                    1      0.1083612977759                    0           0.11383657          33.36483538
         "BPM.24R4.B2"        "BPM.25R4.B2"          14321.13592           14374.5874                    1      0.1558224626478                    0           0.13607079          33.47867195
         "BPM.25R4.B2"        "BPM.26R4.B2"           14374.5874          14428.03889                    1      0.1264533388089                    0           0.11384702          33.61474274
         "BPM.26R4.B2"        "BPM.27R4.B2"          14428.03889          14481.49037                    1      0.1294634520082                    0            0.1362456          33.72858976
         "BPM.27R4.B2"        "BPM.28R4.B2"          14481.49037          14534.94185                    1      0.1123132422366                    0           0.11383658          33.86483536
         "BPM.28R4.B2"        "BPM.29R4.B2"          14534.94185          14588.39334                    1      0.1594520134123                    0           0.13607081          33.97867194
         "BPM.29R4.B2"        "BPM.30R4.B2"          14588.39334          14641.84482                    1      0.1223902884044                    0           0.11384702          34.11474275
         "BPM.30R4.B2"        "BPM.31R4.B2"          14641.84482          14695.29631                    1      0.1270977866098                    0           0.13624559          34.22858977
         "BPM.31R4.B2"        "BPM.32R4.B2"          14695.29631          14748.74779                    1      0.1157390198763                    0           0.11383657          34.36483536
         "BPM.32R4.B2"        "BPM.33R4.B2"          14748.74779          14802.19927                    1      0.1590867621575                    0           0.13607081          34.47867193
         "BPM.33R4.B2"        "BPM.34R4.B2"          14802.19927          14855.65076                    1      0.1169645833115                    0           0.11384702          34.61474274
         "BPM.34R4.B2"        "BPM.32L5.B2"          14855.65076          14962.55373                    1      0.2493883651251                    0           0.25008217          34.72858976
         "BPM.32L5.B2"        "BPM.31L5.B2"          14962.55373          15016.00521                    1       0.158203394499                    0            0.1360708          34.97867193
         "BPM.31L5.B2"        "BPM.30L5.B2"          15016.00521           15069.4567                    1      0.1153692260711                    0           0.11384704          35.11474273
         "BPM.30L5.B2"        "BPM.29L5.B2"           15069.4567          15122.90818                    1       0.130467558225                    0           0.13624561          35.22858977
         "BPM.29L5.B2"        "BPM.27L5.B2"          15122.90818          15229.81115                    1      0.2793578007118                    0           0.24990736          35.36483538
         "BPM.27L5.B2"        "BPM.25L5.B2"          15229.81115          15336.71412                    1      0.2468329540313                    0           0.25009262          35.61474274
         "BPM.25L5.B2"        "BPM.23L5.B2"          15336.71412          15443.61708                    1      0.2779311981486                    0           0.24990739          35.86483536
         "BPM.23L5.B2"        "BPM.21L5.B2"          15443.61708          15550.52005                    1      0.2441850743223                    0           0.25009263          36.11474275
         "BPM.21L5.B2"        "BPM.19L5.B2"          15550.52005          15657.42302                    1      0.2870186767458                    0           0.24886256          36.36483538
         "BPM.19L5.B2"        "BPM.17L5.B2"          15657.42302          15764.32599                    1      0.2489131067781                    0           0.25013561          36.61369794
         "BPM.17L5.B2"        "BPM.15L5.B2"          15764.32599          15871.22896                    1      0.2820908760786                    0           0.24886303          36.86383355
         "BPM.15L5.B2"        "BPM.13L5.B2"          15871.22896          15978.13193                    1      0.2539948841271                    0           0.25013512          37.11269658
         "BPM.13L5.B2"        "BPM.11L5.B2"          15978.13193          16085.03489                    1      0.2353350749519                    0           0.26431994           37.3628317
         "BPM.11L5.B2"         "BPM.9L5.B2"          16085.03489          16176.88457                    1      0.2606894864793                    0            0.2226066          37.62715164
          "BPM.9L5.B2"         "BPM.5L5.B2"          16176.88457          16325.21155                    1       0.376756943367                    0           0.44255735          37.84975824
          "BPM.5L5.B2"       "BPMWB.4L5.B2"          16325.21155          16373.67605                    1     0.07323234543345                    0           0.07081456          38.29231559
        "BPMWB.4L5.B2"        "BPMS.2L5.B2"          16373.67605          16493.31755                    1      0.1958932702248                    0           0.17881341          38.36313015
         "BPMS.2L5.B2"        "BPMR.5R5.B2"          16493.31755          16718.19155                    1      0.5810640293676                    0           0.58423254          38.54194356
         "BPMR.5R5.B2"         "BPM.9R5.B2"          16718.19155          16864.60757                    1      0.3297091184492                    0           0.31669792           39.1261761
          "BPM.9R5.B2"        "BPM.10R5.B2"          16864.60757          16905.07058                    1      0.1719729574491                    0           0.17646332          39.44287402
         "BPM.10R5.B2"        "BPM.11R5.B2"          16905.07058          16957.85129                    1      0.1008749945089                    0           0.10781069          39.61933734
         "BPM.11R5.B2"        "BPM.12R5.B2"          16957.85129          17012.57481                    1      0.1483713334445                    0            0.1369176          39.72714803
         "BPM.12R5.B2"        "BPM.13R5.B2"          17012.57481          17066.02333                    1      0.1283437781161                    0           0.11363559          39.86406563
         "BPM.13R5.B2"        "BPM.14R5.B2"          17066.02333          17119.47184                    1      0.1413806613704                    0           0.13605396          39.97770122
         "BPM.14R5.B2"        "BPM.21R5.B2"          17119.47184          17493.61145                    1       0.902531444295                    0            0.8618646          40.11375518
         "BPM.21R5.B2"        "BPM.22R5.B2"          17493.61145          17547.05997                    1      0.1352618061684                    0           0.13606174          40.97561978
         "BPM.22R5.B2"        "BPM.23R5.B2"          17547.05997          17600.50848                    1      0.1135591645545                    0            0.1138416          41.11168152
         "BPM.23R5.B2"        "BPM.28R5.B2"          17600.50848          17867.75106                    1      0.6918862005238                    0           0.63619801          41.22552312
         "BPM.28R5.B2"        "BPM.29R5.B2"          17867.75106          17921.19958                    1       0.121531729558                    0           0.11382663          41.86172113
         "BPM.29R5.B2"        "BPM.32R5.B2"          17921.19958          18081.54513                    1      0.4126019820448                    0            0.3861373          41.97554776
         "BPM.32R5.B2"        "BPM.33R5.B2"          18081.54513          18134.99364                    1       0.116011983332                    0           0.11382666          42.36168506
         "BPM.33R5.B2"        "BPM.34R5.B2"          18134.99364          18188.44216                    1      0.1339975736799                    0           0.13606167          42.47551172
         "BPM.34R5.B2"        "BPM.33L6.B2"          18188.44216          18241.89067                    1      0.1253133606318                    0            0.1138415          42.61157339
         "BPM.33L6.B2"        "BPM.32L6.B2"          18241.89067          18295.33919                    1      0.1568651066765                    0            0.1362341          42.72541489
         "BPM.32L6.B2"        "BPM.31L6.B2"          18295.33919          18348.78771                    1      0.1109046315111                    0           0.11382669          42.86164899
         "BPM.31L6.B2"        "BPM.30L6.B2"          18348.78771          18402.23622                    1       0.135203860193                    0           0.13606167          42.97547568
         "BPM.30L6.B2"        "BPM.29L6.B2"          18402.23622          18455.68474                    1      0.1307649336334                    0           0.11384148          43.11153735
         "BPM.29L6.B2"        "BPM.28L6.B2"          18455.68474          18509.13325                    1      0.1527960135231                    0           0.13623412          43.22537883
         "BPM.28L6.B2"        "BPM.27L6.B2"          18509.13325          18562.58177                    1      0.1088653330827                    0           0.11382672          43.36161295
         "BPM.27L6.B2"        "BPM.26L6.B2"          18562.58177          18616.03029                    1      0.1393901657404                    0           0.13606165          43.47543967
         "BPM.26L6.B2"        "BPM.25L6.B2"          18616.03029           18669.4788                    1      0.1327290583682                    0           0.11384142          43.61150132
         "BPM.25L6.B2"        "BPM.24L6.B2"           18669.4788          18722.92732                    1      0.1474545136034                    0           0.13623412          43.72534274
         "BPM.24L6.B2"        "BPM.23L6.B2"          18722.92732          18776.37583                    1      0.1077852381899                    0           0.11382676          43.86157686
         "BPM.23L6.B2"        "BPM.22L6.B2"          18776.37583          18829.82435                    1      0.1443897550877                    0           0.13606167          43.97540362
         "BPM.22L6.B2"        "BPM.21L6.B2"          18829.82435          18883.27287                    1      0.1328169604718                    0            0.1138414          44.11146529
         "BPM.21L6.B2"        "BPM.20L6.B2"          18883.27287          18936.72138                    1      0.1412067585465                    0           0.13628662          44.22530669
         "BPM.20L6.B2"        "BPM.19L6.B2"          18936.72138           18990.1699                    1      0.1056801675882                    0            0.1134045          44.36159331
         "BPM.19L6.B2"        "BPM.18L6.B2"           18990.1699          19043.61841                    1      0.1441727100951                    0           0.13543071          44.47499781
         "BPM.18L6.B2"        "BPM.17L6.B2"          19043.61841          19097.06693                    1      0.1325345208796                    0           0.11383651          44.61042852
         "BPM.17L6.B2"        "BPM.16L6.B2"          19097.06693          19150.51545                    1      0.1376459661653                    0           0.13628987          44.72426503
         "BPM.16L6.B2"        "BPM.15L6.B2"          19150.51545          19203.96396                    1      0.1048905804706                    0           0.11340936           44.8605549
         "BPM.15L6.B2"        "BPM.14L6.B2"          19203.96396          19257.41248                    1      0.1474711169007                    0           0.13542755          44.97396426
         "BPM.14L6.B2"        "BPM.13L6.B2"          19257.41248          19310.86099                    1      0.1307762557912                    0           0.11383161          45.10939181
         "BPM.13L6.B2"        "BPM.12L6.B2"          19310.86099          19364.30951                    1      0.1353691082506                    0           0.13929409          45.22322342
         "BPM.12L6.B2"        "BPM.11L6.B2"          19364.30951          19417.75802                    1     0.09738980066079                    0           0.11582602          45.36251751
         "BPM.11L6.B2"        "BPM.10L6.B2"          19417.75802          19469.59674                    1      0.1334836530725                    0           0.12566665          45.47834353
         "BPM.10L6.B2"         "BPM.9L6.B2"          19469.59674          19508.66175                    1      0.1194332256618                    0           0.09375982          45.60401018
          "BPM.9L6.B2"         "BPM.8L6.B2"          19508.66175          19549.12476                    1      0.1861956196033                    0           0.20545095             45.69777
          "BPM.8L6.B2"       "BPMYB.5L6.B2"          19549.12476          19646.21277                    1      0.1190830064357                    0           0.32767892          45.90322095
        "BPMYB.5L6.B2"       "BPMYA.4L6.B2"          19646.21277          19682.61277                    1     0.02382377572462                    0           0.02781703          46.23089987
        "BPMYA.4L6.B2"      "BPMSI.B4L6.B2"          19682.61277          19716.93327                    1     0.01166583835615                    0     0.01016758999999           46.2587169
       "BPMSI.B4L6.B2"      "BPMSI.A4L6.B2"          19716.93327          19717.56827                    1      0.9997360122379                    0   0.0002084600000032          46.26888449
       "BPMSI.A4L6.B2"      "BPMSX.A4R6.B2"          19717.56827          19995.52327                    1      0.2332267514363                    0           0.21896406          46.26909295
       "BPMSX.A4R6.B2"      "BPMSX.B4R6.B2"          19995.52327          19996.10827                    1   0.0002752970100869                    0   0.0005603800000031          46.48805701
       "BPMSX.B4R6.B2"       "BPMYB.4R6.B2"          19996.10827          20026.21277                    1     0.02310884257558                    0            0.0265873          46.48861739
        "BPMYB.4R6.B2"       "BPMYA.5R6.B2"          20026.21277          20062.61277                    1     0.01664383163396                    0            0.0181803          46.51520469
        "BPMYA.5R6.B2"         "BPM.8R6.B2"          20062.61277          20158.33778                    1      0.1621528894096                    0           0.17989943          46.53338499
          "BPM.8R6.B2"         "BPM.9R6.B2"          20158.33778          20197.40279                    1      0.2117027095774                    0           0.17378401          46.71328442
          "BPM.9R6.B2"        "BPM.10R6.B2"          20197.40279           20237.8658                    1      0.1128356670082                    0           0.09708693          46.88706843
         "BPM.10R6.B2"        "BPM.11R6.B2"           20237.8658          20289.70451                    1       0.139871608575                    0           0.14614977          46.98415536
         "BPM.11R6.B2"        "BPM.12R6.B2"          20289.70451          20344.42803                    1      0.1272999526938                    0           0.11394713          47.13030513
         "BPM.12R6.B2"        "BPM.13R6.B2"          20344.42803          20397.87654                    1        0.15647114611                    0           0.13148139          47.24425226
         "BPM.13R6.B2"        "BPM.14R6.B2"          20397.87654          20451.32506                    1      0.1117038951843                    0           0.11456245          47.37573365
         "BPM.14R6.B2"        "BPM.15R6.B2"          20451.32506          20504.77357                    1      0.1335103761904                    0           0.13811136           47.4902961
         "BPM.15R6.B2"        "BPM.16R6.B2"          20504.77357          20558.22209                    1      0.1260187225099                    0           0.11181257          47.62840746
         "BPM.16R6.B2"        "BPM.17R6.B2"          20558.22209          20611.67061                    1      0.1489225258079                    0           0.13293619          47.74022003
         "BPM.17R6.B2"        "BPM.18R6.B2"          20611.67061          20665.11912                    1      0.1106434953946                    0           0.11448803          47.87315622
         "BPM.18R6.B2"        "BPM.19R6.B2"          20665.11912          20718.56764                    1      0.1362853299942                    0           0.13816301          47.98764425
         "BPM.19R6.B2"        "BPM.20R6.B2"          20718.56764          20772.01615                    1      0.1269244609278                    0           0.11188492          48.12580726
         "BPM.20R6.B2"        "BPM.21R6.B2"          20772.01615          20825.46467                    1      0.1469989653961                    0           0.13288879          48.23769218
         "BPM.21R6.B2"        "BPM.22R6.B2"          20825.46467          20878.91318                    1      0.1092329527172                    0           0.11441217          48.37058097
         "BPM.22R6.B2"        "BPM.23R6.B2"          20878.91318           20932.3617                    1      0.1400166484801                    0           0.13730819          48.48499314
         "BPM.23R6.B2"        "BPM.24R6.B2"           20932.3617          20985.81022                    1      0.1321035510093                    0           0.11457785          48.62230133
         "BPM.24R6.B2"        "BPM.25R6.B2"          20985.81022          21039.25873                    1      0.1466102466512                    0           0.13739741          48.73687918
         "BPM.25R6.B2"        "BPM.26R6.B2"          21039.25873          21092.70725                    1      0.1095856929597                    0           0.11441054          48.87427659
         "BPM.26R6.B2"        "BPM.27R6.B2"          21092.70725          21146.15576                    1      0.1452767341665                    0           0.13731269          48.98868713
         "BPM.27R6.B2"        "BPM.28R6.B2"          21146.15576          21199.60428                    1      0.1341461541059                    0           0.11457956          49.12599982
         "BPM.28R6.B2"        "BPM.29R6.B2"          21199.60428           21253.0528                    1      0.1405213582765                    0           0.13739289          49.24057938
         "BPM.29R6.B2"        "BPM.30R6.B2"           21253.0528          21306.50131                    1      0.1082230040047                    0           0.11440892          49.37797227
         "BPM.30R6.B2"        "BPM.31R6.B2"          21306.50131          21359.94983                    1      0.1500595071645                    0           0.13731725          49.49238119
         "BPM.31R6.B2"        "BPM.32R6.B2"          21359.94983          21413.39834                    1      0.1327473170789                    0           0.11458108          49.62969844
         "BPM.32R6.B2"        "BPM.33R6.B2"          21413.39834          21466.84686                    1      0.1358461207717                    0           0.13738825          49.74427952
         "BPM.33R6.B2"        "BPM.34R6.B2"          21466.84686          21520.29538                    1      0.1096138857237                    0            0.1144075          49.88166777
         "BPM.34R6.B2"        "BPM.33L7.B2"          21520.29538          21573.74389                    1      0.1537619718669                    0           0.13732191          49.99607527
         "BPM.33L7.B2"        "BPM.32L7.B2"          21573.74389          21627.19241                    1      0.1293205743425                    0           0.11458241          50.13339718
         "BPM.32L7.B2"        "BPM.31L7.B2"          21627.19241          21680.64092                    1       0.132588527399                    0           0.13738358          50.24797959
         "BPM.31L7.B2"        "BPM.30L7.B2"          21680.64092          21734.08944                    1      0.1133206236264                    0           0.11440625          50.38536317
         "BPM.30L7.B2"        "BPM.28L7.B2"          21734.08944          21840.98647                    1      0.2833004721804                    0           0.25191019          50.49976942
         "BPM.28L7.B2"        "BPM.26L7.B2"          21840.98647           21947.8835                    1      0.2486271305528                    0           0.25178404          50.75167961
         "BPM.26L7.B2"        "BPM.24L7.B2"           21947.8835          22054.78053                    1      0.2800166709094                    0           0.25191593          51.00346365
         "BPM.24L7.B2"        "BPM.22L7.B2"          22054.78053          22161.67757                    1      0.2522909703345                    0           0.25177837          51.25537958
         "BPM.22L7.B2"        "BPM.20L7.B2"          22161.67757           22268.5746                    1      0.2732602011829                    0           0.24858483          51.50715795
         "BPM.20L7.B2"        "BPM.18L7.B2"           22268.5746          22375.47163                    1      0.2499317556078                    0           0.24876201          51.75574278
         "BPM.18L7.B2"        "BPM.16L7.B2"          22375.47163          22482.36866                    1       0.265514919716                    0           0.24871071          52.00450479
         "BPM.16L7.B2"        "BPM.14L7.B2"          22482.36866          22589.26569                    1      0.2553260363325                    0           0.24863702           52.2532155
         "BPM.14L7.B2"        "BPM.12L7.B2"          22589.26569          22696.16273                    1      0.2622280002495                    0           0.25056498          52.50185252
         "BPM.12L7.B2"        "BPM.10L7.B2"          22696.16273          22802.39195                    1      0.2696267858149                    0           0.25765336           52.7524175
         "BPM.10L7.B2"         "BPM.8L7.B2"          22802.39195          22881.91997                    1      0.2629671354635                    0           0.26491968          53.01007086
          "BPM.8L7.B2"        "BPMR.6L7.B2"          22881.91997          22955.80198                    1      0.2427978652702                    0           0.23258574          53.27499054
         "BPMR.6L7.B2"       "BPMWE.5L7.B2"          22955.80198          23045.03448                    1      0.1264594331244                    0            0.1209857          53.50757628
        "BPMWE.5L7.B2"       "BPMWE.4L7.B2"          23045.03448          23103.32448                    1     0.04115846029123                    0           0.04343881          53.62856198
        "BPMWE.4L7.B2"       "BPMWE.4R7.B2"          23103.32448          23275.58148                    1      0.2788548112101                    0            0.2774655          53.67200079
        "BPMWE.4R7.B2"       "BPMWE.5R7.B2"          23275.58148          23333.87148                    1      0.1445145947477                    0           0.13881285          53.94946629
        "BPMWE.5R7.B2"         "BPM.6R7.B2"          23333.87148          23413.01098                    1      0.1863709985497                    0           0.19069718          54.08827914
          "BPM.6R7.B2"       "BPM_A.7R7.B2"          23413.01098          23451.04698                    1     0.03580618700769                    0           0.03854122          54.27897632
        "BPM_A.7R7.B2"         "BPM.8R7.B2"          23451.04698          23490.11099                    1     0.06998457309071                    0           0.07645982          54.31751754
          "BPM.8R7.B2"         "BPM.9R7.B2"          23490.11099            23529.176                    1        0.16778566487                    0           0.16621259          54.39397736
          "BPM.9R7.B2"        "BPM.10R7.B2"            23529.176          23569.63902                    1      0.1629746366635                    0            0.1512631          54.56018995
         "BPM.10R7.B2"        "BPM.11R7.B2"          23569.63902          23622.41973                    1      0.1080169882997                    0           0.10981625          54.71145305
         "BPM.11R7.B2"        "BPM.12R7.B2"          23622.41973          23677.14324                    1      0.1307380181147                    0           0.13565411           54.8212693
         "BPM.12R7.B2"        "BPM.13R7.B2"          23677.14324          23730.59176                    1      0.1259673261792                    0            0.1158742          54.95692341
         "BPM.13R7.B2"        "BPM.14R7.B2"          23730.59176          23784.04027                    1      0.1497376899223                    0           0.13742611          55.07279761
         "BPM.14R7.B2"        "BPM.15R7.B2"          23784.04027          23837.48879                    1      0.1113506988063                    0           0.11116929          55.21022372
         "BPM.15R7.B2"        "BPM.17R7.B2"          23837.48879          23944.38582                    1      0.2618151895276                    0           0.24875027          55.32139301
         "BPM.17R7.B2"        "BPM.18R7.B2"          23944.38582          23997.83434                    1      0.1472944859734                    0           0.13750202          55.57014328
         "BPM.18R7.B2"        "BPM.19R7.B2"          23997.83434          24051.28285                    1      0.1108466331127                    0           0.11122309           55.7076453
         "BPM.19R7.B2"        "BPM.21R7.B2"          24051.28285          24158.17989                    1      0.2641120029002                    0           0.24861979          55.81886839
         "BPM.21R7.B2"        "BPM.22R7.B2"          24158.17989           24211.6284                    1      0.1439412541478                    0           0.13757666          56.06748818
         "BPM.22R7.B2"        "BPM.23R7.B2"           24211.6284          24265.07692                    1      0.1129752676191                    0             0.114612          56.20506484
         "BPM.23R7.B2"        "BPM.24R7.B2"          24265.07692          24318.52543                    1      0.1475914177176                    0           0.13712914          56.31967684
         "BPM.24R7.B2"        "BPM.25R7.B2"          24318.52543          24371.97395                    1      0.1255291429336                    0           0.11438156          56.45680598
         "BPM.25R7.B2"        "BPM.26R7.B2"          24371.97395          24425.42246                    1       0.142436720074                    0           0.13758194          56.57118754
         "BPM.26R7.B2"        "BPM.27R7.B2"          24425.42246          24478.87098                    1      0.1147156308058                    0           0.11460287          56.70876948
         "BPM.27R7.B2"        "BPM.29R7.B2"          24478.87098          24585.76801                    1      0.2728299953482                    0           0.25151403          56.82337235
         "BPM.29R7.B2"        "BPM.30R7.B2"          24585.76801          24639.21653                    1      0.1416721118429                    0           0.13758766          57.07488638
         "BPM.30R7.B2"        "BPM.31R7.B2"          24639.21653          24692.66504                    1       0.115356536466                    0           0.11459349          57.21247404
         "BPM.31R7.B2"        "BPM.32R7.B2"          24692.66504          24746.11356                    1      0.1488074652554                    0            0.1371178          57.32706753
         "BPM.32R7.B2"        "BPM.33R7.B2"          24746.11356          24799.56208                    1       0.125274165848                    0           0.11440025          57.46418533
         "BPM.33R7.B2"        "BPM.34R7.B2"          24799.56208          24853.01059                    1      0.1390273374778                    0           0.13759283          57.57858558
         "BPM.34R7.B2"        "BPM.33L8.B2"          24853.01059          24906.45911                    1      0.1166441587121                    0           0.11458391          57.71617841
         "BPM.33L8.B2"        "BPM.32L8.B2"          24906.45911          24959.90762                    1      0.1522154118155                    0           0.13711291          57.83076232
         "BPM.32L8.B2"        "BPM.31L8.B2"          24959.90762          25013.35614                    1       0.121466791238                    0            0.1144099          57.96787523
         "BPM.31L8.B2"        "BPM.30L8.B2"          25013.35614          25066.80466                    1      0.1393930246844                    0           0.13759751          58.08228513
         "BPM.30L8.B2"        "BPM.29L8.B2"          25066.80466          25120.25317                    1      0.1190691338682                    0           0.11457414          58.21988264
         "BPM.29L8.B2"        "BPM.27L8.B2"          25120.25317           25227.1502                    1       0.272446726868                    0           0.25152827          58.33445678
         "BPM.27L8.B2"        "BPM.25L8.B2"           25227.1502          25334.04723                    1      0.2591659120876                    0           0.25216584          58.58598505
         "BPM.25L8.B2"        "BPM.23L8.B2"          25334.04723          25440.94427                    1       0.268931353133                    0           0.25153442          58.83815089
         "BPM.23L8.B2"        "BPM.21L8.B2"          25440.94427           25547.8413                    1      0.2659038942292                    0           0.25215937          59.08968531
         "BPM.21L8.B2"        "BPM.20L8.B2"           25547.8413          25601.28981                    1      0.1492190546411                    0           0.13800301          59.34184468
         "BPM.20L8.B2"        "BPM.19L8.B2"          25601.28981          25654.73833                    1      0.1096649639183                    0           0.11182241          59.47984769
         "BPM.19L8.B2"        "BPM.17L8.B2"          25654.73833          25761.63536                    1      0.2638150995197                    0           0.24752442           59.5916701
         "BPM.17L8.B2"        "BPM.13L8.B2"          25761.63536          25975.42943                    1      0.5225964880875                    0           0.49735054          59.83919452
         "BPM.13L8.B2"        "BPM.12L8.B2"          25975.42943          26028.87794                    1      0.1463394033722                    0           0.14149253          60.33654506
         "BPM.12L8.B2"        "BPM.11L8.B2"          26028.87794          26082.32646                    1       0.101299498561                    0           0.10787599          60.47803759
         "BPM.11L8.B2"        "BPM.10L8.B2"          26082.32646          26134.16517                    1      0.1215600093697                    0           0.12233122          60.58591358
         "BPM.10L8.B2"         "BPM.9L8.B2"          26134.16517          26173.23018                    1      0.1213536098566                    0           0.11068027           60.7082448
          "BPM.9L8.B2"         "BPM.8L8.B2"          26173.23018          26213.69319                    1      0.2242098837413                    0           0.22321765          60.81892507
          "BPM.8L8.B2"         "BPM.7L8.B2"          26213.69319           26252.7592                    1     0.05829545636127                    0            0.0586051          61.04214272
          "BPM.7L8.B2"         "BPM.6L8.B2"           26252.7592           26285.2282                    1     0.03177383159195                    0           0.03078448          61.10074782
          "BPM.6L8.B2"       "BPMYB.4L8.B2"           26285.2282           26366.4142                    1      0.2598727780377                    0           0.17604565           61.1315323
        "BPMYB.4L8.B2"       "BPMWB.4L8.B2"           26366.4142           26390.8817                    1     0.05984748073321                    0           0.05908491          61.30757795
        "BPMWB.4L8.B2"       "BPMSX.4L8.B2"           26390.8817           26441.0387                    1      0.1902806237142                    0           0.18958358          61.36666286
        "BPMSX.4L8.B2"        "BPMS.2L8.B2"           26441.0387           26478.9502                    1     0.05693742141434                    0     0.05573880999999          61.55624644
         "BPMS.2L8.B2"       "BPMSW.1L8.B2"           26478.9502           26488.8842                    1     0.01662147515897                    0            0.0178233          61.61198525
        "BPMSW.1L8.B2"       "BPM_A.7R8.B2"           26488.8842              122.586                    1      0.8531218226566                    0         0.8617886748          61.62980855