@ GetLLMVersion %s "V3.0.0 Dev"
@ Command %s "/usr/bin/python2 '/home/eirik/CERN/beta-Beat/GetLLM/GetLLM.py' '--accel=LHCB2' '--model=model_opticsfile.1_Qx0.278_Qy0.31_beam2/twiss.dat' '--files=/home/eirik/CERN/global_coupling_correction3/data_analysis2/hole_in_one_dir/Beam2@Turn@2015_04_09@04_18_33_348.sdds' '--output=/home/eirik/CERN/global_coupling_correction3/data_analysis2/outputfiles/' '--tbtana=SUSSIX' '--bpmu=mm' '--lhcphase=1' '--errordefs=model_opticsfile.1_Qx0.278_Qy0.31_beam2/error_deffs.txt' '--coupling=1'"
@ CWD %s "/home/eirik/CERN/global_coupling_correction3/data_analysis2"
@ Date %s "29. April 2021, 10:30:56"
@ Q1 %le 0.2679271851406006
@ MUX %le 0.0
@ Q2 %le 0.319948196411
@ MUY %le 0.0
@ FILES %s "/home/eirik/CERN/global_coupling_correction3/data_analysis2/hole_in_one_dir/Beam2@Turn@2015_04_09@04_18_33_348.sdds.linx"
*                 NAME                NAME2                    S                   S1                COUNT               PHASEX               STDPHX               PHXMDL               MUXMDL
$                   %s                   %s                  %le                  %le                  %le                  %le                  %le                  %le                  %le
        "BPM_A.7R8.B2"        "BPM.10R8.B2"              122.586          243.5569682                    1       0.453198850397                    0         0.4527495161         0.2230077385
         "BPM.10R8.B2"        "BPM.11R8.B2"          243.5569682          295.3976576                    1       0.128015884442                    0         0.1253030064         0.6757572546
         "BPM.11R8.B2"        "BPM.12R8.B2"          295.3976576          350.1241417                    1       0.131442241398                    0         0.1201356301          0.801060261
         "BPM.12R8.B2"        "BPM.13R8.B2"          350.1241417          403.5756258                    1       0.150759392486                    0         0.1511253869         0.9211958911
         "BPM.13R8.B2"        "BPM.16R8.B2"          403.5756258          563.9300781                    1      0.3899500946226                    0          0.364012006          1.072321278
         "BPM.16R8.B2"        "BPM.19R8.B2"          563.9300781          724.2845304                    1      0.4100897491624                    0          0.391891525          1.436333284
         "BPM.19R8.B2"        "BPM.20R8.B2"          724.2845304          777.7360145                    1       0.121760519981                    0           0.10715864          1.828224809
         "BPM.20R8.B2"        "BPM.23R8.B2"          777.7360145          938.0904667                    1      0.4117993666666                    0          0.391832914          1.935383449
         "BPM.23R8.B2"        "BPM.25R8.B2"          938.0904667          1044.993435                    1      0.2561634832364                    0          0.243014903          2.327216363
         "BPM.25R8.B2"        "BPM.26R8.B2"          1044.993435          1098.444919                    1       0.122917275399                    0          0.120410223          2.570231266
         "BPM.26R8.B2"        "BPM.27R8.B2"          1098.444919          1151.896403                    1       0.146225665598                    0          0.136574866          2.690641489
         "BPM.27R8.B2"        "BPM.29R8.B2"          1151.896403          1258.799371                    1       0.256319344989                    0          0.243014943          2.827216355
         "BPM.29R8.B2"        "BPM.32R8.B2"          1258.799371          1419.153824                    1       0.381927927717                    0          0.364554654          3.070231298
         "BPM.32R8.B2"        "BPM.33R8.B2"          1419.153824          1472.605308                    1       0.143829335872                    0          0.135445314          3.434785952
         "BPM.33R8.B2"        "BPM.34R8.B2"          1472.605308          1526.056792                    1       0.120862974992                    0          0.120410223          3.570231266
         "BPM.34R8.B2"        "BPM.33L1.B2"          1526.056792          1579.508276                    1       0.142498155711                    0          0.136574866          3.690641489
         "BPM.33L1.B2"        "BPM.32L1.B2"          1579.508276           1632.95976                    1       0.115735355505                    0          0.107569595          3.827216355
         "BPM.32L1.B2"        "BPM.31L1.B2"           1632.95976          1686.411244                    1       0.145257509949                    0          0.135445313           3.93478595
         "BPM.31L1.B2"        "BPM.30L1.B2"          1686.411244          1739.862728                    1       0.123274403448                    0          0.120410226          4.070231263
         "BPM.30L1.B2"        "BPM.29L1.B2"          1739.862728          1793.314212                    1      0.1402830523269                    0          0.136574874          4.190641489
         "BPM.29L1.B2"        "BPM.28L1.B2"          1793.314212          1846.765696                    1      0.1148022020811                    0          0.107569595          4.327216363
         "BPM.28L1.B2"        "BPM.27L1.B2"          1846.765696           1900.21718                    1       0.146189488759                    0          0.135445308          4.434785958
         "BPM.27L1.B2"        "BPM.26L1.B2"           1900.21718          1953.668665                    1       0.122274543738                    0          0.120410223          4.570231266
         "BPM.26L1.B2"        "BPM.24L1.B2"          1953.668665          2060.571633                    1       0.255450962665                    0          0.244144474          4.690641489
         "BPM.24L1.B2"        "BPM.23L1.B2"          2060.571633          2114.023117                    1       0.146761226025                    0          0.135445335          4.934785963
         "BPM.23L1.B2"        "BPM.22L1.B2"          2114.023117          2167.474601                    1       0.122207844118                    0          0.120410212          5.070231298
         "BPM.22L1.B2"        "BPM.20L1.B2"          2167.474601          2274.377569                    1       0.261447578705                    0          0.243701416           5.19064151
         "BPM.20L1.B2"        "BPM.19L1.B2"          2274.377569          2327.829053                    1       0.152575022958                    0           0.13479819          5.434342926
         "BPM.19L1.B2"        "BPM.18L1.B2"          2327.829053          2381.280537                    1       0.118981659715                    0          0.120444734          5.569141116
         "BPM.18L1.B2"        "BPM.16L1.B2"          2381.280537          2488.183506                    1       0.261268287108                    0          0.243808129           5.68958585
         "BPM.16L1.B2"        "BPM.14L1.B2"          2488.183506          2595.086474                    1      0.2699322305479                    0          0.255135802          5.933393979
         "BPM.14L1.B2"        "BPM.13L1.B2"          2595.086474          2648.537958                    1      0.1407076123971                    0           0.13676952          6.188529781
         "BPM.13L1.B2"        "BPM.12L1.B2"          2648.537958          2701.989442                    1       0.106383588232                    0          0.114082151          6.325299301
         "BPM.12L1.B2"        "BPM.11L1.B2"          2701.989442          2755.440926                    1       0.124507952235                    0          0.143844646          6.439381452
         "BPM.11L1.B2"        "BPM.10L1.B2"          2755.440926          2808.223615                    1       0.136109969212                    0          0.118926054          6.583226098
         "BPM.10L1.B2"         "BPM.9L1.B2"          2808.223615          2847.290605                    1       0.129917113526                    0          0.110586112          6.702152152
          "BPM.9L1.B2"         "BPM.8L1.B2"          2847.290605          2887.755594                    1       0.106256864711                    0          0.154592374          6.812738264
          "BPM.8L1.B2"       "BPMSX.7L1.B2"          2887.755594          2957.502084                    1      0.2182090984155                    0          0.239905921          6.967330638
        "BPMSX.7L1.B2"        "BPMR.6L1.B2"          2957.502084          2970.007584                    1     0.02612435480926                    0          0.019474101          7.207236559
         "BPMR.6L1.B2"         "BPM.5L1.B2"          2970.007584          3001.907584                    1     0.03682738638624                    0          0.034655342           7.22671066
          "BPM.5L1.B2"       "BPMYA.4L1.B2"          3001.907584          3023.025584                    1      0.0251074691152                    0          0.025247063          7.261366002
        "BPMYA.4L1.B2"       "BPMWB.4L1.B2"          3023.025584          3044.082084                    1      0.0415554015108                    0          0.038971928          7.286613065
        "BPMWB.4L1.B2"       "BPMSY.4L1.B2"          3044.082084          3136.938084                    1       0.138338995185                    0          0.128152076          7.325584993
        "BPMSY.4L1.B2"       "BPMSW.1R1.B2"          3136.938084          3216.816584                    1       0.421683147124                    0          0.422799329          7.453737069
        "BPMSW.1R1.B2"        "BPMS.2R1.B2"          3216.816584          3226.781584                    1        0.01758483262                    0          0.018183302          7.876536398
         "BPMS.2R1.B2"       "BPMWB.4R1.B2"          3226.781584          3346.423084                    1       0.141344790048                    0          0.145012961            7.8947197
        "BPMWB.4R1.B2"       "BPMYA.4R1.B2"          3346.423084          3367.479584                    1       0.016709913493                    0          0.018357195          8.039732661
        "BPMYA.4R1.B2"        "BPMR.5R1.B2"          3367.479584          3394.887584                    1       0.034950391879                    0          0.034028262          8.058089856
         "BPMR.5R1.B2"         "BPM.6R1.B2"          3394.887584          3426.787584                    1      0.0368028034467                    0          0.037094883          8.092118118
          "BPM.6R1.B2"         "BPM.8R1.B2"          3426.787584          3495.948594                    1      0.1314126093627                    0          0.135869931          8.129213001
          "BPM.8R1.B2"         "BPM.9R1.B2"          3495.948594          3535.013605                    1      0.1570149575626                    0          0.135852284          8.265082932
          "BPM.9R1.B2"        "BPM.10R1.B2"          3535.013605          3575.476615                    1       0.166022462211                    0          0.174097688          8.400935216
         "BPM.10R1.B2"        "BPM.11R1.B2"          3575.476615          3628.257326                    1       0.110514205123                    0          0.114094968          8.575032904
         "BPM.11R1.B2"        "BPM.12R1.B2"          3628.257326          3682.980842                    1       0.155995708445                    0          0.137352265          8.689127872
         "BPM.12R1.B2"        "BPM.13R1.B2"          3682.980842          3736.429358                    1       0.115574080496                    0           0.10738233          8.826480137
         "BPM.13R1.B2"        "BPM.15R1.B2"          3736.429358           3843.32639                    1      0.2560546429071                    0          0.255242531          8.933862467
         "BPM.15R1.B2"        "BPM.16R1.B2"           3843.32639          3896.774906                    1      0.1459232580669                    0          0.136152661          9.189104998
         "BPM.16R1.B2"        "BPM.17R1.B2"          3896.774906          3950.223421                    1        0.11558446413                    0          0.107615022          9.325257659
         "BPM.17R1.B2"        "BPM.18R1.B2"          3950.223421          4003.671937                    1       0.138634928577                    0          0.135246927          9.432872681
         "BPM.18R1.B2"        "BPM.19R1.B2"          4003.671937          4057.120453                    1        0.11972453952                    0          0.119898554          9.568119608
         "BPM.19R1.B2"        "BPM.21R1.B2"          4057.120453          4164.017485                    1       0.260118823302                    0          0.243865438          9.688018162
         "BPM.21R1.B2"        "BPM.22R1.B2"          4164.017485          4217.466001                    1      0.1401985332132                    0           0.13515544            9.9318836
         "BPM.22R1.B2"        "BPM.23R1.B2"          4217.466001          4270.914517                    1      0.1264581743928                    0           0.12038166          10.06703904
         "BPM.23R1.B2"        "BPM.25R1.B2"          4270.914517          4377.811549                    1       0.263054317909                    0            0.2444287           10.1874207
         "BPM.25R1.B2"        "BPM.26R1.B2"          4377.811549          4431.260065                    1       0.143630640229                    0           0.13515207           10.4318494
         "BPM.26R1.B2"        "BPM.27R1.B2"          4431.260065           4484.70858                    1       0.127278745336                    0            0.1203813          10.56700147
         "BPM.27R1.B2"        "BPM.28R1.B2"           4484.70858          4538.157096                    1       0.145665484076                    0            0.1368531          10.68738277
         "BPM.28R1.B2"        "BPM.29R1.B2"          4538.157096          4591.605612                    1       0.112660718941                    0           0.10757929          10.82423587
         "BPM.29R1.B2"        "BPM.30R1.B2"          4591.605612          4645.054128                    1      0.1460002175129                    0           0.13514879          10.93181516
         "BPM.30R1.B2"        "BPM.31R1.B2"          4645.054128          4698.502644                    1      0.1261255917371                    0           0.12038092          11.06696395
         "BPM.31R1.B2"        "BPM.32R1.B2"          4698.502644           4751.95116                    1       0.143655513957                    0           0.13685645          11.18734487
         "BPM.32R1.B2"        "BPM.33R1.B2"           4751.95116          4805.399676                    1       0.114181555144                    0           0.10757959          11.32420132
         "BPM.33R1.B2"        "BPM.34R1.B2"          4805.399676          4858.848192                    1       0.148978217911                    0           0.13514546          11.43178091
         "BPM.34R1.B2"        "BPM.33L2.B2"          4858.848192          4912.296708                    1       0.125167763387                    0           0.12038057          11.56692637
         "BPM.33L2.B2"        "BPM.32L2.B2"          4912.296708          4965.745224                    1       0.139735556379                    0           0.13685983          11.68730694
         "BPM.32L2.B2"        "BPM.28L2.B2"          4965.745224          5179.539287                    1       0.530026851288                    0           0.49996547          11.82416677
         "BPM.28L2.B2"        "BPM.26L2.B2"          5179.539287          5286.436319                    1       0.275558850043                    0           0.24271905          12.32413224
         "BPM.26L2.B2"        "BPM.24L2.B2"          5286.436319          5393.333351                    1       0.256356331025                    0           0.25724638          12.56685129
         "BPM.24L2.B2"        "BPM.22L2.B2"          5393.333351          5500.230383                    1       0.275369207607                    0            0.2427161          12.82409767
         "BPM.22L2.B2"        "BPM.18L2.B2"          5500.230383          5714.024446                    1       0.520559334253                    0           0.49892027          13.06681377
         "BPM.18L2.B2"        "BPM.17L2.B2"          5714.024446          5767.472962                    1       0.116701853054                    0           0.12036398          13.56573404
         "BPM.17L2.B2"        "BPM.16L2.B2"          5767.472962          5820.921478                    1       0.138741637801                    0           0.13702042          13.68609802
         "BPM.16L2.B2"        "BPM.15L2.B2"          5820.921478          5874.369994                    1       0.117692429867                    0           0.10719248          13.82311844
         "BPM.15L2.B2"        "BPM.14L2.B2"          5874.369994           5927.81851                    1       0.145509280009                    0           0.13434415          13.93031092
         "BPM.14L2.B2"        "BPM.13L2.B2"           5927.81851          5981.267026                    1       0.115145716012                    0           0.12034729          14.06465507
         "BPM.13L2.B2"        "BPM.12L2.B2"          5981.267026          6034.715542                    1       0.141829826587                    0           0.14150936          14.18500236
         "BPM.12L2.B2"        "BPM.11L2.B2"          6034.715542          6088.164058                    1       0.106490494803                    0           0.09623538          14.32651172
         "BPM.11L2.B2"        "BPM.10L2.B2"          6088.164058          6140.002768                    1       0.122492149309                    0           0.10863103           14.4227471
         "BPM.10L2.B2"         "BPM.8L2.B2"          6140.002768          6219.530789                    1      0.3366846345246                    0           0.34809592          14.53137813
          "BPM.8L2.B2"       "BPMYB.4L2.B2"          6219.530789            6383.4718                    1      0.2814590379864                    0           0.28440309          14.87947405
        "BPMYB.4L2.B2"       "BPMSW.1L2.B2"            6383.4718            6505.9418                    1       0.330163142028                    0           0.31624484          15.16387714
        "BPMSW.1L2.B2"         "BPM.9R2.B2"            6505.9418          6867.812779                    1        0.14563337536                    0            1.1434093          15.48012198
          "BPM.9R2.B2"        "BPM.10R2.B2"          6867.812779          6908.277768                    1       0.086430138538                    0           0.12468749          16.62353128
         "BPM.10R2.B2"        "BPM.11R2.B2"          6908.277768          6960.118458                    1      0.1286299241891                    0           0.14129934          16.74821877
         "BPM.11R2.B2"        "BPM.12R2.B2"          6960.118458          7014.844942                    1      0.1495634286219                    0           0.10269799          16.88951811
         "BPM.12R2.B2"        "BPM.13R2.B2"          7014.844942          7068.296426                    1        0.14256387422                    0           0.13161116           16.9922161
         "BPM.13R2.B2"        "BPM.17R2.B2"          7068.296426          7282.102362                    1        0.52566908247                    0           0.51070399          17.12382726
         "BPM.17R2.B2"        "BPM.21R2.B2"          7282.102362          7495.908299                    1       0.526871682432                    0           0.51068345          17.63453125
         "BPM.21R2.B2"        "BPM.25R2.B2"          7495.908299          7709.714235                    1       0.520506515526                    0           0.50596951           18.1452147
         "BPM.25R2.B2"        "BPM.32R2.B2"          7709.714235          8083.874624                    1         0.9181599617                    0           0.86767962          18.65118421
         "BPM.32R2.B2"        "BPM.33R2.B2"          8083.874624          8137.326108                    1       0.123582085282                    0           0.14424325          19.51886383
         "BPM.33R2.B2"        "BPM.34R2.B2"          8137.326108          8190.777592                    1      0.1339212367829                    0           0.11845619          19.66310708
         "BPM.34R2.B2"        "BPM.33L3.B2"          8190.777592          8244.229076                    1      0.1591646176101                    0           0.13114431          19.78156327
         "BPM.33L3.B2"        "BPM.32L3.B2"          8244.229076           8297.68056                    1        0.10250019208                    0           0.11181764          19.91270758
         "BPM.32L3.B2"        "BPM.30L3.B2"           8297.68056          8404.583528                    1       0.268407328104                    0           0.26255915          20.02452522
         "BPM.30L3.B2"        "BPM.29L3.B2"          8404.583528          8458.035012                    1       0.151668974677                    0           0.13090997          20.28708437
         "BPM.29L3.B2"        "BPM.28L3.B2"          8458.035012          8511.486496                    1       0.098839377402                    0           0.11221721          20.41799434
         "BPM.28L3.B2"        "BPM.27L3.B2"          8511.486496           8564.93798                    1      0.1362953269881                    0           0.14478444          20.53021155
         "BPM.27L3.B2"        "BPM.26L3.B2"           8564.93798          8618.389465                    1      0.1433928494334                    0           0.11758616          20.67499599
         "BPM.26L3.B2"        "BPM.25L3.B2"          8618.389465          8671.840949                    1      0.1444122894745                    0           0.13070783          20.79258215
         "BPM.25L3.B2"        "BPM.24L3.B2"          8671.840949          8725.292433                    1        0.09852841327                    0           0.11263259          20.92328998
         "BPM.24L3.B2"        "BPM.23L3.B2"          8725.292433          8778.743917                    1       0.142038790965                    0           0.14500063          21.03592257
         "BPM.23L3.B2"        "BPM.22L3.B2"          8778.743917          8832.195401                    1       0.144686356541                    0           0.11713412           21.1809232
         "BPM.22L3.B2"        "BPM.21L3.B2"          8832.195401          8885.646885                    1       0.136628026496                    0           0.13053869          21.29805732
         "BPM.21L3.B2"        "BPM.20L3.B2"          8885.646885          8939.098369                    1       0.100336805434                    0           0.11566649          21.42859601
         "BPM.20L3.B2"        "BPM.19L3.B2"          8939.098369          8992.549853                    1      0.1599191369225                    0           0.14779314           21.5442625
         "BPM.19L3.B2"        "BPM.18L3.B2"          8992.549853          9046.001337                    1      0.1397714467425                    0           0.11551014          21.69205564
         "BPM.18L3.B2"        "BPM.17L3.B2"          9046.001337          9099.452821                    1       0.127947927807                    0           0.13054828          21.80756578
         "BPM.17L3.B2"        "BPM.16L3.B2"          9099.452821          9152.904306                    1       0.104959476535                    0           0.11660761          21.93811406
         "BPM.16L3.B2"        "BPM.15L3.B2"          9152.904306           9206.35579                    1        0.16626872048                    0            0.1477069          22.05472167
         "BPM.15L3.B2"        "BPM.14L3.B2"           9206.35579          9259.807274                    1       0.131069580862                    0           0.11458764          22.20242857
         "BPM.14L3.B2"        "BPM.13L3.B2"          9259.807274          9313.258758                    1       0.123344940151                    0           0.13068172          22.31701621
         "BPM.13L3.B2"        "BPM.12L3.B2"          9313.258758          9366.710242                    1       0.089804084135                    0           0.09729471          22.44769793
         "BPM.12L3.B2"        "BPM.11L3.B2"          9366.710242          9420.161726                    1      0.1236706199786                    0           0.11726157          22.54499264
         "BPM.11L3.B2"        "BPM.10L3.B2"          9420.161726          9472.944415                    1      0.1015470254817                    0           0.08807448          22.66225421
         "BPM.10L3.B2"         "BPM.9L3.B2"          9472.944415          9512.011405                    1      0.0826018965957                    0           0.07837214          22.75032869
          "BPM.9L3.B2"         "BPM.8L3.B2"          9512.011405          9552.476394                    1       0.077492123528                    0           0.08541911          22.82870083
          "BPM.8L3.B2"         "BPM.7L3.B2"          9552.476394          9591.542384                    1        0.10403649748                    0             0.119152          22.91411994
          "BPM.7L3.B2"        "BPMR.6L3.B2"          9591.542384          9664.181384                    1       0.265102160566                    0           0.24505569          23.03327194
         "BPMR.6L3.B2"      "BPMWJ.A5L3.B2"          9664.181384          9705.809884                    1       0.051891060005                    0           0.04965347          23.27832763
       "BPMWJ.A5L3.B2"        "BPMW.5L3.B2"          9705.809884          9734.779884                    1       0.011759522932                    0           0.01214639           23.3279811
         "BPMW.5L3.B2"       "BPMWE.4L3.B2"          9734.779884          9809.907884                    1       0.118310445128                    0           0.12235576          23.34012749
        "BPMWE.4L3.B2"        "BPMW.4L3.B2"          9809.907884          9837.452884                    1      0.1500485104489                    0           0.15030677          23.46248325
         "BPMW.4L3.B2"        "BPMW.4R3.B2"          9837.452884          9882.417884                    1      0.0754899680289                    0           0.07459675          23.61279002
         "BPMW.4R3.B2"       "BPMWE.4R3.B2"          9882.417884          9909.962884                    1      0.0166662637318                    0            0.0159676          23.68738677
        "BPMWE.4R3.B2"        "BPMW.5R3.B2"          9909.962884          9985.090884                    1      0.1113882308794                    0           0.10411197          23.70335437
         "BPMW.5R3.B2"      "BPMWE.A5R3.B2"          9985.090884          10013.80888                    1       0.080397957549                    0           0.07848712          23.80746634
       "BPMWE.A5R3.B2"       "BPMWC.6R3.B2"          10013.80888          10053.62688                    1       0.051067968552                    0           0.05272996          23.88595346
        "BPMWC.6R3.B2"         "BPM.6R3.B2"          10053.62688          10065.78138                    1       0.008135490395                    0    0.008632930000001          23.93868342
          "BPM.6R3.B2"       "BPM_A.7R3.B2"          10065.78138          10121.60538                    1       0.081778063027                    0           0.08562078          23.94731635
        "BPM_A.7R3.B2"         "BPM.8R3.B2"          10121.60538          10160.67137                    1       0.069354988131                    0           0.07324857          24.03293713
          "BPM.8R3.B2"         "BPM.9R3.B2"          10160.67137          10199.73836                    1       0.060128861159                    0           0.06284507           24.1061857
          "BPM.9R3.B2"        "BPM.10R3.B2"          10199.73836          10240.20335                    1        0.08072381969                    0           0.07695369          24.16903077
         "BPM.10R3.B2"        "BPM.11R3.B2"          10240.20335          10292.98604                    1       0.139655328938                    0           0.12227023          24.24598446
         "BPM.11R3.B2"        "BPM.12R3.B2"          10292.98604          10347.71253                    1        0.15521588242                    0            0.1556501          24.36825469
         "BPM.12R3.B2"        "BPM.13R3.B2"          10347.71253          10401.16401                    1       0.116040999594                    0           0.12053807          24.52390479
         "BPM.13R3.B2"        "BPM.14R3.B2"          10401.16401          10454.61549                    1       0.155842419949                    0           0.14171021          24.64444286
         "BPM.14R3.B2"        "BPM.15R3.B2"          10454.61549          10508.06698                    1       0.123189497171                    0           0.11161736          24.78615307
         "BPM.15R3.B2"        "BPM.16R3.B2"          10508.06698          10561.51846                    1       0.135442242469                    0             0.136438          24.89777043
         "BPM.16R3.B2"        "BPM.17R3.B2"          10561.51846          10614.96995                    1       0.121557969222                    0           0.12066944          25.03420843
         "BPM.17R3.B2"        "BPM.18R3.B2"          10614.96995          10668.42143                    1        0.15522349393                    0           0.14104155          25.15487787
         "BPM.18R3.B2"        "BPM.19R3.B2"          10668.42143          10721.87291                    1       0.119225902029                    0           0.11138201          25.29591942
         "BPM.19R3.B2"        "BPM.20R3.B2"          10721.87291           10775.3244                    1      0.1366739749427                    0           0.13709247          25.40730143
         "BPM.20R3.B2"        "BPM.21R3.B2"           10775.3244          10828.77588                    1      0.1233192873139                    0           0.12089865           25.5443939
         "BPM.21R3.B2"        "BPM.22R3.B2"          10828.77588          10882.22737                    1      0.1529669420724                    0           0.14034355          25.66529255
         "BPM.22R3.B2"        "BPM.24R3.B2"          10882.22737          10989.13033                    1       0.246103647766                    0            0.2438663           25.8056361
         "BPM.24R3.B2"        "BPM.25R3.B2"          10989.13033          11042.58182                    1       0.127726516292                    0           0.12174275           26.0495024
         "BPM.25R3.B2"        "BPM.27R3.B2"          11042.58182          11149.48479                    1       0.259383794495                    0           0.24849961          26.17124515
         "BPM.27R3.B2"        "BPM.28R3.B2"          11149.48479          11202.93627                    1      0.1381668264689                    0           0.13555673          26.41974476
         "BPM.28R3.B2"        "BPM.29R3.B2"          11202.93627          11256.38775                    1      0.1283907391041                    0           0.12188546          26.55530149
         "BPM.29R3.B2"        "BPM.30R3.B2"          11256.38775          11309.83924                    1        0.14642081567                    0           0.13926222          26.67718695
         "BPM.30R3.B2"        "BPM.31R3.B2"          11309.83924          11363.29072                    1       0.109611353759                    0           0.10858868          26.81644917
         "BPM.31R3.B2"        "BPM.32R3.B2"          11363.29072          11416.74221                    1       0.139774167606                    0           0.13608527          26.92503785
         "BPM.32R3.B2"        "BPM.33R3.B2"          11416.74221          11470.19369                    1       0.131757039248                    0           0.12199232          27.06112312
         "BPM.33R3.B2"        "BPM.34R3.B2"          11470.19369          11523.64518                    1        0.14622371041                    0           0.13871141          27.18311544
         "BPM.34R3.B2"        "BPM.33L4.B2"          11523.64518          11577.09666                    1      0.1048042660957                    0           0.10851545          27.32182685
         "BPM.33L4.B2"        "BPM.32L4.B2"          11577.09666          11630.54814                    1      0.1403858296267                    0             0.136624           27.4303423
         "BPM.32L4.B2"        "BPM.20L4.B2"          11630.54814          12271.96595                    1      0.5781308073576                    0           1.51682118           27.5669663
         "BPM.20L4.B2"        "BPM.16L4.B2"          12271.96595          12485.77189                    1        0.53693449844                    0           0.51049416          29.08378748
         "BPM.16L4.B2"        "BPM.15L4.B2"          12485.77189          12539.22337                    1        0.12915834415                    0           0.12410532          29.59428164
         "BPM.15L4.B2"        "BPM.14L4.B2"          12539.22337          12592.67486                    1       0.129523648168                    0            0.1383636          29.71838696
         "BPM.14L4.B2"        "BPM.13L4.B2"          12592.67486          12646.12634                    1       0.114894992441                    0           0.10838923          29.85675056
         "BPM.13L4.B2"        "BPM.12L4.B2"          12646.12634          12699.57783                    1       0.161920966173                    0           0.14185053          29.96513979
         "BPM.12L4.B2"        "BPM.10L4.B2"          12699.57783             12804.87                    1      0.2352419784847                    0           0.26360989          30.10699032
         "BPM.10L4.B2"         "BPM.8L4.B2"             12804.87          12884.40198                    1      0.3352112063803                    0           0.31125924          30.37060021
          "BPM.8L4.B2"       "BPMYA.6L4.B2"          12884.40198          13020.07197                    1       0.140621882915                    0           0.33099348          30.68185945
        "BPMYA.6L4.B2"      "BPMWA.B5L4.B2"          13020.07197          13159.46247                    1       0.088347096158                    0           0.10128282          31.01285293
       "BPMWA.B5L4.B2"      "BPMWA.A5R4.B2"          13159.46247          13216.39647                    1       0.035807723781                    0           0.03755968          31.11413575
       "BPMWA.A5R4.B2"      "BPMWA.B5R4.B2"          13216.39647          13225.28147                    1       0.005281852404                    0            0.0050293          31.15169543
       "BPMWA.B5R4.B2"      "BPMWI.A5R4.B2"          13225.28147          13251.14547                    1       0.012910540312                    0           0.01341569          31.15672473
       "BPMWI.A5R4.B2"       "BPMYA.5R4.B2"          13251.14547          13327.74797                    1       0.033426329437                    0           0.03061329          31.17014042
        "BPMYA.5R4.B2"       "BPMYB.6R4.B2"          13327.74797          13359.31197                    1       0.020373450609                    0           0.01916992          31.20075371
        "BPMYB.6R4.B2"         "BPM.7R4.B2"          13359.31197          13455.82797                    1       0.104443702036                    0           0.11987854          31.21992363
          "BPM.7R4.B2"         "BPM.8R4.B2"          13455.82797          13493.61896                    1       0.114466514944                    0           0.10480188          31.33980217
          "BPM.8R4.B2"         "BPM.9R4.B2"          13493.61896          13532.68595                    1      0.2122057281084                    0           0.16500915          31.44460405
          "BPM.9R4.B2"        "BPM.11R4.B2"          13532.68595          13624.99162                    1      0.2694424021316                    0           0.25497852           31.6096132
         "BPM.11R4.B2"        "BPM.12R4.B2"          13624.99162          13679.71811                    1       0.113286274818                    0           0.11992187          31.86459172
         "BPM.12R4.B2"        "BPM.13R4.B2"          13679.71811          13733.16959                    1       0.135726016806                    0           0.12977389          31.98451359
         "BPM.13R4.B2"        "BPM.14R4.B2"          13733.16959          13786.62108                    1        0.13182132579                    0           0.10747869          32.11428748
         "BPM.14R4.B2"        "BPM.15R4.B2"          13786.62108          13840.07256                    1       0.154336618082                    0           0.13748972          32.22176617
         "BPM.15R4.B2"        "BPM.16R4.B2"          13840.07256          13893.52405                    1      0.1096262530862                    0           0.12006021          32.35925589
         "BPM.16R4.B2"        "BPM.17R4.B2"          13893.52405          13946.97553                    1      0.1400482685993                    0            0.1340237           32.4793161
         "BPM.17R4.B2"        "BPM.18R4.B2"          13946.97553          14000.42701                    1      0.1336270744265                    0           0.10746153           32.6133398
         "BPM.18R4.B2"        "BPM.19R4.B2"          14000.42701           14053.8785                    1       0.145629601692                    0           0.13739682          32.72080133
         "BPM.19R4.B2"        "BPM.20R4.B2"           14053.8785          14107.32998                    1       0.110068398046                    0           0.12008043          32.85819815
         "BPM.20R4.B2"        "BPM.21R4.B2"          14107.32998          14160.78147                    1       0.146664098618                    0           0.13411338          32.97827858
         "BPM.21R4.B2"        "BPM.22R4.B2"          14160.78147          14214.23295                    1       0.131902518245                    0           0.10744515          33.11239196
         "BPM.22R4.B2"        "BPM.23R4.B2"          14214.23295          14267.68443                    1       0.140713894613                    0            0.1372484          33.21983711
         "BPM.23R4.B2"        "BPM.24R4.B2"          14267.68443          14321.13592                    1      0.1064293870167                    0           0.12053987          33.35708551
         "BPM.24R4.B2"        "BPM.25R4.B2"          14321.13592           14374.5874                    1      0.1481326236303                    0           0.13476654          33.47762538
         "BPM.25R4.B2"        "BPM.26R4.B2"           14374.5874          14428.03889                    1       0.130333241697                    0           0.10744518          33.61239192
         "BPM.26R4.B2"        "BPM.27R4.B2"          14428.03889          14481.49037                    1       0.135505892451                    0           0.13724838           33.7198371
         "BPM.27R4.B2"        "BPM.28R4.B2"          14481.49037          14534.94185                    1       0.108741313936                    0           0.12053989          33.85708548
         "BPM.28R4.B2"        "BPM.29R4.B2"          14534.94185          14588.39334                    1       0.152975214427                    0           0.13476657          33.97762537
         "BPM.29R4.B2"        "BPM.30R4.B2"          14588.39334          14641.84482                    1       0.127936787303                    0           0.10744516          34.11239194
         "BPM.30R4.B2"        "BPM.31R4.B2"          14641.84482          14695.29631                    1      0.1315675813372                    0           0.13724838           34.2198371
         "BPM.31R4.B2"        "BPM.32R4.B2"          14695.29631          14748.74779                    1      0.1107011586915                    0           0.12053989          34.35708548
         "BPM.32R4.B2"        "BPM.33R4.B2"          14748.74779          14802.19927                    1      0.1544994924323                    0           0.13476655          34.47762537
         "BPM.33R4.B2"        "BPM.34R4.B2"          14802.19927          14855.65076                    1       0.123322777065                    0           0.10744518          34.61239192
         "BPM.34R4.B2"        "BPM.32L5.B2"          14855.65076          14962.55373                    1       0.246078697781                    0           0.25778827           34.7198371
         "BPM.32L5.B2"        "BPM.31L5.B2"          14962.55373          15016.00521                    1       0.156002031311                    0           0.13476655          34.97762537
         "BPM.31L5.B2"        "BPM.30L5.B2"          15016.00521           15069.4567                    1       0.122193838224                    0           0.10744518          35.11239192
         "BPM.30L5.B2"        "BPM.29L5.B2"           15069.4567          15122.90818                    1      0.1312347939963                    0           0.13724841           35.2198371
         "BPM.29L5.B2"        "BPM.27L5.B2"          15122.90818          15229.81115                    1      0.2730296642717                    0           0.25530641          35.35708551
         "BPM.27L5.B2"        "BPM.25L5.B2"          15229.81115          15336.71412                    1       0.251916301059                    0           0.24469356          35.61239192
         "BPM.25L5.B2"        "BPM.23L5.B2"          15336.71412          15443.61708                    1       0.274355799712                    0           0.25530646          35.85708548
         "BPM.23L5.B2"        "BPM.21L5.B2"          15443.61708          15550.52005                    1      0.2465057405957                    0           0.24469357          36.11239194
         "BPM.21L5.B2"        "BPM.19L5.B2"          15550.52005          15657.42302                    1      0.2867293363753                    0           0.25431656          36.35708551
         "BPM.19L5.B2"        "BPM.17L5.B2"          15657.42302          15764.32599                    1       0.247010654779                    0           0.24462718          36.61140207
         "BPM.17L5.B2"        "BPM.15L5.B2"          15764.32599          15871.22896                    1       0.285845600607                    0           0.25442371          36.85602925
         "BPM.15L5.B2"        "BPM.13L5.B2"          15871.22896          15978.13193                    1      0.2482036379738                    0           0.24452052          37.11045296
         "BPM.13L5.B2"        "BPM.11L5.B2"          15978.13193          16085.03489                    1      0.2405275393122                    0           0.26914544          37.35497348
         "BPM.11L5.B2"         "BPM.9L5.B2"          16085.03489          16176.88457                    1       0.255700940845                    0           0.21712573          37.62411892
          "BPM.9L5.B2"         "BPM.5L5.B2"          16176.88457          16325.21155                    1      0.3835492956817                    0           0.44104849          37.84124465
          "BPM.5L5.B2"       "BPMWB.4L5.B2"          16325.21155          16373.67605                    1      0.0693693930476                    0           0.07299481          38.28229314
        "BPMWB.4L5.B2"        "BPMS.2L5.B2"          16373.67605          16493.31755                    1      0.1922623118207                    0           0.18668942          38.35528795
         "BPMS.2L5.B2"        "BPMR.5R5.B2"          16493.31755          16718.19155                    1       0.586005654439                    0            0.5812214          38.54197737
         "BPMR.5R5.B2"         "BPM.9R5.B2"          16718.19155          16864.60757                    1       0.323367843046                    0           0.31680613          39.12319877
          "BPM.9R5.B2"        "BPM.10R5.B2"          16864.60757          16905.07058                    1       0.178418865356                    0            0.1767352           39.4400049
         "BPM.10R5.B2"        "BPM.11R5.B2"          16905.07058          16957.85129                    1       0.104297651835                    0           0.10171548           39.6167401
         "BPM.11R5.B2"        "BPM.12R5.B2"          16957.85129          17012.57481                    1       0.141839294518                    0           0.13781832          39.71845558
         "BPM.12R5.B2"        "BPM.13R5.B2"          17012.57481          17066.02333                    1       0.125032318539                    0           0.12034097           39.8562739
         "BPM.13R5.B2"        "BPM.14R5.B2"          17066.02333          17119.47184                    1       0.148914950642                    0           0.13484144          39.97661487
         "BPM.14R5.B2"        "BPM.21R5.B2"          17119.47184          17493.61145                    1       0.896580057025                    0           0.86298976          40.11145631
         "BPM.21R5.B2"        "BPM.22R5.B2"          17493.61145          17547.05997                    1        0.14287803557                    0           0.13504439          40.97444607
         "BPM.22R5.B2"        "BPM.23R5.B2"          17547.05997          17600.50848                    1      0.1122717580743                    0           0.10740946          41.10949046
         "BPM.23R5.B2"        "BPM.28R5.B2"          17600.50848          17867.75106                    1      0.6837579740237                    0           0.63690379          41.21689992
         "BPM.28R5.B2"        "BPM.29R5.B2"          17867.75106          17921.19958                    1        0.12713208659                    0           0.12056727          41.85380371
         "BPM.29R5.B2"        "BPM.32R5.B2"          17921.19958          18081.54513                    1       0.407730014597                    0           0.37939474          41.97437098
         "BPM.32R5.B2"        "BPM.33R5.B2"          18081.54513          18134.99364                    1       0.122661915186                    0           0.12056768          42.35376572
         "BPM.33R5.B2"        "BPM.34R5.B2"          18134.99364          18188.44216                    1       0.135768789339                    0           0.13505451           42.4743334
         "BPM.34R5.B2"        "BPM.33L6.B2"          18188.44216          18241.89067                    1       0.118441130745                    0           0.10740844          42.60938791
         "BPM.33L6.B2"        "BPM.32L6.B2"          18241.89067          18295.33919                    1       0.156753213088                    0           0.13693139          42.71679635
         "BPM.32L6.B2"        "BPM.31L6.B2"          18295.33919          18348.78771                    1       0.117501549126                    0           0.12056808          42.85372774
         "BPM.31L6.B2"        "BPM.30L6.B2"          18348.78771          18402.23622                    1       0.134355120337                    0            0.1350579          42.97429582
         "BPM.30L6.B2"        "BPM.29L6.B2"          18402.23622          18455.68474                    1       0.123649161959                    0           0.10740812          43.10935372
         "BPM.29L6.B2"        "BPM.28L6.B2"          18455.68474          18509.13325                    1        0.15593408935                    0           0.13692795          43.21676184
         "BPM.28L6.B2"        "BPM.27L6.B2"          18509.13325          18562.58177                    1       0.114631599659                    0           0.12056848          43.35368979
         "BPM.27L6.B2"        "BPM.26L6.B2"          18562.58177          18616.03029                    1       0.135818107637                    0           0.13506127          43.47425827
         "BPM.26L6.B2"        "BPM.25L6.B2"          18616.03029           18669.4788                    1       0.126627541575                    0           0.10740777          43.60931954
         "BPM.25L6.B2"        "BPM.24L6.B2"           18669.4788          18722.92732                    1       0.153214505295                    0           0.13692448          43.71672731
         "BPM.24L6.B2"        "BPM.23L6.B2"          18722.92732          18776.37583                    1      0.1120587888131                    0           0.12056889          43.85365179
         "BPM.23L6.B2"        "BPM.22L6.B2"          18776.37583          18829.82435                    1      0.1384799354524                    0           0.13506469          43.97422068
         "BPM.22L6.B2"        "BPM.21L6.B2"          18829.82435          18883.27287                    1      0.1287750035155                    0           0.10740744          44.10928537
         "BPM.21L6.B2"        "BPM.20L6.B2"          18883.27287          18936.72138                    1          0.148502571                    0            0.1369763          44.21669281
         "BPM.20L6.B2"        "BPM.19L6.B2"          18936.72138           18990.1699                    1       0.108161072408                    0           0.12012834          44.35366911
         "BPM.19L6.B2"        "BPM.18L6.B2"           18990.1699          19043.61841                    1       0.137044625246                    0           0.13450431          44.47379745
         "BPM.18L6.B2"        "BPM.17L6.B2"          19043.61841          19097.06693                    1       0.130466130131                    0           0.10739466          44.60830176
         "BPM.17L6.B2"        "BPM.16L6.B2"          19097.06693          19150.51545                    1       0.145419013113                    0           0.13687955          44.71569642
         "BPM.16L6.B2"        "BPM.15L6.B2"          19150.51545          19203.96396                    1      0.1058605907957                    0           0.12014311          44.85257597
         "BPM.15L6.B2"        "BPM.14L6.B2"          19203.96396          19257.41248                    1      0.1396493639903                    0           0.13459867          44.97271908
         "BPM.14L6.B2"        "BPM.13L6.B2"          19257.41248          19310.86099                    1       0.130696384984                    0           0.10738289          45.10731775
         "BPM.13L6.B2"        "BPM.12L6.B2"          19310.86099          19364.30951                    1       0.143071877588                    0           0.13994184          45.21470064
         "BPM.12L6.B2"        "BPM.11L6.B2"          19364.30951          19417.75802                    1       0.097216253656                    0           0.12264109          45.35464248
         "BPM.11L6.B2"        "BPM.10L6.B2"          19417.75802          19469.59674                    1       0.126173249735                    0           0.12491863          45.47728357
         "BPM.10L6.B2"         "BPM.9L6.B2"          19469.59674          19508.66175                    1       0.118603634005                    0           0.08832121           45.6022022
          "BPM.9L6.B2"         "BPM.8L6.B2"          19508.66175          19549.12476                    1      0.1953046478562                    0           0.20729805          45.69052341
          "BPM.8L6.B2"       "BPMYB.5L6.B2"          19549.12476          19646.21277                    1      0.1151522998476                    0           0.32423168          45.89782146
        "BPMYB.5L6.B2"       "BPMYA.4L6.B2"          19646.21277          19682.61277                    1      0.0223666021439                    0           0.02694627          46.22205314
        "BPMYA.4L6.B2"      "BPMSI.B4L6.B2"          19682.61277          19716.93327                    1      0.0109559080048                    0    0.009983519999999          46.24899941
       "BPMSI.B4L6.B2"      "BPMSI.A4L6.B2"          19716.93327          19717.56827                    1      0.9997518955515                    0   0.0002054999999999          46.25898293
       "BPMSI.A4L6.B2"      "BPMSX.A4R6.B2"          19717.56827          19995.52327                    1       0.234334362918                    0           0.22817374          46.25918843
       "BPMSX.A4R6.B2"      "BPMSX.B4R6.B2"          19995.52327          19996.10827                    1       0.000293344413                    0   0.0005794400000028          46.48736217
       "BPMSX.B4R6.B2"       "BPMYB.4R6.B2"          19996.10827          20026.21277                    1       0.024597639654                    0           0.02722123          46.48794161
        "BPMYB.4R6.B2"       "BPMYA.5R6.B2"          20026.21277          20062.61277                    1       0.017635655392                    0           0.01829381          46.51516284
        "BPMYA.5R6.B2"         "BPM.8R6.B2"          20062.61277          20158.33778                    1       0.162360175753                    0           0.17176969          46.53345665
          "BPM.8R6.B2"         "BPM.9R6.B2"          20158.33778          20197.40279                    1       0.204446064463                    0           0.17540473          46.70522634
          "BPM.9R6.B2"        "BPM.10R6.B2"          20197.40279           20237.8658                    1       0.119099429919                    0            0.1026906          46.88063107
         "BPM.10R6.B2"        "BPM.11R6.B2"           20237.8658          20289.70451                    1       0.142401757139                    0           0.14376991          46.98332167
         "BPM.11R6.B2"        "BPM.12R6.B2"          20289.70451          20344.42803                    1      0.1204017870321                    0           0.10783274          47.12709158
         "BPM.12R6.B2"        "BPM.13R6.B2"          20344.42803          20397.87654                    1      0.1560891655519                    0           0.13368011          47.23492432
         "BPM.13R6.B2"        "BPM.14R6.B2"          20397.87654          20451.32506                    1       0.118361047787                    0           0.12107164          47.36860443
         "BPM.14R6.B2"        "BPM.15R6.B2"          20451.32506          20504.77357                    1        0.13292965928                    0           0.13562698          47.48967607
         "BPM.15R6.B2"        "BPM.16R6.B2"          20504.77357          20558.22209                    1       0.119031486738                    0           0.10572269          47.62530305
         "BPM.16R6.B2"        "BPM.17R6.B2"          20558.22209          20611.67061                    1       0.150982451393                    0           0.13485004          47.73102574
         "BPM.17R6.B2"        "BPM.18R6.B2"          20611.67061          20665.11912                    1       0.116885043167                    0           0.12105944          47.86587578
         "BPM.18R6.B2"        "BPM.19R6.B2"          20665.11912          20718.56764                    1      0.1338035245824                    0           0.13591558          47.98693522
         "BPM.19R6.B2"        "BPM.20R6.B2"          20718.56764          20772.01615                    1      0.1203676237366                    0           0.10573613           48.1228508
         "BPM.20R6.B2"        "BPM.21R6.B2"          20772.01615          20825.46467                    1       0.151119023409                    0           0.13456513          48.22858693
         "BPM.21R6.B2"        "BPM.22R6.B2"          20825.46467          20878.91318                    1       0.114627057042                    0            0.1210381          48.36315206
         "BPM.22R6.B2"        "BPM.23R6.B2"          20878.91318           20932.3617                    1       0.135680154166                    0           0.13535103          48.48419016
         "BPM.23R6.B2"        "BPM.24R6.B2"           20932.3617          20985.81022                    1       0.126522261287                    0           0.10826223          48.61954119
         "BPM.24R6.B2"        "BPM.25R6.B2"          20985.81022          21039.25873                    1       0.152951137868                    0           0.13925815          48.72780342
         "BPM.25R6.B2"        "BPM.26R6.B2"          21039.25873          21092.70725                    1      0.1133225784188                    0           0.12095213          48.86706157
         "BPM.26R6.B2"        "BPM.27R6.B2"          21092.70725          21146.15576                    1      0.1387379472669                    0           0.13501877           48.9880137
         "BPM.27R6.B2"        "BPM.28R6.B2"          21146.15576          21199.60428                    1      0.1309952707943                    0           0.10834029          49.12303247
         "BPM.28R6.B2"        "BPM.29R6.B2"          21199.60428           21253.0528                    1       0.148200780541                    0           0.13960364          49.23137276
         "BPM.29R6.B2"        "BPM.30R6.B2"           21253.0528          21306.50131                    1       0.109771571728                    0           0.12085117           49.3709764
         "BPM.30R6.B2"        "BPM.31R6.B2"          21306.50131          21359.94983                    1       0.142212165497                    0           0.13469231          49.49182757
         "BPM.31R6.B2"        "BPM.32R6.B2"          21359.94983          21413.39834                    1       0.132510298401                    0           0.10843082          49.62651988
         "BPM.32R6.B2"        "BPM.33R6.B2"          21413.39834          21466.84686                    1       0.143573786125                    0           0.13994508           49.7349507
         "BPM.33R6.B2"        "BPM.34R6.B2"          21466.84686          21520.29538                    1      0.1089592274706                    0           0.12073568          49.87489578
         "BPM.34R6.B2"        "BPM.33L7.B2"          21520.29538          21573.74389                    1      0.1457006270344                    0           0.13437239          49.99563146
         "BPM.33L7.B2"        "BPM.32L7.B2"          21573.74389          21627.19241                    1       0.131851806515                    0           0.10853371          50.13000385
         "BPM.32L7.B2"        "BPM.31L7.B2"          21627.19241          21680.64092                    1       0.139438748717                    0           0.14028171          50.23853756
         "BPM.31L7.B2"        "BPM.30L7.B2"          21680.64092          21734.08944                    1       0.110531867855                    0           0.12060596          50.37881927
         "BPM.30L7.B2"        "BPM.28L7.B2"          21734.08944          21840.98647                    1       0.281098512871                    0           0.24270834          50.49942523
         "BPM.28L7.B2"        "BPM.26L7.B2"          21840.98647           21947.8835                    1      0.2489274193329                    0           0.26107513          50.74213357
         "BPM.26L7.B2"        "BPM.24L7.B2"           21947.8835          22054.78053                    1      0.2815574027401                    0           0.24253033           51.0032087
         "BPM.24L7.B2"        "BPM.22L7.B2"          22054.78053          22161.67757                    1       0.248799165657                    0           0.26124269          51.24573903
         "BPM.22L7.B2"        "BPM.20L7.B2"          22161.67757           22268.5746                    1       0.278197470691                    0           0.23911175          51.50698172
         "BPM.20L7.B2"        "BPM.18L7.B2"           22268.5746          22375.47163                    1      0.2437402092942                    0           0.25817963          51.74609347
         "BPM.18L7.B2"        "BPM.16L7.B2"          22375.47163          22482.36866                    1      0.2724193866378                    0           0.23935597           52.0042731
         "BPM.16L7.B2"        "BPM.14L7.B2"          22482.36866          22589.26569                    1       0.247493387671                    0           0.25793088          52.24362907
         "BPM.14L7.B2"        "BPM.12L7.B2"          22589.26569          22696.16273                    1        0.27068133386                    0            0.2412919          52.50155995
         "BPM.12L7.B2"        "BPM.10L7.B2"          22696.16273          22802.39195                    1       0.260262918745                    0           0.26709733          52.74285185
         "BPM.10L7.B2"         "BPM.8L7.B2"          22802.39195          22881.91997                    1       0.272866927654                    0           0.25506681          53.00994918
          "BPM.8L7.B2"        "BPMR.6L7.B2"          22881.91997          22955.80198                    1        0.23281019784                    0            0.2423923          53.26501599
         "BPMR.6L7.B2"       "BPMWE.5L7.B2"          22955.80198          23045.03448                    1       0.130576831581                    0           0.11804043          53.50740829
        "BPMWE.5L7.B2"       "BPMWE.4L7.B2"          23045.03448          23103.32448                    1       0.043809365873                    0            0.0408127          53.62544872
        "BPMWE.4L7.B2"       "BPMWE.4R7.B2"          23103.32448          23275.58148                    1       0.273773599929                    0           0.28071891          53.66626142
        "BPMWE.4R7.B2"       "BPMWE.5R7.B2"          23275.58148          23333.87148                    1       0.144821817307                    0           0.14018722          53.94698033
        "BPMWE.5R7.B2"         "BPM.6R7.B2"          23333.87148          23413.01098                    1        0.19427368472                    0           0.18180217          54.08716755
          "BPM.6R7.B2"       "BPM_A.7R7.B2"          23413.01098          23451.04698                    1       0.034898824457                    0           0.03888271          54.26896972
        "BPM_A.7R7.B2"         "BPM.8R7.B2"          23451.04698          23490.11099                    1       0.066304452253                    0     0.08012615000001          54.30785243
          "BPM.8R7.B2"         "BPM.9R7.B2"          23490.11099            23529.176                    1       0.162835210396                    0           0.17197532          54.38797858
          "BPM.9R7.B2"        "BPM.10R7.B2"            23529.176          23569.63902                    1       0.171714655734                    0           0.14353177           54.5599539
         "BPM.10R7.B2"        "BPM.11R7.B2"          23569.63902          23622.41973                    1      0.1075581970326                    0           0.10821422          54.70348567
         "BPM.11R7.B2"        "BPM.12R7.B2"          23622.41973          23677.14324                    1      0.1235008130094                    0           0.14314844          54.81169989
         "BPM.12R7.B2"        "BPM.13R7.B2"          23677.14324          23730.59176                    1       0.125945782917                    0           0.11738462          54.95484833
         "BPM.13R7.B2"        "BPM.14R7.B2"          23730.59176          23784.04027                    1       0.157911925082                    0            0.1300851          55.07223295
         "BPM.14R7.B2"        "BPM.15R7.B2"          23784.04027          23837.48879                    1       0.109601505833                    0           0.10950889          55.20231805
         "BPM.15R7.B2"        "BPM.17R7.B2"          23837.48879          23944.38582                    1        0.25658732736                    0           0.25782999          55.31182694
         "BPM.17R7.B2"        "BPM.18R7.B2"          23944.38582          23997.83434                    1      0.1546459921686                    0           0.13021421          55.56965693
         "BPM.18R7.B2"        "BPM.19R7.B2"          23997.83434          24051.28285                    1      0.1076330181886                    0           0.10936536          55.69987114
         "BPM.19R7.B2"        "BPM.21R7.B2"          24051.28285          24158.17989                    1      0.2613406492208                    0           0.25783888           55.8092365
         "BPM.21R7.B2"        "BPM.22R7.B2"          24158.17989           24211.6284                    1        0.14997631542                    0           0.13034963          56.06707538
         "BPM.22R7.B2"        "BPM.23R7.B2"           24211.6284          24265.07692                    1       0.108454279893                    0           0.11264049          56.19742501
         "BPM.23R7.B2"        "BPM.24R7.B2"          24265.07692          24318.52543                    1       0.142077147208                    0           0.14465912           56.3100655
         "BPM.24R7.B2"        "BPM.25R7.B2"          24318.52543          24371.97395                    1       0.131485714916                    0           0.11594633          56.45472462
         "BPM.25R7.B2"        "BPM.26R7.B2"          24371.97395          24425.42246                    1      0.1460643613562                    0           0.13026669          56.57067095
         "BPM.26R7.B2"        "BPM.27R7.B2"          24425.42246          24478.87098                    1      0.1087993511238                    0            0.1129236          56.70093764
         "BPM.27R7.B2"        "BPM.29R7.B2"          24478.87098          24585.76801                    1       0.276924439683                    0           0.26039555          56.81386124
         "BPM.29R7.B2"        "BPM.30R7.B2"          24585.76801          24639.21653                    1       0.142451048551                    0           0.13019912          57.07425679
         "BPM.30R7.B2"        "BPM.31R7.B2"          24639.21653          24692.66504                    1       0.108831761267                    0           0.11321092          57.20445591
         "BPM.31R7.B2"        "BPM.32R7.B2"          24692.66504          24746.11356                    1       0.148769549491                    0           0.14481706          57.31766683
         "BPM.32R7.B2"        "BPM.33R7.B2"          24746.11356          24799.56208                    1       0.132486295884                    0           0.11535012          57.46248389
         "BPM.33R7.B2"        "BPM.34R7.B2"          24799.56208          24853.01059                    1      0.1369344853884                    0           0.13014609          57.57783401
         "BPM.34R7.B2"        "BPM.33L8.B2"          24853.01059          24906.45911                    1      0.1103006025736                    0           0.11350192           57.7079801
         "BPM.33L8.B2"        "BPM.32L8.B2"          24906.45911          24959.90762                    1       0.155398187908                    0           0.14487058          57.82148202
         "BPM.32L8.B2"        "BPM.31L8.B2"          24959.90762          25013.35614                    1       0.127459984987                    0            0.1150503           57.9663526
         "BPM.31L8.B2"        "BPM.30L8.B2"          25013.35614          25066.80466                    1       0.134795504854                    0           0.13010774           58.0814029
         "BPM.30L8.B2"        "BPM.29L8.B2"          25066.80466          25120.25317                    1       0.113758459088                    0           0.11379595          58.21151064
         "BPM.29L8.B2"        "BPM.27L8.B2"          25120.25317           25227.1502                    1      0.2824016997376                    0           0.25965717          58.32530659
         "BPM.27L8.B2"        "BPM.25L8.B2"           25227.1502          25334.04723                    1      0.2492599329264                    0           0.24417653          58.58496376
         "BPM.25L8.B2"        "BPM.23L8.B2"          25334.04723          25440.94427                    1       0.278243177896                    0           0.25937659          58.82914029
         "BPM.23L8.B2"        "BPM.21L8.B2"          25440.94427           25547.8413                    1       0.257549938303                    0           0.24446598          59.08851688
         "BPM.21L8.B2"        "BPM.20L8.B2"           25547.8413          25601.28981                    1       0.157502159269                    0           0.14586562          59.33298286
         "BPM.20L8.B2"        "BPM.19L8.B2"          25601.28981          25654.73833                    1      0.1087780193258                    0           0.11157105          59.47884848
         "BPM.19L8.B2"        "BPM.17L8.B2"          25654.73833          25761.63536                    1      0.2574866969362                    0            0.2398055          59.59041953
         "BPM.17L8.B2"        "BPM.13L8.B2"          25761.63536          25975.42943                    1       0.523910902188                    0           0.49724761          59.83022503
         "BPM.13L8.B2"        "BPM.12L8.B2"          25975.42943          26028.87794                    1      0.1529782938234                    0           0.14949246          60.32747264
         "BPM.12L8.B2"        "BPM.11L8.B2"          26028.87794          26082.32646                    1      0.0978794127199                    0           0.10792996           60.4769651
         "BPM.11L8.B2"        "BPM.10L8.B2"          26082.32646          26134.16517                    1      0.1152976332687                    0           0.11554475          60.58489506
         "BPM.10L8.B2"         "BPM.9L8.B2"          26134.16517          26173.23018                    1       0.123823822053                    0            0.1088548          60.70043981
          "BPM.9L8.B2"         "BPM.8L8.B2"          26173.23018          26213.69319                    1       0.229743369079                    0           0.23288036          60.80929461
          "BPM.8L8.B2"         "BPM.7L8.B2"          26213.69319           26252.7592                    1       0.055019067119                    0           0.05691969          61.04217497
          "BPM.7L8.B2"         "BPM.6L8.B2"           26252.7592           26285.2282                    1         0.0298592906                    0           0.02915302          61.09909466
          "BPM.6L8.B2"       "BPMYB.4L8.B2"           26285.2282           26366.4142                    1       0.264197370286                    0           0.16946417          61.12824768
        "BPMYB.4L8.B2"       "BPMWB.4L8.B2"           26366.4142           26390.8817                    1      0.0621893482371                    0           0.06130161          61.29771185
        "BPMWB.4L8.B2"       "BPMSX.4L8.B2"           26390.8817           26441.0387                    1      0.1830533677566                    0           0.19707646          61.35901346
        "BPMSX.4L8.B2"        "BPMS.2L8.B2"           26441.0387           26478.9502                    1      0.0546232933593                    0           0.05368859          61.55608992
         "BPMS.2L8.B2"       "BPMSW.1L8.B2"           26478.9502           26488.8842                    1       0.016336698772                    0           0.01684514          61.60977851
        "BPMSW.1L8.B2"       "BPM_A.7R8.B2"           26488.8842              122.586                    1      0.8600836689596                    0         0.8643953485          61.62662365