@ GetLLMVersion %s "V3.0.0 Dev"
@ Command %s "/usr/bin/python2 '/home/eirik/CERN/beta-Beat/GetLLM/GetLLM.py' '--accel=LHCB2' '--model=model_opticsfile.1_Qx0.278_Qy0.31_beam2/twiss.dat' '--files=/home/eirik/CERN/global_coupling_correction3/data_analysis2/hole_in_one_dir/Beam2@Turn@2015_04_09@04_18_33_348.sdds' '--output=/home/eirik/CERN/global_coupling_correction3/data_analysis2/outputfiles/' '--tbtana=SUSSIX' '--bpmu=mm' '--lhcphase=1' '--errordefs=model_opticsfile.1_Qx0.278_Qy0.31_beam2/error_deffs.txt' '--coupling=1'"
@ CWD %s "/home/eirik/CERN/global_coupling_correction3/data_analysis2"
@ Date %s "29. April 2021, 10:30:56"
@ Q1 %le 0.27792716514059695
@ MUX %le 63.27792716514056
@ Q2 %le 0.3099481664109995
@ MUY %le 59.30994816641101
@ FILES %s "/home/eirik/CERN/global_coupling_correction3/data_analysis2/hole_in_one_dir/Beam2@Turn@2015_04_09@04_18_33_348.sdds.liny"
*                 NAME                NAME2                    S                   S1                COUNT               PHASEY               STDPHY               PHYMDL               MUYMDL
$                   %s                   %s                  %le                  %le                  %le                  %le                  %le                  %le                  %le
        "BPMYB.5R8.B2"        "BPMR.6R8.B2"               16.238              100.346                    1       0.120627904063                    0         0.1379786735         0.0537024191
         "BPMR.6R8.B2"        "BPM.10R8.B2"              100.346          243.5569682                    1       0.300966262743                    0         0.3184850055         0.1916810926
         "BPM.10R8.B2"        "BPM.11R8.B2"          243.5569682          295.3976576                    1      0.0992468115231                    0          0.101240975         0.5101660981
         "BPM.11R8.B2"        "BPM.12R8.B2"          295.3976576          350.1241417                    1      0.1129339740069                    0         0.1256462773         0.6114070731
         "BPM.12R8.B2"        "BPM.13R8.B2"          350.1241417          403.5756258                    1       0.102144605507                    0         0.1116949406         0.7370533504
         "BPM.13R8.B2"        "BPM.15R8.B2"          403.5756258           510.478594                    1       0.258054285921                    0          0.249702479          0.848748291
         "BPM.15R8.B2"        "BPM.18R8.B2"           510.478594          670.8330463                    1       0.361127357295                    0          0.386102206           1.09845077
         "BPM.18R8.B2"        "BPM.22R8.B2"          670.8330463          884.6389827                    1       0.475910193035                    0          0.499692033          1.484552976
         "BPM.22R8.B2"        "BPM.23R8.B2"          884.6389827          938.0904667                    1       0.126500405641                    0          0.113808464          1.984245009
         "BPM.23R8.B2"        "BPM.31R8.B2"          938.0904667           1365.70234                    1       0.473974776861                    0          1.000000002          2.098053473
         "BPM.31R8.B2"        "BPM.32R8.B2"           1365.70234          1419.153824                    1       0.634470980686                    0          0.136199493          3.098053475
         "BPM.32R8.B2"        "BPM.33R8.B2"          1419.153824          1472.605308                    1         0.0970373417                    0          0.113875088          3.234252968
         "BPM.33R8.B2"        "BPM.34R8.B2"          1472.605308          1526.056792                    1       0.128118224903                    0          0.136116937          3.348128056
         "BPM.34R8.B2"        "BPM.33L1.B2"          1526.056792          1579.508276                    1       0.128939859586                    0          0.113808475          3.484244993
         "BPM.33L1.B2"        "BPM.32L1.B2"          1579.508276           1632.95976                    1      0.1367692021628                    0          0.136199512          3.598053468
         "BPM.32L1.B2"        "BPM.30L1.B2"           1632.95976          1739.862728                    1      0.2204332050092                    0          0.249992032           3.73425298
         "BPM.30L1.B2"        "BPM.28L1.B2"          1739.862728          1846.765696                    1       0.270071641169                    0          0.250007955          3.984245012
         "BPM.28L1.B2"        "BPM.26L1.B2"          1846.765696          1953.668665                    1       0.216999967844                    0          0.249992026          4.234252967
         "BPM.26L1.B2"        "BPM.24L1.B2"          1953.668665          2060.571633                    1      0.2713919533338                    0          0.250007985          4.484244993
         "BPM.24L1.B2"        "BPM.23L1.B2"          2060.571633          2114.023117                    1     0.09671425505378                    0          0.113875087          4.734252978
         "BPM.23L1.B2"        "BPM.22L1.B2"          2114.023117          2167.474601                    1      0.1174875718574                    0          0.136116944          4.848128065
         "BPM.22L1.B2"        "BPM.20L1.B2"          2167.474601          2274.377569                    1       0.274689677466                    0          0.250120226          4.984245009
         "BPM.20L1.B2"        "BPM.18L1.B2"          2274.377569          2381.280537                    1       0.205932148152                    0          0.249571794          5.234365235
         "BPM.18L1.B2"        "BPM.17L1.B2"          2381.280537          2434.732021                    1       0.125561046401                    0          0.113807641          5.483937029
         "BPM.17L1.B2"        "BPM.16L1.B2"          2434.732021          2488.183506                    1       0.153193402593                    0          0.136311908           5.59774467
         "BPM.16L1.B2"        "BPM.15L1.B2"          2488.183506           2541.63499                    1      0.0964813080707                    0          0.113750108          5.734056578
         "BPM.15L1.B2"        "BPM.14L1.B2"           2541.63499          2595.086474                    1      0.1075963515983                    0          0.135822387          5.847806686
         "BPM.14L1.B2"        "BPM.13L1.B2"          2595.086474          2648.537958                    1       0.120797234067                    0          0.113806806          5.983629073
         "BPM.13L1.B2"        "BPM.12L1.B2"          2648.537958          2701.989442                    1       0.160732093385                    0          0.134652622          6.097435879
         "BPM.12L1.B2"        "BPM.11L1.B2"          2701.989442          2755.440926                    1        0.10060562474                    0          0.116093288          6.232088501
         "BPM.11L1.B2"        "BPM.10L1.B2"          2755.440926          2808.223615                    1        0.09837288642                    0          0.139064501          6.348181789
         "BPM.10L1.B2"         "BPM.8L1.B2"          2808.223615          2887.755594                    1      0.3589855475026                    0           0.31272307           6.48724629
          "BPM.8L1.B2"         "BPM.7L1.B2"          2887.755594          2926.823584                    1     0.05748414542037                    0          0.071304532           6.79996936
          "BPM.7L1.B2"       "BPMSX.7L1.B2"          2926.823584          2957.502084                    1       0.046477932365                    0          0.063193493          6.871273892
        "BPMSX.7L1.B2"        "BPMR.6L1.B2"          2957.502084          2970.007584                    1    0.009656250751001                    0          0.011858434          6.934467385
         "BPMR.6L1.B2"       "BPMYA.4L1.B2"          2970.007584          3023.025584                    1       0.060177972842                    0          0.061989411          6.946325819
        "BPMYA.4L1.B2"       "BPMSY.4L1.B2"          3023.025584          3136.938084                    1       0.163523197287                    0          0.139080204           7.00831523
        "BPMSY.4L1.B2"       "BPMSW.1R1.B2"          3136.938084          3216.816584                    1       0.368276833036                    0          0.396992655          7.147395434
        "BPMSW.1R1.B2"        "BPMS.2R1.B2"          3216.816584          3226.781584                    1       0.031501129061                    0          0.025074545          7.544388089
         "BPMS.2R1.B2"       "BPMYA.4R1.B2"          3226.781584          3367.479584                    1      0.2571492916116                    0          0.219096267          7.569462634
        "BPMYA.4R1.B2"        "BPMR.5R1.B2"          3367.479584          3394.887584                    1     0.02445577169609                    0          0.030580255          7.788558901
         "BPMR.5R1.B2"       "BPMRA.7R1.B2"          3394.887584          3454.511584                    1      0.0724217099063                    0           0.07082754          7.819139156
        "BPMRA.7R1.B2"         "BPM.8R1.B2"          3454.511584          3495.948594                    1       0.124171098261                    0          0.120338603          7.889966696
          "BPM.8R1.B2"         "BPM.9R1.B2"          3495.948594          3535.013605                    1       0.179554186901                    0          0.234798896          8.010305299
          "BPM.9R1.B2"        "BPM.10R1.B2"          3535.013605          3575.476615                    1       0.102026527242                    0          0.094058833          8.245104195
         "BPM.10R1.B2"        "BPM.11R1.B2"          3575.476615          3628.257326                    1       0.142498703433                    0          0.141495399          8.339163028
         "BPM.11R1.B2"        "BPM.12R1.B2"          3628.257326          3682.980842                    1       0.635163156864                    0          0.116660683          8.480658427
         "BPM.12R1.B2"        "BPM.13R1.B2"          3682.980842          3736.429358                    1      0.6688803115434                    0          0.137524692           8.59731911
         "BPM.13R1.B2"        "BPM.14R1.B2"          3736.429358          3789.877874                    1       0.093035392561                    0          0.113866063          8.734843802
         "BPM.14R1.B2"        "BPM.15R1.B2"          3789.877874           3843.32639                    1      0.1017855506666                    0          0.136223138          8.848709865
         "BPM.15R1.B2"        "BPM.16R1.B2"           3843.32639          3896.774906                    1       0.132677166201                    0          0.113676454          8.984933003
         "BPM.16R1.B2"        "BPM.17R1.B2"          3896.774906          3950.223421                    1       0.170137608899                    0           0.13589015          9.098609457
         "BPM.17R1.B2"        "BPM.18R1.B2"          3950.223421          4003.671937                    1       0.093344482248                    0          0.113865381          9.234499607
         "BPM.18R1.B2"        "BPM.19R1.B2"          4003.671937          4057.120453                    1       0.100160974828                    0            0.1362236          9.348364988
         "BPM.19R1.B2"        "BPM.20R1.B2"          4057.120453          4110.568969                    1       0.132236622476                    0           0.11367709          9.484588588
         "BPM.20R1.B2"        "BPM.21R1.B2"          4110.568969          4164.017485                    1      0.1722512519819                    0          0.135889694          9.598265678
         "BPM.21R1.B2"        "BPM.22R1.B2"          4164.017485          4217.466001                    1        0.09361169373                    0          0.113864754          9.734155372
         "BPM.22R1.B2"        "BPM.23R1.B2"          4217.466001          4270.914517                    1      0.0988003671841                    0          0.136111912          9.848020126
         "BPM.23R1.B2"        "BPM.24R1.B2"          4270.914517          4324.363033                    1       0.121400833873                    0          0.113803352          9.984132038
         "BPM.24R1.B2"        "BPM.25R1.B2"          4324.363033          4377.811549                    1       0.167879810075                    0           0.13618389          10.09793539
         "BPM.25R1.B2"        "BPM.26R1.B2"          4377.811549          4431.260065                    1       0.097575210098                    0           0.11386478          10.23411928
         "BPM.26R1.B2"        "BPM.27R1.B2"          4431.260065           4484.70858                    1       0.095559389049                    0           0.13611192          10.34798406
         "BPM.27R1.B2"        "BPM.28R1.B2"           4484.70858          4538.157096                    1       0.116193988743                    0           0.11380334          10.48409598
         "BPM.28R1.B2"        "BPM.29R1.B2"          4538.157096          4591.605612                    1      0.1720514359983                    0            0.1361839          10.59789932
         "BPM.29R1.B2"        "BPM.30R1.B2"          4591.605612          4645.054128                    1      0.1022609029518                    0           0.11386479          10.73408322
         "BPM.30R1.B2"        "BPM.31R1.B2"          4645.054128          4698.502644                    1      0.0948371423879                    0           0.13611195          10.84794801
         "BPM.31R1.B2"        "BPM.32R1.B2"          4698.502644           4751.95116                    1       0.109429909904                    0           0.11380332          10.98405996
         "BPM.32R1.B2"        "BPM.33R1.B2"           4751.95116          4805.399676                    1       0.171683268342                    0           0.13618386          11.09786328
         "BPM.33R1.B2"        "BPM.34R1.B2"          4805.399676          4858.848192                    1        0.10820913836                    0            0.1138648          11.23404714
         "BPM.34R1.B2"        "BPM.33L2.B2"          4858.848192          4912.296708                    1       0.093886934194                    0           0.13611196          11.34791194
         "BPM.33L2.B2"        "BPM.32L2.B2"          4912.296708          4965.745224                    1       0.102219170978                    0           0.11380331           11.4840239
         "BPM.32L2.B2"        "BPM.26L2.B2"          4965.745224          5286.436319                    1       0.767652566397                    0           0.75001262          11.59782721
         "BPM.26L2.B2"        "BPM.24L2.B2"          5286.436319          5393.333351                    1       0.191346614417                    0           0.24991527          12.34783983
         "BPM.24L2.B2"        "BPM.22L2.B2"          5393.333351          5500.230383                    1      0.2916355617372                    0           0.25004868           12.5977551
         "BPM.22L2.B2"        "BPM.18L2.B2"          5500.230383          5714.024446                    1      0.4963104145178                    0           0.49965499          12.84780378
         "BPM.18L2.B2"        "BPM.16L2.B2"          5714.024446          5820.921478                    1       0.195207692778                    0           0.24969823          13.34745877
         "BPM.16L2.B2"        "BPM.14L2.B2"          5820.921478           5927.81851                    1      0.3024386806324                    0           0.24995689            13.597157
         "BPM.14L2.B2"        "BPM.13L2.B2"           5927.81851          5981.267026                    1      0.1019818154055                    0           0.13611397          13.84711389
         "BPM.13L2.B2"        "BPM.12L2.B2"          5981.267026          6034.715542                    1      0.0858340864021                    0           0.09731776          13.98322786
         "BPM.12L2.B2"        "BPM.11L2.B2"          6034.715542          6088.164058                    1       0.152443826833                    0           0.11360962          14.08054562
         "BPM.11L2.B2"        "BPM.10L2.B2"          6088.164058          6140.002768                    1       0.131373089557                    0           0.10071425          14.19415524
         "BPM.10L2.B2"         "BPM.8L2.B2"          6140.002768          6219.530789                    1       0.196752886782                    0           0.24954977          14.29486949
          "BPM.8L2.B2"       "BPMYB.4L2.B2"          6219.530789            6383.4718                    1      0.4285322322543                    0             0.402861          14.54441926
        "BPMYB.4L2.B2"       "BPMSW.1L2.B2"            6383.4718            6505.9418                    1      0.2805665456517                    0           0.27533517          14.94728026
        "BPMSW.1L2.B2"       "BPMWB.4R2.B2"            6505.9418            6647.1343                    1      0.6294109053732                    0            0.6252239          15.22261543
        "BPMWB.4R2.B2"       "BPM_A.7R2.B2"            6647.1343            6787.3068                    1      0.3158923958348                    0           0.30695396          15.84783933
        "BPM_A.7R2.B2"        "BPM.10R2.B2"            6787.3068          6908.277768                    1       0.234519027793                    0           0.18655591          16.15479329
         "BPM.10R2.B2"        "BPM.11R2.B2"          6908.277768          6960.118458                    1       0.090792099987                    0           0.10657673           16.3413492
         "BPM.11R2.B2"        "BPM.12R2.B2"          6960.118458          7014.844942                    1       0.133294479093                    0           0.13926622          16.44792593
         "BPM.12R2.B2"        "BPM.13R2.B2"          7014.844942          7068.296426                    1       0.132883187498                    0           0.11225937          16.58719215
         "BPM.13R2.B2"        "BPM.19R2.B2"          7068.296426           7389.00533                    1       0.711464273016                    0             0.739309          16.69945152
         "BPM.19R2.B2"        "BPM.32R2.B2"           7389.00533          8083.874624                    1       0.580429513431                    0           1.59314432          17.43876052
         "BPM.32R2.B2"        "BPM.33R2.B2"          8083.874624          8137.326108                    1       0.122020183245                    0           0.11087629          19.03190484
         "BPM.33R2.B2"        "BPM.34R2.B2"          8137.326108          8190.777592                    1       0.155855110012                    0           0.13214126          19.14278113
         "BPM.34R2.B2"        "BPM.33L3.B2"          8190.777592          8244.229076                    1        0.10182027499                    0           0.11090451          19.27492239
         "BPM.33L3.B2"        "BPM.32L3.B2"          8244.229076           8297.68056                    1       0.110719928597                    0           0.13204773           19.3858269
         "BPM.32L3.B2"        "BPM.31L3.B2"           8297.68056          8351.132044                    1       0.118843165959                    0           0.11086913          19.51787463
         "BPM.31L3.B2"        "BPM.30L3.B2"          8351.132044          8404.583528                    1      0.1570454112782                    0           0.13213767          19.62874376
         "BPM.30L3.B2"        "BPM.29L3.B2"          8404.583528          8458.035012                    1      0.1045573860795                    0            0.1109114          19.76088143
         "BPM.29L3.B2"        "BPM.28L3.B2"          8458.035012          8511.486496                    1      0.1102839564893                    0             0.132052          19.87179283
         "BPM.28L3.B2"        "BPM.27L3.B2"          8511.486496           8564.93798                    1       0.116098851735                    0           0.11086255          20.00384483
         "BPM.27L3.B2"        "BPM.26L3.B2"           8564.93798          8618.389465                    1       0.156672106462                    0           0.13213272          20.11470738
         "BPM.26L3.B2"        "BPM.25L3.B2"          8618.389465          8671.840949                    1       0.107167673439                    0            0.1109176           20.2468401
         "BPM.25L3.B2"        "BPM.24L3.B2"          8671.840949          8725.292433                    1       0.109656467937                    0           0.13205759           20.3577577
         "BPM.24L3.B2"        "BPM.23L3.B2"          8725.292433          8778.743917                    1       0.112064287366                    0            0.1108568          20.48981529
         "BPM.23L3.B2"        "BPM.22L3.B2"          8778.743917          8832.195401                    1       0.157250673686                    0           0.13212656          20.60067209
         "BPM.22L3.B2"        "BPM.21L3.B2"          8832.195401          8885.646885                    1      0.1121256448252                    0           0.11092287          20.73279865
         "BPM.21L3.B2"        "BPM.20L3.B2"          8885.646885          8939.098369                    1      0.1093286891848                    0           0.13147697          20.84372152
         "BPM.20L3.B2"        "BPM.19L3.B2"          8939.098369          8992.549853                    1       0.105000930617                    0           0.11352354          20.97519849
         "BPM.19L3.B2"        "BPM.18L3.B2"          8992.549853          9046.001337                    1        0.15173144323                    0           0.13659299          21.08872203
         "BPM.18L3.B2"        "BPM.17L3.B2"          9046.001337          9099.452821                    1        0.11572572685                    0           0.11112729          21.22531502
         "BPM.17L3.B2"        "BPM.16L3.B2"          9099.452821          9152.904306                    1       0.110734553189                    0           0.13135175          21.33644231
         "BPM.16L3.B2"        "BPM.15L3.B2"          9152.904306           9206.35579                    1       0.101985522717                    0           0.11330662          21.46779406
         "BPM.15L3.B2"        "BPM.14L3.B2"           9206.35579          9259.807274                    1       0.152631868696                    0           0.13671396          21.58110068
         "BPM.14L3.B2"        "BPM.13L3.B2"          9259.807274          9313.258758                    1      0.1164623597608                    0           0.11134205          21.71781464
         "BPM.13L3.B2"        "BPM.12L3.B2"          9313.258758          9366.710242                    1      0.1161129223652                    0           0.13655596          21.82915669
         "BPM.12L3.B2"        "BPM.11L3.B2"          9366.710242          9420.161726                    1       0.124280763629                    0           0.11120841          21.96571265
         "BPM.11L3.B2"        "BPM.10L3.B2"          9420.161726          9472.944415                    1       0.178810770761                    0           0.13177598          22.07692106
         "BPM.10L3.B2"         "BPM.9L3.B2"          9472.944415          9512.011405                    1       0.059247846162                    0           0.05949127          22.20869704
          "BPM.9L3.B2"         "BPM.8L3.B2"          9512.011405          9552.476394                    1       0.057408636514                    0           0.06394435          22.26818831
          "BPM.8L3.B2"         "BPM.7L3.B2"          9552.476394          9591.542384                    1       0.044091875225                    0           0.05476507          22.33213266
          "BPM.7L3.B2"        "BPMR.6L3.B2"          9591.542384          9664.181384                    1       0.080672772762                    0           0.09393218          22.38689773
         "BPMR.6L3.B2"      "BPMWJ.A5L3.B2"          9664.181384          9705.809884                    1       0.044743474042                    0           0.04586565          22.48082991
       "BPMWJ.A5L3.B2"        "BPMW.5L3.B2"          9705.809884          9734.779884                    1       0.065949527245                    0           0.06380585          22.52669556
         "BPMW.5L3.B2"        "BPMW.4L3.B2"          9734.779884          9837.452884                    1        0.09027422004                    0           0.08468001          22.59050141
         "BPMW.4L3.B2"        "BPMW.4R3.B2"          9837.452884          9882.417884                    1       0.038088760298                    0           0.03515187          22.67518142
         "BPMW.4R3.B2"       "BPMWE.4R3.B2"          9882.417884          9909.962884                    1      0.0493769615949                    0           0.04564068          22.71033329
        "BPMWE.4R3.B2"        "BPMW.5R3.B2"          9909.962884          9985.090884                    1      0.0761821744645                    0           0.07344182          22.75597397
         "BPMW.5R3.B2"      "BPMWE.A5R3.B2"          9985.090884          10013.80888                    1     0.01476035265888                    0           0.01544626          22.82941579
       "BPMWE.A5R3.B2"       "BPMWC.6R3.B2"          10013.80888          10053.62688                    1     0.04082712552452                    0           0.04283627          22.84486205
        "BPMWC.6R3.B2"         "BPM.6R3.B2"          10053.62688          10065.78138                    1      0.0249990037626                    0           0.02622866          22.88769832
          "BPM.6R3.B2"       "BPM_A.7R3.B2"          10065.78138          10121.60538                    1      0.0836883974586                    0            0.0895127          22.91392698
        "BPM_A.7R3.B2"         "BPM.8R3.B2"          10121.60538          10160.67137                    1       0.169447402378                    0           0.13404393          23.00343968
          "BPM.8R3.B2"         "BPM.9R3.B2"          10160.67137          10199.73836                    1       0.222700425151                    0           0.21748866          23.13748361
          "BPM.9R3.B2"        "BPM.10R3.B2"          10199.73836          10240.20335                    1       0.050637521612                    0           0.08016172          23.35497227
         "BPM.10R3.B2"        "BPM.11R3.B2"          10240.20335          10292.98604                    1       0.080786633909                    0           0.10400111          23.43513399
         "BPM.11R3.B2"        "BPM.12R3.B2"          10292.98604          10347.71253                    1       0.125834287481                    0           0.11258801           23.5391351
         "BPM.12R3.B2"        "BPM.13R3.B2"          10347.71253          10401.16401                    1      0.1476054294073                    0           0.13493212          23.65172311
         "BPM.13R3.B2"        "BPM.14R3.B2"          10401.16401          10454.61549                    1      0.1040893396671                    0           0.11051246          23.78665523
         "BPM.14R3.B2"        "BPM.15R3.B2"          10454.61549          10508.06698                    1      0.1254149356596                    0           0.13179023          23.89716769
         "BPM.15R3.B2"        "BPM.16R3.B2"          10508.06698          10561.51846                    1       0.115802313578                    0           0.11396518          24.02895792
         "BPM.16R3.B2"        "BPM.17R3.B2"          10561.51846          10614.96995                    1       0.137317708664                    0           0.13628525           24.1429231
         "BPM.17R3.B2"        "BPM.18R3.B2"          10614.96995          10668.42143                    1       0.104140187162                    0            0.1106908          24.27920835
         "BPM.18R3.B2"        "BPM.19R3.B2"          10668.42143          10721.87291                    1       0.124402037778                    0           0.13161854          24.38989915
         "BPM.19R3.B2"        "BPM.20R3.B2"          10721.87291           10775.3244                    1       0.115445907228                    0           0.11377071          24.52151769
         "BPM.20R3.B2"        "BPM.21R3.B2"           10775.3244          10828.77588                    1      0.1372286450444                    0           0.13645566           24.6352884
         "BPM.21R3.B2"        "BPM.22R3.B2"          10828.77588          10882.22737                    1      0.1060869104178                    0           0.11088323          24.77174406
         "BPM.22R3.B2"        "BPM.24R3.B2"          10882.22737          10989.13033                    1      0.2436236091588                    0           0.24294594          24.88262729
         "BPM.24R3.B2"        "BPM.26R3.B2"          10989.13033           11096.0333                    1       0.245891953899                    0           0.24302184          25.12557323
         "BPM.26R3.B2"        "BPM.28R3.B2"           11096.0333          11202.93627                    1       0.242620384421                    0           0.24293974          25.36859507
         "BPM.28R3.B2"        "BPM.29R3.B2"          11202.93627          11256.38775                    1       0.141180425411                    0           0.13213237          25.61153481
         "BPM.29R3.B2"        "BPM.30R3.B2"          11256.38775          11309.83924                    1      0.1080248841672                    0           0.11089502          25.74366718
         "BPM.30R3.B2"        "BPM.31R3.B2"          11309.83924          11363.29072                    1      0.1241021532278                    0           0.13205564           25.8545622
         "BPM.31R3.B2"        "BPM.32R3.B2"          11363.29072          11416.74221                    1       0.116456462897                    0           0.11087923          25.98661784
         "BPM.32R3.B2"        "BPM.33R3.B2"          11416.74221          11470.19369                    1       0.143051170058                    0           0.13213078          26.09749707
         "BPM.33R3.B2"        "BPM.34R3.B2"          11470.19369          11523.64518                    1       0.108652903784                    0           0.11090077          26.22962785
         "BPM.34R3.B2"        "BPM.33L4.B2"          11523.64518          11577.09666                    1        0.12494186768                    0           0.13205783          26.34052862
         "BPM.33L4.B2"        "BPM.30L4.B2"          11577.09666          11737.45111                    1      0.3669304176833                    0            0.3539078          26.47258645
         "BPM.30L4.B2"        "BPM.28L4.B2"          11737.45111          11844.35408                    1      0.2387484476797                    0           0.24292963          26.82649425
         "BPM.28L4.B2"        "BPM.26L4.B2"          11844.35408          11951.25705                    1       0.250616441846                    0           0.24303521          27.06942388
         "BPM.26L4.B2"        "BPM.25L4.B2"          11951.25705          12004.70853                    1       0.126302243158                    0           0.13206543          27.31245909
         "BPM.25L4.B2"        "BPM.24L4.B2"          12004.70853          12058.16002                    1       0.112396539384                    0           0.11086399          27.44452452
         "BPM.24L4.B2"        "BPM.23L4.B2"          12058.16002           12111.6115                    1       0.140669613572                    0           0.13211943          27.55538851
         "BPM.23L4.B2"        "BPM.22L4.B2"           12111.6115          12165.06298                    1      0.1116168556555                    0           0.11091514          27.68750794
         "BPM.22L4.B2"        "BPM.18L4.B2"          12165.06298          12378.86892                    1      0.4819124488075                    0           0.49272614          27.79842308
         "BPM.18L4.B2"        "BPM.16L4.B2"          12378.86892          12485.77189                    1       0.234637413761                    0           0.24578463          28.29114922
         "BPM.16L4.B2"        "BPM.15L4.B2"          12485.77189          12539.22337                    1       0.138205315484                    0           0.13618434          28.53693385
         "BPM.15L4.B2"        "BPM.14L4.B2"          12539.22337          12592.67486                    1      0.1110145293529                    0           0.11075492          28.67311819
         "BPM.14L4.B2"        "BPM.13L4.B2"          12592.67486          12646.12634                    1      0.1231028504604                    0           0.13172172          28.78387311
         "BPM.13L4.B2"        "BPM.12L4.B2"          12646.12634          12699.57783                    1      0.1164588835817                    0            0.1058303          28.91559483
         "BPM.12L4.B2"        "BPM.10L4.B2"          12699.57783             12804.87                    1         0.2976931723                    0           0.21772778          29.02142513
         "BPM.10L4.B2"      "BPMWA.B5L4.B2"             12804.87          13159.46247                    1      0.4299847759439                    0           0.39056657          29.23915291
       "BPMWA.B5L4.B2"      "BPMWA.A5R4.B2"          13159.46247          13216.39647                    1      0.0345172557069                    0           0.02935357          29.62971948
       "BPMWA.A5R4.B2"      "BPMWA.B5R4.B2"          13216.39647          13225.28147                    1    0.006381350817799                    0    0.005069509999998          29.65907305
       "BPMWA.B5R4.B2"      "BPMWI.A5R4.B2"          13225.28147          13251.14547                    1      0.0205419599356                    0           0.01541467          29.66414256
       "BPMWI.A5R4.B2"       "BPMYA.5R4.B2"          13251.14547          13327.74797                    1      0.0675708989543                    0           0.04912203          29.67955723
        "BPMYA.5R4.B2"       "BPMYB.6R4.B2"          13327.74797          13359.31197                    1      0.0180777168778                    0           0.01273158          29.72867926
        "BPMYB.6R4.B2"         "BPM.7R4.B2"          13359.31197          13455.82797                    1      0.1574747910747                    0           0.22374078          29.74141084
          "BPM.7R4.B2"         "BPM.8R4.B2"          13455.82797          13493.61896                    1        0.12209215511                    0           0.15879351          29.96515162
          "BPM.8R4.B2"         "BPM.9R4.B2"          13493.61896          13532.68595                    1       0.137786182067                    0           0.06175747          30.12394513
          "BPM.9R4.B2"        "BPM.10R4.B2"          13532.68595          13573.15094                    1       0.163138173363                    0           0.07618333           30.1857026
         "BPM.10R4.B2"        "BPM.11R4.B2"          13573.15094          13624.99162                    1       0.095190788371                    0           0.09949751          30.26188593
         "BPM.11R4.B2"        "BPM.12R4.B2"          13624.99162          13679.71811                    1       0.128184829817                    0           0.12963948          30.36138344
         "BPM.12R4.B2"        "BPM.13R4.B2"          13679.71811          13733.16959                    1      0.1160229539172                    0           0.11458341          30.49102292
         "BPM.13R4.B2"        "BPM.14R4.B2"          13733.16959          13786.62108                    1      0.1325849830718                    0            0.1361557          30.60560633
         "BPM.14R4.B2"        "BPM.15R4.B2"          13786.62108          13840.07256                    1       0.103302230598                    0           0.11358533          30.74176203
         "BPM.15R4.B2"        "BPM.16R4.B2"          13840.07256          13893.52405                    1       0.130090691048                    0           0.13597837          30.85534736
         "BPM.16R4.B2"        "BPM.17R4.B2"          13893.52405          13946.97553                    1       0.115536245469                    0            0.1139724          30.99132573
         "BPM.17R4.B2"        "BPM.18R4.B2"          13946.97553          14000.42701                    1       0.133655534966                    0           0.13615584          31.10529813
         "BPM.18R4.B2"        "BPM.19R4.B2"          14000.42701           14053.8785                    1       0.104262179698                    0           0.11358564          31.24145397
         "BPM.19R4.B2"        "BPM.20R4.B2"           14053.8785          14107.32998                    1       0.128940901128                    0           0.13597752          31.35503961
         "BPM.20R4.B2"        "BPM.21R4.B2"          14107.32998          14160.78147                    1      0.1149591084452                    0            0.1139721          31.49101713
         "BPM.21R4.B2"        "BPM.22R4.B2"          14160.78147          14214.23295                    1      0.1346064219511                    0           0.13615672          31.60498923
         "BPM.22R4.B2"        "BPM.23R4.B2"          14214.23295          14267.68443                    1      0.1076490517607                    0           0.11380422          31.74114595
         "BPM.23R4.B2"        "BPM.24R4.B2"          14267.68443          14321.13592                    1       0.132098319056                    0           0.13615981          31.85495017
         "BPM.24R4.B2"        "BPM.25R4.B2"          14321.13592           14374.5874                    1       0.114637648755                    0           0.11387935          31.99110998
         "BPM.25R4.B2"        "BPM.26R4.B2"           14374.5874          14428.03889                    1       0.135082345354                    0            0.1361566          32.10498933
         "BPM.26R4.B2"        "BPM.27R4.B2"          14428.03889          14481.49037                    1       0.107191810931                    0           0.11380423          32.24114593
         "BPM.27R4.B2"        "BPM.28R4.B2"          14481.49037          14534.94185                    1        0.13157164525                    0           0.13615982          32.35495016
         "BPM.28R4.B2"        "BPM.29R4.B2"          14534.94185          14588.39334                    1      0.1145824225378                    0           0.11387936          32.49110998
         "BPM.29R4.B2"        "BPM.30R4.B2"          14588.39334          14641.84482                    1      0.1350708495733                    0           0.13615661          32.60498934
         "BPM.30R4.B2"        "BPM.31R4.B2"          14641.84482          14695.29631                    1      0.1083482729809                    0           0.11380422          32.74114595
         "BPM.31R4.B2"        "BPM.32R4.B2"          14695.29631          14748.74779                    1       0.131264299911                    0           0.13615982          32.85495017
         "BPM.32R4.B2"        "BPM.33R4.B2"          14748.74779          14802.19927                    1       0.113857720423                    0           0.11387934          32.99110999
         "BPM.33R4.B2"        "BPM.34R4.B2"          14802.19927          14855.65076                    1       0.134668669809                    0            0.1361566          33.10498933
         "BPM.34R4.B2"        "BPM.32L5.B2"          14855.65076          14962.55373                    1        0.23980094409                    0           0.24996405          33.24114593
         "BPM.32L5.B2"        "BPM.31L5.B2"          14962.55373          15016.00521                    1       0.112198795743                    0           0.11387936          33.49110998
         "BPM.31L5.B2"        "BPM.30L5.B2"          15016.00521           15069.4567                    1      0.1341691014016                    0           0.13615661          33.60498934
         "BPM.30L5.B2"        "BPM.29L5.B2"           15069.4567          15122.90818                    1      0.1092198638774                    0           0.11380422          33.74114595
         "BPM.29L5.B2"        "BPM.27L5.B2"          15122.90818          15229.81115                    1       0.243640908937                    0           0.25003916          33.85495017
         "BPM.27L5.B2"        "BPM.25L5.B2"          15229.81115          15336.71412                    1       0.244135801417                    0           0.24996083          34.10498933
         "BPM.25L5.B2"        "BPM.23L5.B2"          15336.71412          15443.61708                    1       0.245703613219                    0           0.25003918          34.35495016
         "BPM.23L5.B2"        "BPM.21L5.B2"          15443.61708          15550.52005                    1       0.243021577637                    0           0.24996083          34.60498934
         "BPM.21L5.B2"        "BPM.19L5.B2"          15550.52005          15657.42302                    1       0.243803483754                    0           0.25002562          34.85495017
         "BPM.19L5.B2"        "BPM.17L5.B2"          15657.42302          15764.32599                    1       0.238073291609                    0           0.24966564          35.10497579
         "BPM.17L5.B2"        "BPM.15L5.B2"          15764.32599          15871.22896                    1        0.24519468079                    0           0.25002645          35.35464143
         "BPM.15L5.B2"        "BPM.13L5.B2"          15871.22896          15978.13193                    1      0.2341899123454                    0           0.24966484          35.60466788
         "BPM.13L5.B2"        "BPM.11L5.B2"          15978.13193          16085.03489                    1      0.2540051576396                    0           0.25071036          35.85433272
         "BPM.11L5.B2"         "BPM.9L5.B2"          16085.03489          16176.88457                    1       0.213506694429                    0           0.24455904          36.10504308
          "BPM.9L5.B2"         "BPM.7L5.B2"          16176.88457          16256.41755                    1       0.302657722233                    0           0.27853944          36.34960212
          "BPM.7L5.B2"         "BPM.5L5.B2"          16256.41755          16325.21155                    1      0.0945154111235                    0           0.10454296          36.62814156
          "BPM.5L5.B2"       "BPMWB.4L5.B2"          16325.21155          16373.67605                    1     0.05199908445558                    0           0.05035934          36.73268452
        "BPMWB.4L5.B2"        "BPMS.2L5.B2"          16373.67605          16493.31755                    1      0.1586968336269                    0           0.14902915          36.78304386
         "BPMS.2L5.B2"       "BPMWB.4R5.B2"          16493.31755          16676.01705                    1       0.581908528872                    0           0.57313287          36.93207301
        "BPMWB.4R5.B2"       "BPMYA.4R5.B2"          16676.01705          16697.07355                    1       0.038849477871                    0           0.04020563          37.50520588
        "BPMYA.4R5.B2"       "BPMRA.7R5.B2"          16697.07355          16784.10555                    1       0.111883851915                    0           0.10142874          37.54541151
        "BPMRA.7R5.B2"        "BPM.10R5.B2"          16784.10555          16905.07058                    1       0.394204044853                    0           0.44918195          37.64684025
         "BPM.10R5.B2"        "BPM.11R5.B2"          16905.07058          16957.85129                    1       0.161538231544                    0           0.14153648           38.0960222
         "BPM.11R5.B2"        "BPM.12R5.B2"          16957.85129          17012.57481                    1       0.128101873546                    0            0.1166573          38.23755868
         "BPM.12R5.B2"        "BPM.13R5.B2"          17012.57481          17066.02333                    1       0.153675250087                    0           0.13748472          38.35421598
         "BPM.13R5.B2"        "BPM.15R5.B2"          17066.02333          17172.92036                    1      0.2169944042883                    0           0.25013337           38.4917007
         "BPM.15R5.B2"        "BPM.17R5.B2"          17172.92036          17279.81739                    1      0.2781378154107                    0           0.24952251          38.74183407
         "BPM.17R5.B2"        "BPM.24R5.B2"          17279.81739            17653.957                    1      0.8268910286812                    0           0.86347553          38.99135658
         "BPM.24R5.B2"        "BPM.25R5.B2"            17653.957          17707.40552                    1      0.1501881599358                    0           0.13614421          39.85483211
         "BPM.25R5.B2"        "BPM.27R5.B2"          17707.40552          17814.30255                    1       0.216569571124                    0           0.25002057          39.99097632
         "BPM.27R5.B2"        "BPM.30R5.B2"          17814.30255           17974.6481                    1       0.372853097569                    0           0.36381235          40.24099689
         "BPM.30R5.B2"        "BPM.31R5.B2"           17974.6481          18028.09661                    1       0.108482370631                    0           0.13615162          40.60480924
         "BPM.31R5.B2"        "BPM.32R5.B2"          18028.09661          18081.54513                    1      0.1109706465419                    0           0.11379916          40.74096086
         "BPM.32R5.B2"        "BPM.33R5.B2"          18081.54513          18134.99364                    1      0.1564203886031                    0           0.13614418          40.85476002
         "BPM.33R5.B2"        "BPM.34R5.B2"          18134.99364          18188.44216                    1       0.108338164704                    0           0.11386897           40.9909042
         "BPM.34R5.B2"        "BPM.33L6.B2"          18188.44216          18241.89067                    1       0.106514650495                    0           0.13615163          41.10477317
         "BPM.33L6.B2"        "BPM.32L6.B2"          18241.89067          18295.33919                    1        0.10698373893                    0           0.11379916           41.2409248
         "BPM.32L6.B2"        "BPM.31L6.B2"          18295.33919          18348.78771                    1       0.158526051434                    0           0.13614416          41.35472396
         "BPM.31L6.B2"        "BPM.30L6.B2"          18348.78771          18402.23622                    1       0.113595536305                    0           0.11386898          41.49086812
         "BPM.30L6.B2"        "BPM.29L6.B2"          18402.23622          18455.68474                    1       0.105056463245                    0           0.13615167           41.6047371
         "BPM.29L6.B2"        "BPM.28L6.B2"          18455.68474          18509.13325                    1      0.1026451941219                    0           0.11379915          41.74088877
         "BPM.28L6.B2"        "BPM.27L6.B2"          18509.13325          18562.58177                    1      0.1600361368171                    0           0.13614414          41.85468792
         "BPM.27L6.B2"        "BPM.26L6.B2"          18562.58177          18616.03029                    1       0.115853329607                    0           0.11386897          41.99083206
         "BPM.26L6.B2"        "BPM.25L6.B2"          18616.03029           18669.4788                    1        0.10495542179                    0           0.13615167          42.10470103
         "BPM.25L6.B2"        "BPM.24L6.B2"           18669.4788          18722.92732                    1       0.098478729982                    0           0.11379916           42.2408527
         "BPM.24L6.B2"        "BPM.23L6.B2"          18722.92732          18776.37583                    1        0.15742215861                    0           0.13614413          42.35465186
         "BPM.23L6.B2"        "BPM.22L6.B2"          18776.37583          18829.82435                    1       0.121964845994                    0           0.11386898          42.49079599
         "BPM.22L6.B2"        "BPM.21L6.B2"          18829.82435          18883.27287                    1       0.108049551862                    0            0.1361517          42.60466497
         "BPM.21L6.B2"        "BPM.20L6.B2"          18883.27287          18936.72138                    1      0.0984284223986                    0           0.11358092          42.74081667
         "BPM.20L6.B2"        "BPM.19L6.B2"          18936.72138           18990.1699                    1      0.1632821125381                    0           0.13596095          42.85439759
         "BPM.19L6.B2"        "BPM.18L6.B2"           18990.1699          19043.61841                    1      0.1249353861003                    0           0.11396134          42.99035854
         "BPM.18L6.B2"        "BPM.17L6.B2"          19043.61841          19097.06693                    1       0.109203680391                    0           0.13615274          43.10431988
         "BPM.17L6.B2"        "BPM.16L6.B2"          19097.06693          19150.51545                    1       0.097163410797                    0           0.11358129          43.24047262
         "BPM.16L6.B2"        "BPM.15L6.B2"          19150.51545          19203.96396                    1       0.162269760857                    0           0.13596001          43.35405391
         "BPM.15L6.B2"        "BPM.14L6.B2"          19203.96396          19257.41248                    1       0.126624261719                    0           0.11396099          43.49001392
         "BPM.14L6.B2"        "BPM.13L6.B2"          19257.41248          19310.86099                    1       0.109859985623                    0            0.1361537          43.60397491
         "BPM.13L6.B2"        "BPM.12L6.B2"          19310.86099          19364.30951                    1      0.0903242437148                    0           0.10236291          43.74012861
         "BPM.12L6.B2"        "BPM.11L6.B2"          19364.30951          19417.75802                    1      0.1490904397503                    0           0.11865436          43.84249152
         "BPM.11L6.B2"        "BPM.10L6.B2"          19417.75802          19469.59674                    1      0.1181631193999                    0           0.14885395          43.96114588
         "BPM.10L6.B2"         "BPM.9L6.B2"          19469.59674          19508.66175                    1        0.07500359206                    0           0.15213248          44.10999983
          "BPM.9L6.B2"         "BPM.8L6.B2"          19508.66175          19549.12476                    1       0.088823954851                    0           0.11837599          44.26213231
          "BPM.8L6.B2"       "BPMYA.4L6.B2"          19549.12476          19682.61277                    1         0.3158393612                    0           0.23470973           44.3805083
        "BPMYA.4L6.B2"      "BPMSI.B4L6.B2"          19682.61277          19716.93327                    1     0.03267131193599                    0           0.03123149          44.61521803
       "BPMSI.B4L6.B2"      "BPMSI.A4L6.B2"          19716.93327          19717.56827                    1    0.001351163852006                    0   0.0006464300000033          44.64644952
       "BPMSI.A4L6.B2"      "BPMSX.A4R6.B2"          19717.56827          19995.52327                    1       0.194561295236                    0           0.23093844          44.64709595
       "BPMSX.A4R6.B2"      "BPMSX.B4R6.B2"          19995.52327          19996.10827                    1   9.136569099466e-05                    0   0.0001850199999964          44.87803439
       "BPMSX.B4R6.B2"       "BPMYB.4R6.B2"          19996.10827          20026.21277                    1    0.008325309793004                    0    0.008622700000004          44.87821941
        "BPMYB.4R6.B2"       "BPMYA.5R6.B2"          20026.21277          20062.61277                    1      0.0158089725752                    0           0.01610973          44.88684211
        "BPMYA.5R6.B2"         "BPM.8R6.B2"          20062.61277          20158.33778                    1      0.1136945842331                    0           0.10010152          44.90295184
          "BPM.8R6.B2"         "BPM.9R6.B2"          20158.33778          20197.40279                    1      0.0905452599127                    0           0.14463023          45.00305336
          "BPM.9R6.B2"        "BPM.10R6.B2"          20197.40279           20237.8658                    1        0.08172550799                    0           0.19975629          45.14768359
         "BPM.10R6.B2"        "BPM.11R6.B2"           20237.8658          20289.70451                    1       0.102916638719                    0           0.09761885          45.34743988
         "BPM.11R6.B2"        "BPM.12R6.B2"          20289.70451          20344.42803                    1       0.145227287479                    0           0.12679387          45.44505873
         "BPM.12R6.B2"        "BPM.13R6.B2"          20344.42803          20397.87654                    1        0.12503067179                    0           0.11704188           45.5718526
         "BPM.13R6.B2"        "BPM.14R6.B2"          20397.87654          20451.32506                    1       0.134428619368                    0           0.14022436          45.68889448
         "BPM.14R6.B2"        "BPM.15R6.B2"          20451.32506          20504.77357                    1       0.102535273307                    0           0.11283524          45.82911884
         "BPM.15R6.B2"        "BPM.16R6.B2"          20504.77357          20558.22209                    1      0.1339987743635                    0           0.13540032          45.94195408
         "BPM.16R6.B2"        "BPM.17R6.B2"          20558.22209          20611.67061                    1      0.1248574719719                    0           0.11695439           46.0773544
         "BPM.17R6.B2"        "BPM.18R6.B2"          20611.67061          20665.11912                    1      0.1350666067226                    0           0.14006303          46.19430879
         "BPM.18R6.B2"        "BPM.19R6.B2"          20665.11912          20718.56764                    1       0.102998858854                    0           0.11270529          46.33437182
         "BPM.19R6.B2"        "BPM.20R6.B2"          20718.56764          20772.01615                    1       0.132318425662                    0           0.13555854          46.44707711
         "BPM.20R6.B2"        "BPM.21R6.B2"          20772.01615          20825.46467                    1       0.123169822038                    0           0.11708767          46.58263565
         "BPM.21R6.B2"        "BPM.22R6.B2"          20825.46467          20878.91318                    1       0.137017837103                    0           0.13989197          46.69972332
         "BPM.22R6.B2"        "BPM.23R6.B2"          20878.91318           20932.3617                    1     0.09967872680401                    0           0.11639938          46.83961529
         "BPM.23R6.B2"        "BPM.24R6.B2"           20932.3617          20985.81022                    1      0.1233430830292                    0           0.13997572          46.95601467
         "BPM.24R6.B2"        "BPM.25R6.B2"          20985.81022          21039.25873                    1      0.1185845230602                    0           0.11641639          47.09599039
         "BPM.25R6.B2"        "BPM.26R6.B2"          21039.25873          21092.70725                    1      0.1416582970746                    0           0.13988961          47.21240678
         "BPM.26R6.B2"        "BPM.27R6.B2"          21092.70725          21146.15576                    1       0.102437433148                    0           0.11640533          47.35229639
         "BPM.27R6.B2"        "BPM.28R6.B2"          21146.15576          21199.60428                    1       0.118326199921                    0           0.13997675          47.46870172
         "BPM.28R6.B2"        "BPM.29R6.B2"          21199.60428           21253.0528                    1       0.113269974247                    0           0.11641037          47.60867847
         "BPM.29R6.B2"        "BPM.30R6.B2"           21253.0528          21306.50131                    1       0.146106249492                    0           0.13988913          47.72508884
         "BPM.30R6.B2"        "BPM.31R6.B2"          21306.50131          21359.94983                    1       0.107428163705                    0           0.11641138          47.86497797
         "BPM.31R6.B2"        "BPM.32R6.B2"          21359.94983          21413.39834                    1       0.117145138878                    0           0.13997665          47.98138935
         "BPM.32R6.B2"        "BPM.33R6.B2"          21413.39834          21466.84686                    1      0.1076451150124                    0           0.11640432            48.121366
         "BPM.33R6.B2"        "BPM.34R6.B2"          21466.84686          21520.29538                    1      0.1499311166956                    0            0.1398898          48.23777032
         "BPM.34R6.B2"        "BPM.33L7.B2"          21520.29538          21573.74389                    1       0.110818802664                    0           0.11641738          48.37766012
         "BPM.33L7.B2"        "BPM.32L7.B2"          21573.74389          21627.19241                    1       0.114179268039                    0           0.13997547           48.4940775
         "BPM.32L7.B2"        "BPM.31L7.B2"          21627.19241          21680.64092                    1       0.102856542848                    0            0.1163984          48.63405297
         "BPM.31L7.B2"        "BPM.30L7.B2"          21680.64092          21734.08944                    1       0.150824217434                    0           0.13989153          48.75045137
         "BPM.30L7.B2"        "BPM.28L7.B2"          21734.08944          21840.98647                    1       0.230292496798                    0           0.25639634           48.8903429
         "BPM.28L7.B2"        "BPM.26L7.B2"          21840.98647           21947.8835                    1       0.249612528143                    0            0.2562871          49.14673924
         "BPM.26L7.B2"        "BPM.24L7.B2"           21947.8835          22054.78053                    1       0.234766827344                    0           0.25639852          49.40302634
         "BPM.24L7.B2"        "BPM.22L7.B2"          22054.78053          22161.67757                    1       0.242772652466                    0           0.25628564          49.65942486
         "BPM.22L7.B2"        "BPM.20L7.B2"          22161.67757           22268.5746                    1       0.241196390417                    0           0.25720724           49.9157105
         "BPM.20L7.B2"        "BPM.18L7.B2"           22268.5746          22375.47163                    1      0.2583205498234                    0            0.2480356          50.17291774
         "BPM.18L7.B2"        "BPM.16L7.B2"          22375.47163          22482.36866                    1      0.2389452710026                    0           0.25724577          50.42095334
         "BPM.16L7.B2"        "BPM.14L7.B2"          22482.36866          22589.26569                    1       0.262460028034                    0           0.24800693          50.67819911
         "BPM.14L7.B2"        "BPM.12L7.B2"          22589.26569          22696.16273                    1       0.236161583426                    0           0.25684126          50.92620604
         "BPM.12L7.B2"        "BPM.10L7.B2"          22696.16273          22802.39195                    1      0.2227341049609                    0           0.21654277           51.1830473
         "BPM.10L7.B2"         "BPM.8L7.B2"          22802.39195          22881.91997                    1      0.1713592419491                    0           0.14443444          51.39959007
          "BPM.8L7.B2"        "BPMR.6L7.B2"          22881.91997          22955.80198                    1       0.106677424894                    0            0.1238611          51.54402451
         "BPMR.6L7.B2"       "BPMWE.5L7.B2"          22955.80198          23045.03448                    1       0.163852631042                    0           0.18160001          51.66788561
        "BPMWE.5L7.B2"       "BPMWE.4L7.B2"          23045.03448          23103.32448                    1       0.115374221141                    0           0.09393742          51.84948562
        "BPMWE.4L7.B2"        "BPMW.4R7.B2"          23103.32448          23247.47648                    1       0.175300327342                    0           0.16273061          51.94342304
         "BPMW.4R7.B2"       "BPMWE.4R7.B2"          23247.47648          23275.58148                    1       0.058665151749                    0     0.07084450999999          52.10615365
        "BPMWE.4R7.B2"        "BPMW.5R7.B2"          23275.58148          23310.66648                    1        0.02748292283                    0           0.03448662          52.17699816
         "BPMW.5R7.B2"       "BPMWE.5R7.B2"          23310.66648          23333.87148                    1    0.009199951378004                    0           0.01142578          52.21148478
        "BPMWE.5R7.B2"       "BPM_A.7R7.B2"          23333.87148          23451.04698                    1      0.2147457252491                    0           0.20456322          52.22291056
        "BPM_A.7R7.B2"         "BPM.9R7.B2"          23451.04698            23529.176                    1      0.1712579492469                    0           0.15974405          52.42747378
          "BPM.9R7.B2"        "BPM.11R7.B2"            23529.176          23622.41973                    1       0.153395056126                    0           0.20559482          52.58721783
         "BPM.11R7.B2"        "BPM.12R7.B2"          23622.41973          23677.14324                    1       0.125408140259                    0           0.11208959          52.79281265
         "BPM.12R7.B2"        "BPM.13R7.B2"          23677.14324          23730.59176                    1       0.163832986567                    0           0.13038759          52.90490224
         "BPM.13R7.B2"        "BPM.14R7.B2"          23730.59176          23784.04027                    1       0.100525930161                    0           0.11608857          53.03528983
         "BPM.14R7.B2"        "BPM.15R7.B2"          23784.04027          23837.48879                    1       0.101056854884                    0           0.14093657           53.1513784
         "BPM.15R7.B2"        "BPM.16R7.B2"          23837.48879          23890.93731                    1      0.1222093509806                    0           0.11350142          53.29231497
         "BPM.16R7.B2"        "BPM.17R7.B2"          23890.93731          23944.38582                    1      0.1703151624784                    0           0.13469898          53.40581639
         "BPM.17R7.B2"        "BPM.19R7.B2"          23944.38582          24051.28285                    1       0.202218500808                    0           0.25709859          53.54051537
         "BPM.19R7.B2"        "BPM.20R7.B2"          24051.28285          24104.73137                    1       0.120448209475                    0           0.11332905          53.79761396
         "BPM.20R7.B2"        "BPM.21R7.B2"          24104.73137          24158.17989                    1       0.173187753483                    0           0.13480768          53.91094301
         "BPM.21R7.B2"        "BPM.23R7.B2"          24158.17989          24265.07692                    1       0.202147888151                    0           0.25634471          54.04575069
         "BPM.23R7.B2"        "BPM.25R7.B2"          24265.07692          24371.97395                    1       0.281090041964                    0            0.2563456           54.3020954
         "BPM.25R7.B2"        "BPM.27R7.B2"          24371.97395          24478.87098                    1       0.203940484488                    0           0.25633332            54.558441
         "BPM.27R7.B2"        "BPM.28R7.B2"          24478.87098           24532.3195                    1       0.109522252808                    0           0.11637904          54.81477432
         "BPM.28R7.B2"        "BPM.29R7.B2"           24532.3195          24585.76801                    1       0.166926137139                    0           0.13997806          54.93115336
         "BPM.29R7.B2"        "BPM.31R7.B2"          24585.76801          24692.66504                    1        0.20900296242                    0           0.25632201          55.07113142
         "BPM.31R7.B2"        "BPM.33R7.B2"          24692.66504          24799.56208                    1       0.272229764176                    0           0.25636817          55.32745343
         "BPM.33R7.B2"        "BPM.34R7.B2"          24799.56208          24853.01059                    1       0.113490950577                    0           0.11642985           55.5838216
         "BPM.34R7.B2"        "BPM.33L8.B2"          24853.01059          24906.45911                    1       0.101297745043                    0           0.13988134          55.70025145
         "BPM.33L8.B2"        "BPM.32L8.B2"          24906.45911          24959.90762                    1       0.102441992053                    0           0.11639244          55.84013279
         "BPM.32L8.B2"        "BPM.31L8.B2"          24959.90762          25013.35614                    1       0.162440094355                    0            0.1399862          55.95652523
         "BPM.31L8.B2"        "BPM.30L8.B2"          25013.35614          25066.80466                    1       0.117066755773                    0           0.11642261          56.09651143
         "BPM.30L8.B2"        "BPM.29L8.B2"          25066.80466          25120.25317                    1       0.102909043861                    0           0.13987858          56.21293404
         "BPM.29L8.B2"        "BPM.28L8.B2"          25120.25317          25173.70169                    1      0.1004044733079                    0           0.11639986          56.35281262
         "BPM.28L8.B2"        "BPM.27L8.B2"          25173.70169           25227.1502                    1      0.1601041654469                    0           0.13998827          56.46921248
         "BPM.27L8.B2"        "BPM.26L8.B2"           25227.1502          25280.59872                    1      0.1212929516532                    0           0.11641502          56.60920075
         "BPM.26L8.B2"        "BPM.25L8.B2"          25280.59872          25334.04723                    1       0.107203809991                    0           0.13987719          56.72561577
         "BPM.25L8.B2"        "BPM.24L8.B2"          25334.04723          25387.49575                    1       0.098273739763                    0           0.11640754          56.86549296
         "BPM.24L8.B2"        "BPM.23L8.B2"          25387.49575          25440.94427                    1       0.150887982977                    0           0.13998898           56.9819005
         "BPM.23L8.B2"        "BPM.22L8.B2"          25440.94427          25494.39278                    1       0.122425453083                    0            0.1164073          57.12188948
         "BPM.22L8.B2"        "BPM.21L8.B2"          25494.39278           25547.8413                    1       0.111304574894                    0           0.13987721          57.23829678
         "BPM.21L8.B2"        "BPM.19L8.B2"           25547.8413          25654.73833                    1      0.2568804196098                    0           0.24833995          57.37817399
         "BPM.19L8.B2"        "BPM.18L8.B2"          25654.73833          25708.18685                    1      0.1243283902002                    0           0.11719535          57.62651394
         "BPM.18L8.B2"        "BPM.17L8.B2"          25708.18685          25761.63536                    1       0.113665412342                    0           0.13969899          57.74370929
         "BPM.17L8.B2"        "BPM.16L8.B2"          25761.63536          25815.08388                    1       0.101739283518                    0           0.11248995          57.88340828
         "BPM.16L8.B2"        "BPM.15L8.B2"          25815.08388          25868.53239                    1       0.155355230749                    0           0.13591589          57.99589823
         "BPM.15L8.B2"        "BPM.14L8.B2"          25868.53239          25921.98091                    1       0.123920696871                    0           0.11730764          58.13181412
         "BPM.14L8.B2"        "BPM.13L8.B2"          25921.98091          25975.42943                    1       0.115683120124                    0           0.13951168          58.24912176
         "BPM.13L8.B2"        "BPM.12L8.B2"          25975.42943          26028.87794                    1       0.087559958034                    0           0.10005386          58.38863344
         "BPM.12L8.B2"        "BPM.11L8.B2"          26028.87794          26082.32646                    1      0.1241076499885                    0           0.11801294           58.4886873
         "BPM.11L8.B2"        "BPM.10L8.B2"          26082.32646          26134.16517                    1      0.1201496325605                    0           0.10013573          58.60670024
         "BPM.10L8.B2"         "BPM.9L8.B2"          26134.16517          26173.23018                    1       0.096744161704                    0           0.09358831          58.70683597
          "BPM.9L8.B2"         "BPM.7L8.B2"          26173.23018           26252.7592                    1       0.121557280171                    0           0.17342082          58.80042428
          "BPM.7L8.B2"       "BPMWB.4L8.B2"           26252.7592           26390.8817                    1       0.496831652573                    0           0.45547509           58.9738451
        "BPMWB.4L8.B2"        "BPMS.2L8.B2"           26390.8817           26478.9502                    1      0.1615921614818                    0           0.16242357          59.42932019
         "BPMS.2L8.B2"       "BPMSW.1R8.B2"           26478.9502           26532.0742                    1      0.3817074541273                    0           0.38568291          59.59174376
        "BPMSW.1R8.B2"       "BPMYB.4R8.B2"           26532.0742           26654.5442                    1      0.3410874018759                    0           0.32239922          59.97742667
        "BPMYB.4R8.B2"       "BPMYB.5R8.B2"           26654.5442               16.238                    1       0.060361718622                    0     0.06382469551099          60.29982589