@ GetLLMVersion %s "V3.0.0 Dev"
@ Command %s "/usr/bin/python2 '/home/eirik/CERN/beta-Beat/GetLLM/GetLLM.py' '--accel=LHCB1' '--model=model_opticsfile.19_Qx0.313_Qy0.317_beam1/twiss.dat' '--files=/home/eirik/CERN/global_coupling_correction3/data_analysis/hole_in_one_dir/Beam1@Turn@2018_08_06@22_58_41_834.sdds' '--output=/home/eirik/CERN/global_coupling_correction3/data_analysis/outputfiles/' '--tbtana=SUSSIX' '--bpmu=mm' '--lhcphase=1' '--errordefs=model_opticsfile.19_Qx0.313_Qy0.317_beam1/error_deffs.txt' '--coupling=1'"
@ CWD %s "/home/eirik/CERN/global_coupling_correction3/data_analysis"
@ Date %s "28. June 2021, 09:52:23"
@ DQMIN %le 0.00118890008019708
@ DQMINE %le 0.000264585751926
@ FILES %s ""
*                 NAME                    S                 DETC                DETCE                GAMMA               GAMMAE                  C11                  C12                  C21                  C22
$                   %s                  %le                  %le                  %le                  %le                  %le                  %le                  %le                  %le                  %le
          BPMYB.5L2.B1               28.288      0.0164970618753                    0       1.008352011929                    0    0.007998738708561      0.1480103636438     -0.1480103636438   -0.007998738708561
          BPMYB.4L2.B1               48.858       0.022522813531                    0       1.011455277918                    0     0.01228781108544      0.2194485635621     -0.2194485635621    -0.01228781108544
          BPMWI.4L2.B1              73.3255     0.01710876658628                    0       1.008665738268                    0     -0.1998616417737     0.05407402090916    -0.05407402090916      0.1998616417737
          BPMSX.4L2.B1             123.4825   -0.005912028844907                   -1      0.9970570283674                   -1      0.2444836665204      0.1063164387284     -0.1063164387284     -0.2444836665204
          BPMSW.1L2.B1              171.328     0.01729718690882                    0       1.008762432819                    0     0.02990230966003      0.1000089613899     -0.1000089613899    -0.02990230966003
          BPMSW.1R2.B1              214.518     0.06488343593999                    0       1.034110922016                    0      0.1784691937666      0.5731334182536     -0.5731334182536     -0.1784691937666
           BPMS.2R2.B1              224.452     0.01806047559435                    0       1.009154426093                    0    -0.02101303853302     0.08884204194553    -0.08884204194553     0.02101303853302
          BPMSX.4R2.B1             262.3635     0.03389432409494                    0       1.017390512073                    0     -0.1118005973005     0.08513036929547    -0.08513036929547      0.1118005973005
          BPMWB.4R2.B1             312.5965     0.01937525718648                    0       1.009830715997                    0     0.02105590930872      0.1071291545949     -0.1071291545949    -0.02105590930872
          BPMYB.4R2.B1              336.988     0.02274878605935                    0       1.011572211973                    0    0.001233212720168      0.1229587449896     -0.1229587449896   -0.001233212720168
           BPMR.5R2.B1              366.522     0.02187648510542                    0       1.011121045933                    0    -0.09627791496848      0.1304270053093     -0.1304270053093     0.09627791496848
            BPM.6R2.B1              439.818    0.009552333736829                    0       1.004810659202                    0     -0.0567344278991      0.0808784248367     -0.0808784248367      0.0567344278991
          BPM_A.7R2.B1              452.693     0.02049675024702                    0       1.010408659027                    0    -0.02652130049485      0.1903717715983     -0.1903717715983     0.02652130049485
            BPM.9R2.B1          533.1950212     0.02169342727401                    0       1.011026442518                    0   -0.003729613431193         0.1195623364        -0.1195623364    0.003729613431193
           BPM.10R2.B1          573.6580318     0.02004581344452                    0       1.010176156894                    0     -0.1055530664294      0.1483311384368     -0.1483311384368      0.1055530664294
           BPM.11R2.B1          625.4967424     0.02099606907475                    0       1.010666294231                    0     -0.0442764173968      0.1857341866302     -0.1857341866302      0.0442764173968
           BPM.13R2.B1          733.6687742     0.02091400985309                    0       1.010623940328                    0    -0.05308038630116      0.1094896663901     -0.1094896663901     0.05308038630116
           BPM.14R2.B1          787.1172901     0.02072983052607                    0       1.010528897715                    0     -0.1190989339242       0.151579091404      -0.151579091404      0.1190989339242
           BPM.15R2.B1           840.565806     0.02016727324025                    0       1.010238765533                    0    -0.03854133994158      0.1896194654652     -0.1896194654652     0.03854133994158
           BPM.16R2.B1          894.0143219     0.02000909922659                    0        1.01015723418                    0    -0.01340093397297      0.1260493297297     -0.1260493297297     0.01340093397297
           BPM.18R2.B1          1000.911354     0.02031490017466                    0       1.010314878171                    0     -0.1304141352978      0.1322741673725     -0.1322741673725      0.1304141352978
           BPM.19R2.B1           1054.35987     0.02135472316539                    0       1.010851471846                    0    -0.08075902859564      0.1731406910063     -0.1731406910063     0.08075902859564
           BPM.20R2.B1          1107.808386     0.02062748151327                    0       1.010476093836                    0    -0.05138879478294      0.1141369135137     -0.1141369135137     0.05138879478294
           BPM.21R2.B1          1161.256901     0.02236499952906                    0       1.011373637916                    0    -0.09531816630115     0.09114788493137    -0.09114788493137     0.09531816630115
           BPM.22R2.B1          1214.705417     0.01906958344705                    0       1.009673363968                    0     -0.1347335196458      0.1186739951421     -0.1186739951421      0.1347335196458
           BPM.23R2.B1          1268.153933     0.01994861760953                    0       1.010126063934                    0    -0.09059365429152      0.1663846773664     -0.1663846773664     0.09059365429152
           BPM.24R2.B1          1321.602449     0.02049434885549                    0       1.010407420449                    0    -0.06000430440148      0.1070299458786     -0.1070299458786     0.06000430440148
           BPM.25R2.B1          1375.050965     0.02042325646419                    0       1.010370754827                    0    -0.09028614087256     0.08684212327346    -0.08684212327346     0.09028614087256
           BPM.26R2.B1          1428.499481     0.02158627592873                    0       1.010971079533                    0     -0.1815908523807     0.08101825131061    -0.08101825131061      0.1815908523807
           BPM.27R2.B1          1481.947997      0.0207539791251                    0       1.010541357662                    0    -0.09936001062908      0.1657870864661     -0.1657870864661     0.09936001062908
           BPM.28R2.B1          1535.396513     0.02471213638183                    0       1.012589897197                    0    -0.09897388967871     0.08454616907165    -0.08454616907165     0.09897388967871
           BPM.29R2.B1          1588.845029      0.0217724760226                    0       1.011067291277                    0     -0.1031379645537     0.07583206234984    -0.07583206234984      0.1031379645537
           BPM.30R2.B1          1642.293545     0.02026105746276                    0       1.010287116265                    0     -0.1720629084475     0.07163190382691    -0.07163190382691      0.1720629084475
           BPM.31R2.B1           1695.74206     0.02163866674721                    0       1.010998147699                    0     -0.1199747895785      0.1461453089688     -0.1461453089688      0.1199747895785
           BPM.32R2.B1          1749.190576     0.02075236758468                    0       1.010540526142                    0    -0.08198696978085     0.08888209821652    -0.08888209821652     0.08198696978085
           BPM.33R2.B1          1802.639092     0.02056801546089                    0       1.010445417925                    0     -0.1170070821567     0.05564571433054    -0.05564571433054      0.1170070821567
           BPM.33L3.B1          1909.536124     0.02153813871539                    0       1.010946210945                    0     -0.1467266232792      0.1221521232663     -0.1221521232663      0.1467266232792
           BPM.31L3.B1          2016.433156     0.02058216660756                    0       1.010452717623                    0      -0.130488297274     0.03581742092603    -0.03581742092603       0.130488297274
           BPM.30L3.B1          2069.881672      0.0204967440747                    0       1.010408655844                    0     -0.1859361179306     0.04526695318884    -0.04526695318884      0.1859361179306
           BPM.29L3.B1          2123.330188     0.02012016728649                    0       1.010214482539                    0     -0.1520096213052      0.1047083981242     -0.1047083981242      0.1520096213052
           BPM.27L3.B1           2230.22722     0.02120316100363                    0       1.010773205979                    0     -0.1306557081273     0.03563914817444    -0.03563914817444      0.1306557081273
           BPM.25L3.B1          2337.124251       0.021795034941                    0       1.011078949597                    0     -0.1682003490359     0.06376284781868    -0.06376284781868      0.1682003490359
           BPM.24L3.B1          2390.572767     0.02066121392852                    0       1.010493496141                    0     -0.1089973657064     0.03803955492487    -0.03803955492487      0.1089973657064
           BPM.23L3.B1          2444.021283     0.02028147667496                    0       1.010297644371                    0     -0.1409930216336  -0.0003970355404833   0.0003970355404833      0.1409930216336
           BPM.22L3.B1          2497.469799     0.02155943968753                    0       1.010957215201                    0     -0.2044336048505   -0.002192261292208    0.002192261292208      0.2044336048505
           BPM.21L3.B1          2550.918315     0.02017471892383                    0       1.010242603924                    0     -0.1596136783275     0.07276486787068    -0.07276486787068      0.1596136783275
           BPM.20L3.B1          2604.366831     0.02055562754136                    0       1.010439027896                    0     -0.1106569944105     0.02628458094534    -0.02628458094534      0.1106569944105
           BPM.18L3.B1          2711.263863     0.02142167501812                    0       1.010886051204                    0     -0.1887923318865     0.02192768793036    -0.02192768793036      0.1887923318865
           BPM.16L3.B1          2818.160894     0.02204747591465                    0       1.011209437161                    0     -0.1230313914994    0.008097016827821   -0.008097016827821      0.1230313914994
           BPM.15L3.B1           2871.60941      0.0214865543233                    0       1.010919563517                    0     -0.1387174925234    -0.04945424112205     0.04945424112205      0.1387174925234
           BPM.14L3.B1          2925.057926      0.0225460092381                    0       1.011467279138                    0     -0.1926489242505    -0.05492635579489     0.05492635579489      0.1926489242505
           BPM.13L3.B1          2978.506442     0.02102163042553                    0        1.01067948851                    0      -0.185330708087     0.01750399471188    -0.01750399471188       0.185330708087
           BPM.12L3.B1          3031.954958     0.02148535718722                    0       1.010918945127                    0     -0.1130703334197  -7.503200569779e-05   7.503200569779e-05      0.1130703334197
           BPM.10L3.B1          3138.184185     0.02150893012075                    0       1.010931122132                    0     -0.1771052613502    -0.08790742659045     0.08790742659045      0.1771052613502
            BPM.9L3.B1          3177.249195     0.02095742491596                    0       1.010646347839                    0     -0.1876797118956     0.02126206067703    -0.02126206067703      0.1876797118956
            BPM.8L3.B1          3217.712206     0.01950161597357                    0       1.009895783352                    0    -0.09054267871192       0.122273890511      -0.122273890511     0.09054267871192
            BPM.7L3.B1          3256.776216     0.02024701373485                    0       1.010279875538                    0    0.004735750831867      0.1223016671834     -0.1223016671834   -0.004735750831867
            BPM.6L3.B1          3329.415216     0.03687612664442                    0       1.018964200208                    0       -0.13866660845      0.2063843419089     -0.2063843419089        0.13866660845
         BPMWG.A5L3.B1          3371.119716     0.05017888710636                    0       1.026074962729                    0     -0.3375712211405     -0.2029398478296      0.2029398478296      0.3375712211405
           BPMW.5L3.B1          3400.089716     0.02185234699577                    0       1.011108569953                    0     -0.1478469044959       0.117284059276      -0.117284059276      0.1478469044959
          BPMWE.4L3.B1          3475.217716      0.0204783567438                    0       1.010399172232                    0     -0.1860100185868      0.1160871276775     -0.1160871276775      0.1860100185868
           BPMW.4L3.B1          3502.762716     0.01802188014722                    0       1.009134594109                    0     -0.1004186548533      0.1614583465957     -0.1614583465957      0.1004186548533
           BPMW.4R3.B1          3547.727716     0.01885513188772                    0       1.009563014382                    0    -0.09801659217093     0.04727521512304    -0.04727521512304     0.09801659217093
          BPMWE.4R3.B1          3575.272716     0.02190683807502                    0        1.01113673477                    0     -0.1138927844969    -0.05932285588936     0.05932285588936      0.1138927844969
           BPMW.5R3.B1          3650.400716     0.02519199251509                    0       1.012839093801                    0      -0.110960848847     -0.2172419031888      0.2172419031888       0.110960848847
         BPMWJ.A5R3.B1          3679.118716     0.02290965610168                    0       1.011655482148                    0     -0.1625449059552     -0.1090322323106      0.1090322323106      0.1625449059552
          BPMWC.6R3.B1          3718.936716     0.02074912661329                    0       1.010538853876                    0      -0.194426105804    -0.05815466001619     0.05815466001619       0.194426105804
            BPM.8R3.B1          3825.903227     0.02190980112485                    0        1.01113826635                    0     0.03175612765819     -0.1309121688785      0.1309121688785    -0.03175612765819
            BPM.9R3.B1          3864.968238      0.0203366221064                    0       1.010326078891                    0      0.1036348885002     -0.1459288664659      0.1459288664659     -0.1036348885002
           BPM.10R3.B1          3905.431248     0.02058587475323                    0       1.010454630452                    0     0.08372488482347     -0.1768084671265      0.1768084671265    -0.08372488482347
           BPM.11R3.B1          3958.211959     0.02103583002621                    0       1.010686818295                    0     0.04236911016603     -0.1667768872914      0.1667768872914    -0.04236911016603
           BPM.12R3.B1          4012.935475     0.02028623098379                    0        1.01030009573                    0    -0.02264933331931     -0.1331431529047      0.1331431529047     0.02264933331931
           BPM.13R3.B1          4066.383991     0.02225384475633                    0        1.01131614743                    0     0.03234725202866     -0.1237235273029      0.1237235273029    -0.03234725202866
           BPM.14R3.B1          4119.832506     0.02169727949919                    0       1.011028433057                    0     0.07576567295213     -0.1670365551445      0.1670365551445    -0.07576567295213
           BPM.16R3.B1          4226.729538     0.02080367885245                    0       1.010567002669                    0    -0.07814129902419     -0.1335575556189      0.1335575556189     0.07814129902419
           BPM.17R3.B1          4280.178054     0.02151929434572                    0        1.01093647609                    0     0.04699407666916     -0.1183992243195      0.1183992243195    -0.04699407666916
           BPM.18R3.B1           4333.62657      0.0204363896592                    0        1.01037752792                    0     0.09003537870114     -0.1601498866034      0.1601498866034    -0.09003537870114
           BPM.19R3.B1          4387.075086     0.02061982623404                    0       1.010472144658                    0     0.05922227407041     -0.1779216936751      0.1779216936751    -0.05922227407041
           BPM.20R3.B1          4440.523602     0.02013000648848                    0       1.010219554477                    0    -0.03209553659351     -0.1322137502508      0.1322137502508     0.03209553659351
           BPM.21R3.B1          4493.972118     0.02145785619205                    0        1.01090473957                    0     0.06227035856563     -0.1093878777233      0.1093878777233    -0.06227035856563
           BPM.22R3.B1          4547.420634     0.02061384722049                    0       1.010469060259                    0      0.1141035506171     -0.1462034053686      0.1462034053686     -0.1141035506171
           BPM.23R3.B1           4600.86915     0.02085837352635                    0        1.01059522732                    0     0.08643040694973     -0.1744018086818      0.1744018086818    -0.08643040694973
           BPM.24R3.B1          4654.317666      0.0202591522164                    0       1.010286133941                    0     0.01318040841808      -0.131154277759       0.131154277759    -0.01318040841808
           BPM.25R3.B1          4707.766181      0.0219266329223                    0       1.011146966721                    0     0.08823840452251    -0.09444644718628     0.09444644718628    -0.08823840452251
           BPM.26R3.B1          4761.214697     0.02180003032916                    0        1.01108153124                    0      0.1293256659184     -0.1359761209131      0.1359761209131     -0.1293256659184
           BPM.27R3.B1          4814.663213     0.02110437427126                    0       1.010722202839                    0      0.1084207682965     -0.1514020052877      0.1514020052877     -0.1084207682965
           BPM.28R3.B1          4868.111729     0.02087136494448                    0       1.010601931761                    0     0.03295097924303     -0.1270854184616      0.1270854184616    -0.03295097924303
           BPM.29R3.B1          4921.560245     0.02121713890012                    0       1.010780423327                    0     0.09921494610146      -0.080779214261       0.080779214261    -0.09921494610146
           BPM.31R3.B1          5028.457277     0.02050067925048                    0       1.010410685519                    0      0.1223558713801     -0.1392246817963      0.1392246817963     -0.1223558713801
           BPM.32R3.B1          5081.905793     0.02169043177065                    0       1.011024894677                    0     0.04752875219758     -0.1315625629312      0.1315625629312    -0.04752875219758
           BPM.33R3.B1          5135.354309     0.02156258798753                    0       1.010958841669                    0      0.1062649302736    -0.07703867327385     0.07703867327385     -0.1062649302736
           BPM.34R3.B1          5188.802825     0.02006534579217                    0       1.010186224409                    0      0.1414186875227      -0.124904480197       0.124904480197     -0.1414186875227
           BPM.33L4.B1           5242.25134     0.02062356255862                    0       1.010474072134                    0      0.1186027737238     -0.1367360458725      0.1367360458725     -0.1186027737238
           BPM.32L4.B1          5295.699856     0.02078900341422                    0       1.010559429955                    0     0.05575966529072      -0.123989623379       0.123989623379    -0.05575966529072
           BPM.31L4.B1          5349.148372     0.01930843900785                    0       1.009796313642                    0      0.1160907663256    -0.04622049508823     0.04622049508823     -0.1160907663256
           BPM.30L4.B1          5402.596888     0.01968639783722                    0        1.00999095781                    0      0.1573720514561    -0.09693346545313     0.09693346545313     -0.1573720514561
           BPM.29L4.B1          5456.045404     0.02113250438116                    0       1.010736725501                    0       0.137884932653       -0.12408252779        0.12408252779      -0.137884932653
           BPM.28L4.B1           5509.49392      0.0201413933054                    0       1.010225424279                    0     0.08377588549328      -0.103049474707       0.103049474707    -0.08377588549328
           BPM.27L4.B1          5562.942436     0.01921111474577                    0       1.009746211056                    0      0.1062373237202    -0.05437288191983     0.05437288191983     -0.1062373237202
           BPM.26L4.B1          5616.390952     0.02102867067971                    0       1.010683122645                    0      0.1819421067022     -0.0693997247404      0.0693997247404     -0.1819421067022
           BPM.25L4.B1          5669.839468     0.02110785756016                    0       1.010724001114                    0      0.1541660774988    -0.09837573102883     0.09837573102883     -0.1541660774988
           BPM.23L4.B1            5776.7365     0.02147439998617                    0       1.010913285145                    0      0.1468518133255    -0.01520674687209     0.01520674687209     -0.1468518133255
           BPM.22L4.B1          5830.185015     0.01935101417301                    0       1.009818233706                    0      0.1757315862994    -0.07197220574796     0.07197220574796     -0.1757315862994
           BPM.21L4.B1          5883.633531     0.02030211517764                    0       1.010308285876                    0      0.1546329912356    -0.08467613668806     0.08467613668806     -0.1546329912356
           BPM.20L4.B1          5937.082047     0.02017917159473                    0       1.010244899381                    0     0.09356777749312    -0.06358459069865     0.06358459069865    -0.09356777749312
           BPM.19L4.B1          5990.530563     0.01820180963866                    0       1.009227059525                    0      0.1114048186654    -0.01119394498046     0.01119394498046     -0.1114048186654
           BPM.18L4.B1          6043.979079     0.02049179369699                    0       1.010406102567                    0      0.1837168442196    -0.06610208680511     0.06610208680511     -0.1837168442196
           BPM.17L4.B1          6097.427595     0.02064088286115                    0       1.010483007385                    0       0.165208607891    -0.06779775211866     0.06779775211866      -0.165208607891
           BPM.16L4.B1          6150.876111     0.02123832310363                    0       1.010791361875                    0      0.1027936457398    -0.06019877446374     0.06019877446374     -0.1027936457398
           BPM.15L4.B1          6204.324627     0.02105870677241                    0       1.010698627527                    0      0.1422075485901      0.0177119365255     -0.0177119365255     -0.1422075485901
           BPM.14L4.B1          6257.773143     0.02068331528595                    0       1.010504898557                    0       0.191871805282    -0.02330342939965     0.02330342939965      -0.191871805282
           BPM.13L4.B1          6311.221659     0.02074492916569                    0       1.010536688103                    0      0.1702734900759    -0.05781588186319     0.05781588186319     -0.1702734900759
           BPM.11L4.B1           6418.11869     0.02101920028085                    0       1.010678234094                    0      0.1387025547404     0.03716835392174    -0.03716835392174     -0.1387025547404
           BPM.10L4.B1          6469.957401     0.02010805626434                    0       1.010208239622                    0      0.1923714680972   -0.001129257529923    0.001129257529923     -0.1923714680972
            BPM.9L4.B1          6509.022412     0.02101822439038                    0        1.01067773035                    0      0.1743157425502      0.0438226119991     -0.0438226119991     -0.1743157425502
            BPM.7L4.B1          6588.549433     0.02019860221445                    0       1.010254916506                    0    -0.01845181386576      0.1628713094311     -0.1628713094311     0.01845181386576
          BPMYB.6L4.B1          6685.153433     0.02406904064286                    0       1.012256216031                    0    -0.07535831435337      0.2638278407166     -0.2638278407166     0.07535831435337
          BPMYA.5L4.B1          6722.153433     0.02172116768024                    0       1.011040776921                    0    -0.03831331954969      0.2012968437396     -0.2012968437396     0.03831331954969
         BPMWI.A5L4.B1          6798.755933     0.01651000930271                    0       1.008358649272                    0     0.01571534400214      0.1439342357893     -0.1439342357893    -0.01571534400214
         BPMWA.B5L4.B1          6824.619933     0.02287897214936                    0       1.011639597815                    0    0.001004535654139      0.1773298519232     -0.1773298519232   -0.001004535654139
         BPMWA.A5R4.B1          6881.553933     0.02212848897462                    0       1.011251323786                    0     0.04216297623637      0.2669924923612     -0.2669924923612    -0.04216297623637
         BPMWA.B5R4.B1          6890.438933     0.01943420012308                    0       1.009861066583                    0     0.01585686881853       0.141729439795      -0.141729439795    -0.01585686881853
          BPMYB.5R4.B1          6992.829433     0.01605490549946                    0       1.008125424402                    0    -0.01132803900408     0.08960908775682    -0.08960908775682     0.01132803900408
          BPMYA.6R4.B1          7024.393433     0.02147788437251                    0       1.010915085007                    0    -0.05350605254233       0.098386537969      -0.098386537969     0.05350605254233
            BPM.8R4.B1          7158.698443     0.02120901918522                    0       1.010776230774                    0    0.004117892011703      0.1951288159313     -0.1951288159313   -0.004117892011703
           BPM.10R4.B1          7238.226465     0.02044964003537                    0       1.010384361584                    0     -0.1348307082869    0.006292729111984   -0.006292729111984      0.1348307082869
           BPM.11R4.B1          7290.065175     0.02190693302492                    0       1.011136783849                    0     -0.1557858998218     0.08718040942709    -0.08718040942709      0.1557858998218
           BPM.12R4.B1          7344.788691     0.02086785860608                    0       1.010600122243                    0      -0.106402880274      0.1515450385114     -0.1515450385114       0.106402880274
           BPM.13R4.B1          7398.237207     0.02134040386964                    0       1.010844076663                    0    -0.09893277562518     0.05376644508917    -0.05376644508917     0.09893277562518
           BPM.14R4.B1          7451.685723     0.02212399955997                    0       1.011249002463                    0     -0.1427241328228     0.01111441904966    -0.01111441904966      0.1427241328228
           BPM.15R4.B1          7505.134239     0.02174624724067                    0         1.0110537369                    0     -0.1273731657053      0.1268998536764     -0.1268998536764      0.1273731657053
           BPM.17R4.B1          7612.031271     0.02114165738729                    0       1.010741451035                    0    -0.09486753347524     0.04728768213872    -0.04728768213872     0.09486753347524
           BPM.18R4.B1          7665.479786     0.02247245895584                    0       1.011429226449                    0     -0.1522064023363    0.002504895124651   -0.002504895124651      0.1522064023363
           BPM.19R4.B1          7718.928302     0.02198856215162                    0       1.011178979925                    0      -0.143119835019      0.1134582646003     -0.1134582646003       0.143119835019
           BPM.20R4.B1          7772.376818     0.02139870852497                    0       1.010874189048                    0    -0.09245503650289      0.1643341709735     -0.1643341709735     0.09245503650289
           BPM.21R4.B1          7825.825334      0.0219358520818                    0       1.011151732207                    0     -0.1077136475782     0.03947097401035    -0.03947097401035      0.1077136475782
           BPM.22R4.B1           7879.27385     0.02227811014465                    0       1.011328696923                    0     -0.1470532543309    -0.01879566047213     0.01879566047213      0.1470532543309
           BPM.23R4.B1          7932.722366     0.02144281114789                    0        1.01089696835                    0     -0.1407179097936      0.1180382420864     -0.1180382420864      0.1407179097936
           BPM.24R4.B1          7986.170882     0.02032391741221                    0       1.010319527784                    0    -0.08181692847718      0.1679103438788     -0.1679103438788     0.08181692847718
           BPM.26R4.B1          8093.067914     0.01943077549407                    0       1.009859303116                    0     -0.1311552333602      -0.015329995239       0.015329995239      0.1311552333602
           BPM.27R4.B1           8146.51643     0.02100115633912                    0       1.010668920138                    0     -0.1327792566378      0.1173283325035     -0.1173283325035      0.1327792566378
           BPM.28R4.B1          8199.964946     0.02102967093522                    0       1.010683638974                    0     -0.0890876091867      0.1675788280093     -0.1675788280093      0.0890876091867
           BPM.29R4.B1          8253.413461     0.02100724305288                    0       1.010672061961                    0    -0.09884998654665     0.04397852021403    -0.04397852021403     0.09884998654665
           BPM.31R4.B1          8360.310493     0.02210342475099                    0       1.011238364138                    0     -0.1456775379663      0.1194513806945     -0.1194513806945      0.1456775379663
           BPM.32R4.B1          8413.759009     0.02426752227844                    0       1.012359166408                    0    -0.09489827179993      0.1814128395254     -0.1814128395254     0.09489827179993
           BPM.33R4.B1          8467.207525     0.02325726680685                    0       1.011835483995                    0    -0.09395925005105     0.05439447975838    -0.05439447975838     0.09395925005105
           BPM.32L5.B1          8627.553073     0.02103047753738                    0        1.01068405534                    0    -0.06737014541579      0.1786346833901     -0.1786346833901     0.06737014541579
           BPM.31L5.B1          8681.001589     0.02140061724132                    0       1.010875174881                    0    -0.09653896890075     0.06360978274021    -0.06360978274021     0.09653896890075
           BPM.30L5.B1          8734.450105     0.02104972083612                    0       1.010693988837                    0     -0.1428341075644   -0.003304816347546    0.003304816347546      0.1428341075644
           BPM.28L5.B1          8841.347136     0.02116268796355                    0          1.010752309                    0    -0.07185281218947       0.185002958535      -0.185002958535     0.07185281218947
           BPM.27L5.B1          8894.795652     0.02195825926961                    0       1.011163315014                    0    -0.08622735318765     0.07038742959829    -0.07038742959829     0.08622735318765
           BPM.24L5.B1            9055.1412     0.02162815004296                    0       1.010992713979                    0    -0.08246699355553      0.1801283926381     -0.1801283926381     0.08246699355553
           BPM.23L5.B1          9108.589716     0.02092931112447                    0       1.010631837495                    0    -0.09093452351024     0.06259581253786    -0.06259581253786     0.09093452351024
           BPM.22L5.B1          9162.038232     0.02198125860951                    0       1.011175204332                    0     -0.1364157252715     0.01303359900653    -0.01303359900653      0.1364157252715
           BPM.21L5.B1          9215.486748     0.02254966744829                    0       1.011469171897                    0     -0.1275160808335      0.1293593667342     -0.1293593667342      0.1275160808335
           BPM.20L5.B1          9268.935264     0.02096438191113                    0       1.010649938643                    0    -0.08058716939377      0.1696936100259     -0.1696936100259     0.08058716939377
           BPM.19L5.B1          9322.383779     0.02168209751436                    0       1.011020588225                    0    -0.09123321968087      0.0815249797063     -0.0815249797063     0.09123321968087
           BPM.18L5.B1          9375.832295     0.02069348188439                    0       1.010510143784                    0     -0.1420705638586    -0.01642203325051     0.01642203325051      0.1420705638586
           BPM.16L5.B1          9482.729327     0.02189675406631                    0       1.011131522469                    0    -0.05010205461666      0.1911847681963     -0.1911847681963     0.05010205461666
           BPM.15L5.B1          9536.177843     0.02099661503963                    0       1.010666576042                    0    -0.09565410017464     0.07576093431135    -0.07576093431135     0.09565410017464
           BPM.13L5.B1          9643.074875     0.02144151231419                    0       1.010896297472                    0     -0.1494730059079      0.1014663688219     -0.1014663688219      0.1494730059079
           BPM.12L5.B1          9696.523391     0.02046619942187                    0       1.010392902012                    0    -0.09912568412368      0.1613394362214     -0.1613394362214     0.09912568412368
           BPM.11L5.B1          9749.971907     0.02163634585141                    0       1.010996948542                    0    -0.09675139390697     0.06414848048887    -0.06414848048887     0.09675139390697
           BPM.10L5.B1          9802.752617     0.01935793918934                    0       1.009821799225                    0     -0.1339560222019    -0.04794759240456     0.04794759240456      0.1339560222019
            BPM.9L5.B1          9841.817628     0.02133152935271                    0       1.010839493511                    0     -0.1633628318404    -0.07526567181685     0.07526567181685      0.1633628318404
            BPM.8L5.B1          9882.280639     0.02089145507136                    0       1.010612299875                    0     -0.1654732729634    -0.02128322887793     0.02128322887793      0.1654732729634
           BPMR.7L5.B1          9921.346649     0.01939159158699                    0       1.009839126546                    0     -0.1052412364145     0.02121346019891    -0.02121346019891      0.1052412364145
            BPM.6L5.B1          9958.240649     0.02533944037478                    0       1.012915702682                    0     -0.2266432656623    -0.05604754970515     0.05604754970515      0.2266432656623
           BPMR.5L5.B1          9990.140649     0.01862088181517                    0        1.00944251848                    0     0.09565466945892     0.04033867492065    -0.04033867492065    -0.09565466945892
          BPMYA.4L5.B1          10017.54665     0.02117027679235                    0       1.010756227154                    0      0.1197391707126     0.05305421729734    -0.05305421729734     -0.1197391707126
          BPMWB.4L5.B1          10038.68115    0.002413645043747                    0       1.001209011556                    0      0.1996202899517      0.1265564070023     -0.1265564070023     -0.1996202899517
          BPMSY.4L5.B1          10131.46115     0.01798576229704                    0       1.009116036279                    0      0.1179029487638     0.03628355720804    -0.03628355720804     -0.1179029487638
           BPMS.2L5.B1          10158.24665     0.02191175449673                    0       1.011139276038                    0      0.1060888701591     0.05814760289878    -0.05814760289878     -0.1060888701591
          BPMSW.1L5.B1          10168.21165     0.01138818966956                    0       1.005743195101                    0      0.1104226332462    -0.06547036446116     0.06547036446116     -0.1104226332462
          BPMSW.1R5.B1          10211.33965     0.01888491337051                    0       1.009578336772                    0     0.09116868762244     0.07414875368891    -0.07414875368891    -0.09116868762244
           BPMS.2R5.B1          10221.30465    0.008567542501801                    0       1.004311495305                    0     0.07985569566139    -0.01462080656734     0.01462080656734    -0.07985569566139
          BPMSY.4R5.B1          10248.09015    0.005666710059233                    0       1.002845454029                    0     0.04849851688894    -0.07421047760495     0.07421047760495    -0.04849851688894
          BPMWB.4R5.B1          10340.87015   -0.001857662150124                   -1      0.9990724610156                   -1      0.2766989671701    -0.02308945396387     0.02308945396387     -0.2766989671701
          BPMYA.4R5.B1          10362.00265     0.07878970074879                    0       1.041886972149                    0      0.1762047828869      0.1244915531645     -0.1244915531645     -0.1762047828869
            BPM.5R5.B1          10383.12065     0.02071018981907                    0       1.010518764044                    0      0.1212226304779      0.1280402021636     -0.1280402021636     -0.1212226304779
          BPM_A.7R5.B1          10449.03465     0.02276719370486                    0       1.011581739168                    0     -0.1413539905373     0.04865349620444    -0.04865349620444      0.1413539905373
            BPM.9R5.B1          10529.54063     0.02090585100445                    0       1.010619729525                    0     -0.1038174398005      0.1155590955783     -0.1155590955783      0.1038174398005
           BPM.10R5.B1          10570.00562     0.02052386073347                    0       1.010422642258                    0     -0.1102398932737     0.01614158634189    -0.01614158634189      0.1102398932737
           BPM.11R5.B1          10622.78831     0.02127249922406                    0       1.010809009599                    0     -0.1454655168072    -0.02473873685099     0.02473873685099      0.1454655168072
           BPM.12R5.B1          10677.51479     0.01987614819218                    0       1.010088719368                    0     -0.1480517056643      0.1061900052269     -0.1061900052269      0.1480517056643
           BPM.13R5.B1          10730.96627     0.01994975576789                    0       1.010126650477                    0    -0.09945433408571      0.1421441527871     -0.1421441527871     0.09945433408571
           BPM.14R5.B1          10784.41776     0.02106606155322                    0       1.010702424235                    0     -0.1025897894694     0.04143896969677    -0.04143896969677      0.1025897894694
           BPM.15R5.B1          10837.86924     0.02269879756636                    0       1.011546340923                    0     -0.1585936579451    0.005351747551896   -0.005351747551896      0.1585936579451
           BPM.16R5.B1          10891.32073     0.02221102445379                    0       1.011294002909                    0     -0.1495551157137      0.1168875858541     -0.1168875858541      0.1495551157137
           BPM.17R5.B1          10944.77221     0.02126469376681                    0       1.010804978968                    0    -0.07605156335411      0.1741847803446     -0.1741847803446     0.07605156335411
           BPM.18R5.B1           10998.2237     0.02255962959381                    0       1.011474326369                    0    -0.09799267554938     0.06892913050649    -0.06892913050649     0.09799267554938
           BPM.19R5.B1          11051.67518     0.02230188435323                    0       1.011340992841                    0     -0.1608266050754   -0.005522080432346    0.005522080432346      0.1608266050754
           BPM.20R5.B1          11105.12666     0.02230236204462                    0       1.011341239906                    0     -0.1376954651216       0.123274354246      -0.123274354246      0.1376954651216
           BPM.21R5.B1          11158.57815     0.02077208605695                    0       1.010550700594                    0    -0.08152907385577      0.1605033553486     -0.1605033553486     0.08152907385577
           BPM.22R5.B1          11212.02963      0.0215476215216                    0       1.010951109796                    0     -0.1023589453367     0.04534727206108    -0.04534727206108      0.1023589453367
           BPM.24R5.B1           11318.9326     0.02131758650731                    0       1.010832292998                    0     -0.1382523289622      0.1191807160088     -0.1191807160088      0.1382523289622
           BPM.25R5.B1          11372.38408     0.02113349996724                    0       1.010737239501                    0     -0.1096387930033      0.1530769682975     -0.1530769682975      0.1096387930033
           BPM.26R5.B1          11425.83557     0.02070317066112                    0       1.010515142566                    0    -0.09322355959207     0.05428060566157    -0.05428060566157     0.09322355959207
           BPM.27R5.B1          11479.28705     0.02159126092185                    0       1.010973654979                    0     -0.1457026156841     0.01378254858492    -0.01378254858492      0.1457026156841
           BPM.28R5.B1          11532.73854     0.02092580338079                    0       1.010630027091                    0       -0.14608285364      0.1078876337996     -0.1078876337996        0.14608285364
           BPM.29R5.B1          11586.19002     0.02154249430686                    0        1.01094846105                    0    -0.08202840848821       0.168642686868      -0.168642686868     0.08202840848821
           BPM.30R5.B1           11639.6415     0.02056154217575                    0       1.010442078811                    0     -0.0955380480922     0.04793186083157    -0.04793186083157      0.0955380480922
           BPM.31R5.B1          11693.09299     0.02578990686424                    0       1.013149857435                    0      -0.193949309902    -0.03211930656605     0.03211930656605       0.193949309902
           BPM.33R5.B1          11799.99596     0.02400131363019                    0       1.012221093915                    0    -0.09514679465692      0.1384522488517     -0.1384522488517     0.09514679465692
           BPM.34R5.B1          11853.44744     0.02091987713163                    0       1.010626968478                    0     -0.1018430888204     0.04512557531319    -0.04512557531319      0.1018430888204
           BPM.32L6.B1          11960.35041     0.02137987366396                    0       1.010864461184                    0      -0.162958537184     0.09431467581876    -0.09431467581876       0.162958537184
           BPM.31L6.B1          12013.80189     0.02227146207622                    0        1.01132525865                    0     -0.1044936969942      0.1647003354993     -0.1647003354993      0.1044936969942
           BPM.30L6.B1          12067.25338       0.019960214079                    0       1.010132040151                    0    -0.09140892152263     0.01499414550151    -0.01499414550151     0.09140892152263
           BPM.29L6.B1          12120.70486     0.02252264140732                    0       1.011455188864                    0     -0.1588124485811    -0.00979282013728     0.00979282013728      0.1588124485811
           BPM.28L6.B1          12174.15635     0.02156971368549                    0        1.01096252296                    0       -0.15069444874      0.1038320796171     -0.1038320796171        0.15069444874
           BPM.27L6.B1          12227.60783     0.02229357946219                    0       1.011336697536                    0    -0.08271257135281      0.1735314056223     -0.1735314056223     0.08271257135281
           BPM.26L6.B1          12281.05931     0.02039086139629                    0       1.010354048521                    0    -0.09213661310051     0.03868611830869    -0.03868611830869     0.09213661310051
           BPM.25L6.B1           12334.5108      0.0212708918841                    0       1.010808179587                    0     -0.1362982614881  -2.553411483693e-05   2.553411483693e-05      0.1362982614881
           BPM.24L6.B1          12387.96228      0.0218984329297                    0       1.011132390247                    0     -0.1593838433626      0.1036681364081     -0.1036681364081      0.1593838433626
           BPM.23L6.B1          12441.41377     0.02167525177029                    0       1.011017050954                    0    -0.03975018892485       0.197358675277      -0.197358675277     0.03975018892485
           BPM.22L6.B1          12494.86525     0.02498002180028                    0       1.012728991495                    0     -0.1569122082665      0.2942577742111     -0.2942577742111      0.1569122082665
           BPM.18L6.B1          12708.67119     0.02094730879902                    0       1.010641126545                    0    -0.09378827154469     0.05803878150652    -0.05803878150652     0.09378827154469
           BPM.17L6.B1          12762.12267     0.02087505276104                    0       1.010603834946                    0     -0.1522952480072    -0.02471099183473     0.02471099183473      0.1522952480072
           BPM.16L6.B1          12815.57415     0.02072635757475                    0       1.010527105815                    0     -0.1495870825303      0.1069626515716     -0.1069626515716      0.1495870825303
           BPM.15L6.B1          12869.02564     0.02092642509368                    0       1.010630347966                    0    -0.09157897421342      0.1690996631944     -0.1690996631944     0.09157897421342
           BPM.14L6.B1          12922.47712     0.02110933966833                    0       1.010724766267                    0    -0.09075067765217     0.05733390261817    -0.05733390261817     0.09075067765217
           BPM.13L6.B1          12975.92861     0.02236986535382                    0       1.011376154798                    0     -0.1545627855566     0.00236398573277    -0.00236398573277      0.1545627855566
           BPM.12L6.B1          13029.38009    0.007903385871591                    0       1.003975272099                    0    -0.03991556273889     0.03348462930122    -0.03348462930122     0.03991556273889
           BPM.10L6.B1          13134.67226     0.01300170536847                    0       1.006564939052                    0      0.0478580469396      0.2378748665081     -0.2378748665081     -0.0478580469396
            BPM.9L6.B1          13173.73925     0.02144146767108                    0       1.010896274413                    0     -0.1241976113538     0.06418063272738    -0.06418063272738      0.1241976113538
            BPM.8L6.B1          13214.20424     0.02139574137371                    0       1.010872656549                    0    0.005096991883074      0.1820946677792     -0.1820946677792   -0.005096991883074
          BPMYA.5L6.B1          13311.29423     0.02862768412792                    0       1.014628691458                    0     -0.1152879484729      0.1112749146839     -0.1112749146839      0.1152879484729
          BPMYB.4L6.B1          13347.69423     0.02189196032221                    0       1.011129044669                    0    -0.08331731497341     0.07757827126173    -0.07757827126173     0.08331731497341
          BPMSA.4R6.B1          13568.51473     0.02313951093152                    0       1.011774496185                    0     -0.2075058719035    -0.02466828216443     0.02466828216443      0.2075058719035
          BPMYA.4R6.B1          13691.29423     0.01417831814973                    0       1.007165445217                    0     -0.1862252602705      0.1321563707872     -0.1321563707872      0.1862252602705
          BPMYB.5R6.B1          13727.69423     0.02001419216147                    0       1.010159859044                    0     -0.1623696216392      0.1246112613776     -0.1246112613776      0.1623696216392
            BPM.8R6.B1          13823.42122     0.02110744268666                    0       1.010723786932                    0    -0.09078113964202     -0.1200515584335      0.1200515584335     0.09078113964202
            BPM.9R6.B1          13862.48821     0.02075278618853                    0       1.010540742132                    0     -0.1774739532892     -0.0990674015327      0.0990674015327      0.1774739532892
           BPM.10R6.B1           13902.9532     0.02063373255898                    0       1.010479318636                    0     -0.1002590905025    -0.09407593140146     0.09407593140146      0.1002590905025
           BPM.11R6.B1          13954.79389     0.02115871143089                    0       1.010750255912                    0    -0.09564077958141      -0.059588741185       0.059588741185     0.09564077958141
           BPM.12R6.B1          14009.52037     0.02149240882259                    0       1.010922587724                    0     -0.0917240473764     -0.1309639997201      0.1309639997201      0.0917240473764
           BPM.13R6.B1          14062.97186     0.02006009857213                    0       1.010183519816                    0      -0.161733329962     -0.1353637681706      0.1353637681706       0.161733329962
           BPM.14R6.B1          14116.42334     0.02245080078498                    0       1.011418021986                    0     -0.1216776702669    -0.07878598721398     0.07878598721398      0.1216776702669
           BPM.15R6.B1          14169.87483     0.02180641988436                    0       1.011084833424                    0    -0.07852671709451    -0.08166762060678     0.08166762060678     0.07852671709451
           BPM.16R6.B1          14223.32631     0.02140697800989                    0       1.010878460175                    0    -0.07252330882537     -0.1526003944001      0.1526003944001     0.07252330882537
           BPM.17R6.B1          14276.77779      0.0203162558113                    0       1.010315577182                    0     -0.1737562336337     -0.1103136033882      0.1103136033882      0.1737562336337
           BPM.18R6.B1          14330.22928     0.02199804232819                    0       1.011183880801                    0     -0.1307165981171    -0.07642418681113     0.07642418681113      0.1307165981171
           BPM.19R6.B1          14383.68076     0.02104437262958                    0       1.010691228034                    0    -0.08867540722112    -0.06419997120045     0.06419997120045     0.08867540722112
           BPM.20R6.B1          14437.13225      0.0212837608452                    0       1.010814825031                    0     -0.1141610769454     -0.1277044089395      0.1277044089395      0.1141610769454
           BPM.21R6.B1          14490.58373      0.0215310862009                    0       1.010942567638                    0     -0.1742519181699     -0.1051374844982      0.1051374844982      0.1742519181699
           BPM.22R6.B1          14544.03522     0.02086451820874                    0       1.010598398371                    0     -0.1404618870746    -0.05558385211909     0.05558385211909      0.1404618870746
           BPM.23R6.B1           14597.4867     0.02133371203559                    0       1.010840620729                    0    -0.09100195581875    -0.06472950542683     0.06472950542683     0.09100195581875
           BPM.24R6.B1          14650.93818     0.02199274973863                    0       1.011181144733                    0     -0.1327477093748     -0.1241920293054      0.1241920293054      0.1327477093748
           BPM.25R6.B1          14704.38967     0.01943849828487                    0       1.009863279877                    0     -0.1809274930142    -0.08233766986902     0.08233766986902      0.1809274930142
           BPM.26R6.B1          14757.84115     0.02100007422352                    0       1.010668361578                    0     -0.1332173678959    -0.04338912770513     0.04338912770513      0.1332173678959
           BPM.27R6.B1          14811.29264     0.02153055694601                    0       1.010942294228                    0    -0.09769876507081    -0.05623684075513     0.05623684075513     0.09769876507081
           BPM.28R6.B1          14864.74412     0.02230357147073                    0       1.011341865428                    0     -0.1538369357963    -0.09602639105616     0.09602639105616      0.1538369357963
           BPM.29R6.B1           14918.1956     0.02279399054201                    0       1.011595608816                    0     -0.1840903899573    -0.07673360176814     0.07673360176814      0.1840903899573
           BPM.30R6.B1          14971.64709      0.0211057451114                    0       1.010722910545                    0     -0.1366585285805    -0.03405398110669     0.03405398110669      0.1366585285805
           BPM.32R6.B1          15078.55006     0.02159117414574                    0       1.010973610147                    0      -0.138427643953      -0.112760523098       0.112760523098       0.138427643953
           BPM.33R6.B1          15132.00154     0.02099406954487                    0       1.010665262134                    0     -0.1926028487198    -0.06743944174794     0.06743944174794      0.1926028487198
           BPM.34R6.B1          15185.45302     0.02058000821157                    0        1.01045160423                    0     -0.1374284109305    -0.02127135756365     0.02127135756365      0.1374284109305
           BPM.33L7.B1          15238.90451     0.02155699875695                    0       1.010955954178                    0    -0.09964978862613    -0.05553994411963     0.05553994411963     0.09964978862613
           BPM.31L7.B1          15345.80748     0.02204561069053                    0       1.011208472836                    0     -0.1947870502925    -0.06528337480021     0.06528337480021      0.1947870502925
           BPM.30L7.B1          15399.25896     0.02071146836915                    0       1.010519423706                    0     -0.1286026032372    -0.02915653593075     0.02915653593075      0.1286026032372
           BPM.29L7.B1          15452.71045     0.02114104167025                    0       1.010741133149                    0     -0.1018036804864    -0.05870862533062     0.05870862533062      0.1018036804864
           BPM.28L7.B1          15506.16193     0.02161394621054                    0        1.01098537535                    0     -0.1450970569799     -0.1142489456374      0.1142489456374      0.1450970569799
           BPM.27L7.B1          15559.61341     0.02154551645902                    0       1.010950022307                    0     -0.2035894967509    -0.04888087802831     0.04888087802831      0.2035894967509
           BPM.26L7.B1           15613.0649     0.01987263029462                    0       1.010086906648                    0     -0.1075185492648    -0.04056832460243     0.04056832460243      0.1075185492648
           BPM.25L7.B1          15666.51638     0.01999225215431                    0       1.010148551461                    0     -0.1065552734488     -0.0285314544194      0.0285314544194      0.1065552734488
           BPM.24L7.B1          15719.96787     0.01769854502337                    0       1.008968496669                    0     -0.1586493966838    -0.08797952619825     0.08797952619825      0.1586493966838
           BPM.23L7.B1          15773.41935      0.0230126136583                    0        1.01170878623                    0     -0.2050147983216    -0.03103078811725     0.03103078811725      0.2050147983216
           BPM.22L7.B1          15826.87083     0.02105083717207                    0       1.010694565105                    0     -0.1256166204574    -0.02463720467115     0.02463720467115      0.1256166204574
           BPM.21L7.B1          15880.32232     0.02254454448945                    0        1.01146652128                    0     -0.1186830575281    -0.03280604558935     0.03280604558935      0.1186830575281
           BPM.20L7.B1           15933.7738     0.02162233403761                    0       1.010989709031                    0     -0.1673304476439    -0.07982497579794     0.07982497579794      0.1673304476439
           BPM.19L7.B1          15987.22529     0.02150727302657                    0       1.010930266117                    0     -0.1999357278298    0.008239489529924   -0.008239489529924      0.1999357278298
           BPM.18L7.B1          16040.67677     0.02064451215271                    0       1.010484879705                    0     -0.1247752928627   -0.002623049876523    0.002623049876523      0.1247752928627
           BPM.17L7.B1          16094.12825     0.02106864920919                    0       1.010703760053                    0     -0.1200790270099    -0.05323604344551     0.05323604344551      0.1200790270099
           BPM.16L7.B1          16147.57974     0.02202435272694                    0       1.011197482608                    0     -0.1866110416764    -0.07031890159191     0.07031890159191      0.1866110416764
           BPM.14L7.B1          16254.48271     0.02072786771445                    0       1.010527884984                    0     -0.1092409158231     -0.0171516425108      0.0171516425108      0.1092409158231
           BPM.13L7.B1          16307.93419     0.02094964473322                    0       1.010642332198                    0     -0.1185304442301   0.0008772893286492  -0.0008772893286492      0.1185304442301
           BPM.12L7.B1          16361.38567     0.02197385617511                    0       1.011171377659                    0      -0.181207668452    -0.02537743673321     0.02537743673321       0.181207668452
           BPM.11L7.B1          16414.83716     0.02508458640979                    0       1.012783300192                    0     -0.1878061442695     0.01804041579966    -0.01804041579966      0.1878061442695
           BPM.10L7.B1          16467.61985     0.02045310421664                    0       1.010386148202                    0     -0.1218095857396    -0.02775590837153     0.02775590837153      0.1218095857396
            BPM.9L7.B1          16506.68684     0.02114105692623                    0       1.010741141026                    0    -0.08840977360115    -0.08881100399246     0.08881100399246     0.08840977360115
            BPM.8L7.B1          16547.15183     0.02121399827561                    0       1.010778801684                    0     -0.0512816839989      -0.194185629126       0.194185629126      0.0512816839989
            BPM.7L7.B1          16586.21782     0.02205621525541                    0        1.01121395546                    0     -0.0773094531929     -0.1818698280108      0.1818698280108      0.0773094531929
            BPM.6L7.B1          16621.03582     0.01332061430437                    0       1.006727594026                    0     -0.1457018296356      -0.119108577932       0.119108577932      0.1457018296356
          BPMWC.6L7.B1          16633.13832      0.0215128292346                    0       1.010933136329                    0    -0.09281164919895     -0.1122245168979      0.1122245168979     0.09281164919895
          BPMWE.5L7.B1          16710.19232     0.01555453423605                    0       1.007869188214                    0     0.02574531498796    -0.09150904642408     0.09150904642408    -0.02574531498796
           BPMW.5L7.B1          16733.39732     0.02050265532533                    0       1.010411704739                    0        0.13555888815     -0.1271228515999      0.1271228515999       -0.13555888815
          BPMWE.4L7.B1          16768.48232      0.0193862153395                    0       1.009836358304                    0      0.1220055074547     -0.1246967434596      0.1246967434596     -0.1220055074547
           BPMW.4L7.B1          16796.58732     0.02326139190338                    0       1.011837620654                    0      0.0284569757734       -0.22767216495        0.22767216495     -0.0284569757734
          BPMWE.4R7.B1          16940.73932    0.004291847993523                    0       1.002152856279                    0     0.07932327306907     0.03473799053622    -0.03473799053622    -0.07932327306907
           BPMW.5R7.B1          16975.82432      0.0201663182906                    0       1.010238273242                    0     0.09571304016827    -0.04629526689817     0.04629526689817    -0.09571304016827
           BPMR.6R7.B1          17078.24482     0.02169131569568                    0        1.01102535142                    0     0.06221648461875     -0.1493068464658      0.1493068464658    -0.06221648461875
          BPM_A.7R7.B1          17116.28082     0.02113369494285                    0       1.010737340163                    0     0.05306772284307     -0.1866612749555      0.1866612749555    -0.05306772284307
            BPM.8R7.B1          17155.34681      0.0208542978863                    0       1.010593124044                    0       0.025099529523     -0.1881597435444      0.1881597435444      -0.025099529523
           BPM.10R7.B1          17234.87878     0.02084607780112                    0       1.010588882025                    0      0.1657751061739     0.02181853692743    -0.02181853692743     -0.1657751061739
           BPM.11R7.B1          17287.66147     0.02191050400362                    0       1.011138629664                    0      0.2020265267537   -0.009989758683344    0.009989758683344     -0.2020265267537
           BPM.12R7.B1          17342.38796        0.02183316256                    0        1.01109865465                    0      0.1480916055717    -0.07702190997886     0.07702190997886     -0.1480916055717
           BPM.14R7.B1          17449.29093     0.02167903365262                    0       1.011019005089                    0      0.1596671342267     0.01239414185717    -0.01239414185717     -0.1596671342267
           BPM.15R7.B1          17502.74241     0.02053714830258                    0       1.010429496022                    0      0.2005520035795  -0.0004071807246504   0.0004071807246504     -0.2005520035795
           BPM.16R7.B1          17556.19389     0.02207999156544                    0       1.011226248281                    0      0.1306114089872    -0.09360108713652     0.09360108713652     -0.1306114089872
           BPM.17R7.B1          17609.64538     0.02205642189317                    0       1.011214062294                    0      0.1148370142552     -0.0044828358136      0.0044828358136     -0.1148370142552
           BPM.18R7.B1          17663.09686     0.02070237264652                    0        1.01051473084                    0      0.1688844576014    0.003109643503829   -0.003109643503829     -0.1688844576014
           BPM.19R7.B1          17716.54835     0.02138968704058                    0        1.01086952958                    0      0.2015321970493    -0.01305104841294     0.01305104841294     -0.2015321970493
           BPM.20R7.B1          17769.99983     0.02105926999778                    0       1.010698918276                    0       0.115982978113     -0.1032309357135      0.1032309357135      -0.115982978113
           BPM.21R7.B1          17823.45131     0.02276393915279                    0       1.011580054699                    0      0.1203359764639     -0.0121878400586      0.0121878400586     -0.1203359764639
           BPM.22R7.B1           17876.9028     0.02876347357575                    0       1.014699617051                    0       0.247471549935    0.007295700375239   -0.007295700375239      -0.247471549935
           BPM.23R7.B1          17930.35428     0.01546060501673                    0       1.007821109578                    0      0.1443327989009    -0.05602946087689     0.05602946087689     -0.1443327989009
           BPM.24R7.B1          17983.80577     0.02118322279515                    0       1.010762911351                    0     0.09729661741444     -0.1239856089983      0.1239856089983    -0.09729661741444
           BPM.25R7.B1          18037.25725     0.02107898484499                    0       1.010709095641                    0      0.1166073481444    -0.01188270442732     0.01188270442732     -0.1166073481444
           BPM.26R7.B1          18090.70874     0.02110478394837                    0       1.010722414338                    0      0.1753084661693    -0.01568610087115     0.01568610087115     -0.1753084661693
           BPM.27R7.B1          18144.16022     0.02151338280412                    0       1.010933422292                    0      0.1917919954888    -0.06025041468381     0.06025041468381     -0.1917919954888
           BPM.28R7.B1           18197.6117     0.02042325656692                    0        1.01037075488                    0      0.1018249874879     -0.1078895957353      0.1078895957353     -0.1018249874879
           BPM.29R7.B1          18251.06319     0.02086336242738                    0       1.010597801911                    0      0.1186280292233   6.653627694146e-05  -6.653627694146e-05     -0.1186280292233
           BPM.30R7.B1          18304.51467     0.02083986784205                    0       1.010585677378                    0      0.1690471826431     -0.0298647756659      0.0298647756659     -0.1690471826431
           BPM.32R7.B1          18411.41764     0.01978745268457                    0       1.010043018892                    0     0.09819691326872    -0.09540561392522     0.09540561392522    -0.09819691326872
           BPM.33R7.B1          18464.86912     0.02197954741645                    0       1.011174319731                    0      0.1145658371876    -0.03053986994788     0.03053986994788     -0.1145658371876
           BPM.34R7.B1          18518.32061     0.02014647622465                    0       1.010228044511                    0      0.1817544468981    -0.02168048124258     0.02168048124258     -0.1817544468981
           BPM.33L8.B1          18571.77209     0.02102287093135                    0       1.010680128848                    0      0.1586687226145     -0.1083804285002      0.1083804285002     -0.1586687226145
           BPM.32L8.B1          18625.22358     0.02124572042041                    0       1.010795181592                    0     0.09030407352579     -0.1116395476434      0.1116395476434    -0.09030407352579
           BPM.31L8.B1          18678.67506     0.02197728795016                    0       1.011173151703                    0      0.1203359814283    -0.02522168694499     0.02522168694499     -0.1203359814283
           BPM.30L8.B1          18732.12654     0.01885820376855                    0       1.009564594813                    0      0.1448746299626    -0.02925155364798     0.02925155364798     -0.1448746299626
           BPM.27L8.B1            18892.481     0.01936375857689                    0       1.009824795512                    0      0.1041119088008    -0.02949707670259     0.02949707670259     -0.1041119088008
           BPM.26L8.B1          18945.93248     0.02102356270327                    0       1.010680485936                    0      0.1641548621364    -0.06757069432711     0.06757069432711     -0.1641548621364
           BPM.25L8.B1          18999.38397     0.02227583847278                    0       1.011327522047                    0      0.1906132119488    -0.09254251594719     0.09254251594719     -0.1906132119488
           BPM.24L8.B1          19052.83545     0.01981134663031                    0       1.010055329669                    0     0.06869374222547     -0.1108595259032      0.1108595259032    -0.06869374222547
           BPM.23L8.B1          19106.28693     0.02188064128198                    0       1.011123194134                    0      0.1309067328896    -0.02986478377039     0.02986478377039     -0.1309067328896
           BPM.22L8.B1          19159.73842     0.02096625421944                    0       1.010650905028                    0      0.1757021817956    -0.06258400827673     0.06258400827673     -0.1757021817956
           BPM.21L8.B1           19213.1899     0.02005379257071                    0       1.010180269521                    0      0.1756077680504    -0.08627329182443     0.08627329182443     -0.1756077680504
           BPM.19L8.B1          19320.09287     0.02056601864718                    0       1.010444387905                    0      0.1248394393732   -0.008875875268133    0.008875875268133     -0.1248394393732
           BPM.18L8.B1          19373.54435     0.02107894085516                    0       1.010709072932                    0      0.1643168835154    -0.09415731413691     0.09415731413691     -0.1643168835154
           BPM.17L8.B1          19426.99584     0.02038246437863                    0        1.01034971827                    0      0.1119110114638     -0.1548141995319      0.1548141995319     -0.1119110114638
           BPM.15L8.B1          19533.89881     0.01988422823593                    0       1.010092882929                    0      0.1203605510904    -0.03457608670272     0.03457608670272     -0.1203605510904
           BPM.14L8.B1          19587.35029     0.02101061112802                    0       1.010673800497                    0      0.1489657173217     -0.1122454815389      0.1122454815389     -0.1489657173217
           BPM.12L8.B1          19694.25326      0.0213743778523                    0        1.01086162275                    0      0.0597576368021     -0.1104144097971      0.1104144097971     -0.0597576368021
           BPM.11L8.B1          19747.70474     0.02104382449042                    0       1.010690945079                    0      0.1195247922153    -0.05627667736137     0.05627667736137     -0.1195247922153
            BPM.9L8.B1          19838.61242     0.02095575293889                    0       1.010645484866                    0      0.1388324874564     -0.1424700519081      0.1424700519081     -0.1388324874564
            BPM.8L8.B1          19879.07741     0.02036609774219                    0       1.010341278334                    0     0.08822336023921    -0.07728511383132     0.07728511383132    -0.08822336023921
            BPM.7L8.B1           19918.1454     0.01996252214055                    0       1.010133229619                    0      0.1367873512721      0.0834890601472     -0.0834890601472     -0.1367873512721
           BPMR.6L8.B1           19950.6144     0.01990400764036                    0       1.010103075265                    0      0.1776106548742     0.09927478616364    -0.09927478616364     -0.1776106548742
            BPM.5L8.B1           20011.0334     0.02083251080146                    0       1.010581880819                    0     0.08658034504944    -0.07141915793687     0.07141915793687    -0.08658034504944
          BPMWB.4L8.B1           20056.1919     0.01991498499672                    0       1.010108732034                    0      0.1044178251089    -0.02978922596331     0.02978922596331     -0.1044178251089
           BPMS.2L8.B1           20144.3364      0.0194576813656                    0       1.009873158183                    0      0.1001977183628    -0.01695493760854     0.01695493760854     -0.1001977183628
          BPMSW.1R8.B1           20197.4604     0.01583510810197                    0       1.008012843818                    0     0.06014364214408     -0.1055345281451      0.1055345281451    -0.06014364214408
           BPMS.2R8.B1           20207.3944     0.03702244762761                    0       1.019041611244                    0     0.02118786765653     -0.4241992907471      0.4241992907471    -0.02118786765653
          BPMSX.4R8.B1           20245.3059    -0.02973409456389                   -1       0.985456489403                   -1    -0.06565209220348      0.7190018248315     -0.7190018248315     0.06565209220348
          BPMWB.4R8.B1           20295.4629     0.02025984098401                    0       1.010286489062                    0      0.1151959671805     0.01485285340237    -0.01485285340237     -0.1151959671805
          BPMYB.5R8.B1           20340.5074     0.02348997769397                    0        1.01195604144                    0      0.1509848467113   -0.007114621625027    0.007114621625027     -0.1509848467113
          BPM_A.7R8.B1           20446.8554     0.02193463033898                    0       1.011151100671                    0     0.07231966560584     0.09171196724098    -0.09171196724098    -0.07231966560584
            BPM.8R8.B1          20488.29241      0.0210834833757                    0       1.010711417954                    0     0.08930739512692      0.1162379934787     -0.1162379934787    -0.08930739512692
            BPM.9R8.B1          20527.35742     0.02017562333304                    0       1.010243070167                    0      0.1846945399741     0.04065545275682    -0.04065545275682     -0.1846945399741
           BPM.10R8.B1          20567.82043     0.01943856290229                    0       1.009863313151                    0     0.07834161125473     0.06988339882844    -0.06988339882844    -0.07834161125473
           BPM.11R8.B1          20619.65914     0.02119887739679                    0       1.010770994213                    0      0.1170369674372   -0.001974577667335    0.001974577667335     -0.1170369674372
           BPM.12R8.B1          20674.38266     0.02059532641785                    0       1.010459506095                    0       0.170536153524     0.07273265157903    -0.07273265157903      -0.170536153524
           BPM.13R8.B1          20727.83117     0.02087451846464                    0       1.010603559209                    0      0.1554255668618     0.09543017487541    -0.09543017487541     -0.1554255668618
           BPM.14R8.B1          20781.27969     0.02036718430662                    0       1.010341838646                    0      0.0870608187745      0.0711330844463     -0.0711330844463     -0.0870608187745
           BPM.15R8.B1          20834.72821     0.02143648525024                    0       1.010893700887                    0      0.1135291039986       0.022277944083      -0.022277944083     -0.1135291039986
           BPM.16R8.B1          20888.17672     0.02143525824526                    0       1.010893067116                    0      0.1585322392628      0.1112402873131     -0.1112402873131     -0.1585322392628
           BPM.17R8.B1          20941.62524     0.02202480929277                    0       1.011197718646                    0      0.1385247264403      0.1041261550069     -0.1041261550069     -0.1385247264403
           BPM.18R8.B1          20995.07375      0.0221237279411                    0       1.011248862019                    0     0.07649469811949     0.09767988959849    -0.09767988959849    -0.07649469811949
           BPM.20R8.B1          21101.97079     0.02134430811945                    0       1.010846092992                    0      0.1669807569919        0.10701762844       -0.10701762844     -0.1669807569919
           BPM.22R8.B1          21208.86782     0.02032664584227                    0       1.010320934673                    0     0.05726013989024     0.08650677690769    -0.08650677690769    -0.05726013989024
           BPM.23R8.B1          21262.31633     0.02057825849907                    0       1.010450701657                    0      0.1109948825476     0.08988173899296    -0.08988173899296     -0.1109948825476
           BPM.24R8.B1          21315.76485     0.01983688571293                    0       1.010068488559                    0      0.1734782651588     0.09706885785195    -0.09706885785195     -0.1734782651588
           BPM.25R8.B1          21369.21337     0.02258251830515                    0       1.011486169419                    0      0.1702953567981      0.1532329001677     -0.1532329001677     -0.1702953567981
           BPM.26R8.B1          21422.66188     0.01707401160406                    0       1.008647905557                    0   -0.008426846585063     0.07354466175149    -0.07354466175149    0.008426846585063
           BPM.27R8.B1           21476.1104     0.02057240339115                    0       1.010447681369                    0      0.0962260097391     0.05987984740358    -0.05987984740358     -0.0962260097391
           BPM.28R8.B1          21529.55891     0.02107479210346                    0       1.010706931203                    0       0.160089778687      0.1038004091604     -0.1038004091604      -0.160089778687
           BPM.30R8.B1          21636.45594     0.01992925637155                    0       1.010116086395                    0     0.06279673715235       0.088292598126      -0.088292598126    -0.06279673715235
           BPM.31R8.B1          21689.90446     0.02089005415961                    0       1.010611576882                    0      0.1009061440673     0.05779812909817    -0.05779812909817     -0.1009061440673
           BPM.32R8.B1          21743.35298     0.02072643085903                    0       1.010527143627                    0      0.1725726169318     0.09649591408398    -0.09649591408398     -0.1725726169318
           BPM.33R8.B1          21796.80149     0.02025685895603                    0       1.010284951564                    0      0.1376211651042      0.1005095005091     -0.1005095005091     -0.1376211651042
           BPM.34R8.B1          21850.25001     0.02026863816963                    0       1.010291024824                    0     0.07196750901603     0.08152459348606    -0.08152459348606    -0.07196750901603
           BPM.33L1.B1          21903.69852      0.0212052669638                    0       1.010774293361                    0     0.09909752993439     0.06902048981985    -0.06902048981985    -0.09909752993439
           BPM.32L1.B1          21957.14704     0.02158461146164                    0       1.010970219607                    0      0.1636037216459      0.1062600726887     -0.1062600726887     -0.1636037216459
           BPM.31L1.B1          22010.59556    0.008672894890303                    0       1.004364860034                    0      0.1100635323414     0.03080345065521    -0.03080345065521     -0.1100635323414
           BPM.30L1.B1          22064.04407     0.02243779712101                    0       1.011411294954                    0      0.1360679967765     0.09467258918796    -0.09467258918796     -0.1360679967765
           BPM.29L1.B1          22117.49259     0.02106792690441                    0        1.01070338718                    0      0.1087559688315     0.03688334320142    -0.03688334320142     -0.1087559688315
           BPM.28L1.B1           22170.9411     0.01929439294947                    0       1.009789082262                    0      0.1453361162159      0.1156817025491     -0.1156817025491     -0.1453361162159
           BPM.27L1.B1          22224.38962     0.02079979154455                    0       1.010564996752                    0      0.1472496476826     0.09955871532523    -0.09955871532523     -0.1472496476826
           BPM.26L1.B1          22277.83814     0.01904504429817                    0       1.009660735111                    0     0.05789076281667     0.08687357976572    -0.08687357976572    -0.05789076281667
           BPM.25L1.B1          22331.28665      0.0203747778732                    0       1.010345754472                    0     0.09422879478289     0.06872424792411    -0.06872424792411    -0.09422879478289
           BPM.23L1.B1          22438.18368     0.02166337789794                    0       1.011010915681                    0       0.128809265173      0.1032945472855     -0.1032945472855      -0.128809265173
           BPM.22L1.B1           22491.6322     0.02191982704727                    0       1.011143448731                    0     0.09528712077475     0.07925622720873    -0.07925622720873    -0.09528712077475
           BPM.21L1.B1          22545.08071     0.02054144168625                    0       1.010431710591                    0     0.09888170067569     0.04547005050524    -0.04547005050524    -0.09888170067569
           BPM.20L1.B1          22598.52923     0.02022209490064                    0       1.010267028159                    0      0.1526898061818       0.117317495561      -0.117317495561     -0.1526898061818
           BPM.18L1.B1          22705.42626     0.02086351805925                    0       1.010597882227                    0     0.08081068519402     0.08423083426065    -0.08423083426065    -0.08081068519402
           BPM.17L1.B1          22758.87478     0.02184762328251                    0       1.011106128517                    0       0.106270194705     0.05484040174013    -0.05484040174013      -0.106270194705
           BPM.16L1.B1          22812.32329     0.02125391496808                    0       1.010799413023                    0      0.1712222728964      0.0968472457303     -0.0968472457303     -0.1712222728964
           BPM.15L1.B1          22865.77181     0.02173244716753                    0       1.011046605587                    0      0.1504324882375      0.1058425695698     -0.1058425695698     -0.1504324882375
           BPM.13L1.B1          22972.66884     0.02168164112736                    0       1.011020352404                    0     0.09458525880925     0.06588234531394    -0.06588234531394    -0.09458525880925
           BPM.12L1.B1          23026.11736     0.02132609385316                    0       1.010836686434                    0      0.1493381760101        0.12289950635       -0.12289950635     -0.1493381760101
           BPM.11L1.B1          23079.56587     0.02147928180638                    0       1.010915806855                    0      0.1277528467879       0.108847547778      -0.108847547778     -0.1277528467879
            BPM.9L1.B1           23171.4116     0.02263639431701                    0       1.011514047524                    0     0.01392633476019      0.1239381388306     -0.1239381388306    -0.01392633476019
            BPM.8L1.B1          23211.87461     0.02350715552258                    0       1.011964942238                    0      0.0127109761211      0.2018465747695     -0.2018465747695     -0.0127109761211
           BPMR.7L1.B1          23250.94062     0.02005590191361                    0       1.010181356734                    0      0.1420340453015     0.08910529441188    -0.08910529441188     -0.1420340453015
           BPMR.5L1.B1          23326.02462     0.08905195737782                    0        1.04773920878                    0     -0.3604621577488    -0.02111635816186     0.02111635816186      0.3604621577488
          BPMYA.4L1.B1          23347.14262    -0.03924598678672                   -1      0.9809363358203                   -1      0.2099792171613      0.6361529121513     -0.6361529121513     -0.2099792171613
          BPMWB.4L1.B1          23368.27512     0.02112789199129                    0       1.010734344231                    0    -0.04686527409717     -0.1366921086535      0.1366921086535     0.04686527409717
          BPMSY.4L1.B1          23461.05512     0.06797813750179                    0       1.035826339144                    0      0.3752216213894      0.2654456890442     -0.2654456890442     -0.3752216213894
           BPMS.2L1.B1          23487.84062     0.07669686390993                    0       1.040705487769                    0     -0.1293839534347     -0.4104503229088      0.4104503229088      0.1293839534347
          BPMSW.1R1.B1          23540.93362      0.3256214989489                    0       1.217721970168                    0      0.9873299790324      0.3780824251108     -0.3780824251108     -0.9873299790324
           BPMS.2R1.B1          23550.89862     0.05097620334885                    0       1.026505897378                    0     -0.1953068985632     -0.5118910285016      0.5118910285016      0.1953068985632
          BPMSY.4R1.B1          23577.68412     0.03061742412641                    0       1.015669463408                    0    -0.02639582261178     -0.1728805124336      0.1728805124336     0.02639582261178
          BPMWB.4R1.B1          23670.46412     0.03219457847052                    0       1.016496703778                    0     -0.1108701963065     -0.1690180758021      0.1690180758021      0.1108701963065
          BPMYA.4R1.B1          23691.59662     0.02963413748185                    0        1.01515473624                    0     0.08509866297455     -0.1896029551974      0.1896029551974    -0.08509866297455
            BPM.5R1.B1          23719.00462     0.02067184137201                    0       1.010498978948                    0   0.0001224254844579     -0.1079070399542      0.1079070399542  -0.0001224254844579
           BPMR.6R1.B1          23750.90462     0.03168824608449                    0       1.016230904825                    0      0.1840810058681      0.1416102347843     -0.1416102347843     -0.1840810058681
          BPMSX.7R1.B1          23757.12012     0.02284534898945                    0       1.011622192784                    0     0.07892942774162      0.1145769805001     -0.1145769805001    -0.07892942774162
          BPM_A.7R1.B1          23778.62862     0.02224524292716                    0       1.011311698877                    0     0.08558489867473     0.08978582138979    -0.08978582138979    -0.08558489867473
            BPM.8R1.B1          23820.06761     0.02140384483004                    0       1.010876841905                    0      0.1022895770304     -0.0480824438899      0.0480824438899     -0.1022895770304
            BPM.9R1.B1           23859.1346     0.02098239741402                    0       1.010659237394                    0      0.1765657129251      0.1031056636019     -0.1031056636019     -0.1765657129251
           BPM.10R1.B1          23899.59958     0.02116281374233                    0       1.010752373939                    0      0.1051499371909      0.1170578343129     -0.1170578343129     -0.1051499371909
           BPM.11R1.B1          23952.38227     0.02084976232767                    0       1.010590783438                    0     0.05796434848149     0.09453934224745    -0.09453934224745    -0.05796434848149
           BPM.12R1.B1          24007.10876     0.02148831895608                    0       1.010920475055                    0      0.1103883848482     0.03807406870935    -0.03807406870935     -0.1103883848482
           BPM.13R1.B1          24060.56024      0.0224645177093                    0       1.011425118145                    0      0.1651570230614     0.08489295478811    -0.08489295478811     -0.1651570230614
           BPM.14R1.B1          24114.01173     0.02053240251934                    0       1.010427048118                    0       0.155123136063     0.08876547145661    -0.08876547145661      -0.155123136063
           BPM.15R1.B1          24167.46321     0.02148154415136                    0       1.010916975479                    0     0.08015537474894     0.08804972044987    -0.08804972044987    -0.08015537474894
           BPM.17R1.B1          24274.36618      0.0210193998234                    0       1.010678337095                    0      0.1610895709251     0.08679020191535    -0.08679020191535     -0.1610895709251
           BPM.18R1.B1          24327.81766     0.02093063567099                    0       1.010632521118                    0      0.1534935485351     0.09959988181518    -0.09959988181518     -0.1534935485351
           BPM.19R1.B1          24381.26915     0.02075761894428                    0       1.010543235739                    0      0.0847249648807     0.08367861093132    -0.08367861093132     -0.0847249648807
           BPM.20R1.B1          24434.72063     0.02141545290241                    0        1.01088283745                    0      0.1017404149971      0.0614307113576     -0.0614307113576     -0.1017404149971
           BPM.21R1.B1          24488.17211     0.02188479198946                    0       1.011125339521                    0      0.1720634473891     0.08019274599884    -0.08019274599884     -0.1720634473891
           BPM.23R1.B1          24595.07508     0.02140918654739                    0       1.010879600878                    0     0.07550072287783      0.0863727742605     -0.0863727742605    -0.07550072287783
           BPM.24R1.B1          24648.52657     0.02120564101283                    0       1.010774486496                    0      0.1088970249903     0.03963790332453    -0.03963790332453     -0.1088970249903
           BPM.25R1.B1          24701.97805     0.02145534988917                    0       1.010903444976                    0       0.164766942551      0.1018915018675     -0.1018915018675      -0.164766942551
           BPM.26R1.B1          24755.42954     0.02035088164913                    0       1.010333431898                    0      0.1388394552455     0.08752317745739    -0.08752317745739     -0.1388394552455
           BPM.27R1.B1          24808.88102      0.0196178514869                    0       1.009955648924                    0     0.06797494373632     0.08696300629553    -0.08696300629553    -0.06797494373632
           BPM.28R1.B1           24862.3325     0.02140671668883                    0       1.010878325204                    0      0.1085695358321      0.0430502939721     -0.0430502939721     -0.1085695358321
           BPM.29R1.B1          24915.78399     0.02025859758846                    0       1.010285847981                    0      0.1673287433326     0.08302370229595    -0.08302370229595     -0.1673287433326
           BPM.30R1.B1          24969.23547     0.02169999703881                    0       1.011029837282                    0      0.1242098449627      0.1180812126437     -0.1180812126437     -0.1242098449627
           BPM.32R1.B1          25076.13844     0.02121700879988                    0       1.010780356151                    0      0.1110548717244      0.0323533136649     -0.0323533136649     -0.1110548717244
           BPM.33R1.B1          25129.58992     0.02181346538011                    0       1.011088474642                    0      0.1652327470567     0.08391524633622    -0.08391524633622     -0.1652327470567
           BPM.34R1.B1          25183.04141     0.02092879092483                    0       1.010631569011                    0      0.1325102561891        0.11432622838       -0.11432622838     -0.1325102561891
           BPM.32L2.B1          25289.94438     0.02165584966337                    0       1.011007025873                    0      0.1723782262103     0.09351807276977    -0.09351807276977     -0.1723782262103
           BPM.30L2.B1          25396.84734     0.02150232095389                    0       1.010927708008                    0      0.0318276240014      0.1300056116105     -0.1300056116105     -0.0318276240014
           BPM.29L2.B1          25450.29883     0.02143578658418                    0       1.010893340013                    0     0.01478556433039      0.1759619995992     -0.1759619995992    -0.01478556433039
           BPM.28L2.B1          25503.75031     0.02193727269084                    0       1.011152466542                    0      0.1813696485823     0.08700651423015    -0.08700651423015     -0.1813696485823
           BPM.27L2.B1           25557.2018      0.0206102033222                    0       1.010467180492                    0      0.1536301636039     0.05738201630532    -0.05738201630532     -0.1536301636039
           BPM.26L2.B1          25610.65328     0.02179145352408                    0       1.011077098715                    0     0.03468559988023      0.1251752705392     -0.1251752705392    -0.03468559988023
           BPM.25L2.B1          25664.10477     0.02178617534187                    0       1.011074370959                    0     0.02727075486205      0.1792971447338     -0.1792971447338    -0.02727075486205
           BPM.24L2.B1          25717.55625     0.02146620072371                    0       1.010909049849                    0       0.173504049999      0.1077886173358     -0.1077886173358      -0.173504049999
           BPM.23L2.B1          25771.00773     0.02241613543671                    0       1.011400089269                    0      0.1527233276914     0.04213765137865    -0.04213765137865     -0.1527233276914
           BPM.22L2.B1          25824.45922      0.0211918480956                    0       1.010767364785                    0     0.02808939467438      0.1264783177606     -0.1264783177606    -0.02808939467438
           BPM.21L2.B1           25877.9107     0.02078422289308                    0       1.010556963182                    0     0.03927209330199      0.1704338542414     -0.1704338542414    -0.03927209330199
           BPM.20L2.B1          25931.36219     0.02011573223585                    0       1.010212196373                    0      0.1689520205634      0.1002346233316     -0.1002346233316     -0.1689520205634
           BPM.19L2.B1          25984.81367     0.02100057673361                    0       1.010668620961                    0      0.1444664657846     0.06315687161718    -0.06315687161718     -0.1444664657846
           BPM.18L2.B1          26038.26515     0.02100496855833                    0       1.010670887915                    0     0.02857087020396      0.1209482974419     -0.1209482974419    -0.02857087020396
           BPM.17L2.B1          26091.71664     0.02129379229886                    0       1.010820005296                    0     0.01998905502121      0.1835683091626     -0.1835683091626    -0.01998905502121
           BPM.16L2.B1          26145.16812     0.02211726824191                    0       1.011245521959                    0      0.1608159106728      0.1156369999949     -0.1156369999949     -0.1608159106728
           BPM.15L2.B1          26198.61961     0.02153105491903                    0       1.010942551478                    0      0.1555961248198     0.04219618933416    -0.04219618933416     -0.1555961248198
           BPM.13L2.B1          26305.52257      0.0222907145326                    0       1.011335215802                    0     0.01075521032302      0.1945649954598     -0.1945649954598    -0.01075521032302
           BPM.12L2.B1          26358.97406     0.02133630040384                    0       1.010841957463                    0      0.1710657431458      0.1133029961615     -0.1133029961615     -0.1710657431458
           BPM.10L2.B1          26464.26623     0.02167068518404                    0       1.011014691369                    0     0.03054157390647      0.1337682889442     -0.1337682889442    -0.03054157390647
            BPM.9L2.B1          26503.33322      0.0212977618483                    0       1.010822055203                    0   -0.002322453538848      0.1772865973413     -0.1772865973413    0.002322453538848
            BPM.8L2.B1          26543.79821     0.02055179004304                    0       1.010437048433                    0     0.09571735571297      0.1715875901435     -0.1715875901435    -0.09571735571297
            BPM.7L2.B1           26582.8662     0.02033224771321                    0       1.010323823244                    0     -0.0702529227094      0.0833952394885     -0.0833952394885      0.0702529227094
           BPMR.6L2.B1           26614.9722    -0.00131101531077                   -1      0.9993451361767                   -1    -0.03234489889907    0.002378268479781   -0.002378268479781     0.03234489889907