@ GetLLMVersion %s "V3.0.0 Dev"
@ Command %s "/usr/bin/python2 '/home/eirik/CERN/beta-Beat/GetLLM/GetLLM.py' '--accel=LHCB1' '--model=model_opticsfile.19_Qx0.313_Qy0.317_beam1/twiss.dat' '--files=/home/eirik/CERN/global_coupling_correction3/data_analysis/hole_in_one_dir/Beam1@Turn@2018_08_06@22_58_41_834.sdds' '--output=/home/eirik/CERN/global_coupling_correction3/data_analysis/outputfiles/' '--tbtana=SUSSIX' '--bpmu=mm' '--lhcphase=1' '--errordefs=model_opticsfile.19_Qx0.313_Qy0.317_beam1/error_deffs.txt' '--coupling=1'"
@ CWD %s "/home/eirik/CERN/global_coupling_correction3/data_analysis"
@ Date %s "28. June 2021, 09:52:23"
@ Q1 %le 0.30100635133449
@ MUX %le 0.0
@ Q2 %le 0.32900639333715176
@ MUY %le 0.0
@ FILES %s "/home/eirik/CERN/global_coupling_correction3/data_analysis/hole_in_one_dir/Beam1@Turn@2018_08_06@22_58_41_834.sdds.linx"
*                 NAME                NAME2                    S                   S1                COUNT               PHASEX               STDPHX               PHXMDL               MUXMDL
$                   %s                   %s                  %le                  %le                  %le                  %le                  %le                  %le                  %le
        "BPMYB.5L2.B1"       "BPMYB.4L2.B1"               28.288               48.858                    1        0.02043762877                    0        0.02705978576        0.03056173507
        "BPMYB.4L2.B1"       "BPMWI.4L2.B1"               48.858              73.3255                    1       0.053789063958                    0        0.05323728827        0.05762152083
        "BPMWI.4L2.B1"       "BPMSX.4L2.B1"              73.3255             123.4825                    1        0.07147456335                    0         0.0744031102         0.1108588091
        "BPMSX.4L2.B1"       "BPMSW.1L2.B1"             123.4825              171.328                    1       0.076839741638                    0         0.0785878573         0.1852619193
        "BPMSW.1L2.B1"       "BPMSW.1R2.B1"              171.328              214.518                    1      0.6557312741826                    0         0.3521625752         0.2638497766
        "BPMSW.1R2.B1"        "BPMS.2R2.B1"              214.518              224.452                    1      0.0179332490308                    0         0.0192050283         0.6160123518
         "BPMS.2R2.B1"       "BPMSX.4R2.B1"              224.452             262.3635                    1      0.0438084115092                    0         0.0470785972         0.6352173801
        "BPMSX.4R2.B1"       "BPMWB.4R2.B1"             262.3635             312.5965                    1      0.1024373254409                    0          0.086624965         0.6822959773
        "BPMWB.4R2.B1"       "BPMYB.4R2.B1"             312.5965              336.988                    1        0.04209491287                    0         0.0353150835         0.7689209423
        "BPMYB.4R2.B1"        "BPMR.5R2.B1"              336.988              366.522                    1       0.100505453215                    0         0.0917571907         0.8042360258
         "BPMR.5R2.B1"         "BPM.6R2.B1"              366.522              439.818                    1       0.151357046018                    0         0.1391497135         0.8959932165
          "BPM.6R2.B1"       "BPM_A.7R2.B1"              439.818              452.693                    1       0.014690484891                    0          0.016486268           1.03514293
        "BPM_A.7R2.B1"         "BPM.9R2.B1"              452.693          533.1950212                    1       0.247966767595                    0          0.253000816          1.051629198
          "BPM.9R2.B1"        "BPM.10R2.B1"          533.1950212          573.6580318                    1      0.1713848965466                    0          0.157870461          1.304630014
         "BPM.10R2.B1"        "BPM.11R2.B1"          573.6580318          625.4967424                    1     0.08833386524663                    0          0.103436079          1.462500475
         "BPM.11R2.B1"        "BPM.13R2.B1"          625.4967424          733.6687742                    1      0.2646945798838                    0          0.268128042          1.565936554
         "BPM.13R2.B1"        "BPM.14R2.B1"          733.6687742          787.1172901                    1        0.13871567278                    0          0.128631023          1.834064596
         "BPM.14R2.B1"        "BPM.15R2.B1"          787.1172901           840.565806                    1       0.099375220372                    0          0.109439693          1.962695619
         "BPM.15R2.B1"        "BPM.16R2.B1"           840.565806          894.0143219                    1       0.137318372327                    0          0.143881389          2.072135312
         "BPM.16R2.B1"        "BPM.17R2.B1"          894.0143219          947.4628378                    1       0.137189127368                    0          0.118414273          2.216016701
         "BPM.17R2.B1"        "BPM.18R2.B1"          947.4628378          1000.911354                    1       0.122232542208                    0          0.128611364          2.334430974
         "BPM.18R2.B1"        "BPM.19R2.B1"          1000.911354           1054.35987                    1      0.1042042606097                    0          0.109468855          2.463042338
         "BPM.19R2.B1"        "BPM.20R2.B1"           1054.35987          1107.808386                    1      0.1420891721533                    0          0.143907583          2.572511193
         "BPM.20R2.B1"        "BPM.21R2.B1"          1107.808386          1161.256901                    1       0.126342676066                    0          0.118381032          2.716418776
         "BPM.21R2.B1"        "BPM.22R2.B1"          1161.256901          1214.705417                    1       0.126614430061                    0          0.128589264          2.834799808
         "BPM.22R2.B1"        "BPM.23R2.B1"          1214.705417          1268.153933                    1       0.107616173523                    0          0.112452934          2.963389072
         "BPM.23R2.B1"        "BPM.24R2.B1"          1268.153933          1321.602449                    1        0.14193298098                    0          0.147293715          3.075842006
         "BPM.24R2.B1"        "BPM.25R2.B1"          1321.602449          1375.050965                    1       0.128728794695                    0          0.117037754          3.223135721
         "BPM.25R2.B1"        "BPM.26R2.B1"          1375.050965          1428.499481                    1      0.1273615087384                    0          0.128421233          3.340173475
         "BPM.26R2.B1"        "BPM.27R2.B1"          1428.499481          1481.947997                    1      0.1190773880499                    0          0.113008965          3.468594708
         "BPM.27R2.B1"        "BPM.28R2.B1"          1481.947997          1535.396513                    1      0.1378821042367                    0          0.147472793          3.581603673
         "BPM.28R2.B1"        "BPM.29R2.B1"          1535.396513          1588.845029                    1       0.110288534496                    0           0.11644384          3.729076466
         "BPM.29R2.B1"        "BPM.30R2.B1"          1588.845029          1642.293545                    1       0.136513875763                    0          0.128296158          3.845520306
         "BPM.30R2.B1"        "BPM.31R2.B1"          1642.293545           1695.74206                    1       0.112231174006                    0          0.113578537          3.973816464
         "BPM.31R2.B1"        "BPM.32R2.B1"           1695.74206          1749.190576                    1       0.139228436223                    0          0.147600364          4.087395001
         "BPM.32R2.B1"        "BPM.33R2.B1"          1749.190576          1802.639092                    1       0.117005959726                    0          0.115846985          4.234995365
         "BPM.33R2.B1"        "BPM.33L3.B1"          1802.639092          1909.536124                    1      0.2402573007221                    0          0.242372738           4.35084235
         "BPM.33L3.B1"        "BPM.32L3.B1"          1909.536124           1962.98464                    1      0.1501849838369                    0           0.14767558          4.593215088
         "BPM.32L3.B1"        "BPM.31L3.B1"           1962.98464          2016.433156                    1       0.125866071049                    0          0.115250234          4.740890668
         "BPM.31L3.B1"        "BPM.30L3.B1"          2016.433156          2069.881672                    1       0.123187640971                    0           0.12817399          4.856140902
         "BPM.30L3.B1"        "BPM.29L3.B1"          2069.881672          2123.330188                    1       0.112153972053                    0          0.114747933          4.984314892
         "BPM.29L3.B1"        "BPM.28L3.B1"          2123.330188          2176.778704                    1       0.143648074186                    0           0.14769799          5.099062825
         "BPM.28L3.B1"        "BPM.27L3.B1"          2176.778704           2230.22722                    1       0.115955916346                    0          0.114656539          5.246760815
         "BPM.27L3.B1"        "BPM.26L3.B1"           2230.22722          2283.675735                    1       0.130127716425                    0            0.1281773          5.361417354
         "BPM.26L3.B1"        "BPM.25L3.B1"          2283.675735          2337.124251                    1       0.115133449839                    0          0.115342274          5.489594654
         "BPM.25L3.B1"        "BPM.24L3.B1"          2337.124251          2390.572767                    1       0.139390011458                    0          0.147667403          5.604936928
         "BPM.24L3.B1"        "BPM.23L3.B1"          2390.572767          2444.021283                    1       0.127802147694                    0          0.114068808          5.752604331
         "BPM.23L3.B1"        "BPM.22L3.B1"          2444.021283          2497.469799                    1       0.122738667842                    0            0.1282236          5.866673139
         "BPM.22L3.B1"        "BPM.21L3.B1"          2497.469799          2550.918315                    1       0.112797102092                    0          0.115939247          5.994896739
         "BPM.21L3.B1"        "BPM.20L3.B1"          2550.918315          2604.366831                    1       0.150285582785                    0          0.148470946          6.110835986
         "BPM.20L3.B1"        "BPM.18L3.B1"          2604.366831          2711.263863                    1      0.2378352686633                    0          0.235944343          6.259306932
         "BPM.18L3.B1"        "BPM.16L3.B1"          2711.263863          2818.160894                    1      0.2592065276437                    0           0.26444595          6.495251275
         "BPM.16L3.B1"        "BPM.15L3.B1"          2818.160894           2871.60941                    1       0.123949909456                    0          0.111293067          6.759697225
         "BPM.15L3.B1"        "BPM.14L3.B1"           2871.60941          2925.057926                    1       0.126372631246                    0          0.124615528          6.870990292
         "BPM.14L3.B1"        "BPM.13L3.B1"          2925.057926          2978.506442                    1       0.097507044016                    0          0.116039477           6.99560582
         "BPM.13L3.B1"        "BPM.12L3.B1"          2978.506442          3031.954958                    1        0.14493299699                    0          0.146951536          7.111645297
         "BPM.12L3.B1"        "BPM.11L3.B1"          3031.954958          3085.403474                    1       0.143635389383                    0          0.124082838          7.258596833
         "BPM.11L3.B1"        "BPM.10L3.B1"          3085.403474          3138.184185                    1      0.1324229784733                    0          0.139728336          7.382679671
         "BPM.10L3.B1"         "BPM.9L3.B1"          3138.184185          3177.249195                    1      0.0613766814384                    0          0.061460887          7.522408007
          "BPM.9L3.B1"         "BPM.8L3.B1"          3177.249195          3217.712206                    1      0.0695178881007                    0          0.081817821          7.583868894
          "BPM.8L3.B1"         "BPM.7L3.B1"          3217.712206          3256.776216                    1      0.0676174536396                    0          0.063540164          7.665686715
          "BPM.7L3.B1"         "BPM.6L3.B1"          3256.776216          3329.415216                    1       0.123692126156                    0          0.113586302          7.729226879
          "BPM.6L3.B1"      "BPMWG.A5L3.B1"          3329.415216          3371.119716                    1       0.046997238338                    0          0.053701943          7.842813181
       "BPMWG.A5L3.B1"        "BPMW.5L3.B1"          3371.119716          3400.089716                    1        0.08502394375                    0          0.077244801          7.896515124
         "BPMW.5L3.B1"       "BPMWE.4L3.B1"          3400.089716          3475.217716                    1       0.096099192743                    0          0.101415778          7.973759925
        "BPMWE.4L3.B1"        "BPMW.4L3.B1"          3475.217716          3502.762716                    1       0.007821368231                    0          0.015782909          8.075175703
         "BPMW.4L3.B1"        "BPMW.4R3.B1"          3502.762716          3547.727716                    1       0.079881047334                    0          0.075012556          8.090958612
         "BPMW.4R3.B1"       "BPMWE.4R3.B1"          3547.727716          3575.272716                    1       0.166167748244                    0           0.15435543          8.165971168
        "BPMWE.4R3.B1"        "BPMW.5R3.B1"          3575.272716          3650.400716                    1       0.116924990667                    0          0.121687272          8.320326598
         "BPMW.5R3.B1"      "BPMWJ.A5R3.B1"          3650.400716          3679.118716                    1        0.00756371105                    0          0.011701667           8.44201387
       "BPMWJ.A5R3.B1"       "BPMWC.6R3.B1"          3679.118716          3718.936716                    1      0.0371982264537                    0          0.043160427          8.453715537
        "BPMWC.6R3.B1"        "BPMR.6R3.B1"          3718.936716          3731.015216                    1      0.0424385540851                    0          0.039019043          8.496875964
         "BPMR.6R3.B1"         "BPM.8R3.B1"          3731.015216          3825.903227                    1      0.3107117351422                    0          0.311177171          8.535895007
          "BPM.8R3.B1"         "BPM.9R3.B1"          3825.903227          3864.968238                    1       0.100737576764                    0          0.097012441          8.847072178
          "BPM.9R3.B1"        "BPM.10R3.B1"          3864.968238          3905.431248                    1       0.071615311895                    0          0.070559466          8.944084619
         "BPM.10R3.B1"        "BPM.11R3.B1"          3905.431248          3958.211959                    1       0.088343654603                    0          0.094577835          9.014644085
         "BPM.11R3.B1"        "BPM.12R3.B1"          3958.211959          4012.935475                    1       0.099767430497                    0          0.108575188           9.10922192
         "BPM.12R3.B1"        "BPM.13R3.B1"          4012.935475          4066.383991                    1       0.125737297834                    0          0.119206461          9.217797108
         "BPM.13R3.B1"        "BPM.14R3.B1"          4066.383991          4119.832506                    1       0.117056967696                    0          0.107520798          9.337003569
         "BPM.14R3.B1"        "BPM.15R3.B1"          4119.832506          4173.281022                    1      0.1256413776544                    0          0.134553666          9.444524367
         "BPM.15R3.B1"        "BPM.16R3.B1"          4173.281022          4226.729538                    1     0.07767041905831                    0          0.120831106          9.579078033
         "BPM.16R3.B1"        "BPM.17R3.B1"          4226.729538          4280.178054                    1      0.1882411558713                    0          0.137452108          9.699909139
         "BPM.17R3.B1"        "BPM.18R3.B1"          4280.178054           4333.62657                    1       0.114163629341                    0          0.107516066          9.837361247
         "BPM.18R3.B1"        "BPM.19R3.B1"           4333.62657          4387.075086                    1       0.121094352444                    0          0.134588997          9.944877313
         "BPM.19R3.B1"        "BPM.20R3.B1"          4387.075086          4440.523602                    1       0.114841157026                    0           0.12083754          10.07946631
         "BPM.20R3.B1"        "BPM.21R3.B1"          4440.523602          4493.972118                    1       0.144692567485                    0           0.13741566          10.20030385
         "BPM.21R3.B1"        "BPM.22R3.B1"          4493.972118          4547.420634                    1       0.112781960422                    0           0.10751082          10.33771951
         "BPM.22R3.B1"        "BPM.23R3.B1"          4547.420634           4600.86915                    1      0.1302359428102                    0           0.13374267          10.44523033
         "BPM.23R3.B1"        "BPM.24R3.B1"           4600.86915          4654.317666                    1      0.1278778852298                    0           0.12317672            10.578973
         "BPM.24R3.B1"        "BPM.25R3.B1"          4654.317666          4707.766181                    1       0.139867394853                    0           0.14092833          10.70214972
         "BPM.25R3.B1"        "BPM.26R3.B1"          4707.766181          4761.214697                    1       0.108069771162                    0           0.10731518          10.84307805
         "BPM.26R3.B1"        "BPM.27R3.B1"          4761.214697          4814.663213                    1       0.128220236272                    0           0.13435759          10.95039323
         "BPM.27R3.B1"        "BPM.28R3.B1"          4814.663213          4868.111729                    1       0.123120127058                    0           0.12340031          11.08475082
         "BPM.28R3.B1"        "BPM.29R3.B1"          4868.111729          4921.560245                    1       0.141453317004                    0           0.14026026          11.20815113
         "BPM.29R3.B1"        "BPM.30R3.B1"          4921.560245          4975.008761                    1       0.103663125165                    0            0.1071548          11.34841139
         "BPM.30R3.B1"        "BPM.31R3.B1"          4975.008761          5028.457277                    1      0.1333434598269                    0           0.13499161          11.45556619
         "BPM.31R3.B1"        "BPM.32R3.B1"          5028.457277          5081.905793                    1      0.1210260063501                    0           0.12358005           11.5905578
         "BPM.32R3.B1"        "BPM.33R3.B1"          5081.905793          5135.354309                    1       0.148439440751                    0           0.13958276          11.71413785
         "BPM.33R3.B1"        "BPM.34R3.B1"          5135.354309          5188.802825                    1       0.115554594755                    0           0.10703033          11.85372061
         "BPM.34R3.B1"        "BPM.33L4.B1"          5188.802825           5242.25134                    1        0.11975975029                    0             0.135642          11.96075094
         "BPM.33L4.B1"        "BPM.32L4.B1"           5242.25134          5295.699856                    1       0.122870940778                    0           0.12371475          12.09639294
         "BPM.32L4.B1"        "BPM.31L4.B1"          5295.699856          5349.148372                    1       0.148047455454                    0           0.13889943          12.22010769
         "BPM.31L4.B1"        "BPM.30L4.B1"          5349.148372          5402.596888                    1       0.114501589701                    0           0.10694215          12.35900712
         "BPM.30L4.B1"        "BPM.29L4.B1"          5402.596888          5456.045404                    1       0.120874723973                    0           0.13630575          12.46594927
         "BPM.29L4.B1"        "BPM.28L4.B1"          5456.045404           5509.49392                    1       0.125598133212                    0           0.12380355          12.60225502
         "BPM.28L4.B1"        "BPM.27L4.B1"           5509.49392          5562.942436                    1        0.14630569345                    0           0.13821375          12.72605857
         "BPM.27L4.B1"        "BPM.26L4.B1"          5562.942436          5616.390952                    1       0.113349515859                    0           0.10689056          12.86427232
         "BPM.26L4.B1"        "BPM.25L4.B1"          5616.390952          5669.839468                    1       0.120826248534                    0           0.13697984          12.97116288
         "BPM.25L4.B1"        "BPM.23L4.B1"          5669.839468            5776.7365                    1       0.277684155769                    0           0.26137501          13.10814272
         "BPM.23L4.B1"        "BPM.22L4.B1"            5776.7365          5830.185015                    1      0.0982464439581                    0            0.1068757          13.36951773
         "BPM.22L4.B1"        "BPM.21L4.B1"          5830.185015          5883.633531                    1      0.1304206397055                    0           0.13766105          13.47639343
         "BPM.21L4.B1"        "BPM.20L4.B1"          5883.633531          5937.082047                    1      0.1314334430844                    0           0.12080269          13.61405448
         "BPM.20L4.B1"        "BPM.19L4.B1"          5937.082047          5990.530563                    1       0.132487071414                    0           0.13434996          13.73485717
         "BPM.19L4.B1"        "BPM.18L4.B1"          5990.530563          6043.979079                    1       0.083712705243                    0           0.10754431          13.86920713
         "BPM.18L4.B1"        "BPM.17L4.B1"          6043.979079          6097.427595                    1       0.151741255562                    0           0.13769821          13.97675144
         "BPM.17L4.B1"        "BPM.16L4.B1"          6097.427595          6150.876111                    1       0.132445168824                    0           0.12079517          14.11444965
         "BPM.16L4.B1"        "BPM.15L4.B1"          6150.876111          6204.324627                    1       0.135637245876                    0           0.13431492          14.23524482
         "BPM.15L4.B1"        "BPM.14L4.B1"          6204.324627          6257.773143                    1      0.1092457911164                    0           0.10755057          14.36955974
         "BPM.14L4.B1"        "BPM.13L4.B1"          6257.773143          6311.221659                    1      0.1241630622585                    0           0.13773455          14.47711031
         "BPM.13L4.B1"        "BPM.11L4.B1"          6311.221659           6418.11869                    1      0.2687406262511                    0            0.2599761          14.61484486
         "BPM.11L4.B1"        "BPM.10L4.B1"           6418.11869          6469.957401                    1       0.110719758325                    0            0.1080631          14.87482096
         "BPM.10L4.B1"         "BPM.9L4.B1"          6469.957401          6509.022412                    1        0.11601697369                    0           0.12621804          14.98288406
          "BPM.9L4.B1"         "BPM.7L4.B1"          6509.022412          6588.549433                    1       0.316007838888                    0           0.31105493           15.1091021
          "BPM.7L4.B1"       "BPMYB.6L4.B1"          6588.549433          6685.153433                    1      0.1385432366878                    0           0.13346199          15.42015703
        "BPMYB.6L4.B1"       "BPMYA.5L4.B1"          6685.153433          6722.153433                    1     0.01512891763075                    0           0.02611364          15.55361902
        "BPMYA.5L4.B1"      "BPMWI.A5L4.B1"          6722.153433          6798.755933                    1     0.03329910770985                    0           0.03212775          15.57973266
       "BPMWI.A5L4.B1"      "BPMWA.B5L4.B1"          6798.755933          6824.619933                    1      0.0094244628353                    0           0.01368396          15.61186041
       "BPMWA.B5L4.B1"      "BPMWA.A5L4.B1"          6824.619933          6833.504933                    1      0.0103002659741                    0           0.00506603          15.62554437
       "BPMWA.A5L4.B1"      "BPMWA.A5R4.B1"          6833.504933          6881.553933                    1      0.0358612512042                    0           0.03057894           15.6306104
       "BPMWA.A5R4.B1"      "BPMWA.B5R4.B1"          6881.553933          6890.438933                    1      0.0040704202574                    0           0.00619629          15.66118934
       "BPMWA.B5R4.B1"       "BPMYB.5R4.B1"          6890.438933          6992.829433                    1      0.0806397422796                    0           0.07655633          15.66738563
        "BPMYB.5R4.B1"       "BPMYA.6R4.B1"          6992.829433          7024.393433                    1       0.021430554068                    0           0.01436317          15.74394196
        "BPMYA.6R4.B1"         "BPM.7R4.B1"          7024.393433          7120.909433                    1       0.106362130493                    0           0.16683805          15.75830513
          "BPM.7R4.B1"         "BPM.8R4.B1"          7120.909433          7158.698443                    1       0.133893213383                    0           0.15510217          15.92514318
          "BPM.8R4.B1"         "BPM.9R4.B1"          7158.698443          7197.763454                    1       0.225285748345                    0           0.13114406          16.08024535
          "BPM.9R4.B1"        "BPM.10R4.B1"          7197.763454          7238.226465                    1       0.122769974672                    0           0.15829071          16.21138941
         "BPM.10R4.B1"        "BPM.11R4.B1"          7238.226465          7290.065175                    1       0.055240014845                    0            0.1184009          16.36968012
         "BPM.11R4.B1"        "BPM.12R4.B1"          7290.065175          7344.788691                    1      0.1772361564469                    0           0.14053834          16.48808102
         "BPM.12R4.B1"        "BPM.13R4.B1"          7344.788691          7398.237207                    1      0.1601601639061                    0           0.10734171          16.62861936
         "BPM.13R4.B1"        "BPM.14R4.B1"          7398.237207          7451.685723                    1       0.098649609998                    0           0.13105311          16.73596107
         "BPM.14R4.B1"        "BPM.15R4.B1"          7451.685723          7505.134239                    1       0.073769559503                    0           0.12117794          16.86701418
         "BPM.15R4.B1"        "BPM.16R4.B1"          7505.134239          7558.582755                    1       0.161315170439                    0           0.14105814          16.98819212
         "BPM.16R4.B1"        "BPM.17R4.B1"          7558.582755          7612.031271                    1       0.165816901396                    0           0.10676968          17.12925026
         "BPM.17R4.B1"        "BPM.18R4.B1"          7612.031271          7665.479786                    1       0.104427972266                    0           0.13105869          17.23601994
         "BPM.18R4.B1"        "BPM.19R4.B1"          7665.479786          7718.928302                    1       0.078219780848                    0           0.12118173          17.36707863
         "BPM.19R4.B1"        "BPM.20R4.B1"          7718.928302          7772.376818                    1      0.1660778145482                    0           0.14105118          17.48826036
         "BPM.20R4.B1"        "BPM.21R4.B1"          7772.376818          7825.825334                    1      0.1649942548458                    0            0.1067666          17.62931154
         "BPM.21R4.B1"        "BPM.22R4.B1"          7825.825334           7879.27385                    1        0.09057231642                    0           0.13106491          17.73607814
         "BPM.22R4.B1"        "BPM.23R4.B1"           7879.27385          7932.722366                    1       0.080574282755                    0           0.12114666          17.86714305
         "BPM.23R4.B1"        "BPM.24R4.B1"          7932.722366          7986.170882                    1       0.155351285844                    0           0.14099327          17.98828971
         "BPM.24R4.B1"        "BPM.26R4.B1"          7986.170882          8093.067914                    1       0.261630255728                    0           0.23782323          18.12928298
         "BPM.26R4.B1"        "BPM.27R4.B1"          8093.067914           8146.51643                    1        0.07209646908                    0           0.12114447          18.36710621
         "BPM.27R4.B1"        "BPM.28R4.B1"           8146.51643          8199.964946                    1      0.1694310726284                    0            0.1409972          18.48825068
         "BPM.28R4.B1"        "BPM.29R4.B1"          8199.964946          8253.413461                    1      0.1676960792176                    0           0.10676366          18.62924788
         "BPM.29R4.B1"        "BPM.30R4.B1"          8253.413461          8306.861977                    1       0.096782815306                    0            0.1310578          18.73601154
         "BPM.30R4.B1"        "BPM.31R4.B1"          8306.861977          8360.310493                    1        0.07584944004                    0           0.12114231          18.86706934
         "BPM.31R4.B1"        "BPM.32R4.B1"          8360.310493          8413.759009                    1       0.148167703563                    0           0.14100116          18.98821165
         "BPM.32R4.B1"        "BPM.33R4.B1"          8413.759009          8467.207525                    1       0.175095738585                    0           0.10676542          19.12921281
         "BPM.33R4.B1"        "BPM.34R4.B1"          8467.207525          8520.656041                    1       0.095600446785                    0           0.13105428          19.23597823
         "BPM.34R4.B1"        "BPM.33L5.B1"          8520.656041          8574.104557                    1       0.077538115664                    0           0.12114012          19.36703251
         "BPM.33L5.B1"        "BPM.32L5.B1"          8574.104557          8627.553073                    1      0.1497211797328                    0           0.14100511          19.48817263
         "BPM.32L5.B1"        "BPM.31L5.B1"          8627.553073          8681.001589                    1      0.1676566124562                    0           0.10676719          19.62917774
         "BPM.31L5.B1"        "BPM.30L5.B1"          8681.001589          8734.450105                    1       0.102439651191                    0           0.13105073          19.73594493
         "BPM.30L5.B1"        "BPM.28L5.B1"          8734.450105          8841.347136                    1       0.214830363059                    0           0.26214705          19.86699566
         "BPM.28L5.B1"        "BPM.27L5.B1"          8841.347136          8894.795652                    1       0.176076722413                    0           0.10676894          20.12914271
         "BPM.27L5.B1"        "BPM.25L5.B1"          8894.795652          9001.692684                    1       0.201180545426                    0           0.25218294          20.23591165
         "BPM.25L5.B1"        "BPM.24L5.B1"          9001.692684            9055.1412                    1      0.1368763226235                    0           0.14101301          20.48809459
         "BPM.24L5.B1"        "BPM.23L5.B1"            9055.1412          9108.589716                    1      0.1638468516575                    0           0.10677072           20.6291076
         "BPM.23L5.B1"        "BPM.22L5.B1"          9108.589716          9162.038232                    1        0.10332411464                    0           0.13104363          20.73587832
         "BPM.22L5.B1"        "BPM.21L5.B1"          9162.038232          9215.486748                    1       0.071375420294                    0           0.12113363          20.86692195
         "BPM.21L5.B1"        "BPM.20L5.B1"          9215.486748          9268.935264                    1       0.154918614213                    0           0.14102481          20.98805558
         "BPM.20L5.B1"        "BPM.19L5.B1"          9268.935264          9322.383779                    1       0.172487258453                    0           0.10681142          21.12908039
         "BPM.19L5.B1"        "BPM.18L5.B1"          9322.383779          9375.832295                    1        0.11431817711                    0           0.13109458          21.23589181
         "BPM.18L5.B1"        "BPM.17L5.B1"          9375.832295          9429.280811                    1        0.07169618313                    0           0.12113739          21.36698639
         "BPM.17L5.B1"        "BPM.16L5.B1"          9429.280811          9482.729327                    1      0.1468194955362                    0            0.1410179          21.48812378
         "BPM.16L5.B1"        "BPM.15L5.B1"          9482.729327          9536.177843                    1      0.1654476454078                    0           0.10680835          21.62914168
         "BPM.15L5.B1"        "BPM.13L5.B1"          9536.177843          9643.074875                    1       0.183561644644                    0           0.25224198          21.73595003
         "BPM.13L5.B1"        "BPM.12L5.B1"          9643.074875          9696.523391                    1       0.159558067431                    0           0.14248933          21.98819201
         "BPM.12L5.B1"        "BPM.11L5.B1"          9696.523391          9749.971907                    1       0.153864042951                    0           0.10345872          22.13068134
         "BPM.11L5.B1"        "BPM.10L5.B1"          9749.971907          9802.752617                    1       0.105868651407                    0           0.12686338          22.23414006
         "BPM.10L5.B1"         "BPM.9L5.B1"          9802.752617          9841.817628                    1       0.071704297096                    0           0.10924039          22.36100344
          "BPM.9L5.B1"         "BPM.8L5.B1"          9841.817628          9882.280639                    1      0.2273606691029                    0           0.19421792          22.47024383
          "BPM.8L5.B1"        "BPMR.7L5.B1"          9882.280639          9921.346649                    1      0.1232004718241                    0            0.0934636          22.66446175
         "BPMR.7L5.B1"         "BPM.6L5.B1"          9921.346649          9958.240649                    1       0.089058132687                    0           0.09507171          22.75792535
          "BPM.6L5.B1"        "BPMR.5L5.B1"          9958.240649          9990.140649                    1       0.001013447604                    0            0.0171122          22.85299706
         "BPMR.5L5.B1"       "BPMYA.4L5.B1"          9990.140649          10017.54665                    1       0.003126730415                    0    0.006510760000001          22.87010926
        "BPMYA.4L5.B1"       "BPMWB.4L5.B1"          10017.54665          10038.68115                    1        0.01025893035                    0           0.00297149          22.87662002
        "BPMWB.4L5.B1"       "BPMSY.4L5.B1"          10038.68115          10131.46115                    1       0.997543831123                    0    0.008592099999998          22.87959151
        "BPMSY.4L5.B1"        "BPMS.2L5.B1"          10131.46115          10158.24665                    1       0.008321306996                    0    0.001192970000002          22.88818361
         "BPMS.2L5.B1"       "BPMSW.1L5.B1"          10158.24665          10168.21165                    1       0.993737802558                    0   0.0008731699999984          22.88937658
        "BPMSW.1L5.B1"       "BPMSW.1R5.B1"          10168.21165          10211.33965                    1       0.502237684585                    0            0.4938537          22.89024975
        "BPMSW.1R5.B1"        "BPMS.2R5.B1"          10211.33965          10221.30465                    1         0.0009959908                    0    0.001116199999998          23.38410345
         "BPMS.2R5.B1"       "BPMSY.4R5.B1"          10221.30465          10248.09015                    1       0.001076627723                    0           0.00171752          23.38521965
        "BPMSY.4R5.B1"       "BPMWB.4R5.B1"          10248.09015          10340.87015                    1       0.996731829102                    0           0.00730897          23.38693717
        "BPMWB.4R5.B1"       "BPMYA.4R5.B1"          10340.87015          10362.00265                    1       0.002424625108                    0    0.006120580000001          23.39424614
        "BPMYA.4R5.B1"         "BPM.5R5.B1"          10362.00265          10383.12065                    1       0.017554448269                    0           0.01305237          23.40036672
          "BPM.5R5.B1"       "BPM_A.7R5.B1"          10383.12065          10449.03465                    1       0.458288171962                    0           0.42662177          23.41341909
        "BPM_A.7R5.B1"         "BPM.8R5.B1"          10449.03465          10490.47364                    1       0.060490462012                    0           0.12534248          23.84004086
          "BPM.8R5.B1"         "BPM.9R5.B1"          10490.47364          10529.54063                    1       0.259251540931                    0           0.20090265          23.96538334
          "BPM.9R5.B1"        "BPM.10R5.B1"          10529.54063          10570.00562                    1       0.111710239483                    0            0.0874809          24.16628599
         "BPM.10R5.B1"        "BPM.11R5.B1"          10570.00562          10622.78831                    1       0.075158972317                    0           0.12116494          24.25376689
         "BPM.11R5.B1"        "BPM.12R5.B1"          10622.78831          10677.51479                    1       0.076398927767                    0           0.11733944          24.37493183
         "BPM.12R5.B1"        "BPM.13R5.B1"          10677.51479          10730.96627                    1      0.1736763348705                    0           0.13792328          24.49227127
         "BPM.13R5.B1"        "BPM.14R5.B1"          10730.96627          10784.41776                    1      0.1520320368535                    0           0.10672363          24.63019455
         "BPM.14R5.B1"        "BPM.15R5.B1"          10784.41776          10837.86924                    1       0.103660741147                    0           0.13117346          24.73691818
         "BPM.15R5.B1"        "BPM.16R5.B1"          10837.86924          10891.32073                    1       0.074107055455                    0           0.12125631          24.86809164
         "BPM.16R5.B1"        "BPM.17R5.B1"          10891.32073          10944.77221                    1       0.152980257332                    0           0.14094283          24.98934795
         "BPM.17R5.B1"        "BPM.18R5.B1"          10944.77221           10998.2237                    1       0.161615827636                    0           0.10671897          25.13029078
         "BPM.18R5.B1"        "BPM.19R5.B1"           10998.2237          11051.67518                    1       0.106023122371                    0           0.13118333          25.23700975
         "BPM.19R5.B1"        "BPM.20R5.B1"          11051.67518          11105.12666                    1       0.066433222588                    0           0.12126214          25.36819308
         "BPM.20R5.B1"        "BPM.21R5.B1"          11105.12666          11158.57815                    1      0.1786379227495                    0           0.14093181          25.48945522
         "BPM.21R5.B1"        "BPM.22R5.B1"          11158.57815          11212.02963                    1      0.1583445819555                    0           0.10671423          25.63038703
         "BPM.22R5.B1"        "BPM.24R5.B1"          11212.02963           11318.9326                    1       0.159483744243                    0           0.25240643          25.73710126
         "BPM.24R5.B1"        "BPM.25R5.B1"           11318.9326          11372.38408                    1       0.163350345562                    0           0.14087938          25.98950769
         "BPM.25R5.B1"        "BPM.26R5.B1"          11372.38408          11425.83557                    1       0.160829431526                    0           0.10671422          26.13038707
         "BPM.26R5.B1"        "BPM.27R5.B1"          11425.83557          11479.28705                    1       0.105184795344                    0           0.13118498          26.23710129
         "BPM.27R5.B1"        "BPM.28R5.B1"          11479.28705          11532.73854                    1       0.082366149702                    0           0.12122142          26.36828627
         "BPM.28R5.B1"        "BPM.29R5.B1"          11532.73854          11586.19002                    1      0.1695509120417                    0           0.14087934          26.48950769
         "BPM.29R5.B1"        "BPM.30R5.B1"          11586.19002           11639.6415                    1      0.1583942024413                    0           0.10671425          26.63038703
         "BPM.30R5.B1"        "BPM.31R5.B1"           11639.6415          11693.09299                    1       0.100815064462                    0           0.13118499          26.73710128
         "BPM.31R5.B1"        "BPM.32R5.B1"          11693.09299          11746.54447                    1       0.070149082513                    0           0.12122145          26.86828627
         "BPM.32R5.B1"        "BPM.33R5.B1"          11746.54447          11799.99596                    1       0.163853877561                    0           0.14087935          26.98950772
         "BPM.33R5.B1"        "BPM.34R5.B1"          11799.99596          11853.44744                    1       0.162568958791                    0           0.10671422          27.13038707
         "BPM.34R5.B1"        "BPM.32L6.B1"          11853.44744          11960.35041                    1       0.175296112925                    0           0.25240641          27.23710129
         "BPM.32L6.B1"        "BPM.31L6.B1"          11960.35041          12013.80189                    1      0.1757329141802                    0           0.14087936           27.4895077
         "BPM.31L6.B1"        "BPM.30L6.B1"          12013.80189          12067.25338                    1      0.1478073575128                    0           0.10671422          27.63038706
         "BPM.30L6.B1"        "BPM.29L6.B1"          12067.25338          12120.70486                    1       0.097125561699                    0           0.13118495          27.73710128
         "BPM.29L6.B1"        "BPM.28L6.B1"          12120.70486          12174.15635                    1        0.06939273883                    0           0.12122146          27.86828623
         "BPM.28L6.B1"        "BPM.27L6.B1"          12174.15635          12227.60783                    1       0.185399891019                    0           0.14087938          27.98950769
         "BPM.27L6.B1"        "BPM.26L6.B1"          12227.60783          12281.05931                    1       0.143203915214                    0           0.10671422          28.13038707
         "BPM.26L6.B1"        "BPM.25L6.B1"          12281.05931           12334.5108                    1         0.1100542979                    0           0.13118498          28.23710129
         "BPM.25L6.B1"        "BPM.24L6.B1"           12334.5108          12387.96228                    1       0.068479768658                    0           0.12122142          28.36828627
         "BPM.24L6.B1"        "BPM.23L6.B1"          12387.96228          12441.41377                    1      0.1444835446561                    0           0.14087934          28.48950769
         "BPM.23L6.B1"        "BPM.22L6.B1"          12441.41377          12494.86525                    1      0.1794377269579                    0           0.10671423          28.63038703
         "BPM.22L6.B1"        "BPM.21L6.B1"          12494.86525          12548.31673                    1       0.098309017547                    0           0.13118497          28.73710126
         "BPM.21L6.B1"        "BPM.20L6.B1"          12548.31673          12601.76822                    1        0.07562685373                    0           0.12126036          28.86828623
         "BPM.20L6.B1"        "BPM.19L6.B1"          12601.76822           12655.2197                    1       0.163928018886                    0            0.1409303          28.98954659
         "BPM.19L6.B1"        "BPM.18L6.B1"           12655.2197          12708.67119                    1       0.157719039862                    0           0.10671593          29.13047689
         "BPM.18L6.B1"        "BPM.17L6.B1"          12708.67119          12762.12267                    1       0.103880146497                    0           0.13119486          29.23719282
         "BPM.17L6.B1"        "BPM.16L6.B1"          12762.12267          12815.57415                    1        0.07212966385                    0           0.12126617          29.36838768
         "BPM.16L6.B1"        "BPM.15L6.B1"          12815.57415          12869.02564                    1       0.160802807242                    0           0.14091928          29.48965385
         "BPM.15L6.B1"        "BPM.14L6.B1"          12869.02564          12922.47712                    1       0.156506496838                    0           0.10671121          29.63057313
         "BPM.14L6.B1"        "BPM.13L6.B1"          12922.47712          12975.92861                    1       0.105697123432                    0           0.13120472          29.73728434
         "BPM.13L6.B1"        "BPM.12L6.B1"          12975.92861          13029.38009                    1       0.076320096405                    0           0.12266507          29.86848906
         "BPM.12L6.B1"        "BPM.10L6.B1"          13029.38009          13134.67226                    1       0.319255631168                    0            0.2482517          29.99115413
         "BPM.10L6.B1"         "BPM.9L6.B1"          13134.67226          13173.73925                    1       0.093616476113                    0           0.11474763          30.23940583
          "BPM.9L6.B1"         "BPM.8L6.B1"          13173.73925          13214.20424                    1       0.079165962662                    0             0.129914          30.35415346
          "BPM.8L6.B1"       "BPMYA.5L6.B1"          13214.20424          13311.29423                    1       0.320587795213                    0           0.24430354          30.48406746
        "BPMYA.5L6.B1"       "BPMYB.4L6.B1"          13311.29423          13347.69423                    1       0.007310118058                    0           0.01405949            30.728371
        "BPMYB.4L6.B1"      "BPMSX.B4L6.B1"          13347.69423          13383.23473                    1       0.031858987757                    0           0.02829062          30.74243049
       "BPMSX.B4L6.B1"      "BPMSX.A4L6.B1"          13383.23473          13383.81973                    1       0.997953304763                    0   0.0005184199999988          30.77072111
       "BPMSX.A4L6.B1"       "BPMSA.4R6.B1"          13383.81973          13568.51473                    1       0.177116443885                    0            0.1776305          30.77123953
        "BPMSA.4R6.B1"      "BPMSI.A4R6.B1"          13568.51473          13661.77473                    1        0.04444288267                    0           0.04663259          30.94887003
       "BPMSI.A4R6.B1"      "BPMSI.B4R6.B1"          13661.77473          13662.40973                    1       0.995225702925                    0   0.0002280100000007          30.99550262
       "BPMSI.B4R6.B1"       "BPMYA.4R6.B1"          13662.40973          13691.29423                    1       0.010496687786                    0            0.0094572          30.99573063
        "BPMYA.4R6.B1"       "BPMYB.5R6.B1"          13691.29423          13727.69423                    1        0.01875782347                    0           0.02251706          31.00518783
        "BPMYB.5R6.B1"         "BPM.8R6.B1"          13727.69423          13823.42122                    1       0.336206633572                    0           0.31294712          31.02770489
          "BPM.8R6.B1"         "BPM.9R6.B1"          13823.42122          13862.48821                    1      0.1436347935497                    0           0.15416708          31.34065201
          "BPM.9R6.B1"        "BPM.10R6.B1"          13862.48821           13902.9532                    1      0.1611080782193                    0           0.15864373          31.49481909
         "BPM.10R6.B1"        "BPM.11R6.B1"           13902.9532          13954.79389                    1       0.097865736194                    0           0.09679081          31.65346282
         "BPM.11R6.B1"        "BPM.12R6.B1"          13954.79389          14009.52037                    1       0.137637026016                    0           0.13255568          31.75025363
         "BPM.12R6.B1"        "BPM.13R6.B1"          14009.52037          14062.97186                    1       0.120266707448                    0           0.12385089          31.88280931
         "BPM.13R6.B1"        "BPM.14R6.B1"          14062.97186          14116.42334                    1       0.147229857601                    0           0.13979202           32.0066602
         "BPM.14R6.B1"        "BPM.15R6.B1"          14116.42334          14169.87483                    1       0.104957066451                    0           0.10918692          32.14645222
         "BPM.15R6.B1"        "BPM.16R6.B1"          14169.87483          14223.32631                    1       0.131788331661                    0           0.13825954          32.25563914
         "BPM.16R6.B1"        "BPM.17R6.B1"          14223.32631          14276.77779                    1      0.1102019925907                    0           0.12241851          32.39389868
         "BPM.17R6.B1"        "BPM.18R6.B1"          14276.77779          14330.22928                    1      0.1541744698636                    0           0.13890555          32.51631719
         "BPM.18R6.B1"        "BPM.19R6.B1"          14330.22928          14383.68076                    1      0.1081999016247                    0           0.10915742          32.65522274
         "BPM.19R6.B1"        "BPM.20R6.B1"          14383.68076          14437.13225                    1       0.129171516151                    0           0.13914022          32.76438016
         "BPM.20R6.B1"        "BPM.21R6.B1"          14437.13225          14490.58373                    1       0.130860718028                    0           0.12240568          32.90352038
         "BPM.21R6.B1"        "BPM.22R6.B1"          14490.58373          14544.03522                    1        0.13249660035                    0           0.13802783          33.02592606
         "BPM.22R6.B1"        "BPM.23R6.B1"          14544.03522           14597.4867                    1       0.112761649801                    0           0.10635521          33.16395389
         "BPM.23R6.B1"        "BPM.24R6.B1"           14597.4867          14650.93818                    1       0.128002158732                    0           0.13642709           33.2703091
         "BPM.24R6.B1"        "BPM.25R6.B1"          14650.93818          14704.38967                    1      0.1235419308334                    0           0.12316722          33.40673619
         "BPM.25R6.B1"        "BPM.26R6.B1"          14704.38967          14757.84115                    1      0.1475962024406                    0           0.13757136          33.52990341
         "BPM.26R6.B1"        "BPM.27R6.B1"          14757.84115          14811.29264                    1       0.102012940127                    0           0.10633454          33.66747477
         "BPM.27R6.B1"        "BPM.28R6.B1"          14811.29264          14864.74412                    1       0.126194947177                    0           0.13687938          33.77380931
         "BPM.28R6.B1"        "BPM.29R6.B1"          14864.74412           14918.1956                    1       0.132215163698                    0           0.12318312          33.91068869
         "BPM.29R6.B1"        "BPM.30R6.B1"           14918.1956          14971.64709                    1       0.140237243577                    0           0.13711531          34.03387181
         "BPM.30R6.B1"        "BPM.31R6.B1"          14971.64709          15025.09857                    1        0.11274032624                    0           0.10633026          34.17098712
         "BPM.31R6.B1"        "BPM.32R6.B1"          15025.09857          15078.55006                    1       0.125613424672                    0           0.13733444          34.27731738
         "BPM.32R6.B1"        "BPM.33R6.B1"          15078.55006          15132.00154                    1       0.125339863611                    0           0.12317808          34.41465182
         "BPM.33R6.B1"        "BPM.34R6.B1"          15132.00154          15185.45302                    1       0.141357531228                    0           0.13666144           34.5378299
         "BPM.34R6.B1"        "BPM.33L7.B1"          15185.45302          15238.90451                    1       0.109645230536                    0           0.10634243          34.67449134
         "BPM.33L7.B1"        "BPM.32L7.B1"          15238.90451          15292.35599                    1       0.125518688527                    0           0.13779124          34.78083377
         "BPM.32L7.B1"        "BPM.31L7.B1"          15292.35599          15345.80748                    1       0.129305326463                    0           0.12315219          34.91862501
         "BPM.31L7.B1"        "BPM.30L7.B1"          15345.80748          15399.25896                    1       0.142399506089                    0           0.13621077           35.0417772
         "BPM.30L7.B1"        "BPM.29L7.B1"          15399.25896          15452.71045                    1       0.103578470372                    0           0.10637099          35.17798797
         "BPM.29L7.B1"        "BPM.28L7.B1"          15452.71045          15506.16193                    1       0.131416597332                    0           0.13824881          35.28435896
         "BPM.28L7.B1"        "BPM.27L7.B1"          15506.16193          15559.61341                    1      0.1255857168354                    0           0.12310548          35.42260777
         "BPM.27L7.B1"        "BPM.26L7.B1"          15559.61341           15613.0649                    1      0.1526305382616                    0           0.13576425          35.54571325
         "BPM.26L7.B1"        "BPM.25L7.B1"           15613.0649          15666.51638                    1       0.102574525133                    0           0.10641587           35.6814775
         "BPM.25L7.B1"        "BPM.24L7.B1"          15666.51638          15719.96787                    1       0.125224090133                    0           0.13870602          35.78789337
         "BPM.24L7.B1"        "BPM.23L7.B1"          15719.96787          15773.41935                    1       0.116952777369                    0           0.12303816          35.92659939
         "BPM.23L7.B1"        "BPM.22L7.B1"          15773.41935          15826.87083                    1       0.151139779691                    0            0.1353229          36.04963755
         "BPM.22L7.B1"        "BPM.21L7.B1"          15826.87083          15880.32232                    1       0.101836123232                    0           0.10647706          36.18496045
         "BPM.21L7.B1"        "BPM.20L7.B1"          15880.32232           15933.7738                    1       0.130160220259                    0           0.13826711          36.29143751
         "BPM.20L7.B1"        "BPM.19L7.B1"           15933.7738          15987.22529                    1      0.1326899989869                    0           0.12544617          36.42970462
         "BPM.19L7.B1"        "BPM.18L7.B1"          15987.22529          16040.67677                    1      0.1389796039971                    0           0.13838515          36.55515079
         "BPM.18L7.B1"        "BPM.17L7.B1"          16040.67677          16094.12825                    1       0.113010840531                    0             0.106472          36.69353594
         "BPM.17L7.B1"        "BPM.16L7.B1"          16094.12825          16147.57974                    1       0.135097132031                    0           0.13953046          36.80000794
         "BPM.16L7.B1"        "BPM.14L7.B1"          16147.57974          16254.48271                    1       0.265618833126                    0            0.2625217           36.9395384
         "BPM.14L7.B1"        "BPM.13L7.B1"          16254.48271          16307.93419                    1       0.097494997259                    0           0.10657695           37.2020601
         "BPM.13L7.B1"        "BPM.12L7.B1"          16307.93419          16361.38567                    1        0.10167800578                    0           0.14382989          37.30863705
         "BPM.12L7.B1"        "BPM.11L7.B1"          16361.38567          16414.83716                    1      0.1657735032013                    0           0.12750066          37.45246694
         "BPM.11L7.B1"        "BPM.10L7.B1"          16414.83716          16467.61985                    1      0.1522805247877                    0           0.13805697           37.5799676
         "BPM.10L7.B1"         "BPM.9L7.B1"          16467.61985          16506.68684                    1       0.085976205287                    0           0.08760681          37.71802457
          "BPM.9L7.B1"         "BPM.8L7.B1"          16506.68684          16547.15183                    1       0.196829952036                    0           0.20084921          37.80563138
          "BPM.8L7.B1"         "BPM.7L7.B1"          16547.15183          16586.21782                    1       0.084991208535                    0     0.08641927999999          38.00648059
          "BPM.7L7.B1"         "BPM.6L7.B1"          16586.21782          16621.03582                    1       0.043265207752                    0           0.04601993          38.09289987
          "BPM.6L7.B1"       "BPMWC.6L7.B1"          16621.03582          16633.13832                    1       0.003301006503                    0    0.007262590000003           38.1389198
        "BPMWC.6L7.B1"       "BPMWE.5L7.B1"          16633.13832          16710.19232                    1       0.185694112496                    0           0.17756599          38.14618239
        "BPMWE.5L7.B1"        "BPMW.5L7.B1"          16710.19232          16733.39732                    1       0.085655364301                    0           0.09962407          38.32374838
         "BPMW.5L7.B1"       "BPMWE.4L7.B1"          16733.39732          16768.48232                    1       0.047461278139                    0           0.04504922          38.42337245
        "BPMWE.4L7.B1"        "BPMW.4L7.B1"          16768.48232          16796.58732                    1      0.0180786295994                    0           0.01438558          38.46842167
         "BPMW.4L7.B1"       "BPMWE.4R7.B1"          16796.58732          16940.73932                    1      0.2745953699816                    0           0.26172627          38.48280725
        "BPMWE.4R7.B1"        "BPMW.5R7.B1"          16940.73932          16975.82432                    1       0.021732671967                    0           0.03070765          38.74453352
         "BPMW.5R7.B1"        "BPMR.6R7.B1"          16975.82432          17078.24482                    1       0.097617361862                    0           0.10119018          38.77524117
         "BPMR.6R7.B1"       "BPM_A.7R7.B1"          17078.24482          17116.28082                    1       0.088226920387                    0           0.08510725          38.87643135
        "BPM_A.7R7.B1"         "BPM.8R7.B1"          17116.28082          17155.34681                    1       0.113294241411                    0           0.13763367           38.9615386
          "BPM.8R7.B1"        "BPM.10R7.B1"          17155.34681          17234.87878                    1       0.304108130068                    0            0.2747116          39.09917227
         "BPM.10R7.B1"        "BPM.11R7.B1"          17234.87878          17287.66147                    1      0.1197982561369                    0           0.13559802          39.37388387
         "BPM.11R7.B1"        "BPM.12R7.B1"          17287.66147          17342.38796                    1      0.1301035958358                    0           0.12354329          39.50948189
         "BPM.12R7.B1"        "BPM.13R7.B1"          17342.38796          17395.83944                    1      0.1505837115743                    0           0.13421505          39.63302518
         "BPM.13R7.B1"        "BPM.14R7.B1"          17395.83944          17449.29093                    1       0.100827305771                    0           0.11267823          39.76724023
         "BPM.14R7.B1"        "BPM.15R7.B1"          17449.29093          17502.74241                    1       0.136555333489                    0           0.14590558          39.87991846
         "BPM.15R7.B1"        "BPM.16R7.B1"          17502.74241          17556.19389                    1       0.133460877815                    0           0.11805261          40.02582404
         "BPM.16R7.B1"        "BPM.17R7.B1"          17556.19389          17609.64538                    1       0.124954477738                    0           0.13204712          40.14387665
         "BPM.17R7.B1"        "BPM.18R7.B1"          17609.64538          17663.09686                    1       0.115534419976                    0           0.11334677          40.27592377
         "BPM.18R7.B1"        "BPM.19R7.B1"          17663.09686          17716.54835                    1      0.1316918257965                    0           0.14624183          40.38927054
         "BPM.19R7.B1"        "BPM.20R7.B1"          17716.54835          17769.99983                    1      0.1242459748201                    0             0.117322          40.53551237
         "BPM.20R7.B1"        "BPM.21R7.B1"          17769.99983          17823.45131                    1      0.1371842640854                    0           0.13180114          40.65283437
         "BPM.21R7.B1"        "BPM.22R7.B1"          17823.45131           17876.9028                    1       0.111302354231                    0           0.11405025          40.78463551
         "BPM.22R7.B1"        "BPM.23R7.B1"           17876.9028          17930.35428                    1       0.142203190661                    0           0.14735502          40.89868576
         "BPM.23R7.B1"        "BPM.24R7.B1"          17930.35428          17983.80577                    1       0.108765405636                    0           0.11424658          41.04604078
         "BPM.24R7.B1"        "BPM.25R7.B1"          17983.80577          18037.25725                    1       0.142276673059                    0           0.12788296          41.16028736
         "BPM.25R7.B1"        "BPM.26R7.B1"          18037.25725          18090.70874                    1       0.119031029027                    0           0.11444532          41.28817032
         "BPM.26R7.B1"        "BPM.27R7.B1"          18090.70874          18144.16022                    1      0.1317183318597                    0           0.14734905          41.40261564
         "BPM.27R7.B1"        "BPM.28R7.B1"          18144.16022           18197.6117                    1      0.1256528632801                    0           0.11385258          41.54996469
         "BPM.28R7.B1"        "BPM.29R7.B1"           18197.6117          18251.06319                    1      0.1322641611982                    0           0.12789739          41.66381727
         "BPM.29R7.B1"        "BPM.30R7.B1"          18251.06319          18304.51467                    1       0.106562352406                    0           0.11484236          41.79171466
         "BPM.30R7.B1"        "BPM.32R7.B1"          18304.51467          18411.41764                    1       0.271186731022                    0           0.26078112          41.90655702
         "BPM.32R7.B1"        "BPM.33R7.B1"          18411.41764          18464.86912                    1       0.120023853753                    0           0.12793111          42.16733814
         "BPM.33R7.B1"        "BPM.34R7.B1"          18464.86912          18518.32061                    1       0.118389776212                    0           0.11524031          42.29526925
         "BPM.34R7.B1"        "BPM.33L8.B1"          18518.32061          18571.77209                    1      0.1399414672533                    0           0.14726606          42.41050956
         "BPM.33L8.B1"        "BPM.32L8.B1"          18571.77209          18625.22358                    1      0.1201683282787                    0           0.11307477          42.55777562
         "BPM.32L8.B1"        "BPM.31L8.B1"          18625.22358          18678.67506                    1       0.124547339385                    0           0.12798399          42.67085039
         "BPM.31L8.B1"        "BPM.30L8.B1"          18678.67506          18732.12654                    1       0.110656502135                    0           0.11563831          42.79883438
         "BPM.30L8.B1"        "BPM.29L8.B1"          18732.12654          18785.57803                    1       0.149980486793                    0           0.14718927          42.91447269
         "BPM.29L8.B1"        "BPM.28L8.B1"          18785.57803          18839.02951                    1       0.126863342896                    0           0.11269254          43.06166196
         "BPM.28L8.B1"        "BPM.27L8.B1"          18839.02951            18892.481                    1       0.126281811249                    0           0.12805598           43.1743545
         "BPM.27L8.B1"        "BPM.26L8.B1"            18892.481          18945.93248                    1       0.100406244682                    0           0.11603547          43.30241048
         "BPM.26L8.B1"        "BPM.25L8.B1"          18945.93248          18999.38397                    1      0.1528019235552                    0           0.14708924          43.41844595
         "BPM.25L8.B1"        "BPM.24L8.B1"          18999.38397          19052.83545                    1      0.1098896070328                    0           0.11231577          43.56553519
         "BPM.24L8.B1"        "BPM.23L8.B1"          19052.83545          19106.28693                    1       0.137065575364                    0           0.12814693          43.67785096
         "BPM.23L8.B1"        "BPM.22L8.B1"          19106.28693          19159.73842                    1       0.112215329928                    0           0.11643085          43.80599789
         "BPM.22L8.B1"        "BPM.21L8.B1"          19159.73842           19213.1899                    1       0.132787983993                    0           0.14696626          43.92242874
         "BPM.21L8.B1"        "BPM.19L8.B1"           19213.1899          19320.09287                    1       0.263666253878                    0           0.24609692            44.069395
         "BPM.19L8.B1"        "BPM.18L8.B1"          19320.09287          19373.54435                    1       0.108636600753                    0           0.11655829          44.31549192
         "BPM.18L8.B1"        "BPM.17L8.B1"          19373.54435          19426.99584                    1      0.1437759877532                    0           0.14683763          44.43205021
         "BPM.17L8.B1"        "BPM.16L8.B1"          19426.99584          19480.44732                    1      0.1208651613848                    0           0.11402115          44.57888784
         "BPM.16L8.B1"        "BPM.15L8.B1"          19480.44732          19533.89881                    1       0.132596175688                    0           0.13146791          44.69290899
         "BPM.15L8.B1"        "BPM.14L8.B1"          19533.89881          19587.35029                    1       0.105212606383                    0           0.11734154           44.8243769
         "BPM.14L8.B1"        "BPM.13L8.B1"          19587.35029          19640.80177                    1       0.150537163467                    0            0.1465989          44.94171844
         "BPM.13L8.B1"        "BPM.12L8.B1"          19640.80177          19694.25326                    1       0.127681550669                    0           0.11365276          45.08831734
         "BPM.12L8.B1"        "BPM.11L8.B1"          19694.25326          19747.70474                    1       0.118029042065                    0           0.13394396           45.2019701
         "BPM.11L8.B1"         "BPM.9L8.B1"          19747.70474          19838.61242                    1      0.2298929172404                    0           0.22808667          45.33591406
          "BPM.9L8.B1"         "BPM.8L8.B1"          19838.61242          19879.07741                    1      0.1478616946586                    0            0.1562383          45.56400073
          "BPM.8L8.B1"         "BPM.7L8.B1"          19879.07741           19918.1454                    1        0.16751338461                    0           0.16960998          45.72023903
          "BPM.7L8.B1"        "BPMR.6L8.B1"           19918.1454           19950.6144                    1       0.133399520288                    0           0.12046263          45.88984901
         "BPMR.6L8.B1"         "BPM.5L8.B1"           19950.6144           20011.0334                    1       0.225848304893                    0           0.24543173          46.01031164
          "BPM.5L8.B1"       "BPMYB.4L8.B1"           20011.0334           20031.8004                    1       0.015905990867                    0           0.01819565          46.25574337
        "BPMYB.4L8.B1"       "BPMWB.4L8.B1"           20031.8004           20056.1919                    1       0.019629173437                    0           0.02154968          46.27393902
        "BPMWB.4L8.B1"        "BPMS.2L8.B1"           20056.1919           20144.3364                    1       0.033599120712                    0           0.03665266           46.2954887
         "BPMS.2L8.B1"       "BPMSW.1L8.B1"           20144.3364           20154.2704                    1       0.014234808969                    0    0.007866780000001          46.33214136
        "BPMSW.1L8.B1"       "BPMSW.1R8.B1"           20154.2704           20197.4604                    1       0.448736437096                    0           0.45720675          46.34000814
        "BPMSW.1R8.B1"        "BPMS.2R8.B1"           20197.4604           20207.3944                    1       0.010707711962                    0           0.00588776          46.79721489
         "BPMS.2R8.B1"       "BPMSX.4R8.B1"           20207.3944           20245.3059                    1       0.015569391533                    0           0.01308569          46.80310265
        "BPMSX.4R8.B1"       "BPMWB.4R8.B1"           20245.3059           20295.4629                    1       0.022276172709                    0     0.02554608000001          46.81618834
        "BPMWB.4R8.B1"       "BPMYB.4R8.B1"           20295.4629           20319.9304                    1       0.005413858359                    0           0.01440867          46.84173442
        "BPMYB.4R8.B1"       "BPMYB.5R8.B1"           20319.9304           20340.5074                    1       0.031116981519                    0           0.02791477          46.85614309
        "BPMYB.5R8.B1"         "BPM.6R8.B1"           20340.5074           20424.6154                    1       0.387907406889                    0           0.35930203          46.88405786
          "BPM.6R8.B1"       "BPM_A.7R8.B1"           20424.6154           20446.8554                    1       0.032768182347                    0            0.0398941          47.24335989
        "BPM_A.7R8.B1"         "BPM.8R8.B1"           20446.8554          20488.29241                    1        0.07733997108                    0           0.09927503          47.28325399
          "BPM.8R8.B1"         "BPM.9R8.B1"          20488.29241          20527.35742                    1      0.2221478698589                    0             0.153563          47.38252902
          "BPM.9R8.B1"        "BPM.10R8.B1"          20527.35742          20567.82043                    1      0.1555740847171                    0           0.18529939          47.53609202
         "BPM.10R8.B1"        "BPM.11R8.B1"          20567.82043          20619.65914                    1       0.058544043576                    0     0.09275882999999          47.72139141
         "BPM.11R8.B1"        "BPM.12R8.B1"          20619.65914          20674.38266                    1        0.14254155585                    0           0.13895957          47.81415024
         "BPM.12R8.B1"        "BPM.13R8.B1"          20674.38266          20727.83117                    1       0.176028565263                    0           0.12508183          47.95310981
         "BPM.13R8.B1"        "BPM.14R8.B1"          20727.83117          20781.27969                    1       0.115371708599                    0           0.13118873          48.07819164
         "BPM.14R8.B1"        "BPM.15R8.B1"          20781.27969          20834.72821                    1       0.068103483088                    0           0.10671864          48.20938037
         "BPM.15R8.B1"        "BPM.16R8.B1"          20834.72821          20888.17672                    1       0.163252336908                    0           0.14091917          48.31609901
         "BPM.16R8.B1"        "BPM.17R8.B1"          20888.17672          20941.62524                    1      0.1680539587373                    0           0.12124216          48.45701818
         "BPM.17R8.B1"        "BPM.18R8.B1"          20941.62524          20995.07375                    1      0.1033774656277                    0           0.13117826          48.57826034
         "BPM.18R8.B1"        "BPM.19R8.B1"          20995.07375          21048.52227                    1       0.059328800936                    0           0.10672162           48.7094386
         "BPM.19R8.B1"        "BPM.20R8.B1"          21048.52227          21101.97079                    1       0.180441986811                    0           0.14092607          48.81616022
         "BPM.20R8.B1"        "BPM.21R8.B1"          21101.97079           21155.4193                    1       0.159476835717                    0           0.12123849          48.95708629
         "BPM.21R8.B1"        "BPM.22R8.B1"           21155.4193          21208.86782                    1       0.106911448913                    0           0.13117207          49.07832478
         "BPM.22R8.B1"        "BPM.23R8.B1"          21208.86782          21262.31633                    1       0.129220484046                    0           0.10668975          49.20949685
         "BPM.23R8.B1"        "BPM.24R8.B1"          21262.31633          21315.76485                    1       0.101665670827                    0           0.14086799           49.3161866
         "BPM.24R8.B1"        "BPM.25R8.B1"          21315.76485          21369.21337                    1      0.1701619277429                    0           0.12123336          49.45705459
         "BPM.25R8.B1"        "BPM.26R8.B1"          21369.21337          21422.66188                    1      0.0988108942331                    0           0.13117558          49.57828795
         "BPM.26R8.B1"        "BPM.27R8.B1"          21422.66188           21476.1104                    1       0.069665572093                    0           0.10668801          49.70946353
         "BPM.27R8.B1"        "BPM.28R8.B1"           21476.1104          21529.55891                    1       0.155758749109                    0           0.14086392          49.81615154
         "BPM.28R8.B1"        "BPM.29R8.B1"          21529.55891          21583.00743                    1       0.170544653253                    0           0.12123553          49.95701546
         "BPM.29R8.B1"        "BPM.30R8.B1"          21583.00743          21636.45594                    1       0.098942700134                    0           0.13117924          50.07825099
         "BPM.30R8.B1"        "BPM.31R8.B1"          21636.45594          21689.90446                    1       0.068384291054                    0           0.10668628          50.20943023
         "BPM.31R8.B1"        "BPM.32R8.B1"          21689.90446          21743.35298                    1       0.154448413212                    0           0.14085992          50.31611651
         "BPM.32R8.B1"        "BPM.33R8.B1"          21743.35298          21796.80149                    1      0.1714932039569                    0           0.12123765          50.45697643
         "BPM.33R8.B1"        "BPM.34R8.B1"          21796.80149          21850.25001                    1      0.1092964292871                    0           0.13118284          50.57821408
         "BPM.34R8.B1"        "BPM.33L1.B1"          21850.25001          21903.69852                    1       0.075003392222                    0           0.10668457          50.70939692
         "BPM.33L1.B1"        "BPM.32L1.B1"          21903.69852          21957.14704                    1       0.148689029708                    0           0.14085593          50.81608149
         "BPM.32L1.B1"        "BPM.31L1.B1"          21957.14704          22010.59556                    1       0.162123212069                    0           0.12123976          50.95693742
         "BPM.31L1.B1"        "BPM.30L1.B1"          22010.59556          22064.04407                    1       0.116803370145                    0           0.13118642          51.07817718
         "BPM.30L1.B1"        "BPM.29L1.B1"          22064.04407          22117.49259                    1       0.063646192957                    0            0.1066829           51.2093636
         "BPM.29L1.B1"        "BPM.28L1.B1"          22117.49259           22170.9411                    1       0.158884962134                    0           0.14085202           51.3160465
         "BPM.28L1.B1"        "BPM.27L1.B1"           22170.9411          22224.38962                    1       0.170098803877                    0           0.12124183          51.45689852
         "BPM.27L1.B1"        "BPM.26L1.B1"          22224.38962          22277.83814                    1       0.098635892398                    0           0.13118995          51.57814035
         "BPM.26L1.B1"        "BPM.25L1.B1"          22277.83814          22331.28665                    1       0.069942086796                    0           0.10668116           51.7093303
         "BPM.25L1.B1"        "BPM.23L1.B1"          22331.28665          22438.18368                    1        0.33142765668                    0           0.26209192          51.81601146
         "BPM.23L1.B1"        "BPM.22L1.B1"          22438.18368           22491.6322                    1       0.099259966102                    0           0.13119362          52.07810338
         "BPM.22L1.B1"        "BPM.21L1.B1"           22491.6322          22545.08071                    1       0.061169808971                    0           0.10667948            52.209297
         "BPM.21L1.B1"        "BPM.20L1.B1"          22545.08071          22598.52923                    1       0.164500162382                    0           0.14085271          52.31597648
         "BPM.20L1.B1"        "BPM.19L1.B1"          22598.52923          22651.97775                    1      0.1712726752629                    0           0.12125238          52.45682919
         "BPM.19L1.B1"        "BPM.18L1.B1"          22651.97775          22705.42626                    1      0.1026607694661                    0           0.13119569          52.57808157
         "BPM.18L1.B1"        "BPM.17L1.B1"          22705.42626          22758.87478                    1       0.068776517198                    0           0.10667843          52.70927726
         "BPM.17L1.B1"        "BPM.16L1.B1"          22758.87478          22812.32329                    1       0.153553876638                    0           0.14085027          52.81595569
         "BPM.16L1.B1"        "BPM.15L1.B1"          22812.32329          22865.77181                    1       0.167622105811                    0           0.12125367          52.95680596
         "BPM.15L1.B1"        "BPM.13L1.B1"          22865.77181          22972.66884                    1       0.176142713666                    0           0.23787535          53.07805963
         "BPM.13L1.B1"        "BPM.12L1.B1"          22972.66884          23026.11736                    1       0.160906720495                    0           0.14249406          53.31593498
         "BPM.12L1.B1"        "BPM.11L1.B1"          23026.11736          23079.56587                    1       0.170231945218                    0           0.11757293          53.45842904
         "BPM.11L1.B1"        "BPM.10L1.B1"          23079.56587          23132.34658                    1       0.095973016203                    0           0.12777004          53.57600197
         "BPM.10L1.B1"         "BPM.9L1.B1"          23132.34658           23171.4116                    1       0.063226632203                    0           0.09619189          53.70377201
          "BPM.9L1.B1"         "BPM.8L1.B1"           23171.4116          23211.87461                    1       0.214224130257                    0           0.19670455           53.7999639
          "BPM.8L1.B1"        "BPMR.7L1.B1"          23211.87461          23250.94062                    1       0.131845754352                    0           0.10533717          53.99666845
         "BPMR.7L1.B1"        "BPMR.5L1.B1"          23250.94062          23326.02462                    1       0.093459792039                    0           0.11179963          54.10200562
         "BPMR.5L1.B1"       "BPMYA.4L1.B1"          23326.02462          23347.14262                    1        0.00445359689                    0           0.00405714          54.21380525
        "BPMYA.4L1.B1"       "BPMWB.4L1.B1"          23347.14262          23368.27512                    1       0.999560333317                    0    0.002654569999997          54.21786239
        "BPMWB.4L1.B1"       "BPMSY.4L1.B1"          23368.27512          23461.05512                    1       0.006702474057                    0    0.007636380000001          54.22051696
        "BPMSY.4L1.B1"        "BPMS.2L1.B1"          23461.05512          23487.84062                    1       0.003179430165                    0    0.001055940000001          54.22815334
         "BPMS.2L1.B1"       "BPMSW.1L1.B1"          23487.84062          23497.79062                    1       0.997207036931                    0   0.0007703699999979          54.22920928
        "BPMSW.1L1.B1"       "BPMSW.1R1.B1"          23497.79062          23540.93362                    1       0.496012877361                    0           0.49455446          54.22997965
        "BPMSW.1R1.B1"        "BPMS.2R1.B1"          23540.93362          23550.89862                    1       0.001035727776                    0   0.0009913199999971          54.72453411
         "BPMS.2R1.B1"       "BPMSY.4R1.B1"          23550.89862          23577.68412                    1       0.000840220339                    0    0.001523570000003          54.72552543
        "BPMSY.4R1.B1"       "BPMWB.4R1.B1"          23577.68412          23670.46412                    1       0.006011824699                    0           0.00646072            54.727049
        "BPMWB.4R1.B1"       "BPMYA.4R1.B1"          23670.46412          23691.59662                    1       0.003007425021                    0    0.005385109999999          54.73350972
        "BPMYA.4R1.B1"         "BPM.5R1.B1"          23691.59662          23719.00462                    1       0.008126137335                    0           0.01731308          54.73889483
          "BPM.5R1.B1"        "BPMR.6R1.B1"          23719.00462          23750.90462                    1       0.343990126661                    0           0.26091241          54.75620791
         "BPMR.6R1.B1"       "BPMSX.7R1.B1"          23750.90462          23757.12012                    1       0.074691119069                    0           0.09467867          55.01712032
        "BPMSX.7R1.B1"       "BPM_A.7R1.B1"          23757.12012          23778.62862                    1       0.038506091625                    0           0.07262245          55.11179899
        "BPM_A.7R1.B1"         "BPM.8R1.B1"          23778.62862          23820.06761                    1       0.066062856675                    0           0.11125706          55.18442144
          "BPM.8R1.B1"         "BPM.9R1.B1"          23820.06761           23859.1346                    1      0.2340588295454                    0           0.20307937           55.2956785
          "BPM.9R1.B1"        "BPM.10R1.B1"           23859.1346          23899.59958                    1      0.1361625143475                    0           0.09876493          55.49875787
         "BPM.10R1.B1"        "BPM.11R1.B1"          23899.59958          23952.38227                    1      0.0843837054071                    0           0.11882755           55.5975228
         "BPM.11R1.B1"        "BPM.12R1.B1"          23952.38227          24007.10876                    1       0.066705881613                    0             0.103253          55.71635035
         "BPM.12R1.B1"        "BPM.13R1.B1"          24007.10876          24060.56024                    1       0.139477725782                    0           0.13828329          55.81960335
         "BPM.13R1.B1"        "BPM.14R1.B1"          24060.56024          24114.01173                    1        0.18245477146                    0           0.12119566          55.95788664
         "BPM.14R1.B1"        "BPM.15R1.B1"          24114.01173          24167.46321                    1       0.110173347054                    0           0.13111548           56.0790823
         "BPM.15R1.B1"        "BPM.16R1.B1"          24167.46321          24220.91469                    1       0.077159780487                    0           0.10677511          56.21019778
         "BPM.16R1.B1"        "BPM.17R1.B1"          24220.91469          24274.36618                    1       0.135026450985                    0           0.14102099          56.31697289
         "BPM.17R1.B1"        "BPM.18R1.B1"          24274.36618          24327.81766                    1      0.1753256744371                    0           0.12118979          56.45799388
         "BPM.18R1.B1"        "BPM.19R1.B1"          24327.81766          24381.26915                    1      0.1163135174789                    0           0.13110566          56.57918367
         "BPM.19R1.B1"        "BPM.20R1.B1"          24381.26915          24434.72063                    1        0.06770168538                    0           0.10677991          56.71028933
         "BPM.20R1.B1"        "BPM.21R1.B1"          24434.72063          24488.17211                    1       0.139763605537                    0           0.14103182          56.81706924
         "BPM.21R1.B1"        "BPM.22R1.B1"          24488.17211           24541.6236                    1       0.176801884332                    0           0.12118386          56.95810106
         "BPM.22R1.B1"        "BPM.23R1.B1"           24541.6236          24595.07508                    1        0.11540777719                    0           0.13108852          57.07928492
         "BPM.23R1.B1"        "BPM.24R1.B1"          24595.07508          24648.52657                    1        0.06655619965                    0           0.10674297          57.21037344
         "BPM.24R1.B1"        "BPM.25R1.B1"          24648.52657          24701.97805                    1       0.146800271025                    0           0.14098474          57.31711641
         "BPM.25R1.B1"        "BPM.26R1.B1"          24701.97805          24755.42954                    1      0.1790555509388                    0           0.12118383          57.45810115
         "BPM.26R1.B1"        "BPM.27R1.B1"          24755.42954          24808.88102                    1      0.1074766786992                    0           0.13108847          57.57928498
         "BPM.27R1.B1"        "BPM.28R1.B1"          24808.88102           24862.3325                    1       0.064072346531                    0           0.10674294          57.71037345
         "BPM.28R1.B1"        "BPM.29R1.B1"           24862.3325          24915.78399                    1       0.160475307256                    0           0.14098467          57.81711639
         "BPM.29R1.B1"        "BPM.30R1.B1"          24915.78399          24969.23547                    1        0.18112232641                    0           0.12118387          57.95810106
         "BPM.30R1.B1"        "BPM.31R1.B1"          24969.23547          25022.68696                    1       0.091644693828                    0           0.13108852          58.07928493
         "BPM.31R1.B1"        "BPM.32R1.B1"          25022.68696          25076.13844                    1       0.069213878891                    0           0.10674297          58.21037345
         "BPM.32R1.B1"        "BPM.33R1.B1"          25076.13844          25129.58992                    1       0.154166018225                    0           0.14098473          58.31711642
         "BPM.33R1.B1"        "BPM.34R1.B1"          25129.58992          25183.04141                    1      0.1719863789879                    0           0.12118383          58.45810115
         "BPM.34R1.B1"        "BPM.32L2.B1"          25183.04141          25289.94438                    1      0.8741606281592                    0           0.23783144          58.57928498
         "BPM.32L2.B1"        "BPM.30L2.B1"          25289.94438          25396.84734                    1      0.3331114167039                    0           0.26216855          58.81711642
         "BPM.30L2.B1"        "BPM.29L2.B1"          25396.84734          25450.29883                    1       0.098680237769                    0           0.13108846          59.07928497
         "BPM.29L2.B1"        "BPM.28L2.B1"          25450.29883          25503.75031                    1       0.067524706783                    0           0.10674298          59.21037343
         "BPM.28L2.B1"        "BPM.27L2.B1"          25503.75031           25557.2018                    1       0.152622017688                    0           0.14098474          59.31711641
         "BPM.27L2.B1"        "BPM.26L2.B1"           25557.2018          25610.65328                    1        0.17528001292                    0           0.12118383          59.45810115
         "BPM.26L2.B1"        "BPM.25L2.B1"          25610.65328          25664.10477                    1       0.101438693681                    0           0.13108847          59.57928498
         "BPM.25L2.B1"        "BPM.24L2.B1"          25664.10477          25717.55625                    1      0.0731286762056                    0           0.10674294          59.71037345
         "BPM.24L2.B1"        "BPM.23L2.B1"          25717.55625          25771.00773                    1      0.1523355768298                    0           0.14098467          59.81711639
         "BPM.23L2.B1"        "BPM.22L2.B1"          25771.00773          25824.45922                    1      0.1769755513536                    0           0.12118386          59.95810106
         "BPM.22L2.B1"        "BPM.21L2.B1"          25824.45922           25877.9107                    1       0.097580044236                    0           0.13108851          60.07928492
         "BPM.21L2.B1"        "BPM.20L2.B1"           25877.9107          25931.36219                    1       0.069461818491                    0           0.10677794          60.21037343
         "BPM.20L2.B1"        "BPM.19L2.B1"          25931.36219          25984.81367                    1       0.157947981172                    0           0.14104985          60.31715137
         "BPM.19L2.B1"        "BPM.18L2.B1"          25984.81367          26038.26515                    1       0.170697960621                    0           0.12118505          60.45820122
         "BPM.18L2.B1"        "BPM.17L2.B1"          26038.26515          26091.71664                    1       0.114875548869                    0           0.13107871          60.57938627
         "BPM.17L2.B1"        "BPM.16L2.B1"          26091.71664          26145.16812                    1      0.0582019337341                    0           0.10678276          60.71046498
         "BPM.16L2.B1"        "BPM.15L2.B1"          26145.16812          26198.61961                    1      0.1562214446614                    0           0.14106067          60.81724774
         "BPM.15L2.B1"        "BPM.14L2.B1"          26198.61961          26252.07109                    1      0.1800231546505                    0           0.12117909          60.95830841
         "BPM.14L2.B1"        "BPM.13L2.B1"          26252.07109          26305.52257                    1       0.104556253948                    0             0.131069           61.0794875
         "BPM.13L2.B1"        "BPM.12L2.B1"          26305.52257          26358.97406                    1       0.067105906632                    0           0.11100098           61.2105565
         "BPM.12L2.B1"        "BPM.10L2.B1"          26358.97406          26464.26623                    1       0.330319377549                    0           0.26412607          61.32155748
         "BPM.10L2.B1"         "BPM.9L2.B1"          26464.26623          26503.33322                    1       0.086735549062                    0           0.11782318          61.58568355
          "BPM.9L2.B1"         "BPM.8L2.B1"          26503.33322          26543.79821                    1      0.0991934817234                    0           0.13096327          61.70350673
          "BPM.8L2.B1"         "BPM.7L2.B1"          26543.79821           26582.8662                    1      0.2694278853116                    0           0.19207489             61.83447
          "BPM.7L2.B1"        "BPMR.6L2.B1"           26582.8662           26614.9722                    1        0.08911184736                    0           0.10054789          62.02654489
         "BPMR.6L2.B1"       "BPMYB.5L2.B1"           26614.9722               28.288                    1       0.140373390809                    0        0.20446884507          62.12709278