@ GetLLMVersion %s "V3.0.0 Dev"
@ Command %s "/usr/bin/python2 '/home/eirik/CERN/beta-Beat/GetLLM/GetLLM.py' '--accel=LHCB1' '--model=model_opticsfile.19_Qx0.313_Qy0.317_beam1/twiss.dat' '--files=/home/eirik/CERN/global_coupling_correction3/data_analysis/hole_in_one_dir/Beam1@Turn@2018_08_06@22_58_41_834.sdds' '--output=/home/eirik/CERN/global_coupling_correction3/data_analysis/outputfiles/' '--tbtana=SUSSIX' '--bpmu=mm' '--lhcphase=1' '--errordefs=model_opticsfile.19_Qx0.313_Qy0.317_beam1/error_deffs.txt' '--coupling=1'"
@ CWD %s "/home/eirik/CERN/global_coupling_correction3/data_analysis"
@ Date %s "28. June 2021, 09:52:23"
@ Q1 %le 0.31300635133449045
@ MUX %le 70.31300635133456
@ Q2 %le 0.3170063933371513
@ MUY %le 72.31700639333718
@ FILES %s "/home/eirik/CERN/global_coupling_correction3/data_analysis/hole_in_one_dir/Beam1@Turn@2018_08_06@22_58_41_834.sdds.linx"
*                 NAME                NAME2                    S                   S1                COUNT               PHASEX               STDPHX               PHXMDL               MUXMDL
$                   %s                   %s                  %le                  %le                  %le                  %le                  %le                  %le                  %le
        "BPMYB.5L2.B1"       "BPMYB.4L2.B1"               28.288               48.858                    1     0.01924754879913                    0        0.02706201867        0.03144952349
        "BPMYB.4L2.B1"       "BPMWI.4L2.B1"               48.858              73.3255                    1     0.05221316553689                    0        0.05126570894        0.05851154216
        "BPMWI.4L2.B1"       "BPMSX.4L2.B1"              73.3255             123.4825                    1     0.07369089827083                    0         0.0690626748         0.1097772511
        "BPMSX.4L2.B1"       "BPMSW.1L2.B1"             123.4825              171.328                    1     0.08286649578324                    0          0.073835141         0.1788399259
        "BPMSW.1L2.B1"       "BPMSW.1R2.B1"              171.328              214.518                    1      0.6587954937778                    0         0.3619513843         0.2526750669
        "BPMSW.1R2.B1"        "BPMS.2R2.B1"              214.518              224.452                    1     0.01692168588621                    0          0.017945383         0.6146264512
         "BPMS.2R2.B1"       "BPMSX.4R2.B1"              224.452             262.3635                    1     0.04069764117349                    0         0.0435295189         0.6325718342
        "BPMSX.4R2.B1"       "BPMWB.4R2.B1"             262.3635             312.5965                    1     0.09587588891092                    0         0.0814790636         0.6761013531
        "BPMWB.4R2.B1"       "BPMYB.4R2.B1"             312.5965              336.988                    1     0.04148160598988                    0         0.0348304939         0.7575804167
        "BPMYB.4R2.B1"        "BPMR.5R2.B1"              336.988              366.522                    1      0.1056305687542                    0         0.0959933891         0.7924109106
         "BPMR.5R2.B1"         "BPM.6R2.B1"              366.522              439.818                    1      0.1589225107241                    0         0.1476789753         0.8884042997
          "BPM.6R2.B1"       "BPM_A.7R2.B1"              439.818              452.693                    1     0.01437681544815                    0           0.01649891          1.036083275
        "BPM_A.7R2.B1"         "BPM.9R2.B1"              452.693          533.1950212                    1      0.2357876790395                    0          0.240224273          1.052582185
          "BPM.9R2.B1"        "BPM.10R2.B1"          533.1950212          573.6580318                    1       0.182650348557                    0          0.167478904          1.292806458
         "BPM.10R2.B1"        "BPM.11R2.B1"          573.6580318          625.4967424                    1     0.08900447672226                    0          0.106395881          1.460285362
         "BPM.11R2.B1"        "BPM.13R2.B1"          625.4967424          733.6687742                    1      0.2535644297042                    0          0.256121346          1.566681243
         "BPM.13R2.B1"        "BPM.14R2.B1"          733.6687742          787.1172901                    1      0.1487306625114                    0           0.13769199          1.822802589
         "BPM.14R2.B1"        "BPM.15R2.B1"          787.1172901           840.565806                    1       0.100389602833                    0          0.112234509          1.960494579
         "BPM.15R2.B1"        "BPM.16R2.B1"           840.565806          894.0143219                    1       0.128112673925                    0          0.134631426          2.072729088
         "BPM.16R2.B1"        "BPM.17R2.B1"          894.0143219          947.4628378                    1      0.1359973515413                    0          0.115820888          2.207360514
         "BPM.17R2.B1"        "BPM.18R2.B1"          947.4628378          1000.911354                    1      0.1313874063327                    0           0.13768485          2.323181402
         "BPM.18R2.B1"        "BPM.19R2.B1"          1000.911354           1054.35987                    1      0.1054112152096                    0          0.112228426          2.460866252
         "BPM.19R2.B1"        "BPM.20R2.B1"           1054.35987          1107.808386                    1      0.1325576260517                    0           0.13464094          2.573094678
         "BPM.20R2.B1"        "BPM.21R2.B1"          1107.808386          1161.256901                    1      0.1252385296359                    0          0.115827268          2.707735618
         "BPM.21R2.B1"        "BPM.22R2.B1"          1161.256901          1214.705417                    1      0.1359978012009                    0          0.137674985          2.823562886
         "BPM.22R2.B1"        "BPM.23R2.B1"          1214.705417          1268.153933                    1      0.1087639687377                    0          0.115090839          2.961237871
         "BPM.23R2.B1"        "BPM.24R2.B1"          1268.153933          1321.602449                    1      0.1323531288395                    0          0.137684828           3.07632871
         "BPM.24R2.B1"        "BPM.25R2.B1"          1321.602449          1375.050965                    1      0.1280381151015                    0           0.11512211          3.214013538
         "BPM.25R2.B1"        "BPM.26R2.B1"          1375.050965          1428.499481                    1       0.136814964751                    0          0.137672901          3.329135648
         "BPM.26R2.B1"        "BPM.27R2.B1"          1428.499481          1481.947997                    1      0.1190909687943                    0          0.115091191          3.466808549
         "BPM.27R2.B1"        "BPM.28R2.B1"          1481.947997          1535.396513                    1      0.1283727206518                    0          0.137686057           3.58189974
         "BPM.28R2.B1"        "BPM.29R2.B1"          1535.396513          1588.845029                    1      0.1100448454869                    0          0.115121715          3.719585797
         "BPM.29R2.B1"        "BPM.30R2.B1"          1588.845029          1642.293545                    1      0.1464598587401                    0          0.137671677          3.834707512
         "BPM.30R2.B1"        "BPM.31R2.B1"          1642.293545           1695.74206                    1      0.1121991626254                    0           0.11509163          3.972379189
         "BPM.31R2.B1"        "BPM.32R2.B1"           1695.74206          1749.190576                    1       0.129649299607                    0          0.137687272          4.087470819
         "BPM.32R2.B1"        "BPM.33R2.B1"          1749.190576          1802.639092                    1      0.1169344987969                    0          0.115121243          4.225158091
         "BPM.33R2.B1"        "BPM.33L3.B1"          1802.639092          1909.536124                    1      0.2500826892239                    0          0.252762632          4.340279334
         "BPM.33L3.B1"        "BPM.32L3.B1"          1909.536124           1962.98464                    1      0.1400555902078                    0          0.137688439          4.593041966
         "BPM.32L3.B1"        "BPM.31L3.B1"           1962.98464          2016.433156                    1      0.1271689189806                    0          0.115120697          4.730730405
         "BPM.31L3.B1"        "BPM.30L3.B1"          2016.433156          2069.881672                    1      0.1322688994959                    0           0.13766934          4.845851102
         "BPM.30L3.B1"        "BPM.29L3.B1"          2069.881672          2123.330188                    1      0.1113003080247                    0          0.115092728          4.983520442
         "BPM.29L3.B1"        "BPM.28L3.B1"          2123.330188          2176.778704                    1      0.1338949773795                    0          0.137689578           5.09861317
         "BPM.28L3.B1"        "BPM.27L3.B1"          2176.778704           2230.22722                    1      0.1171509712233                    0          0.115120072          5.236302748
         "BPM.27L3.B1"        "BPM.26L3.B1"           2230.22722          2283.675735                    1      0.1396253899707                    0          0.137668228           5.35142282
         "BPM.26L3.B1"        "BPM.25L3.B1"          2283.675735          2337.124251                    1      0.1139118794806                    0          0.115093372          5.489091048
         "BPM.25L3.B1"        "BPM.24L3.B1"          2337.124251          2390.572767                    1      0.1298922998249                    0           0.13769064           5.60418442
         "BPM.24L3.B1"        "BPM.23L3.B1"          2390.572767          2444.021283                    1      0.1298679185961                    0          0.115119396           5.74187506
         "BPM.23L3.B1"        "BPM.22L3.B1"          2444.021283          2497.469799                    1       0.131606974765                    0          0.137667189          5.856994456
         "BPM.22L3.B1"        "BPM.21L3.B1"          2497.469799          2550.918315                    1      0.1111963791873                    0          0.115094093          5.994661645
         "BPM.21L3.B1"        "BPM.20L3.B1"          2550.918315          2604.366831                    1      0.1404358613744                    0          0.138543852          6.109755738
         "BPM.20L3.B1"        "BPM.18L3.B1"          2604.366831          2711.263863                    1      0.2493220948328                    0          0.246733676           6.24829959
         "BPM.18L3.B1"        "BPM.16L3.B1"          2711.263863          2818.160894                    1      0.2478184808924                    0          0.253641557          6.495033266
         "BPM.16L3.B1"        "BPM.15L3.B1"          2818.160894           2871.60941                    1       0.126934193657                    0          0.112911489          6.748674823
         "BPM.15L3.B1"        "BPM.14L3.B1"           2871.60941          2925.057926                    1      0.1351064717854                    0          0.133818472          6.861586312
         "BPM.14L3.B1"        "BPM.13L3.B1"          2925.057926          2978.506442                    1     0.09582859345823                    0          0.115113556          6.995404784
         "BPM.13L3.B1"        "BPM.12L3.B1"          2978.506442          3031.954958                    1      0.1351664861933                    0          0.137098879           7.11051834
         "BPM.12L3.B1"        "BPM.11L3.B1"          3031.954958          3085.403474                    1      0.1473173200265                    0          0.126464365          7.247617219
         "BPM.11L3.B1"        "BPM.10L3.B1"          3085.403474          3138.184185                    1      0.1405698638464                    0          0.149067885          7.374081584
         "BPM.10L3.B1"         "BPM.9L3.B1"          3138.184185          3177.249195                    1     0.06023571478722                    0          0.060932692          7.523149469
          "BPM.9L3.B1"         "BPM.8L3.B1"          3177.249195          3217.712206                    1     0.06497197983587                    0          0.076692729          7.584082161
          "BPM.8L3.B1"         "BPM.7L3.B1"          3217.712206          3256.776216                    1     0.06275411755099                    0          0.058952248           7.66077489
          "BPM.7L3.B1"         "BPM.6L3.B1"          3256.776216          3329.415216                    1      0.1229813797823                    0          0.112156008          7.719727138
          "BPM.6L3.B1"      "BPMWG.A5L3.B1"          3329.415216          3371.119716                    1     0.05024222220214                    0          0.057084211          7.831883146
       "BPMWG.A5L3.B1"        "BPMW.5L3.B1"          3371.119716          3400.089716                    1     0.09148753412114                    0          0.083351615          7.888967357
         "BPMW.5L3.B1"       "BPMWE.4L3.B1"          3400.089716          3475.217716                    1     0.09696963292661                    0          0.103363594          7.972318972
        "BPMWE.4L3.B1"        "BPMW.4L3.B1"          3475.217716          3502.762716                    1    0.007506652265886                    0          0.015202633          8.075682566
         "BPMW.4L3.B1"        "BPMW.4R3.B1"          3502.762716          3547.727716                    1     0.07464006993785                    0            0.0701522          8.090885199
         "BPMW.4R3.B1"       "BPMWE.4R3.B1"          3547.727716          3575.272716                    1       0.160333641432                    0          0.147656362          8.161037399
        "BPMWE.4R3.B1"        "BPMW.5R3.B1"          3575.272716          3650.400716                    1      0.1252357351383                    0          0.129526505          8.308693761
         "BPMW.5R3.B1"      "BPMWJ.A5R3.B1"          3650.400716          3679.118716                    1     0.00812824929606                    0          0.012625761          8.438220266
       "BPMWJ.A5R3.B1"       "BPMWC.6R3.B1"          3679.118716          3718.936716                    1     0.03942470921816                    0          0.045888793          8.450846027
        "BPMWC.6R3.B1"        "BPMR.6R3.B1"          3718.936716          3731.015216                    1     0.04346797039127                    0          0.040107116           8.49673482
         "BPMR.6R3.B1"         "BPM.8R3.B1"          3731.015216          3825.903227                    1       0.299227565296                    0          0.299487665          8.536841936
          "BPM.8R3.B1"         "BPM.9R3.B1"          3825.903227          3864.968238                    1      0.1082976289742                    0          0.104128476          8.836329601
          "BPM.9R3.B1"        "BPM.10R3.B1"          3864.968238          3905.431248                    1     0.07534415515573                    0          0.074725969          8.940458077
         "BPM.10R3.B1"        "BPM.11R3.B1"          3905.431248          3958.211959                    1     0.08637516384681                    0           0.09304955          9.015184046
         "BPM.11R3.B1"        "BPM.12R3.B1"          3958.211959          4012.935475                    1     0.09254116034364                    0          0.100788459          9.108233596
         "BPM.12R3.B1"        "BPM.13R3.B1"          4012.935475          4066.383991                    1      0.1230347990202                    0          0.116822907          9.209022055
         "BPM.13R3.B1"        "BPM.14R3.B1"          4066.383991          4119.832506                    1      0.1254182722975                    0          0.115088168          9.325844962
         "BPM.14R3.B1"        "BPM.15R3.B1"          4119.832506          4173.281022                    1      0.1287173354269                    0          0.138528108           9.44093313
         "BPM.15R3.B1"        "BPM.16R3.B1"          4173.281022          4226.729538                    1      0.0729852680629                    0          0.112926456          9.579461238
         "BPM.16R3.B1"        "BPM.17R3.B1"          4226.729538          4280.178054                    1      0.1818483754771                    0          0.133828098          9.692387694
         "BPM.17R3.B1"        "BPM.18R3.B1"          4280.178054           4333.62657                    1      0.1225916356715                    0          0.115098576          9.826215792
         "BPM.18R3.B1"        "BPM.19R3.B1"           4333.62657          4387.075086                    1      0.1237028025733                    0          0.138522112          9.941314368
         "BPM.19R3.B1"        "BPM.20R3.B1"          4387.075086          4440.523602                    1      0.1072623044805                    0           0.11291703          10.07983648
         "BPM.20R3.B1"        "BPM.21R3.B1"          4440.523602          4493.972118                    1      0.1410093715347                    0           0.13383384          10.19275351
         "BPM.21R3.B1"        "BPM.22R3.B1"          4493.972118          4547.420634                    1      0.1209430207707                    0           0.11510829          10.32658735
         "BPM.22R3.B1"        "BPM.23R3.B1"          4547.420634           4600.86915                    1      0.1332424078766                    0           0.13766406          10.44169564
         "BPM.23R3.B1"        "BPM.24R3.B1"           4600.86915          4654.317666                    1      0.1192767329789                    0           0.11510515           10.5793597
         "BPM.24R3.B1"        "BPM.25R3.B1"          4654.317666          4707.766181                    1      0.1377941074224                    0           0.13769433          10.69446485
         "BPM.25R3.B1"        "BPM.26R3.B1"          4707.766181          4761.214697                    1      0.1161908392745                    0           0.11510751          10.83215918
         "BPM.26R3.B1"        "BPM.27R3.B1"          4761.214697          4814.663213                    1      0.1306130533444                    0           0.13766399          10.94726669
         "BPM.27R3.B1"        "BPM.28R3.B1"          4814.663213          4868.111729                    1      0.1147293080035                    0           0.11510608          11.08493068
         "BPM.28R3.B1"        "BPM.29R3.B1"          4868.111729          4921.560245                    1      0.1393742488714                    0           0.13769439          11.20003676
         "BPM.29R3.B1"        "BPM.30R3.B1"          4921.560245          4975.008761                    1      0.1114770907781                    0           0.11510658          11.33773115
         "BPM.30R3.B1"        "BPM.31R3.B1"          4975.008761          5028.457277                    1      0.1359329044148                    0           0.13766395          11.45283773
         "BPM.31R3.B1"        "BPM.32R3.B1"          5028.457277          5081.905793                    1      0.1127372184053                    0             0.115107          11.59050168
         "BPM.32R3.B1"        "BPM.33R3.B1"          5081.905793          5135.354309                    1      0.1466745467727                    0           0.13769437          11.70560868
         "BPM.33R3.B1"        "BPM.34R3.B1"          5135.354309          5188.802825                    1      0.1243031939632                    0           0.11510565          11.84330305
         "BPM.34R3.B1"        "BPM.33L4.B1"          5188.802825           5242.25134                    1      0.1208517402277                    0           0.13766402           11.9584087
         "BPM.33L4.B1"        "BPM.32L4.B1"           5242.25134          5295.699856                    1      0.1143459108007                    0           0.11510792          12.09607272
         "BPM.32L4.B1"        "BPM.31L4.B1"          5295.699856          5349.148372                    1      0.1471004317162                    0           0.13769428          12.21118064
         "BPM.31L4.B1"        "BPM.30L4.B1"          5349.148372          5402.596888                    1      0.1232037778158                    0           0.11510473          12.34887492
         "BPM.30L4.B1"        "BPM.29L4.B1"          5402.596888          5456.045404                    1      0.1213375820017                    0           0.13766415          12.46397965
         "BPM.29L4.B1"        "BPM.28L4.B1"          5456.045404           5509.49392                    1      0.1168024679484                    0           0.11510884           12.6016438
         "BPM.28L4.B1"        "BPM.27L4.B1"           5509.49392          5562.942436                    1      0.1464031404646                    0           0.13769411          12.71675264
         "BPM.27L4.B1"        "BPM.26L4.B1"          5562.942436          5616.390952                    1      0.1219395783076                    0           0.11510383          12.85444675
         "BPM.26L4.B1"        "BPM.25L4.B1"          5616.390952          5669.839468                    1      0.1206111492967                    0           0.13766435          12.96955058
         "BPM.25L4.B1"        "BPM.23L4.B1"          5669.839468            5776.7365                    1      0.2701433978009                    0           0.25280363          13.10721493
         "BPM.23L4.B1"        "BPM.22L4.B1"            5776.7365          5830.185015                    1      0.1058182651194                    0           0.11510291          13.36001856
         "BPM.22L4.B1"        "BPM.21L4.B1"          5830.185015          5883.633531                    1      0.1300259052204                    0           0.13766461          13.47512147
         "BPM.21L4.B1"        "BPM.20L4.B1"          5883.633531          5937.082047                    1      0.1223028043621                    0           0.11224166          13.61278608
         "BPM.20L4.B1"        "BPM.19L4.B1"          5937.082047          5990.530563                    1       0.133909272058                    0           0.13466034          13.72502774
         "BPM.19L4.B1"        "BPM.18L4.B1"          5990.530563          6043.979079                    1     0.09037043545143                    0           0.11581399          13.85968808
         "BPM.18L4.B1"        "BPM.17L4.B1"          6043.979079          6097.427595                    1      0.1528288971206                    0           0.13765565          13.97550207
         "BPM.17L4.B1"        "BPM.16L4.B1"          6097.427595          6150.876111                    1      0.1232584200305                    0           0.11223569          14.11315772
         "BPM.16L4.B1"        "BPM.15L4.B1"          6150.876111          6204.324627                    1      0.1373281925235                    0           0.13466985          14.22539341
         "BPM.15L4.B1"        "BPM.14L4.B1"          6204.324627          6257.773143                    1      0.1174923299947                    0           0.11582023          14.36006326
         "BPM.14L4.B1"        "BPM.13L4.B1"          6257.773143          6311.221659                    1      0.1233238862435                    0           0.13764581          14.47588349
         "BPM.13L4.B1"        "BPM.11L4.B1"          6311.221659           6418.11869                    1      0.2614885057293                    0           0.25214224           14.6135293
         "BPM.11L4.B1"        "BPM.10L4.B1"           6418.11869          6469.957401                    1      0.1189946336968                    0           0.11633537          14.86567154
         "BPM.10L4.B1"         "BPM.9L4.B1"          6469.957401          6509.022412                    1      0.1152582332924                    0           0.12611362          14.98200691
          "BPM.9L4.B1"         "BPM.7L4.B1"          6509.022412          6588.549433                    1      0.3119309614014                    0           0.30642888          15.10812053
          "BPM.7L4.B1"       "BPMYB.6L4.B1"          6588.549433          6685.153433                    1      0.1444281309638                    0           0.14000562          15.41454941
        "BPMYB.6L4.B1"       "BPMYA.5L4.B1"          6685.153433          6722.153433                    1     0.01476084097792                    0           0.02558204          15.55455503
        "BPMYA.5L4.B1"      "BPMWI.A5L4.B1"          6722.153433          6798.755933                    1     0.03312969810695                    0           0.03194545          15.58013707
       "BPMWI.A5L4.B1"      "BPMWA.B5L4.B1"          6798.755933          6824.619933                    1    0.009579860422202                    0           0.01392286          15.61208252
       "BPMWA.B5L4.B1"      "BPMWA.A5L4.B1"          6824.619933          6833.504933                    1     0.01057234339558                    0           0.00520229          15.62600538
       "BPMWA.A5L4.B1"      "BPMWA.A5R4.B1"          6833.504933          6881.553933                    1     0.03757880879371                    0           0.03191642          15.63120767
       "BPMWA.A5R4.B1"      "BPMWA.B5R4.B1"          6881.553933          6890.438933                    1    0.004331793220162                    0           0.00656504          15.66312409
       "BPMWA.B5R4.B1"       "BPMYB.5R4.B1"          6890.438933          6992.829433                    1     0.08702186313818                    0           0.08253426          15.66968913
        "BPMYB.5R4.B1"       "BPMYA.6R4.B1"          6992.829433          7024.393433                    1     0.02296585348091                    0           0.01548434          15.75222339
        "BPMYA.6R4.B1"         "BPM.7R4.B1"          7024.393433          7120.909433                    1      0.1081514186202                    0            0.1675385          15.76770773
          "BPM.7R4.B1"         "BPM.8R4.B1"          7120.909433          7158.698443                    1      0.1250245587729                    0           0.14539267          15.93524623
          "BPM.8R4.B1"         "BPM.9R4.B1"          7158.698443          7197.763454                    1      0.2297916210749                    0           0.13632797           16.0806389
          "BPM.9R4.B1"        "BPM.10R4.B1"          7197.763454          7238.226465                    1      0.1276053546663                    0           0.16539555          16.21696687
         "BPM.10R4.B1"        "BPM.11R4.B1"          7238.226465          7290.065175                    1     0.05295458237049                    0           0.11115774          16.38236242
         "BPM.11R4.B1"        "BPM.12R4.B1"          7290.065175          7344.788691                    1      0.1668868367164                    0           0.13563987          16.49352016
         "BPM.12R4.B1"        "BPM.13R4.B1"          7344.788691          7398.237207                    1       0.169180188309                    0           0.11442988          16.62916003
         "BPM.13R4.B1"        "BPM.14R4.B1"          7398.237207          7451.685723                    1      0.1023822568305                    0           0.13616729          16.74358991
         "BPM.14R4.B1"        "BPM.15R4.B1"          7451.685723          7505.134239                    1     0.07073821308846                    0           0.11386559           16.8797572
         "BPM.15R4.B1"        "BPM.16R4.B1"          7505.134239          7558.582755                    1      0.1516492155122                    0           0.13618566          16.99362279
         "BPM.16R4.B1"        "BPM.17R4.B1"          7558.582755          7612.031271                    1      0.1747473187449                    0           0.11384521          17.12980845
         "BPM.17R4.B1"        "BPM.18R4.B1"          7612.031271          7665.479786                    1      0.1081315389564                    0            0.1361666          17.24365366
         "BPM.18R4.B1"        "BPM.19R4.B1"          7665.479786          7718.928302                    1     0.07458054543844                    0           0.11386557          17.37982026
         "BPM.19R4.B1"        "BPM.20R4.B1"          7718.928302          7772.376818                    1       0.157012620515                    0           0.13618562          17.49368583
         "BPM.20R4.B1"        "BPM.21R4.B1"          7772.376818          7825.825334                    1      0.1749946146582                    0           0.11384521          17.62987145
         "BPM.21R4.B1"        "BPM.22R4.B1"          7825.825334           7879.27385                    1     0.09327834559162                    0           0.13616663          17.74371666
         "BPM.22R4.B1"        "BPM.23R4.B1"           7879.27385          7932.722366                    1     0.07677546109308                    0           0.11382966          17.87988329
         "BPM.23R4.B1"        "BPM.24R4.B1"          7932.722366          7986.170882                    1      0.1464592241271                    0           0.13612914          17.99371295
         "BPM.24R4.B1"        "BPM.26R4.B1"          7986.170882          8093.067914                    1      0.2743533178557                    0           0.25000516          18.12984209
         "BPM.26R4.B1"        "BPM.27R4.B1"          8093.067914           8146.51643                    1      0.0690224760942                    0           0.11382964          18.37984725
         "BPM.27R4.B1"        "BPM.28R4.B1"           8146.51643          8199.964946                    1      0.1597677308927                    0           0.13612911          18.49367689
         "BPM.28R4.B1"        "BPM.29R4.B1"          8199.964946          8253.413461                    1       0.177510532237                    0           0.11383855            18.629806
         "BPM.29R4.B1"        "BPM.30R4.B1"          8253.413461          8306.861977                    1     0.09961621037538                    0           0.13616663          18.74364455
         "BPM.30R4.B1"        "BPM.31R4.B1"          8306.861977          8360.310493                    1     0.07219074710924                    0           0.11382966          18.87981118
         "BPM.31R4.B1"        "BPM.32R4.B1"          8360.310493          8413.759009                    1      0.1392783205125                    0           0.13612911          18.99364084
         "BPM.32R4.B1"        "BPM.33R4.B1"          8413.759009          8467.207525                    1      0.1845160134368                    0           0.11383855          19.12976995
         "BPM.33R4.B1"        "BPM.34R4.B1"          8467.207525          8520.656041                    1     0.09880886628263                    0           0.13616663           19.2436085
         "BPM.34R4.B1"        "BPM.33L5.B1"          8520.656041          8574.104557                    1      0.0740519151983                    0           0.11382966          19.37977513
         "BPM.33L5.B1"        "BPM.32L5.B1"          8574.104557          8627.553073                    1      0.1406100558446                    0           0.13612911          19.49360479
         "BPM.32L5.B1"        "BPM.31L5.B1"          8627.553073          8681.001589                    1      0.1763314432093                    0           0.11383854           19.6297339
         "BPM.31L5.B1"        "BPM.30L5.B1"          8681.001589          8734.450105                    1      0.1063922222324                    0           0.13616664          19.74357244
         "BPM.30L5.B1"        "BPM.28L5.B1"          8734.450105          8841.347136                    1      0.2025564654808                    0           0.24995881          19.87973908
         "BPM.28L5.B1"        "BPM.27L5.B1"          8841.347136          8894.795652                    1       0.183873635133                    0           0.11383852          20.12969789
         "BPM.27L5.B1"        "BPM.25L5.B1"          8894.795652          9001.692684                    1      0.2012864627561                    0           0.24999629          20.24353641
         "BPM.25L5.B1"        "BPM.24L5.B1"          9001.692684            9055.1412                    1      0.1286357654723                    0           0.13612909           20.4935327
         "BPM.24L5.B1"        "BPM.23L5.B1"            9055.1412          9108.589716                    1      0.1721332297273                    0           0.11383853          20.62966179
         "BPM.23L5.B1"        "BPM.22L5.B1"          9108.589716          9162.038232                    1      0.1076808652121                    0           0.13616663          20.74350032
         "BPM.22L5.B1"        "BPM.21L5.B1"          9162.038232          9215.486748                    1     0.06867446775971                    0           0.11382971          20.87966695
         "BPM.21L5.B1"        "BPM.20L5.B1"          9215.486748          9268.935264                    1      0.1451094713803                    0           0.13613716          20.99349666
         "BPM.20L5.B1"        "BPM.19L5.B1"          9268.935264          9322.383779                    1      0.1808068945447                    0           0.11388111          21.12963382
         "BPM.19L5.B1"        "BPM.18L5.B1"          9322.383779          9375.832295                    1      0.1183424151474                    0           0.13621508          21.24351493
         "BPM.18L5.B1"        "BPM.17L5.B1"          9375.832295          9429.280811                    1     0.06826241479253                    0           0.11382966          21.37973001
         "BPM.17L5.B1"        "BPM.16L5.B1"          9429.280811          9482.729327                    1      0.1377979934333                    0           0.13613715          21.49355967
         "BPM.16L5.B1"        "BPM.15L5.B1"          9482.729327          9536.177843                    1      0.1737430691794                    0           0.11388115          21.62969682
         "BPM.15L5.B1"        "BPM.13L5.B1"          9536.177843          9643.074875                    1      0.1845759128574                    0           0.25004472          21.74357797
         "BPM.13L5.B1"        "BPM.12L5.B1"          9643.074875          9696.523391                    1      0.1501262443305                    0           0.13765801          21.99362269
         "BPM.12L5.B1"        "BPM.11L5.B1"          9696.523391          9749.971907                    1      0.1620410175955                    0           0.11033736           22.1312807
         "BPM.11L5.B1"        "BPM.10L5.B1"          9749.971907          9802.752617                    1      0.1104358238613                    0           0.13224058          22.24161806
         "BPM.10L5.B1"         "BPM.9L5.B1"          9802.752617          9841.817628                    1     0.06898724659502                    0           0.10319861          22.37385864
          "BPM.9L5.B1"         "BPM.8L5.B1"          9841.817628          9882.280639                    1       0.218476603628                    0           0.18953033          22.47705725
          "BPM.8L5.B1"        "BPMR.7L5.B1"          9882.280639          9921.346649                    1      0.1323149895998                    0           0.10071186          22.66658758
         "BPMR.7L5.B1"         "BPM.6L5.B1"          9921.346649          9958.240649                    1     0.09141178337264                    0           0.09864777          22.76729944
          "BPM.6L5.B1"        "BPMR.5L5.B1"          9958.240649          9990.140649                    1   0.0009954508345207                    0           0.01683396          22.86594721
         "BPMR.5L5.B1"       "BPMYA.4L5.B1"          9990.140649          10017.54665                    1    0.003065020970155                    0    0.006332319999999          22.88278117
        "BPMYA.4L5.B1"       "BPMWB.4L5.B1"          10017.54665          10038.68115                    1    0.009992398218385                    0           0.00287737          22.88911349
        "BPMWB.4L5.B1"       "BPMSY.4L5.B1"          10038.68115          10131.46115                    1      0.9976164068327                    0    0.008277100000001          22.89199086
        "BPMSY.4L5.B1"        "BPMS.2L5.B1"          10131.46115          10158.24665                    1    0.008053850407939                    0    0.001144350000001          22.90026796
         "BPMS.2L5.B1"       "BPMSW.1L5.B1"          10158.24665          10168.21165                    1      0.9939447823774                    0   0.0008368599999997          22.90141231
        "BPMSW.1L5.B1"       "BPMSW.1R5.B1"          10168.21165          10211.33965                    1      0.5021676701438                    0           0.49409602          22.90224917
        "BPMSW.1R5.B1"        "BPMS.2R5.B1"          10211.33965          10221.30465                    1   0.0009634062253845                    0           0.00107452          23.39634519
         "BPMS.2R5.B1"       "BPMSY.4R5.B1"          10221.30465          10248.09015                    1    0.001040430107721                    0           0.00165136          23.39741971
        "BPMSY.4R5.B1"       "BPMWB.4R5.B1"          10248.09015          10340.87015                    1      0.9968385712007                    0    0.007000549999997          23.39907107
        "BPMWB.4R5.B1"       "BPMYA.4R5.B1"          10340.87015          10362.00265                    1    0.002346329763955                    0    0.005830380000003          23.40607162
        "BPMYA.4R5.B1"         "BPM.5R5.B1"          10362.00265          10383.12065                    1     0.01684045505645                    0            0.0123451            23.411902
          "BPM.5R5.B1"       "BPM_A.7R5.B1"          10383.12065          10449.03465                    1      0.4595404428193                    0           0.42876198           23.4242471
        "BPM_A.7R5.B1"         "BPM.8R5.B1"          10449.03465          10490.47364                    1     0.05822094277077                    0            0.1195629          23.85300908
          "BPM.8R5.B1"         "BPM.9R5.B1"          10490.47364          10529.54063                    1      0.2514334111901                    0           0.19594994          23.97257198
          "BPM.9R5.B1"        "BPM.10R5.B1"          10529.54063          10570.00562                    1      0.1201928353051                    0           0.09430256          24.16852192
         "BPM.10R5.B1"        "BPM.11R5.B1"          10570.00562          10622.78831                    1      0.0766715702775                    0           0.12465078          24.26282448
         "BPM.11R5.B1"        "BPM.12R5.B1"          10622.78831          10677.51479                    1     0.07273518190753                    0            0.1099174          24.38747526
         "BPM.12R5.B1"        "BPM.13R5.B1"          10677.51479          10730.96627                    1      0.1647385111014                    0           0.13338701          24.49739266
         "BPM.13R5.B1"        "BPM.14R5.B1"          10730.96627          10784.41776                    1      0.1616651361695                    0           0.11384639          24.63077967
         "BPM.14R5.B1"        "BPM.15R5.B1"          10784.41776          10837.86924                    1      0.1065141366987                    0           0.13618487          24.74462606
         "BPM.15R5.B1"        "BPM.16R5.B1"          10837.86924          10891.32073                    1     0.07030944220195                    0           0.11387976          24.88081093
         "BPM.16R5.B1"        "BPM.17R5.B1"          10891.32073          10944.77221                    1      0.1442491413863                    0           0.13618801          24.99469069
         "BPM.17R5.B1"        "BPM.18R5.B1"          10944.77221           10998.2237                    1       0.170728808741                    0           0.11384648           25.1308787
         "BPM.18R5.B1"        "BPM.19R5.B1"           10998.2237          11051.67518                    1      0.1095453274572                    0           0.13618489          25.24472518
         "BPM.19R5.B1"        "BPM.20R5.B1"          11051.67518          11105.12666                    1     0.06343263840573                    0           0.11387974          25.38091007
         "BPM.20R5.B1"        "BPM.21R5.B1"          11105.12666          11158.57815                    1       0.169005379088                    0           0.13618795          25.49478981
         "BPM.21R5.B1"        "BPM.22R5.B1"          11158.57815          11212.02963                    1      0.1681459177247                    0           0.11384648          25.63097776
         "BPM.22R5.B1"        "BPM.24R5.B1"          11212.02963           11318.9326                    1      0.1595489904441                    0           0.25001405          25.74482424
         "BPM.24R5.B1"        "BPM.25R5.B1"           11318.9326          11372.38408                    1      0.1535384389766                    0           0.13613951          25.99483829
         "BPM.25R5.B1"        "BPM.26R5.B1"          11372.38408          11425.83557                    1      0.1693534914603                    0           0.11384647           26.1309778
         "BPM.26R5.B1"        "BPM.27R5.B1"          11425.83557          11479.28705                    1      0.1093468396335                    0           0.13617688          26.24482427
         "BPM.27R5.B1"        "BPM.28R5.B1"          11479.28705          11532.73854                    1     0.07869354913464                    0           0.11383714          26.38100115
         "BPM.28R5.B1"        "BPM.29R5.B1"          11532.73854          11586.19002                    1      0.1604772533357                    0           0.13613947          26.49483829
         "BPM.29R5.B1"        "BPM.30R5.B1"          11586.19002           11639.6415                    1      0.1681415546288                    0            0.1138465          26.63097776
         "BPM.30R5.B1"        "BPM.31R5.B1"           11639.6415          11693.09299                    1      0.1036409092925                    0           0.13617689          26.74482426
         "BPM.31R5.B1"        "BPM.32R5.B1"          11693.09299          11746.54447                    1     0.06672623609223                    0           0.11383716          26.88100115
         "BPM.32R5.B1"        "BPM.33R5.B1"          11746.54447          11799.99596                    1      0.1546882268669                    0           0.13613949          26.99483831
         "BPM.33R5.B1"        "BPM.34R5.B1"          11799.99596          11853.44744                    1      0.1721441084417                    0           0.11384647           27.1309778
         "BPM.34R5.B1"        "BPM.32L6.B1"          11853.44744          11960.35041                    1      0.1747655454043                    0           0.25001403          27.24482427
         "BPM.32L6.B1"        "BPM.31L6.B1"          11960.35041          12013.80189                    1      0.1667661081755                    0           0.13613949           27.4948383
         "BPM.31L6.B1"        "BPM.30L6.B1"          12013.80189          12067.25338                    1       0.157219998164                    0           0.11384647          27.63097779
         "BPM.30L6.B1"        "BPM.29L6.B1"          12067.25338          12120.70486                    1      0.1003530509619                    0           0.13617685          27.74482426
         "BPM.29L6.B1"        "BPM.28L6.B1"          12120.70486          12174.15635                    1     0.06640272906036                    0           0.11383718          27.88100111
         "BPM.28L6.B1"        "BPM.27L6.B1"          12174.15635          12227.60783                    1      0.1757463388282                    0           0.13613951          27.99483829
         "BPM.27L6.B1"        "BPM.26L6.B1"          12227.60783          12281.05931                    1      0.1522570319894                    0           0.11384647           28.1309778
         "BPM.26L6.B1"        "BPM.25L6.B1"          12281.05931           12334.5108                    1       0.113502948744                    0           0.13617688          28.24482427
         "BPM.25L6.B1"        "BPM.24L6.B1"           12334.5108          12387.96228                    1     0.06514510703326                    0           0.11383714          28.38100115
         "BPM.24L6.B1"        "BPM.23L6.B1"          12387.96228          12441.41377                    1      0.1354741778893                    0           0.13613947          28.49483829
         "BPM.23L6.B1"        "BPM.22L6.B1"          12441.41377          12494.86525                    1      0.1885173224136                    0           0.11384648          28.63097776
         "BPM.22L6.B1"        "BPM.21L6.B1"          12494.86525          12548.31673                    1      0.1017314965683                    0           0.13617687          28.74482424
         "BPM.21L6.B1"        "BPM.20L6.B1"          12548.31673          12601.76822                    1     0.07228250025328                    0           0.11387313          28.88100111
         "BPM.20L6.B1"        "BPM.19L6.B1"          12601.76822           12655.2197                    1      0.1545469684395                    0             0.136196          28.99487424
         "BPM.19L6.B1"        "BPM.18L6.B1"           12655.2197          12708.67119                    1      0.1666884753193                    0           0.11385311          29.13107024
         "BPM.18L6.B1"        "BPM.17L6.B1"          12708.67119          12762.12267                    1      0.1076210265962                    0            0.1361769          29.24492335
         "BPM.17L6.B1"        "BPM.16L6.B1"          12762.12267          12815.57415                    1     0.06896038798655                    0            0.1138731          29.38110025
         "BPM.16L6.B1"        "BPM.15L6.B1"          12815.57415          12869.02564                    1      0.1513005726996                    0           0.13619596          29.49497335
         "BPM.15L6.B1"        "BPM.14L6.B1"          12869.02564          12922.47712                    1      0.1649162683382                    0            0.1138531          29.63116931
         "BPM.14L6.B1"        "BPM.13L6.B1"          12922.47712          12975.92861                    1      0.1100135769834                    0           0.13617691          29.74502241
         "BPM.13L6.B1"        "BPM.12L6.B1"          12975.92861          13029.38009                    1     0.07314164233002                    0           0.11516059          29.88119932
         "BPM.12L6.B1"        "BPM.10L6.B1"          13029.38009          13134.67226                    1      0.3182182424946                    0           0.25095834          29.99635991
         "BPM.10L6.B1"         "BPM.9L6.B1"          13134.67226          13173.73925                    1     0.09786943126052                    0           0.11977555          30.24731825
          "BPM.9L6.B1"         "BPM.8L6.B1"          13173.73925          13214.20424                    1     0.07647230988056                    0           0.12271979           30.3670938
          "BPM.8L6.B1"       "BPMYA.5L6.B1"          13214.20424          13311.29423                    1      0.3184983354717                    0           0.24555442          30.48981359
        "BPMYA.5L6.B1"       "BPMYB.4L6.B1"          13311.29423          13347.69423                    1    0.007893801578055                    0           0.01522159          30.73536801
        "BPMYB.4L6.B1"      "BPMSX.B4L6.B1"          13347.69423          13383.23473                    1     0.03409407309922                    0           0.03042214           30.7505896
       "BPMSX.B4L6.B1"      "BPMSX.A4L6.B1"          13383.23473          13383.81973                    1      0.9978293836734                    0   0.0005534800000007          30.78101174
       "BPMSX.A4L6.B1"       "BPMSA.4R6.B1"          13383.81973          13568.51473                    1      0.1740459192315                    0           0.17574569          30.78156522
        "BPMSA.4R6.B1"      "BPMSI.A4R6.B1"          13568.51473          13661.77473                    1     0.04105234149431                    0           0.04307047          30.95731091
       "BPMSI.A4R6.B1"      "BPMSI.B4R6.B1"          13661.77473          13662.40973                    1      0.9955778585615                    0   0.0002109799999985          31.00038138
       "BPMSI.B4R6.B1"       "BPMYA.4R6.B1"          13662.40973          13691.29423                    1    0.009731625262909                    0    0.008763340000002          31.00059236
        "BPMYA.4R6.B1"       "BPMYB.5R6.B1"          13691.29423          13727.69423                    1     0.01749745115982                    0           0.02100325           31.0093557
        "BPMYB.5R6.B1"         "BPM.8R6.B1"          13727.69423          13823.42122                    1      0.3462845618263                    0           0.32326424          31.03035895
          "BPM.8R6.B1"         "BPM.9R6.B1"          13823.42122          13862.48821                    1      0.1349172897496                    0           0.14612579          31.35362319
          "BPM.9R6.B1"        "BPM.10R6.B1"          13862.48821           13902.9532                    1      0.1592705025207                    0           0.15523183          31.49974898
         "BPM.10R6.B1"        "BPM.11R6.B1"           13902.9532          13954.79389                    1      0.1054690597305                    0           0.10405706          31.65498081
         "BPM.11R6.B1"        "BPM.12R6.B1"          13954.79389          14009.52037                    1      0.1391815808403                    0           0.13606017          31.75903787
         "BPM.12R6.B1"        "BPM.13R6.B1"          14009.52037          14062.97186                    1      0.1118043457246                    0           0.11562452          31.89509804
         "BPM.13R6.B1"        "BPM.14R6.B1"          14062.97186          14116.42334                    1      0.1467323275461                    0           0.13691384          32.01072256
         "BPM.14R6.B1"        "BPM.15R6.B1"          14116.42334          14169.87483                    1      0.1130613344578                    0           0.11720383           32.1476364
         "BPM.15R6.B1"        "BPM.16R6.B1"          14169.87483          14223.32631                    1      0.1324204148479                    0           0.14089955          32.26484023
         "BPM.16R6.B1"        "BPM.17R6.B1"          14223.32631          14276.77779                    1       0.102346415204                    0           0.11396833          32.40573978
         "BPM.17R6.B1"        "BPM.18R6.B1"          14276.77779          14330.22928                    1      0.1533656708648                    0           0.13712317          32.51970811
         "BPM.18R6.B1"        "BPM.19R6.B1"          14330.22928          14383.68076                    1      0.1165089592137                    0           0.11739705          32.65683128
         "BPM.19R6.B1"        "BPM.20R6.B1"          14383.68076          14437.13225                    1      0.1294311666073                    0           0.14066707          32.77422833
         "BPM.20R6.B1"        "BPM.21R6.B1"          14437.13225          14490.58373                    1      0.1217281942591                    0           0.11379537           32.9148954
         "BPM.21R6.B1"        "BPM.22R6.B1"          14490.58373          14544.03522                    1      0.1331076425093                    0           0.13735875          33.02869077
         "BPM.22R6.B1"        "BPM.23R6.B1"          14544.03522           14597.4867                    1      0.1213400053108                    0           0.11452222          33.16604952
         "BPM.23R6.B1"        "BPM.24R6.B1"           14597.4867          14650.93818                    1      0.1277118484655                    0           0.13736888          33.28057174
         "BPM.24R6.B1"        "BPM.25R6.B1"          14650.93818          14704.38967                    1       0.114820570861                    0           0.11448257          33.41794062
         "BPM.25R6.B1"        "BPM.26R6.B1"          14704.38967          14757.84115                    1      0.1488497997786                    0            0.1373606          33.53242319
         "BPM.26R6.B1"        "BPM.27R6.B1"          14757.84115          14811.29264                    1      0.1098371250788                    0           0.11452238          33.66978379
         "BPM.27R6.B1"        "BPM.28R6.B1"          14811.29264          14864.74412                    1      0.1258762892627                    0           0.13736778          33.78430617
         "BPM.28R6.B1"        "BPM.29R6.B1"          14864.74412           14918.1956                    1      0.1230233296699                    0           0.11448246          33.92167395
         "BPM.29R6.B1"        "BPM.30R6.B1"           14918.1956          14971.64709                    1      0.1419715488936                    0           0.13736172          34.03615641
         "BPM.30R6.B1"        "BPM.31R6.B1"          14971.64709          15025.09857                    1      0.1211102161072                    0           0.11452249          34.17351813
         "BPM.31R6.B1"        "BPM.32R6.B1"          15025.09857          15078.55006                    1      0.1240445617025                    0           0.13736669          34.28804062
         "BPM.32R6.B1"        "BPM.33R6.B1"          15078.55006          15132.00154                    1      0.1166088034338                    0           0.11448234          34.42540731
         "BPM.33R6.B1"        "BPM.34R6.B1"          15132.00154          15185.45302                    1      0.1436623816082                    0            0.1373628          34.53988965
         "BPM.34R6.B1"        "BPM.33L7.B1"          15185.45302          15238.90451                    1      0.1177309830142                    0           0.11452258          34.67725245
         "BPM.33L7.B1"        "BPM.32L7.B1"          15238.90451          15292.35599                    1      0.1237395220249                    0           0.13736562          34.79177503
         "BPM.32L7.B1"        "BPM.31L7.B1"          15292.35599          15345.80748                    1      0.1204249543258                    0           0.11448228          34.92914065
         "BPM.31L7.B1"        "BPM.30L7.B1"          15345.80748          15399.25896                    1      0.1455024521724                    0           0.13736388          35.04362293
         "BPM.30L7.B1"        "BPM.29L7.B1"          15399.25896          15452.71045                    1      0.1111712471597                    0           0.11452264          35.18098681
         "BPM.29L7.B1"        "BPM.28L7.B1"          15452.71045          15506.16193                    1      0.1291565044918                    0           0.13736455          35.29550945
         "BPM.28L7.B1"        "BPM.27L7.B1"          15506.16193          15559.61341                    1      0.1170227464048                    0           0.11448225            35.432874
         "BPM.27L7.B1"        "BPM.26L7.B1"          15559.61341           15613.0649                    1      0.1569266653547                    0           0.13736496          35.54735625
         "BPM.26L7.B1"        "BPM.25L7.B1"           15613.0649          15666.51638                    1      0.1095784316327                    0           0.11452261          35.68472121
         "BPM.25L7.B1"        "BPM.24L7.B1"          15666.51638          15719.96787                    1      0.1220707256654                    0           0.13736343          35.79924382
         "BPM.24L7.B1"        "BPM.23L7.B1"          15719.96787          15773.41935                    1      0.1089175953971                    0           0.11448231          35.93660725
         "BPM.23L7.B1"        "BPM.22L7.B1"          15773.41935          15826.87083                    1      0.1549875523445                    0           0.13736608          36.05108956
         "BPM.22L7.B1"        "BPM.21L7.B1"          15826.87083          15880.32232                    1      0.1090043516944                    0           0.11452256          36.18845564
         "BPM.21L7.B1"        "BPM.20L7.B1"          15880.32232           15933.7738                    1      0.1271731388971                    0           0.13652785           36.3029782
         "BPM.20L7.B1"        "BPM.19L7.B1"           15933.7738          15987.22529                    1      0.1240740570054                    0           0.11684811          36.43950605
         "BPM.19L7.B1"        "BPM.18L7.B1"          15987.22529          16040.67677                    1      0.1437147719575                    0           0.14132301          36.55635416
         "BPM.18L7.B1"        "BPM.17L7.B1"          16040.67677          16094.12825                    1      0.1203344874331                    0           0.11428691          36.69767717
         "BPM.17L7.B1"        "BPM.16L7.B1"          16094.12825          16147.57974                    1      0.1301995060154                    0           0.13669424          36.81196408
         "BPM.16L7.B1"        "BPM.14L7.B1"          16147.57974          16254.48271                    1       0.264336826498                    0           0.25821649          36.94865832
         "BPM.14L7.B1"        "BPM.13L7.B1"          16254.48271          16307.93419                    1      0.1036312098295                    0           0.11406936          37.20687481
         "BPM.13L7.B1"        "BPM.12L7.B1"          16307.93419          16361.38567                    1     0.09931416014514                    0           0.13969533          37.32094417
         "BPM.12L7.B1"        "BPM.11L7.B1"          16361.38567          16414.83716                    1       0.155731427751                    0           0.11972751           37.4606395
         "BPM.11L7.B1"        "BPM.10L7.B1"          16414.83716          16467.61985                    1      0.1599833316315                    0           0.14378759          37.58036701
         "BPM.10L7.B1"         "BPM.9L7.B1"          16467.61985          16506.68684                    1     0.09080661234484                    0           0.09366956           37.7241546
          "BPM.9L7.B1"         "BPM.8L7.B1"          16506.68684          16547.15183                    1      0.1869932997608                    0           0.19273162          37.81782416
          "BPM.8L7.B1"         "BPM.7L7.B1"          16547.15183          16586.21782                    1     0.08221997673242                    0           0.08254956          38.01055578
          "BPM.7L7.B1"         "BPM.6L7.B1"          16586.21782          16621.03582                    1     0.04447851660776                    0           0.04668978          38.09310534
          "BPM.6L7.B1"       "BPMWC.6L7.B1"          16621.03582          16633.13832                    1     0.00346635334808                    0    0.007559479999998          38.13979512
        "BPMWC.6L7.B1"       "BPMWE.5L7.B1"          16633.13832          16710.19232                    1      0.1970960444085                    0            0.1891427           38.1473546
        "BPMWE.5L7.B1"        "BPMW.5L7.B1"          16710.19232          16733.39732                    1     0.08274906882506                    0           0.09709251           38.3364973
         "BPMW.5L7.B1"       "BPMWE.4L7.B1"          16733.39732          16768.48232                    1     0.04398137400981                    0           0.04178611          38.43358981
        "BPMWE.4L7.B1"        "BPMW.4L7.B1"          16768.48232          16796.58732                    1     0.01669028141147                    0           0.01327426          38.47537592
         "BPMW.4L7.B1"       "BPMWE.4R7.B1"          16796.58732          16940.73932                    1      0.2793579469722                    0           0.26421247          38.48865018
        "BPMWE.4R7.B1"        "BPMW.5R7.B1"          16940.73932          16975.82432                    1     0.02311224931047                    0           0.03296882          38.75286265
         "BPMW.5R7.B1"        "BPMR.6R7.B1"          16975.82432          17078.24482                    1     0.09847994094616                    0           0.10309906          38.78583147
         "BPMR.6R7.B1"       "BPM_A.7R7.B1"          17078.24482          17116.28082                    1     0.08259111771187                    0           0.08009213          38.88893053
        "BPM_A.7R7.B1"         "BPM.8R7.B1"          17116.28082          17155.34681                    1      0.1070081448098                    0           0.13032036          38.96902266
          "BPM.8R7.B1"        "BPM.10R7.B1"          17155.34681          17234.87878                    1       0.315803961258                    0             0.287114          39.09934302
         "BPM.10R7.B1"        "BPM.11R7.B1"          17234.87878          17287.66147                    1      0.1116036693419                    0            0.1268872          39.38645702
         "BPM.11R7.B1"        "BPM.12R7.B1"          17287.66147          17342.38796                    1      0.1272721322232                    0           0.12035212          39.51334422
         "BPM.12R7.B1"        "BPM.13R7.B1"          17342.38796          17395.83944                    1      0.1611741041561                    0           0.14359467          39.63369634
         "BPM.13R7.B1"        "BPM.14R7.B1"          17395.83944          17449.29093                    1      0.1012065507344                    0           0.11501598          39.77729101
         "BPM.14R7.B1"        "BPM.15R7.B1"          17449.29093          17502.74241                    1      0.1272287219523                    0           0.13628816          39.89230699
         "BPM.15R7.B1"        "BPM.16R7.B1"          17502.74241          17556.19389                    1      0.1328645666503                    0           0.11635414          40.02859515
         "BPM.16R7.B1"        "BPM.17R7.B1"          17556.19389          17609.64538                    1      0.1342712060116                    0           0.14160881          40.14494929
         "BPM.17R7.B1"        "BPM.18R7.B1"          17609.64538          17663.09686                    1      0.1156416578491                    0           0.11475254           40.2865581
         "BPM.18R7.B1"        "BPM.19R7.B1"          17663.09686          17716.54835                    1      0.1225287911117                    0           0.13639193          40.40131064
         "BPM.19R7.B1"        "BPM.20R7.B1"          17716.54835          17769.99983                    1      0.1237832002437                    0           0.11661811          40.53770257
         "BPM.20R7.B1"        "BPM.21R7.B1"          17769.99983          17823.45131                    1      0.1471540440126                    0           0.14148132          40.65432068
         "BPM.21R7.B1"        "BPM.22R7.B1"          17823.45131           17876.9028                    1      0.1107243503107                    0           0.11450153            40.795802
         "BPM.22R7.B1"        "BPM.23R7.B1"           17876.9028          17930.35428                    1      0.1324863675328                    0           0.13736388          40.91030353
         "BPM.23R7.B1"        "BPM.24R7.B1"          17930.35428          17983.80577                    1      0.1090605887616                    0           0.11450352          41.04766741
         "BPM.24R7.B1"        "BPM.25R7.B1"          17983.80577          18037.25725                    1      0.1524872581605                    0           0.13736507          41.16217093
         "BPM.25R7.B1"        "BPM.26R7.B1"          18037.25725          18090.70874                    1      0.1175264503009                    0           0.11450136            41.299536
         "BPM.26R7.B1"        "BPM.27R7.B1"          18090.70874          18144.16022                    1      0.1226333562744                    0           0.13736393          41.41403736
         "BPM.27R7.B1"        "BPM.28R7.B1"          18144.16022           18197.6117                    1      0.1271853246689                    0           0.11450352          41.55140129
         "BPM.28R7.B1"        "BPM.29R7.B1"           18197.6117          18251.06319                    1      0.1416706788406                    0           0.13736497          41.66590481
         "BPM.29R7.B1"        "BPM.30R7.B1"          18251.06319          18304.51467                    1      0.1049397983296                    0           0.11450136          41.80326978
         "BPM.30R7.B1"        "BPM.32R7.B1"          18304.51467          18411.41764                    1      0.2641170965683                    0           0.25186757          41.91777114
         "BPM.32R7.B1"        "BPM.33R7.B1"          18411.41764          18464.86912                    1       0.128632983139                    0           0.13736494          42.16963871
         "BPM.33R7.B1"        "BPM.34R7.B1"          18464.86912          18518.32061                    1      0.1162505185206                    0           0.11450132          42.30700365
         "BPM.34R7.B1"        "BPM.33L8.B1"          18518.32061          18571.77209                    1      0.1306570941894                    0           0.13736405          42.42150497
         "BPM.33L8.B1"        "BPM.32L8.B1"          18571.77209          18625.22358                    1      0.1228739295776                    0           0.11450358          42.55886902
         "BPM.32L8.B1"        "BPM.31L8.B1"          18625.22358          18678.67506                    1      0.1333778109635                    0           0.13736488           42.6733726
         "BPM.31L8.B1"        "BPM.30L8.B1"          18678.67506          18732.12654                    1      0.1087038954058                    0            0.1145013          42.81073748
         "BPM.30L8.B1"        "BPM.29L8.B1"          18732.12654          18785.57803                    1      0.1402240318168                    0           0.13736409          42.92523878
         "BPM.29L8.B1"        "BPM.28L8.B1"          18785.57803          18839.02951                    1      0.1306609595843                    0            0.1145036          43.06260287
         "BPM.28L8.B1"        "BPM.27L8.B1"          18839.02951            18892.481                    1      0.1345887250436                    0           0.13736483          43.17710647
         "BPM.27L8.B1"        "BPM.26L8.B1"            18892.481          18945.93248                    1     0.09783382205349                    0           0.11450128           43.3144713
         "BPM.26L8.B1"        "BPM.25L8.B1"          18945.93248          18999.38397                    1      0.1430978489714                    0           0.13736417          43.42897258
         "BPM.25L8.B1"        "BPM.24L8.B1"          18999.38397          19052.83545                    1      0.1130454082964                    0           0.11450359          43.56633675
         "BPM.24L8.B1"        "BPM.23L8.B1"          19052.83545          19106.28693                    1      0.1461898251231                    0           0.13736473          43.68084034
         "BPM.23L8.B1"        "BPM.22L8.B1"          19106.28693          19159.73842                    1      0.1088336436645                    0           0.11450129          43.81820507
         "BPM.22L8.B1"        "BPM.21L8.B1"          19159.73842           19213.1899                    1      0.1241134179601                    0           0.13736425          43.93270636
         "BPM.21L8.B1"        "BPM.19L8.B1"           19213.1899          19320.09287                    1       0.275872357033                    0           0.25795673          44.07007061
         "BPM.19L8.B1"        "BPM.18L8.B1"          19320.09287          19373.54435                    1      0.1047442667643                    0           0.11366542          44.32802734
         "BPM.18L8.B1"        "BPM.17L8.B1"          19373.54435          19426.99584                    1      0.1350747735765                    0           0.13761795          44.44169276
         "BPM.17L8.B1"        "BPM.16L8.B1"          19426.99584          19480.44732                    1      0.1256723837833                    0            0.1176911          44.57931071
         "BPM.16L8.B1"        "BPM.15L8.B1"          19480.44732          19533.89881                    1      0.1404405716666                    0           0.14013746          44.69700181
         "BPM.15L8.B1"        "BPM.14L8.B1"          19533.89881          19587.35029                    1      0.1010853113532                    0           0.11354295          44.83713927
         "BPM.14L8.B1"        "BPM.13L8.B1"          19587.35029          19640.80177                    1      0.1419020828065                    0           0.13789068          44.95068222
         "BPM.13L8.B1"        "BPM.12L8.B1"          19640.80177          19694.25326                    1      0.1339301661415                    0           0.11820466           45.0885729
         "BPM.12L8.B1"        "BPM.11L8.B1"          19694.25326          19747.70474                    1      0.1245517808675                    0           0.14207473          45.20677756
         "BPM.11L8.B1"         "BPM.9L8.B1"          19747.70474          19838.61242                    1      0.2175920172872                    0           0.21600367          45.34885229
          "BPM.9L8.B1"         "BPM.8L8.B1"          19838.61242          19879.07741                    1      0.1532867275317                    0           0.16169852          45.56485596
          "BPM.8L8.B1"         "BPM.7L8.B1"          19879.07741           19918.1454                    1      0.1736278238003                    0           0.17531069          45.72655448
          "BPM.7L8.B1"        "BPMR.6L8.B1"           19918.1454           19950.6144                    1      0.1244402767015                    0           0.11225055          45.90186517
         "BPMR.6L8.B1"         "BPM.5L8.B1"           19950.6144           20011.0334                    1      0.2309139870891                    0           0.25083668          46.01411572
          "BPM.5L8.B1"       "BPMYB.4L8.B1"           20011.0334           20031.8004                    1     0.01713967138812                    0             0.019492           46.2649524
        "BPMYB.4L8.B1"       "BPMWB.4L8.B1"           20031.8004           20056.1919                    1     0.02096507722038                    0           0.02278941           46.2844444
        "BPMWB.4L8.B1"        "BPMS.2L8.B1"           20056.1919           20144.3364                    1     0.03518992515036                    0           0.03780317          46.30723381
         "BPMS.2L8.B1"       "BPMSW.1L8.B1"           20144.3364           20154.2704                    1     0.01458915547228                    0    0.007939209999996          46.34503698
        "BPMSW.1L8.B1"       "BPMSW.1R8.B1"           20154.2704           20197.4604                    1      0.4465762860541                    0           0.45606656          46.35297619
        "BPMSW.1R8.B1"        "BPMS.2R8.B1"           20197.4604           20207.3944                    1     0.01134949545949                    0    0.006149889999996          46.80904275
         "BPMS.2R8.B1"       "BPMSX.4R8.B1"           20207.3944           20245.3059                    1     0.01633427631096                    0           0.01355175          46.81519264
        "BPMSX.4R8.B1"       "BPMWB.4R8.B1"           20245.3059           20295.4629                    1     0.02297785140132                    0           0.02596554          46.82874439
        "BPMWB.4R8.B1"       "BPMYB.4R8.B1"           20295.4629           20319.9304                    1    0.005509916249994                    0           0.01435352          46.85470993
        "BPMYB.4R8.B1"       "BPMYB.5R8.B1"           20319.9304           20340.5074                    1     0.03109306742817                    0           0.02723782          46.86906345
        "BPMYB.5R8.B1"         "BPM.6R8.B1"           20340.5074           20424.6154                    1      0.3837788246398                    0           0.35529303          46.89630127
          "BPM.6R8.B1"       "BPM_A.7R8.B1"           20424.6154           20446.8554                    1     0.03507237440055                    0           0.04274563           47.2515943
        "BPM_A.7R8.B1"         "BPM.8R8.B1"           20446.8554          20488.29241                    1     0.07919473440137                    0           0.10048781          47.29433993
          "BPM.8R8.B1"         "BPM.9R8.B1"          20488.29241          20527.35742                    1       0.209634800345                    0           0.14342153          47.39482774
          "BPM.9R8.B1"        "BPM.10R8.B1"          20527.35742          20567.82043                    1      0.1629447809501                    0           0.18955417          47.53824927
         "BPM.10R8.B1"        "BPM.11R8.B1"          20567.82043          20619.65914                    1     0.06256884559364                    0           0.09884113          47.72780344
         "BPM.11R8.B1"        "BPM.12R8.B1"          20619.65914          20674.38266                    1      0.1399870563301                    0           0.13458953          47.82664457
         "BPM.12R8.B1"        "BPM.13R8.B1"          20674.38266          20727.83117                    1      0.1670746015174                    0           0.11739612           47.9612341
         "BPM.13R8.B1"        "BPM.14R8.B1"          20727.83117          20781.27969                    1      0.1222312592471                    0           0.13616164          48.07863022
         "BPM.14R8.B1"        "BPM.15R8.B1"          20781.27969          20834.72821                    1     0.07284961143868                    0           0.11386057          48.21479186
         "BPM.15R8.B1"        "BPM.16R8.B1"          20834.72821          20888.17672                    1      0.1589135649776                    0            0.1361947          48.32865243
         "BPM.16R8.B1"        "BPM.17R8.B1"          20888.17672          20941.62524                    1      0.1610906828074                    0           0.11385022          48.46484713
         "BPM.17R8.B1"        "BPM.18R8.B1"          20941.62524          20995.07375                    1      0.1101658541089                    0           0.13615754          48.57869735
         "BPM.18R8.B1"        "BPM.19R8.B1"          20995.07375          21048.52227                    1     0.06354754591158                    0           0.11386055          48.71485489
         "BPM.19R8.B1"        "BPM.20R8.B1"          21048.52227          21101.97079                    1      0.1755346704772                    0           0.13619464          48.82871544
         "BPM.20R8.B1"        "BPM.21R8.B1"          21101.97079           21155.4193                    1      0.1534538186049                    0           0.11385024          48.96491008
         "BPM.21R8.B1"        "BPM.22R8.B1"           21155.4193          21208.86782                    1      0.1141325019416                    0           0.13615762          49.07876032
         "BPM.22R8.B1"        "BPM.23R8.B1"          21208.86782          21262.31633                    1      0.1340911452363                    0           0.11382465          49.21491794
         "BPM.23R8.B1"        "BPM.24R8.B1"          21262.31633          21315.76485                    1     0.09580776865376                    0           0.13613818          49.32874259
         "BPM.24R8.B1"        "BPM.25R8.B1"          21315.76485          21369.21337                    1      0.1642020567225                    0           0.11384356          49.46488077
         "BPM.25R8.B1"        "BPM.26R8.B1"          21369.21337          21422.66188                    1      0.1057464246006                    0           0.13615755          49.57872433
         "BPM.26R8.B1"        "BPM.27R8.B1"          21422.66188           21476.1104                    1     0.07411549743332                    0           0.11382462          49.71488188
         "BPM.27R8.B1"        "BPM.28R8.B1"           21476.1104          21529.55891                    1      0.1507652960202                    0           0.13613812           49.8287065
         "BPM.28R8.B1"        "BPM.29R8.B1"          21529.55891          21583.00743                    1      0.1639660700303                    0            0.1138436          49.96484462
         "BPM.29R8.B1"        "BPM.30R8.B1"          21583.00743          21636.45594                    1      0.1056442505672                    0           0.13615762          50.07868822
         "BPM.30R8.B1"        "BPM.31R8.B1"          21636.45594          21689.90446                    1     0.07299979937506                    0            0.1138246          50.21484584
         "BPM.31R8.B1"        "BPM.32R8.B1"          21689.90446          21743.35298                    1      0.1502967187986                    0           0.13613812          50.32867044
         "BPM.32R8.B1"        "BPM.33R8.B1"          21743.35298          21796.80149                    1      0.1641263895591                    0           0.11384359          50.46480856
         "BPM.33R8.B1"        "BPM.34R8.B1"          21796.80149          21850.25001                    1      0.1164993370309                    0           0.13615762          50.57865215
         "BPM.34R8.B1"        "BPM.33L1.B1"          21850.25001          21903.69852                    1     0.07971013837555                    0           0.11382463          50.71480977
         "BPM.33L1.B1"        "BPM.32L1.B1"          21903.69852          21957.14704                    1      0.1438047480629                    0           0.13613811           50.8286344
         "BPM.32L1.B1"        "BPM.31L1.B1"          21957.14704          22010.59556                    1      0.1549797599101                    0           0.11384358          50.96477251
         "BPM.31L1.B1"        "BPM.30L1.B1"          22010.59556          22064.04407                    1       0.124339568295                    0           0.13615762          51.07861609
         "BPM.30L1.B1"        "BPM.29L1.B1"          22064.04407          22117.49259                    1     0.06781017611014                    0           0.11382467          51.21477371
         "BPM.29L1.B1"        "BPM.28L1.B1"          22117.49259           22170.9411                    1       0.154216547814                    0           0.13613818          51.32859838
         "BPM.28L1.B1"        "BPM.27L1.B1"           22170.9411          22224.38962                    1      0.1633162629077                    0           0.11384354          51.46473656
         "BPM.27L1.B1"        "BPM.26L1.B1"          22224.38962          22277.83814                    1      0.1052001665818                    0           0.13615757           51.5785801
         "BPM.26L1.B1"        "BPM.25L1.B1"          22277.83814          22331.28665                    1     0.07472457185763                    0           0.11382463          51.71473767
         "BPM.25L1.B1"        "BPM.23L1.B1"          22331.28665          22438.18368                    1      0.3200810726842                    0           0.24998168           51.8285623
         "BPM.23L1.B1"        "BPM.22L1.B1"          22438.18368           22491.6322                    1      0.1058765778268                    0           0.13615764          52.07854398
         "BPM.22L1.B1"        "BPM.21L1.B1"           22491.6322          22545.08071                    1     0.06551300487995                    0           0.11382467          52.21470162
         "BPM.21L1.B1"        "BPM.20L1.B1"          22545.08071          22598.52923                    1      0.1607019167144                    0            0.1361462          52.32852629
         "BPM.20L1.B1"        "BPM.19L1.B1"          22598.52923          22651.97775                    1      0.1640001220126                    0           0.11385018          52.46467249
         "BPM.19L1.B1"        "BPM.18L1.B1"          22651.97775          22705.42626                    1      0.1093553059767                    0           0.13615758          52.57852267
         "BPM.18L1.B1"        "BPM.17L1.B1"          22705.42626          22758.87478                    1     0.07349826861628                    0           0.11382464          52.71468025
         "BPM.17L1.B1"        "BPM.16L1.B1"          22758.87478          22812.32329                    1      0.1496927024353                    0           0.13614614          52.82850489
         "BPM.16L1.B1"        "BPM.15L1.B1"          22812.32329          22865.77181                    1      0.1598922414571                    0           0.11385022          52.96465103
         "BPM.15L1.B1"        "BPM.13L1.B1"          22865.77181          22972.66884                    1       0.187610648446                    0           0.24998232          53.07850125
         "BPM.13L1.B1"        "BPM.12L1.B1"          22972.66884          23026.11736                    1      0.1568149473464                    0           0.13766712          53.32848357
         "BPM.12L1.B1"        "BPM.11L1.B1"          23026.11736          23079.56587                    1      0.1630276583268                    0           0.11034222          53.46615069
         "BPM.11L1.B1"        "BPM.10L1.B1"          23079.56587          23132.34658                    1      0.1021019419796                    0           0.13223208          53.57649291
         "BPM.10L1.B1"         "BPM.9L1.B1"          23132.34658           23171.4116                    1     0.06789812592413                    0           0.10319307          53.70872499
          "BPM.9L1.B1"         "BPM.8L1.B1"           23171.4116          23211.87461                    1      0.2072981558022                    0            0.1895422          53.81191806
          "BPM.8L1.B1"        "BPMR.7L1.B1"          23211.87461          23250.94062                    1      0.1281285952547                    0            0.1007134          54.00146026
         "BPMR.7L1.B1"        "BPMR.5L1.B1"          23250.94062          23326.02462                    1     0.09966244925468                    0           0.11740956          54.10217366
         "BPMR.5L1.B1"       "BPMYA.4L1.B1"          23326.02462          23347.14262                    1    0.004825817777887                    0    0.004395640000006          54.21958322
        "BPMYA.4L1.B1"       "BPMWB.4L1.B1"          23347.14262          23368.27512                    1      0.9995236745902                    0    0.002876829999998          54.22397886
        "BPMWB.4L1.B1"       "BPMSY.4L1.B1"          23368.27512          23461.05512                    1    0.007258122569727                    0    0.008276459999998          54.22685569
        "BPMSY.4L1.B1"        "BPMS.2L1.B1"          23461.05512          23487.84062                    1    0.003439894850166                    0    0.001144260000004          54.23513215
         "BPMS.2L1.B1"       "BPMSW.1L1.B1"          23487.84062          23497.79062                    1      0.9969783580315                    0   0.0008347499999957          54.23627641
        "BPMSW.1L1.B1"       "BPMSW.1R1.B1"          23497.79062          23540.93362                    1      0.4956835128244                    0           0.49409851          54.23711116
        "BPMSW.1R1.B1"        "BPMS.2R1.B1"          23540.93362          23550.89862                    1    0.001121572709604                    0    0.001074440000004          54.73120967
         "BPMS.2R1.B1"       "BPMSY.4R1.B1"          23550.89862          23577.68412                    1   0.0009097213060494                    0           0.00165123          54.73228411
        "BPMSY.4R1.B1"       "BPMWB.4R1.B1"          23577.68412          23670.46412                    1    0.006504668280782                    0    0.007000040000001          54.73393534
        "BPMWB.4R1.B1"       "BPMYA.4R1.B1"          23670.46412          23691.59662                    1    0.003250402224631                    0           0.00582996          54.74093538
        "BPMYA.4R1.B1"         "BPM.5R1.B1"          23691.59662          23719.00462                    1    0.008767100902682                    0     0.01868692999999          54.74676534
          "BPM.5R1.B1"        "BPMR.6R1.B1"          23719.00462          23750.90462                    1      0.3351460922367                    0            0.2550049          54.76545227
         "BPMR.6R1.B1"       "BPMSX.7R1.B1"          23750.90462          23757.12012                    1     0.07710901824154                    0           0.09156329          55.02045717
        "BPMSX.7R1.B1"       "BPM_A.7R1.B1"          23757.12012          23778.62862                    1     0.04141341108878                    0           0.07585681          55.11202046
        "BPM_A.7R1.B1"         "BPM.8R1.B1"          23778.62862          23820.06761                    1     0.07123470628153                    0           0.11955556          55.18787727
          "BPM.8R1.B1"         "BPM.9R1.B1"          23820.06761           23859.1346                    1      0.2271685725464                    0           0.19596189          55.30743283
          "BPM.9R1.B1"        "BPM.10R1.B1"           23859.1346          23899.59958                    1      0.1335767329759                    0           0.09430414          55.50339472
         "BPM.10R1.B1"        "BPM.11R1.B1"          23899.59958          23952.38227                    1       0.090414708127                    0            0.1246416          55.59769886
         "BPM.11R1.B1"        "BPM.12R1.B1"          23952.38227          24007.10876                    1      0.0713347707315                    0           0.10991312          55.72234046
         "BPM.12R1.B1"        "BPM.13R1.B1"          24007.10876          24060.56024                    1      0.1368961438351                    0             0.133396          55.83225358
         "BPM.13R1.B1"        "BPM.14R1.B1"          24060.56024          24114.01173                    1      0.1735157258584                    0           0.11385128          55.96564958
         "BPM.14R1.B1"        "BPM.15R1.B1"          24114.01173          24167.46321                    1      0.1169658967378                    0           0.13617584          56.07950086
         "BPM.15R1.B1"        "BPM.16R1.B1"          24167.46321          24220.91469                    1     0.08228050435782                    0           0.11387489           56.2156767
         "BPM.16R1.B1"        "BPM.17R1.B1"          24220.91469          24274.36618                    1      0.1317089557334                    0           0.13619707          56.32955159
         "BPM.17R1.B1"        "BPM.18R1.B1"          24274.36618          24327.81766                    1       0.166689633608                    0           0.11385134          56.46574866
         "BPM.18R1.B1"        "BPM.19R1.B1"          24327.81766          24381.26915                    1      0.1234650247257                    0           0.13617582              56.5796
         "BPM.19R1.B1"        "BPM.20R1.B1"          24381.26915          24434.72063                    1     0.07227444213203                    0           0.11387487          56.71577582
         "BPM.20R1.B1"        "BPM.21R1.B1"          24434.72063          24488.17211                    1      0.1367398525242                    0           0.13619699          56.82965069
         "BPM.21R1.B1"        "BPM.22R1.B1"          24488.17211           24541.6236                    1      0.1681109628724                    0           0.11385136          56.96584768
         "BPM.22R1.B1"        "BPM.23R1.B1"           24541.6236          24595.07508                    1      0.1225226921946                    0           0.13616783          57.07969904
         "BPM.23R1.B1"        "BPM.24R1.B1"          24595.07508          24648.52657                    1     0.07109127050199                    0           0.11383232          57.21586687
         "BPM.24R1.B1"        "BPM.25R1.B1"          24648.52657          24701.97805                    1      0.1434363292537                    0           0.13614857          57.32969919
         "BPM.25R1.B1"        "BPM.26R1.B1"          24701.97805          24755.42954                    1      0.1709318721202                    0           0.11385133          57.46584776
         "BPM.26R1.B1"        "BPM.27R1.B1"          24755.42954          24808.88102                    1      0.1144199787357                    0           0.13616779          57.57969909
         "BPM.27R1.B1"        "BPM.28R1.B1"          24808.88102           24862.3325                    1     0.06849772929344                    0           0.11383229          57.71586688
         "BPM.28R1.B1"        "BPM.29R1.B1"           24862.3325          24915.78399                    1      0.1563999309303                    0           0.13614852          57.82969917
         "BPM.29R1.B1"        "BPM.30R1.B1"          24915.78399          24969.23547                    1      0.1742389993653                    0           0.11385135          57.96584769
         "BPM.30R1.B1"        "BPM.31R1.B1"          24969.23547          25022.68696                    1     0.09795433439074                    0           0.13616784          58.07969904
         "BPM.31R1.B1"        "BPM.32R1.B1"          25022.68696          25076.13844                    1     0.07397566540895                    0           0.11383232          58.21586688
         "BPM.32R1.B1"        "BPM.33R1.B1"          25076.13844          25129.58992                    1      0.1502697444704                    0           0.13614856           58.3296992
         "BPM.33R1.B1"        "BPM.34R1.B1"          25129.58992          25183.04141                    1      0.1644051518831                    0           0.11385133          58.46584776
         "BPM.34R1.B1"        "BPM.32L2.B1"          25183.04141          25289.94438                    1      0.8782190740915                    0           0.25000011          58.57969909
         "BPM.32L2.B1"        "BPM.30L2.B1"          25289.94438          25396.84734                    1      0.3414904754442                    0           0.24999988           58.8296992
         "BPM.30L2.B1"        "BPM.29L2.B1"          25396.84734          25450.29883                    1      0.0954171593887                    0           0.13616779          59.07969908
         "BPM.29L2.B1"        "BPM.28L2.B1"          25450.29883          25503.75031                    1     0.06245903122023                    0           0.11383232          59.21586687
         "BPM.28L2.B1"        "BPM.27L2.B1"          25503.75031           25557.2018                    1      0.1494914407879                    0           0.13614857          59.32969919
         "BPM.27L2.B1"        "BPM.26L2.B1"           25557.2018          25610.65328                    1      0.1866507502859                    0           0.11385133          59.46584776
         "BPM.26L2.B1"        "BPM.25L2.B1"          25610.65328          25664.10477                    1     0.09847587461927                    0           0.13616779          59.57969909
         "BPM.25L2.B1"        "BPM.24L2.B1"          25664.10477          25717.55625                    1     0.06767027017979                    0           0.11383229          59.71586688
         "BPM.24L2.B1"        "BPM.23L2.B1"          25717.55625          25771.00773                    1      0.1494962648573                    0           0.13614852          59.82969917
         "BPM.23L2.B1"        "BPM.22L2.B1"          25771.00773          25824.45922                    1      0.1882983709374                    0           0.11385135          59.96584769
         "BPM.22L2.B1"        "BPM.21L2.B1"          25824.45922           25877.9107                    1     0.09455361648744                    0           0.13616783          60.07969904
         "BPM.21L2.B1"        "BPM.20L2.B1"           25877.9107          25931.36219                    1     0.06427276211566                    0           0.11386827          60.21586687
         "BPM.20L2.B1"        "BPM.19L2.B1"          25931.36219          25984.81367                    1      0.1549433466563                    0           0.13620508          60.32973514
         "BPM.19L2.B1"        "BPM.18L2.B1"          25984.81367          26038.26515                    1      0.1818478828558                    0           0.11385795          60.46594022
         "BPM.18L2.B1"        "BPM.17L2.B1"          26038.26515          26091.71664                    1      0.1110160235218                    0           0.13616781          60.57979817
         "BPM.17L2.B1"        "BPM.16L2.B1"          26091.71664          26145.16812                    1     0.05378903852328                    0           0.11386826          60.71596598
         "BPM.16L2.B1"        "BPM.15L2.B1"          26145.16812          26198.61961                    1      0.1533437777858                    0           0.13620501          60.82983424
         "BPM.15L2.B1"        "BPM.14L2.B1"          26198.61961          26252.07109                    1      0.1913012234121                    0           0.11385795          60.96603925
         "BPM.14L2.B1"        "BPM.13L2.B1"          26252.07109          26305.52257                    1      0.1006404214266                    0           0.13616786           61.0798972
         "BPM.13L2.B1"        "BPM.12L2.B1"          26305.52257          26358.97406                    1     0.06204980296931                    0           0.11819131          61.21606506
         "BPM.12L2.B1"        "BPM.10L2.B1"          26358.97406          26464.26623                    1      0.3393071076074                    0           0.25172085          61.33425637
         "BPM.10L2.B1"         "BPM.9L2.B1"          26464.26623          26503.33322                    1     0.08388943349977                    0             0.122461          61.58597722
          "BPM.9L2.B1"         "BPM.8L2.B1"          26503.33322          26543.79821                    1     0.09195517954353                    0           0.13895541          61.70843822
          "BPM.8L2.B1"         "BPM.7L2.B1"          26543.79821           26582.8662                    1      0.2782080884781                    0           0.18187728          61.84739363
          "BPM.7L2.B1"        "BPMR.6L2.B1"           26582.8662           26614.9722                    1     0.08974947677162                    0           0.09832182          62.02927091
         "BPMR.6L2.B1"       "BPMYB.5L2.B1"           26614.9722               28.288                    1      0.1310250146167                    0        0.21685668349          62.12759273