@ GetLLMVersion %s "V3.0.0 Dev"
@ Command %s "/usr/bin/python2 '/home/eirik/CERN/beta-Beat/GetLLM/GetLLM.py' '--accel=LHCB1' '--model=model_opticsfile.19_Qx0.313_Qy0.317_beam1/twiss.dat' '--files=/home/eirik/CERN/global_coupling_correction3/data_analysis/hole_in_one_dir/Beam1@Turn@2018_08_06@22_58_41_834.sdds' '--output=/home/eirik/CERN/global_coupling_correction3/data_analysis/outputfiles/' '--tbtana=SUSSIX' '--bpmu=mm' '--lhcphase=1' '--errordefs=model_opticsfile.19_Qx0.313_Qy0.317_beam1/error_deffs.txt' '--coupling=1'"
@ CWD %s "/home/eirik/CERN/global_coupling_correction3/data_analysis"
@ Date %s "28. June 2021, 09:52:23"
@ Q1 %le 0.31300635133449045
@ MUX %le 70.31300635133445
@ Q2 %le 0.3170063933371513
@ MUY %le 72.31700639333714
@ FILES %s "/home/eirik/CERN/global_coupling_correction3/data_analysis/hole_in_one_dir/Beam1@Turn@2018_08_06@22_58_41_834.sdds.linx"
*                 NAME                NAME2                    S                   S1                COUNT               PHASEX               STDPHX               PHXMDL               MUXMDL
$                   %s                   %s                  %le                  %le                  %le                  %le                  %le                  %le                  %le
        "BPMYB.5L2.B1"       "BPMYB.4L2.B1"               28.288               48.858                    1        0.02043986168                    0        0.02706201867        0.03144952349
        "BPMYB.4L2.B1"       "BPMWI.4L2.B1"               48.858              73.3255                    1       0.051817484628                    0        0.05126570894        0.05851154216
        "BPMWI.4L2.B1"       "BPMSX.4L2.B1"              73.3255             123.4825                    1        0.06613412795                    0         0.0690626748         0.1097772511
        "BPMSX.4L2.B1"       "BPMSW.1L2.B1"             123.4825              171.328                    1       0.072087025338                    0          0.073835141         0.1788399259
        "BPMSW.1L2.B1"       "BPMSW.1R2.B1"              171.328              214.518                    1      0.6655200832826                    0         0.3619513843         0.2526750669
        "BPMSW.1R2.B1"        "BPMS.2R2.B1"              214.518              224.452                    1      0.0166736037308                    0          0.017945383         0.6146264512
         "BPMS.2R2.B1"       "BPMSX.4R2.B1"              224.452             262.3635                    1      0.0402593332092                    0         0.0435295189         0.6325718342
        "BPMSX.4R2.B1"       "BPMWB.4R2.B1"             262.3635             312.5965                    1      0.0972914240409                    0         0.0814790636         0.6761013531
        "BPMWB.4R2.B1"       "BPMYB.4R2.B1"             312.5965              336.988                    1        0.04161032327                    0         0.0348304939         0.7575804167
        "BPMYB.4R2.B1"        "BPMR.5R2.B1"              336.988              366.522                    1       0.104741651615                    0         0.0959933891         0.7924109106
         "BPMR.5R2.B1"         "BPM.6R2.B1"              366.522              439.818                    1       0.159886307818                    0         0.1476789753         0.8884042997
          "BPM.6R2.B1"       "BPM_A.7R2.B1"              439.818              452.693                    1       0.014703126891                    0           0.01649891          1.036083275
        "BPM_A.7R2.B1"         "BPM.9R2.B1"              452.693          533.1950212                    1       0.235190224595                    0          0.240224273          1.052582185
          "BPM.9R2.B1"        "BPM.10R2.B1"          533.1950212          573.6580318                    1      0.1809933395466                    0          0.167478904          1.292806458
         "BPM.10R2.B1"        "BPM.11R2.B1"          573.6580318          625.4967424                    1     0.09129366724663                    0          0.106395881          1.460285362
         "BPM.11R2.B1"        "BPM.13R2.B1"          625.4967424          733.6687742                    1      0.2526878838838                    0          0.256121346          1.566681243
         "BPM.13R2.B1"        "BPM.14R2.B1"          733.6687742          787.1172901                    1        0.14777663978                    0           0.13769199          1.822802589
         "BPM.14R2.B1"        "BPM.15R2.B1"          787.1172901           840.565806                    1       0.102170036372                    0          0.112234509          1.960494579
         "BPM.15R2.B1"        "BPM.16R2.B1"           840.565806          894.0143219                    1       0.128068409327                    0          0.134631426          2.072729088
         "BPM.16R2.B1"        "BPM.17R2.B1"          894.0143219          947.4628378                    1       0.134595742368                    0          0.115820888          2.207360514
         "BPM.17R2.B1"        "BPM.18R2.B1"          947.4628378          1000.911354                    1       0.131306028208                    0           0.13768485          2.323181402
         "BPM.18R2.B1"        "BPM.19R2.B1"          1000.911354           1054.35987                    1      0.1069638316097                    0          0.112228426          2.460866252
         "BPM.19R2.B1"        "BPM.20R2.B1"           1054.35987          1107.808386                    1      0.1328225291533                    0           0.13464094          2.573094678
         "BPM.20R2.B1"        "BPM.21R2.B1"          1107.808386          1161.256901                    1       0.123788912066                    0          0.115827268          2.707735618
         "BPM.21R2.B1"        "BPM.22R2.B1"          1161.256901          1214.705417                    1       0.135700151061                    0          0.137674985          2.823562886
         "BPM.22R2.B1"        "BPM.23R2.B1"          1214.705417          1268.153933                    1       0.110254078523                    0          0.115090839          2.961237871
         "BPM.23R2.B1"        "BPM.24R2.B1"          1268.153933          1321.602449                    1        0.13232409398                    0          0.137684828           3.07632871
         "BPM.24R2.B1"        "BPM.25R2.B1"          1321.602449          1375.050965                    1       0.126813150695                    0           0.11512211          3.214013538
         "BPM.25R2.B1"        "BPM.26R2.B1"          1375.050965          1428.499481                    1      0.1366131767384                    0          0.137672901          3.329135648
         "BPM.26R2.B1"        "BPM.27R2.B1"          1428.499481          1481.947997                    1      0.1211596140499                    0          0.115091191          3.466808549
         "BPM.27R2.B1"        "BPM.28R2.B1"          1481.947997          1535.396513                    1      0.1280953682367                    0          0.137686057           3.58189974
         "BPM.28R2.B1"        "BPM.29R2.B1"          1535.396513          1588.845029                    1       0.108966409496                    0          0.115121715          3.719585797
         "BPM.29R2.B1"        "BPM.30R2.B1"          1588.845029          1642.293545                    1       0.145889394763                    0          0.137671677          3.834707512
         "BPM.30R2.B1"        "BPM.31R2.B1"          1642.293545           1695.74206                    1       0.113744267006                    0           0.11509163          3.972379189
         "BPM.31R2.B1"        "BPM.32R2.B1"           1695.74206          1749.190576                    1       0.129315344223                    0          0.137687272          4.087470819
         "BPM.32R2.B1"        "BPM.33R2.B1"          1749.190576          1802.639092                    1       0.116280217726                    0          0.115121243          4.225158091
         "BPM.33R2.B1"        "BPM.33L3.B1"          1802.639092          1909.536124                    1      0.2506471947221                    0          0.252762632          4.340279334
         "BPM.33L3.B1"        "BPM.32L3.B1"          1909.536124           1962.98464                    1      0.1401978428369                    0          0.137688439          4.593041966
         "BPM.32L3.B1"        "BPM.31L3.B1"           1962.98464          2016.433156                    1       0.125736534049                    0          0.115120697          4.730730405
         "BPM.31L3.B1"        "BPM.30L3.B1"          2016.433156          2069.881672                    1       0.132682990971                    0           0.13766934          4.845851102
         "BPM.30L3.B1"        "BPM.29L3.B1"          2069.881672          2123.330188                    1       0.112498767053                    0          0.115092728          4.983520442
         "BPM.29L3.B1"        "BPM.28L3.B1"          2123.330188          2176.778704                    1       0.133639662186                    0          0.137689578           5.09861317
         "BPM.28L3.B1"        "BPM.27L3.B1"          2176.778704           2230.22722                    1       0.116419449346                    0          0.115120072          5.236302748
         "BPM.27L3.B1"        "BPM.26L3.B1"           2230.22722          2283.675735                    1       0.139618644425                    0          0.137668228           5.35142282
         "BPM.26L3.B1"        "BPM.25L3.B1"          2283.675735          2337.124251                    1       0.114884547839                    0          0.115093372          5.489091048
         "BPM.25L3.B1"        "BPM.24L3.B1"          2337.124251          2390.572767                    1       0.129413248458                    0           0.13769064           5.60418442
         "BPM.24L3.B1"        "BPM.23L3.B1"          2390.572767          2444.021283                    1       0.128852735694                    0          0.115119396           5.74187506
         "BPM.23L3.B1"        "BPM.22L3.B1"          2444.021283          2497.469799                    1       0.132182256842                    0          0.137667189          5.856994456
         "BPM.22L3.B1"        "BPM.21L3.B1"          2497.469799          2550.918315                    1       0.111951948092                    0          0.115094093          5.994661645
         "BPM.21L3.B1"        "BPM.20L3.B1"          2550.918315          2604.366831                    1       0.140358488785                    0          0.138543852          6.109755738
         "BPM.20L3.B1"        "BPM.18L3.B1"          2604.366831          2711.263863                    1      0.2486246016633                    0          0.246733676           6.24829959
         "BPM.18L3.B1"        "BPM.16L3.B1"          2711.263863          2818.160894                    1      0.2484021346437                    0          0.253641557          6.495033266
         "BPM.16L3.B1"        "BPM.15L3.B1"          2818.160894           2871.60941                    1       0.125568331456                    0          0.112911489          6.748674823
         "BPM.15L3.B1"        "BPM.14L3.B1"           2871.60941          2925.057926                    1       0.135575575246                    0          0.133818472          6.861586312
         "BPM.14L3.B1"        "BPM.13L3.B1"          2925.057926          2978.506442                    1       0.096581123016                    0          0.115113556          6.995404784
         "BPM.13L3.B1"        "BPM.12L3.B1"          2978.506442          3031.954958                    1        0.13508033999                    0          0.137098879           7.11051834
         "BPM.12L3.B1"        "BPM.11L3.B1"          3031.954958          3085.403474                    1       0.146016916383                    0          0.126464365          7.247617219
         "BPM.11L3.B1"        "BPM.10L3.B1"          3085.403474          3138.184185                    1      0.1417625274733                    0          0.149067885          7.374081584
         "BPM.10L3.B1"         "BPM.9L3.B1"          3138.184185          3177.249195                    1      0.0608484864384                    0          0.060932692          7.523149469
          "BPM.9L3.B1"         "BPM.8L3.B1"          3177.249195          3217.712206                    1      0.0643927961007                    0          0.076692729          7.584082161
          "BPM.8L3.B1"         "BPM.7L3.B1"          3217.712206          3256.776216                    1      0.0630295376396                    0          0.058952248           7.66077489
          "BPM.7L3.B1"         "BPM.6L3.B1"          3256.776216          3329.415216                    1       0.122261832156                    0          0.112156008          7.719727138
          "BPM.6L3.B1"      "BPMWG.A5L3.B1"          3329.415216          3371.119716                    1       0.050379506338                    0          0.057084211          7.831883146
       "BPMWG.A5L3.B1"        "BPMW.5L3.B1"          3371.119716          3400.089716                    1        0.09113075775                    0          0.083351615          7.888967357
         "BPMW.5L3.B1"       "BPMWE.4L3.B1"          3400.089716          3475.217716                    1       0.098047008743                    0          0.103363594          7.972318972
        "BPMWE.4L3.B1"        "BPMW.4L3.B1"          3475.217716          3502.762716                    1    0.007241092231001                    0          0.015202633          8.075682566
         "BPMW.4L3.B1"        "BPMW.4R3.B1"          3502.762716          3547.727716                    1       0.075020691334                    0            0.0701522          8.090885199
         "BPMW.4R3.B1"       "BPMWE.4R3.B1"          3547.727716          3575.272716                    1       0.159468680244                    0          0.147656362          8.161037399
        "BPMWE.4R3.B1"        "BPMW.5R3.B1"          3575.272716          3650.400716                    1       0.124764223667                    0          0.129526505          8.308693761
         "BPMW.5R3.B1"      "BPMWJ.A5R3.B1"          3650.400716          3679.118716                    1        0.00848780505                    0          0.012625761          8.438220266
       "BPMWJ.A5R3.B1"       "BPMWC.6R3.B1"          3679.118716          3718.936716                    1      0.0399265924537                    0          0.045888793          8.450846027
        "BPMWC.6R3.B1"        "BPMR.6R3.B1"          3718.936716          3731.015216                    1      0.0435266270851                    0          0.040107116           8.49673482
         "BPMR.6R3.B1"         "BPM.8R3.B1"          3731.015216          3825.903227                    1      0.2990222291422                    0          0.299487665          8.536841936
          "BPM.8R3.B1"         "BPM.9R3.B1"          3825.903227          3864.968238                    1       0.107853611764                    0          0.104128476          8.836329601
          "BPM.9R3.B1"        "BPM.10R3.B1"          3864.968238          3905.431248                    1       0.075781814895                    0          0.074725969          8.940458077
         "BPM.10R3.B1"        "BPM.11R3.B1"          3905.431248          3958.211959                    1       0.086815369603                    0           0.09304955          9.015184046
         "BPM.11R3.B1"        "BPM.12R3.B1"          3958.211959          4012.935475                    1       0.091980701497                    0          0.100788459          9.108233596
         "BPM.12R3.B1"        "BPM.13R3.B1"          4012.935475          4066.383991                    1       0.123353743834                    0          0.116822907          9.209022055
         "BPM.13R3.B1"        "BPM.14R3.B1"          4066.383991          4119.832506                    1       0.124624337696                    0          0.115088168          9.325844962
         "BPM.14R3.B1"        "BPM.15R3.B1"          4119.832506          4173.281022                    1      0.1296158196544                    0          0.138528108           9.44093313
         "BPM.15R3.B1"        "BPM.16R3.B1"          4173.281022          4226.729538                    1      0.0697657690583                    0          0.112926456          9.579461238
         "BPM.16R3.B1"        "BPM.17R3.B1"          4226.729538          4280.178054                    1      0.1846171458713                    0          0.133828098          9.692387694
         "BPM.17R3.B1"        "BPM.18R3.B1"          4280.178054           4333.62657                    1       0.121746139341                    0          0.115098576          9.826215792
         "BPM.18R3.B1"        "BPM.19R3.B1"           4333.62657          4387.075086                    1       0.125027467444                    0          0.138522112          9.941314368
         "BPM.19R3.B1"        "BPM.20R3.B1"          4387.075086          4440.523602                    1       0.106920647026                    0           0.11291703          10.07983648
         "BPM.20R3.B1"        "BPM.21R3.B1"          4440.523602          4493.972118                    1       0.141110747485                    0           0.13383384          10.19275351
         "BPM.21R3.B1"        "BPM.22R3.B1"          4493.972118          4547.420634                    1       0.120379430422                    0           0.11510829          10.32658735
         "BPM.22R3.B1"        "BPM.23R3.B1"          4547.420634           4600.86915                    1      0.1341573328102                    0           0.13766406          10.44169564
         "BPM.23R3.B1"        "BPM.24R3.B1"           4600.86915          4654.317666                    1      0.1198063152298                    0           0.11510515           10.5793597
         "BPM.24R3.B1"        "BPM.25R3.B1"          4654.317666          4707.766181                    1       0.136633394853                    0           0.13769433          10.69446485
         "BPM.25R3.B1"        "BPM.26R3.B1"          4707.766181          4761.214697                    1       0.115862101162                    0           0.11510751          10.83215918
         "BPM.26R3.B1"        "BPM.27R3.B1"          4761.214697          4814.663213                    1       0.131526636272                    0           0.13766399          10.94726669
         "BPM.27R3.B1"        "BPM.28R3.B1"          4814.663213          4868.111729                    1       0.114825897058                    0           0.11510608          11.08493068
         "BPM.28R3.B1"        "BPM.29R3.B1"          4868.111729          4921.560245                    1       0.138887447004                    0           0.13769439          11.20003676
         "BPM.29R3.B1"        "BPM.30R3.B1"          4921.560245          4975.008761                    1       0.111614905165                    0           0.11510658          11.33773115
         "BPM.30R3.B1"        "BPM.31R3.B1"          4975.008761          5028.457277                    1      0.1360157998269                    0           0.13766395          11.45283773
         "BPM.31R3.B1"        "BPM.32R3.B1"          5028.457277          5081.905793                    1      0.1125529563501                    0             0.115107          11.59050168
         "BPM.32R3.B1"        "BPM.33R3.B1"          5081.905793          5135.354309                    1       0.146551050751                    0           0.13769437          11.70560868
         "BPM.33R3.B1"        "BPM.34R3.B1"          5135.354309          5188.802825                    1       0.123629914755                    0           0.11510565          11.84330305
         "BPM.34R3.B1"        "BPM.33L4.B1"          5188.802825           5242.25134                    1        0.12178177029                    0           0.13766402           11.9584087
         "BPM.33L4.B1"        "BPM.32L4.B1"           5242.25134          5295.699856                    1       0.114264110778                    0           0.11510792          12.09607272
         "BPM.32L4.B1"        "BPM.31L4.B1"          5295.699856          5349.148372                    1       0.146842305454                    0           0.13769428          12.21118064
         "BPM.31L4.B1"        "BPM.30L4.B1"          5349.148372          5402.596888                    1       0.122664169701                    0           0.11510473          12.34887492
         "BPM.30L4.B1"        "BPM.29L4.B1"          5402.596888          5456.045404                    1       0.122233123973                    0           0.13766415          12.46397965
         "BPM.29L4.B1"        "BPM.28L4.B1"          5456.045404           5509.49392                    1       0.116903423212                    0           0.11510884           12.6016438
         "BPM.28L4.B1"        "BPM.27L4.B1"           5509.49392          5562.942436                    1        0.14578605345                    0           0.13769411          12.71675264
         "BPM.27L4.B1"        "BPM.26L4.B1"          5562.942436          5616.390952                    1       0.121562785859                    0           0.11510383          12.85444675
         "BPM.26L4.B1"        "BPM.25L4.B1"          5616.390952          5669.839468                    1       0.121510758534                    0           0.13766435          12.96955058
         "BPM.25L4.B1"        "BPM.23L4.B1"          5669.839468            5776.7365                    1       0.269112775769                    0           0.25280363          13.10721493
         "BPM.23L4.B1"        "BPM.22L4.B1"            5776.7365          5830.185015                    1      0.1064736539581                    0           0.11510291          13.36001856
         "BPM.22L4.B1"        "BPM.21L4.B1"          5830.185015          5883.633531                    1      0.1304241997055                    0           0.13766461          13.47512147
         "BPM.21L4.B1"        "BPM.20L4.B1"          5883.633531          5937.082047                    1      0.1228724130844                    0           0.11224166          13.61278608
         "BPM.20L4.B1"        "BPM.19L4.B1"          5937.082047          5990.530563                    1       0.132797451414                    0           0.13466034          13.72502774
         "BPM.19L4.B1"        "BPM.18L4.B1"          5990.530563          6043.979079                    1       0.091982385243                    0           0.11581399          13.85968808
         "BPM.18L4.B1"        "BPM.17L4.B1"          6043.979079          6097.427595                    1       0.151698695562                    0           0.13765565          13.97550207
         "BPM.17L4.B1"        "BPM.16L4.B1"          6097.427595          6150.876111                    1       0.123885688824                    0           0.11223569          14.11315772
         "BPM.16L4.B1"        "BPM.15L4.B1"          6150.876111          6204.324627                    1       0.135992175876                    0           0.13466985          14.22539341
         "BPM.15L4.B1"        "BPM.14L4.B1"          6204.324627          6257.773143                    1      0.1175154511164                    0           0.11582023          14.36006326
         "BPM.14L4.B1"        "BPM.13L4.B1"          6257.773143          6311.221659                    1      0.1240743222585                    0           0.13764581          14.47588349
         "BPM.13L4.B1"        "BPM.11L4.B1"          6311.221659           6418.11869                    1      0.2609067662511                    0           0.25214224           14.6135293
         "BPM.11L4.B1"        "BPM.10L4.B1"           6418.11869          6469.957401                    1       0.118992028325                    0           0.11633537          14.86567154
         "BPM.10L4.B1"         "BPM.9L4.B1"          6469.957401          6509.022412                    1        0.11591255369                    0           0.12611362          14.98200691
          "BPM.9L4.B1"         "BPM.7L4.B1"          6509.022412          6588.549433                    1       0.311381788888                    0           0.30642888          15.10812053
          "BPM.7L4.B1"       "BPMYB.6L4.B1"          6588.549433          6685.153433                    1      0.1450868666878                    0           0.14000562          15.41454941
        "BPMYB.6L4.B1"       "BPMYA.5L4.B1"          6685.153433          6722.153433                    1     0.01459731763075                    0           0.02558204          15.55455503
        "BPMYA.5L4.B1"      "BPMWI.A5L4.B1"          6722.153433          6798.755933                    1     0.03311680770985                    0           0.03194545          15.58013707
       "BPMWI.A5L4.B1"      "BPMWA.B5L4.B1"          6798.755933          6824.619933                    1    0.009663362835301                    0           0.01392286          15.61208252
       "BPMWA.B5L4.B1"      "BPMWA.A5L4.B1"          6824.619933          6833.504933                    1      0.0104365259741                    0           0.00520229          15.62600538
       "BPMWA.A5L4.B1"      "BPMWA.A5R4.B1"          6833.504933          6881.553933                    1      0.0371987312042                    0           0.03191642          15.63120767
       "BPMWA.A5R4.B1"      "BPMWA.B5R4.B1"          6881.553933          6890.438933                    1      0.0044391702574                    0           0.00656504          15.66312409
       "BPMWA.B5R4.B1"       "BPMYB.5R4.B1"          6890.438933          6992.829433                    1      0.0866176722796                    0           0.08253426          15.66968913
        "BPMYB.5R4.B1"       "BPMYA.6R4.B1"          6992.829433          7024.393433                    1       0.022551724068                    0           0.01548434          15.75222339
        "BPMYA.6R4.B1"         "BPM.7R4.B1"          7024.393433          7120.909433                    1       0.107062580493                    0            0.1675385          15.76770773
          "BPM.7R4.B1"         "BPM.8R4.B1"          7120.909433          7158.698443                    1       0.124183713383                    0           0.14539267          15.93524623
          "BPM.8R4.B1"         "BPM.9R4.B1"          7158.698443          7197.763454                    1       0.230469658345                    0           0.13632797           16.0806389
          "BPM.9R4.B1"        "BPM.10R4.B1"          7197.763454          7238.226465                    1       0.129874814672                    0           0.16539555          16.21696687
         "BPM.10R4.B1"        "BPM.11R4.B1"          7238.226465          7290.065175                    1       0.047996854845                    0           0.11115774          16.38236242
         "BPM.11R4.B1"        "BPM.12R4.B1"          7290.065175          7344.788691                    1      0.1723376864469                    0           0.13563987          16.49352016
         "BPM.12R4.B1"        "BPM.13R4.B1"          7344.788691          7398.237207                    1      0.1672483339061                    0           0.11442988          16.62916003
         "BPM.13R4.B1"        "BPM.14R4.B1"          7398.237207          7451.685723                    1       0.103763789998                    0           0.13616729          16.74358991
         "BPM.14R4.B1"        "BPM.15R4.B1"          7451.685723          7505.134239                    1       0.066457209503                    0           0.11386559           16.8797572
         "BPM.15R4.B1"        "BPM.16R4.B1"          7505.134239          7558.582755                    1       0.156442690439                    0           0.13618566          16.99362279
         "BPM.16R4.B1"        "BPM.17R4.B1"          7558.582755          7612.031271                    1       0.172892431396                    0           0.11384521          17.12980845
         "BPM.17R4.B1"        "BPM.18R4.B1"          7612.031271          7665.479786                    1       0.109535882266                    0            0.1361666          17.24365366
         "BPM.18R4.B1"        "BPM.19R4.B1"          7665.479786          7718.928302                    1       0.070903620848                    0           0.11386557          17.37982026
         "BPM.19R4.B1"        "BPM.20R4.B1"          7718.928302          7772.376818                    1      0.1612122545482                    0           0.13618562          17.49368583
         "BPM.20R4.B1"        "BPM.21R4.B1"          7772.376818          7825.825334                    1      0.1720728648458                    0           0.11384521          17.62987145
         "BPM.21R4.B1"        "BPM.22R4.B1"          7825.825334           7879.27385                    1        0.09567403642                    0           0.13616663          17.74371666
         "BPM.22R4.B1"        "BPM.23R4.B1"           7879.27385          7932.722366                    1       0.073257282755                    0           0.11382966          17.87988329
         "BPM.23R4.B1"        "BPM.24R4.B1"          7932.722366          7986.170882                    1       0.150487155844                    0           0.13612914          17.99371295
         "BPM.24R4.B1"        "BPM.26R4.B1"          7986.170882          8093.067914                    1       0.273812185728                    0           0.25000516          18.12984209
         "BPM.26R4.B1"        "BPM.27R4.B1"          8093.067914           8146.51643                    1        0.06478163908                    0           0.11382964          18.37984725
         "BPM.27R4.B1"        "BPM.28R4.B1"           8146.51643          8199.964946                    1      0.1645629826284                    0           0.13612911          18.49367689
         "BPM.28R4.B1"        "BPM.29R4.B1"          8199.964946          8253.413461                    1      0.1747709692176                    0           0.11383855            18.629806
         "BPM.29R4.B1"        "BPM.30R4.B1"          8253.413461          8306.861977                    1       0.101891645306                    0           0.13616663          18.74364455
         "BPM.30R4.B1"        "BPM.31R4.B1"          8306.861977          8360.310493                    1        0.06853679004                    0           0.11382966          18.87981118
         "BPM.31R4.B1"        "BPM.32R4.B1"          8360.310493          8413.759009                    1       0.143295653563                    0           0.13612911          18.99364084
         "BPM.32R4.B1"        "BPM.33R4.B1"          8413.759009          8467.207525                    1       0.182168868585                    0           0.11383855          19.12976995
         "BPM.33R4.B1"        "BPM.34R4.B1"          8467.207525          8520.656041                    1       0.100712796785                    0           0.13616663           19.2436085
         "BPM.34R4.B1"        "BPM.33L5.B1"          8520.656041          8574.104557                    1       0.070227655664                    0           0.11382966          19.37977513
         "BPM.33L5.B1"        "BPM.32L5.B1"          8574.104557          8627.553073                    1      0.1448451797328                    0           0.13612911          19.49360479
         "BPM.32L5.B1"        "BPM.31L5.B1"          8627.553073          8681.001589                    1      0.1747279624562                    0           0.11383854           19.6297339
         "BPM.31L5.B1"        "BPM.30L5.B1"          8681.001589          8734.450105                    1       0.107555561191                    0           0.13616664          19.74357244
         "BPM.30L5.B1"        "BPM.28L5.B1"          8734.450105          8841.347136                    1       0.202642123059                    0           0.24995881          19.87973908
         "BPM.28L5.B1"        "BPM.27L5.B1"          8841.347136          8894.795652                    1       0.183146302413                    0           0.11383852          20.12969789
         "BPM.27L5.B1"        "BPM.25L5.B1"          8894.795652          9001.692684                    1       0.198993895426                    0           0.24999629          20.24353641
         "BPM.25L5.B1"        "BPM.24L5.B1"          9001.692684            9055.1412                    1      0.1319924026235                    0           0.13612909           20.4935327
         "BPM.24L5.B1"        "BPM.23L5.B1"            9055.1412          9108.589716                    1      0.1709146616575                    0           0.11383853          20.62966179
         "BPM.23L5.B1"        "BPM.22L5.B1"          9108.589716          9162.038232                    1        0.10844711464                    0           0.13616663          20.74350032
         "BPM.22L5.B1"        "BPM.21L5.B1"          9162.038232          9215.486748                    1       0.064071500294                    0           0.11382971          20.87966695
         "BPM.21L5.B1"        "BPM.20L5.B1"          9215.486748          9268.935264                    1       0.150030964213                    0           0.13613716          20.99349666
         "BPM.20L5.B1"        "BPM.19L5.B1"          9268.935264          9322.383779                    1       0.179556948453                    0           0.11388111          21.12963382
         "BPM.19L5.B1"        "BPM.18L5.B1"          9322.383779          9375.832295                    1        0.11943867711                    0           0.13621508          21.24351493
         "BPM.18L5.B1"        "BPM.17L5.B1"          9375.832295          9429.280811                    1        0.06438845313                    0           0.11382966          21.37973001
         "BPM.17L5.B1"        "BPM.16L5.B1"          9429.280811          9482.729327                    1      0.1419387455361                    0           0.13613715          21.49355967
         "BPM.16L5.B1"        "BPM.15L5.B1"          9482.729327          9536.177843                    1      0.1725204454078                    0           0.11388115          21.62969682
         "BPM.15L5.B1"        "BPM.13L5.B1"          9536.177843          9643.074875                    1       0.181364384644                    0           0.25004472          21.74357797
         "BPM.13L5.B1"        "BPM.12L5.B1"          9643.074875          9696.523391                    1       0.154726747431                    0           0.13765801          21.99362269
         "BPM.12L5.B1"        "BPM.11L5.B1"          9696.523391          9749.971907                    1       0.160742682951                    0           0.11033736           22.1312807
         "BPM.11L5.B1"        "BPM.10L5.B1"          9749.971907          9802.752617                    1       0.111245851407                    0           0.13224058          22.24161806
         "BPM.10L5.B1"         "BPM.9L5.B1"          9802.752617          9841.817628                    1       0.065662517096                    0           0.10319861          22.37385864
          "BPM.9L5.B1"         "BPM.8L5.B1"          9841.817628          9882.280639                    1      0.2226730791029                    0           0.18953033          22.47705725
          "BPM.8L5.B1"        "BPMR.7L5.B1"          9882.280639          9921.346649                    1      0.1304487318241                    0           0.10071186          22.66658758
         "BPMR.7L5.B1"         "BPM.6L5.B1"          9921.346649          9958.240649                    1       0.092634192687                    0           0.09864777          22.76729944
          "BPM.6L5.B1"        "BPMR.5L5.B1"          9958.240649          9990.140649                    1   0.0007352076039999                    0           0.01683396          22.86594721
         "BPMR.5L5.B1"       "BPMYA.4L5.B1"          9990.140649          10017.54665                    1    0.002948290414997                    0    0.006332319999999          22.88278117
        "BPMYA.4L5.B1"       "BPMWB.4L5.B1"          10017.54665          10038.68115                    1        0.01016481035                    0           0.00287737          22.88911349
        "BPMWB.4L5.B1"       "BPMSY.4L5.B1"          10038.68115          10131.46115                    1       0.997228831123                    0    0.008277100000001          22.89199086
        "BPMSY.4L5.B1"        "BPMS.2L5.B1"          10131.46115          10158.24665                    1    0.008272686995999                    0    0.001144350000001          22.90026796
         "BPMS.2L5.B1"       "BPMSW.1L5.B1"          10158.24665          10168.21165                    1       0.993701492558                    0   0.0008368599999997          22.90141231
        "BPMSW.1L5.B1"       "BPMSW.1R5.B1"          10168.21165          10211.33965                    1       0.502480004585                    0           0.49409602          22.90224917
        "BPMSW.1R5.B1"        "BPMS.2R5.B1"          10211.33965          10221.30465                    1   0.0009543108000011                    0           0.00107452          23.39634519
         "BPMS.2R5.B1"       "BPMSY.4R5.B1"          10221.30465          10248.09015                    1    0.001010467723001                    0           0.00165136          23.39741971
        "BPMSY.4R5.B1"       "BPMWB.4R5.B1"          10248.09015          10340.87015                    1       0.996423409102                    0    0.007000549999997          23.39907107
        "BPMWB.4R5.B1"       "BPMYA.4R5.B1"          10340.87015          10362.00265                    1    0.002134425108002                    0    0.005830380000003          23.40607162
        "BPMYA.4R5.B1"         "BPM.5R5.B1"          10362.00265          10383.12065                    1       0.016847178269                    0            0.0123451            23.411902
          "BPM.5R5.B1"       "BPM_A.7R5.B1"          10383.12065          10449.03465                    1       0.460428381962                    0           0.42876198           23.4242471
        "BPM_A.7R5.B1"         "BPM.8R5.B1"          10449.03465          10490.47364                    1       0.054710882012                    0            0.1195629          23.85300908
          "BPM.8R5.B1"         "BPM.9R5.B1"          10490.47364          10529.54063                    1       0.254298830931                    0           0.19594994          23.97257198
          "BPM.9R5.B1"        "BPM.10R5.B1"          10529.54063          10570.00562                    1       0.118531899483                    0           0.09430256          24.16852192
         "BPM.10R5.B1"        "BPM.11R5.B1"          10570.00562          10622.78831                    1       0.078644812317                    0           0.12465078          24.26282448
         "BPM.11R5.B1"        "BPM.12R5.B1"          10622.78831          10677.51479                    1       0.068976887767                    0            0.1099174          24.38747526
         "BPM.12R5.B1"        "BPM.13R5.B1"          10677.51479          10730.96627                    1      0.1691400648705                    0           0.13338701          24.49739266
         "BPM.13R5.B1"        "BPM.14R5.B1"          10730.96627          10784.41776                    1      0.1591547968535                    0           0.11384639          24.63077967
         "BPM.14R5.B1"        "BPM.15R5.B1"          10784.41776          10837.86924                    1       0.108672151147                    0           0.13618487          24.74462606
         "BPM.15R5.B1"        "BPM.16R5.B1"          10837.86924          10891.32073                    1       0.066730505455                    0           0.11387976          24.88081093
         "BPM.16R5.B1"        "BPM.17R5.B1"          10891.32073          10944.77221                    1       0.148225437332                    0           0.13618801          24.99469069
         "BPM.17R5.B1"        "BPM.18R5.B1"          10944.77221           10998.2237                    1       0.168743337636                    0           0.11384648           25.1308787
         "BPM.18R5.B1"        "BPM.19R5.B1"           10998.2237          11051.67518                    1       0.111024682371                    0           0.13618489          25.24472518
         "BPM.19R5.B1"        "BPM.20R5.B1"          11051.67518          11105.12666                    1       0.059050822588                    0           0.11387974          25.38091007
         "BPM.20R5.B1"        "BPM.21R5.B1"          11105.12666          11158.57815                    1      0.1738940627495                    0           0.13618795          25.49478981
         "BPM.21R5.B1"        "BPM.22R5.B1"          11158.57815          11212.02963                    1      0.1654768319555                    0           0.11384648          25.63097776
         "BPM.22R5.B1"        "BPM.24R5.B1"          11212.02963           11318.9326                    1       0.157091364243                    0           0.25001405          25.74482424
         "BPM.24R5.B1"        "BPM.25R5.B1"           11318.9326          11372.38408                    1       0.158610475562                    0           0.13613951          25.99483829
         "BPM.25R5.B1"        "BPM.26R5.B1"          11372.38408          11425.83557                    1       0.167961681526                    0           0.11384647           26.1309778
         "BPM.26R5.B1"        "BPM.27R5.B1"          11425.83557          11479.28705                    1       0.110176695344                    0           0.13617688          26.24482427
         "BPM.27R5.B1"        "BPM.28R5.B1"          11479.28705          11532.73854                    1       0.074981869702                    0           0.11383714          26.38100115
         "BPM.28R5.B1"        "BPM.29R5.B1"          11532.73854          11586.19002                    1      0.1648110420417                    0           0.13613947          26.49483829
         "BPM.29R5.B1"        "BPM.30R5.B1"          11586.19002           11639.6415                    1      0.1655264524413                    0            0.1138465          26.63097776
         "BPM.30R5.B1"        "BPM.31R5.B1"           11639.6415          11693.09299                    1       0.105806964462                    0           0.13617689          26.74482426
         "BPM.31R5.B1"        "BPM.32R5.B1"          11693.09299          11746.54447                    1       0.062764792513                    0           0.11383716          26.88100115
         "BPM.32R5.B1"        "BPM.33R5.B1"          11746.54447          11799.99596                    1       0.159114017561                    0           0.13613949          26.99483831
         "BPM.33R5.B1"        "BPM.34R5.B1"          11799.99596          11853.44744                    1       0.169701208791                    0           0.11384647           27.1309778
         "BPM.34R5.B1"        "BPM.32L6.B1"          11853.44744          11960.35041                    1       0.172903732925                    0           0.25001403          27.24482427
         "BPM.32L6.B1"        "BPM.31L6.B1"          11960.35041          12013.80189                    1      0.1709930441802                    0           0.13613949           27.4948383
         "BPM.31L6.B1"        "BPM.30L6.B1"          12013.80189          12067.25338                    1      0.1549396075128                    0           0.11384647          27.63097779
         "BPM.30L6.B1"        "BPM.29L6.B1"          12067.25338          12120.70486                    1       0.102117461699                    0           0.13617685          27.74482426
         "BPM.29L6.B1"        "BPM.28L6.B1"          12120.70486          12174.15635                    1        0.06200845883                    0           0.11383718          27.88100111
         "BPM.28L6.B1"        "BPM.27L6.B1"          12174.15635          12227.60783                    1       0.180660021019                    0           0.13613951          27.99483829
         "BPM.27L6.B1"        "BPM.26L6.B1"          12227.60783          12281.05931                    1       0.150336165214                    0           0.11384647           28.1309778
         "BPM.26L6.B1"        "BPM.25L6.B1"          12281.05931           12334.5108                    1         0.1150461979                    0           0.13617688          28.24482427
         "BPM.25L6.B1"        "BPM.24L6.B1"           12334.5108          12387.96228                    1       0.061095488658                    0           0.11383714          28.38100115
         "BPM.24L6.B1"        "BPM.23L6.B1"          12387.96228          12441.41377                    1      0.1397436746561                    0           0.13613947          28.49483829
         "BPM.23L6.B1"        "BPM.22L6.B1"          12441.41377          12494.86525                    1      0.1865699769579                    0           0.11384648          28.63097776
         "BPM.22L6.B1"        "BPM.21L6.B1"          12494.86525          12548.31673                    1       0.103300917547                    0           0.13617687          28.74482424
         "BPM.21L6.B1"        "BPM.20L6.B1"          12548.31673          12601.76822                    1        0.06823962373                    0           0.11387313          28.88100111
         "BPM.20L6.B1"        "BPM.19L6.B1"          12601.76822           12655.2197                    1       0.159193718886                    0             0.136196          28.99487424
         "BPM.19L6.B1"        "BPM.18L6.B1"           12655.2197          12708.67119                    1       0.164856219862                    0           0.11385311          29.13107024
         "BPM.18L6.B1"        "BPM.17L6.B1"          12708.67119          12762.12267                    1       0.108862186497                    0            0.1361769          29.24492335
         "BPM.17L6.B1"        "BPM.16L6.B1"          12762.12267          12815.57415                    1        0.06473659385                    0            0.1138731          29.38110025
         "BPM.16L6.B1"        "BPM.15L6.B1"          12815.57415          12869.02564                    1       0.156079487242                    0           0.13619596          29.49497335
         "BPM.15L6.B1"        "BPM.14L6.B1"          12869.02564          12922.47712                    1       0.163648386838                    0            0.1138531          29.63116931
         "BPM.14L6.B1"        "BPM.13L6.B1"          12922.47712          12975.92861                    1       0.110669313432                    0           0.13617691          29.74502241
         "BPM.13L6.B1"        "BPM.12L6.B1"          12975.92861          13029.38009                    1       0.068815616405                    0           0.11516059          29.88119932
         "BPM.12L6.B1"        "BPM.10L6.B1"          13029.38009          13134.67226                    1       0.321962271168                    0           0.25095834          29.99635991
         "BPM.10L6.B1"         "BPM.9L6.B1"          13134.67226          13173.73925                    1       0.098644396113                    0           0.11977555          30.24731825
          "BPM.9L6.B1"         "BPM.8L6.B1"          13173.73925          13214.20424                    1       0.071971752662                    0           0.12271979           30.3670938
          "BPM.8L6.B1"       "BPMYA.5L6.B1"          13214.20424          13311.29423                    1       0.321838675213                    0           0.24555442          30.48981359
        "BPMYA.5L6.B1"       "BPMYB.4L6.B1"          13311.29423          13347.69423                    1    0.008472218058002                    0           0.01522159          30.73536801
        "BPMYB.4L6.B1"      "BPMSX.B4L6.B1"          13347.69423          13383.23473                    1       0.033990507757                    0           0.03042214           30.7505896
       "BPMSX.B4L6.B1"      "BPMSX.A4L6.B1"          13383.23473          13383.81973                    1       0.997988364763                    0   0.0005534800000007          30.78101174
       "BPMSX.A4L6.B1"       "BPMSA.4R6.B1"          13383.81973          13568.51473                    1       0.175231633885                    0           0.17574569          30.78156522
        "BPMSA.4R6.B1"      "BPMSI.A4R6.B1"          13568.51473          13661.77473                    1        0.04088076267                    0           0.04307047          30.95731091
       "BPMSI.A4R6.B1"      "BPMSI.B4R6.B1"          13661.77473          13662.40973                    1       0.995208672925                    0   0.0002109799999985          31.00038138
       "BPMSI.B4R6.B1"       "BPMYA.4R6.B1"          13662.40973          13691.29423                    1    0.009802827786002                    0    0.008763340000002          31.00059236
        "BPMYA.4R6.B1"       "BPMYB.5R6.B1"          13691.29423          13727.69423                    1        0.01724401347                    0           0.02100325           31.0093557
        "BPMYB.5R6.B1"         "BPM.8R6.B1"          13727.69423          13823.42122                    1       0.346523753572                    0           0.32326424          31.03035895
          "BPM.8R6.B1"         "BPM.9R6.B1"          13823.42122          13862.48821                    1      0.1355935035497                    0           0.14612579          31.35362319
          "BPM.9R6.B1"        "BPM.10R6.B1"          13862.48821           13902.9532                    1      0.1576961782193                    0           0.15523183          31.49974898
         "BPM.10R6.B1"        "BPM.11R6.B1"           13902.9532          13954.79389                    1       0.105131986194                    0           0.10405706          31.65498081
         "BPM.11R6.B1"        "BPM.12R6.B1"          13954.79389          14009.52037                    1       0.141141516016                    0           0.13606017          31.75903787
         "BPM.12R6.B1"        "BPM.13R6.B1"          14009.52037          14062.97186                    1       0.112040337448                    0           0.11562452          31.89509804
         "BPM.13R6.B1"        "BPM.14R6.B1"          14062.97186          14116.42334                    1       0.144351677601                    0           0.13691384          32.01072256
         "BPM.14R6.B1"        "BPM.15R6.B1"          14116.42334          14169.87483                    1       0.112973976451                    0           0.11720383           32.1476364
         "BPM.15R6.B1"        "BPM.16R6.B1"          14169.87483          14223.32631                    1       0.134428341661                    0           0.14089955          32.26484023
         "BPM.16R6.B1"        "BPM.17R6.B1"          14223.32631          14276.77779                    1      0.1017518125907                    0           0.11396833          32.40573978
         "BPM.17R6.B1"        "BPM.18R6.B1"          14276.77779          14330.22928                    1      0.1523920898636                    0           0.13712317          32.51970811
         "BPM.18R6.B1"        "BPM.19R6.B1"          14330.22928          14383.68076                    1      0.1164395316247                    0           0.11739705          32.65683128
         "BPM.19R6.B1"        "BPM.20R6.B1"          14383.68076          14437.13225                    1       0.130698366151                    0           0.14066707          32.77422833
         "BPM.20R6.B1"        "BPM.21R6.B1"          14437.13225          14490.58373                    1       0.122250408028                    0           0.11379537           32.9148954
         "BPM.21R6.B1"        "BPM.22R6.B1"          14490.58373          14544.03522                    1        0.13182752035                    0           0.13735875          33.02869077
         "BPM.22R6.B1"        "BPM.23R6.B1"          14544.03522           14597.4867                    1       0.120928659801                    0           0.11452222          33.16604952
         "BPM.23R6.B1"        "BPM.24R6.B1"           14597.4867          14650.93818                    1       0.128943948732                    0           0.13736888          33.28057174
         "BPM.24R6.B1"        "BPM.25R6.B1"          14650.93818          14704.38967                    1      0.1148572808334                    0           0.11448257          33.41794062
         "BPM.25R6.B1"        "BPM.26R6.B1"          14704.38967          14757.84115                    1      0.1473854424406                    0            0.1373606          33.53242319
         "BPM.26R6.B1"        "BPM.27R6.B1"          14757.84115          14811.29264                    1       0.110200780127                    0           0.11452238          33.66978379
         "BPM.27R6.B1"        "BPM.28R6.B1"          14811.29264          14864.74412                    1       0.126683347177                    0           0.13736778          33.78430617
         "BPM.28R6.B1"        "BPM.29R6.B1"          14864.74412           14918.1956                    1       0.123514503698                    0           0.11448246          33.92167395
         "BPM.29R6.B1"        "BPM.30R6.B1"           14918.1956          14971.64709                    1       0.140483653577                    0           0.13736172          34.03615641
         "BPM.30R6.B1"        "BPM.31R6.B1"          14971.64709          15025.09857                    1        0.12093255624                    0           0.11452249          34.17351813
         "BPM.31R6.B1"        "BPM.32R6.B1"          15025.09857          15078.55006                    1       0.125645674672                    0           0.13736669          34.28804062
         "BPM.32R6.B1"        "BPM.33R6.B1"          15078.55006          15132.00154                    1       0.116644123611                    0           0.11448234          34.42540731
         "BPM.33R6.B1"        "BPM.34R6.B1"          15132.00154          15185.45302                    1       0.142058891228                    0            0.1373628          34.53988965
         "BPM.34R6.B1"        "BPM.33L7.B1"          15185.45302          15238.90451                    1       0.117825380536                    0           0.11452258          34.67725245
         "BPM.33L7.B1"        "BPM.32L7.B1"          15238.90451          15292.35599                    1       0.125093068527                    0           0.13736562          34.79177503
         "BPM.32L7.B1"        "BPM.31L7.B1"          15292.35599          15345.80748                    1       0.120635416463                    0           0.11448228          34.92914065
         "BPM.31L7.B1"        "BPM.30L7.B1"          15345.80748          15399.25896                    1       0.143552616089                    0           0.13736388          35.04362293
         "BPM.30L7.B1"        "BPM.29L7.B1"          15399.25896          15452.71045                    1       0.111730120372                    0           0.11452264          35.18098681
         "BPM.29L7.B1"        "BPM.28L7.B1"          15452.71045          15506.16193                    1       0.130532337332                    0           0.13736455          35.29550945
         "BPM.28L7.B1"        "BPM.27L7.B1"          15506.16193          15559.61341                    1      0.1169624868354                    0           0.11448225            35.432874
         "BPM.27L7.B1"        "BPM.26L7.B1"          15559.61341           15613.0649                    1      0.1542312482616                    0           0.13736496          35.54735625
         "BPM.26L7.B1"        "BPM.25L7.B1"           15613.0649          15666.51638                    1       0.110681265133                    0           0.11452261          35.68472121
         "BPM.25L7.B1"        "BPM.24L7.B1"          15666.51638          15719.96787                    1       0.123881500133                    0           0.13736343          35.79924382
         "BPM.24L7.B1"        "BPM.23L7.B1"          15719.96787          15773.41935                    1       0.108396927369                    0           0.11448231          35.93660725
         "BPM.23L7.B1"        "BPM.22L7.B1"          15773.41935          15826.87083                    1       0.153182959691                    0           0.13736608          36.05108956
         "BPM.22L7.B1"        "BPM.21L7.B1"          15826.87083          15880.32232                    1       0.109881623232                    0           0.11452256          36.18845564
         "BPM.21L7.B1"        "BPM.20L7.B1"          15880.32232           15933.7738                    1       0.128420960259                    0           0.13652785           36.3029782
         "BPM.20L7.B1"        "BPM.19L7.B1"           15933.7738          15987.22529                    1      0.1240919389869                    0           0.11684811          36.43950605
         "BPM.19L7.B1"        "BPM.18L7.B1"          15987.22529          16040.67677                    1      0.1419174639971                    0           0.14132301          36.55635416
         "BPM.18L7.B1"        "BPM.17L7.B1"          16040.67677          16094.12825                    1       0.120825750531                    0           0.11428691          36.69767717
         "BPM.17L7.B1"        "BPM.16L7.B1"          16094.12825          16147.57974                    1       0.132260912031                    0           0.13669424          36.81196408
         "BPM.16L7.B1"        "BPM.14L7.B1"          16147.57974          16254.48271                    1       0.261313623126                    0           0.25821649          36.94865832
         "BPM.14L7.B1"        "BPM.13L7.B1"          16254.48271          16307.93419                    1       0.104987407259                    0           0.11406936          37.20687481
         "BPM.13L7.B1"        "BPM.12L7.B1"          16307.93419          16361.38567                    1        0.09754344578                    0           0.13969533          37.32094417
         "BPM.12L7.B1"        "BPM.11L7.B1"          16361.38567          16414.83716                    1      0.1580003532013                    0           0.11972751           37.4606395
         "BPM.11L7.B1"        "BPM.10L7.B1"          16414.83716          16467.61985                    1      0.1580111447877                    0           0.14378759          37.58036701
         "BPM.10L7.B1"         "BPM.9L7.B1"          16467.61985          16506.68684                    1       0.092038955287                    0           0.09366956           37.7241546
          "BPM.9L7.B1"         "BPM.8L7.B1"          16506.68684          16547.15183                    1       0.188712362036                    0           0.19273162          37.81782416
          "BPM.8L7.B1"         "BPM.7L7.B1"          16547.15183          16586.21782                    1     0.08112148853501                    0           0.08254956          38.01055578
          "BPM.7L7.B1"         "BPM.6L7.B1"          16586.21782          16621.03582                    1       0.043935057752                    0           0.04668978          38.09310534
          "BPM.6L7.B1"       "BPMWC.6L7.B1"          16621.03582          16633.13832                    1    0.003597896502994                    0    0.007559479999998          38.13979512
        "BPMWC.6L7.B1"       "BPMWE.5L7.B1"          16633.13832          16710.19232                    1       0.197270822496                    0            0.1891427           38.1473546
        "BPMWE.5L7.B1"        "BPMW.5L7.B1"          16710.19232          16733.39732                    1       0.083123804301                    0           0.09709251           38.3364973
         "BPMW.5L7.B1"       "BPMWE.4L7.B1"          16733.39732          16768.48232                    1       0.044198168139                    0           0.04178611          38.43358981
        "BPMWE.4L7.B1"        "BPMW.4L7.B1"          16768.48232          16796.58732                    1      0.0169673095994                    0           0.01327426          38.47537592
         "BPMW.4L7.B1"       "BPMWE.4R7.B1"          16796.58732          16940.73932                    1      0.2770815699816                    0           0.26421247          38.48865018
        "BPMWE.4R7.B1"        "BPMW.5R7.B1"          16940.73932          16975.82432                    1       0.023993841967                    0           0.03296882          38.75286265
         "BPMW.5R7.B1"        "BPMR.6R7.B1"          16975.82432          17078.24482                    1     0.09952624186201                    0           0.10309906          38.78583147
         "BPMR.6R7.B1"       "BPM_A.7R7.B1"          17078.24482          17116.28082                    1       0.083211800387                    0           0.08009213          38.88893053
        "BPM_A.7R7.B1"         "BPM.8R7.B1"          17116.28082          17155.34681                    1       0.105980931411                    0           0.13032036          38.96902266
          "BPM.8R7.B1"        "BPM.10R7.B1"          17155.34681          17234.87878                    1       0.316510530068                    0             0.287114          39.09934302
         "BPM.10R7.B1"        "BPM.11R7.B1"          17234.87878          17287.66147                    1      0.1110874361369                    0            0.1268872          39.38645702
         "BPM.11R7.B1"        "BPM.12R7.B1"          17287.66147          17342.38796                    1      0.1269124258358                    0           0.12035212          39.51334422
         "BPM.12R7.B1"        "BPM.13R7.B1"          17342.38796          17395.83944                    1      0.1599633315743                    0           0.14359467          39.63369634
         "BPM.13R7.B1"        "BPM.14R7.B1"          17395.83944          17449.29093                    1       0.103165055771                    0           0.11501598          39.77729101
         "BPM.14R7.B1"        "BPM.15R7.B1"          17449.29093          17502.74241                    1       0.126937913489                    0           0.13628816          39.89230699
         "BPM.15R7.B1"        "BPM.16R7.B1"          17502.74241          17556.19389                    1       0.131762407815                    0           0.11635414          40.02859515
         "BPM.16R7.B1"        "BPM.17R7.B1"          17556.19389          17609.64538                    1       0.134516167738                    0           0.14160881          40.14494929
         "BPM.17R7.B1"        "BPM.18R7.B1"          17609.64538          17663.09686                    1       0.116940189976                    0           0.11475254           40.2865581
         "BPM.18R7.B1"        "BPM.19R7.B1"          17663.09686          17716.54835                    1      0.1218419257965                    0           0.13639193          40.40131064
         "BPM.19R7.B1"        "BPM.20R7.B1"          17716.54835          17769.99983                    1      0.1235420848201                    0           0.11661811          40.53770257
         "BPM.20R7.B1"        "BPM.21R7.B1"          17769.99983          17823.45131                    1      0.1468644440854                    0           0.14148132          40.65432068
         "BPM.21R7.B1"        "BPM.22R7.B1"          17823.45131           17876.9028                    1       0.111753634231                    0           0.11450153            40.795802
         "BPM.22R7.B1"        "BPM.23R7.B1"           17876.9028          17930.35428                    1       0.132212050661                    0           0.13736388          40.91030353
         "BPM.23R7.B1"        "BPM.24R7.B1"          17930.35428          17983.80577                    1       0.109022345636                    0           0.11450352          41.04766741
         "BPM.24R7.B1"        "BPM.25R7.B1"          17983.80577          18037.25725                    1       0.151758783059                    0           0.13736507          41.16217093
         "BPM.25R7.B1"        "BPM.26R7.B1"          18037.25725          18090.70874                    1       0.119087069027                    0           0.11450136            41.299536
         "BPM.26R7.B1"        "BPM.27R7.B1"          18090.70874          18144.16022                    1      0.1217332118597                    0           0.13736393          41.41403736
         "BPM.27R7.B1"        "BPM.28R7.B1"          18144.16022           18197.6117                    1      0.1263038032801                    0           0.11450352          41.55140129
         "BPM.28R7.B1"        "BPM.29R7.B1"           18197.6117          18251.06319                    1      0.1417317411982                    0           0.13736497          41.66590481
         "BPM.29R7.B1"        "BPM.30R7.B1"          18251.06319          18304.51467                    1       0.106221352406                    0           0.11450136          41.80326978
         "BPM.30R7.B1"        "BPM.32R7.B1"          18304.51467          18411.41764                    1       0.262273181022                    0           0.25186757          41.91777114
         "BPM.32R7.B1"        "BPM.33R7.B1"          18411.41764          18464.86912                    1       0.129457683753                    0           0.13736494          42.16963871
         "BPM.33R7.B1"        "BPM.34R7.B1"          18464.86912          18518.32061                    1       0.117650786212                    0           0.11450132          42.30700365
         "BPM.34R7.B1"        "BPM.33L8.B1"          18518.32061          18571.77209                    1      0.1300394572533                    0           0.13736405          42.42150497
         "BPM.33L8.B1"        "BPM.32L8.B1"          18571.77209          18625.22358                    1      0.1215971382787                    0           0.11450358          42.55886902
         "BPM.32L8.B1"        "BPM.31L8.B1"          18625.22358          18678.67506                    1       0.133928229385                    0           0.13736488           42.6733726
         "BPM.31L8.B1"        "BPM.30L8.B1"          18678.67506          18732.12654                    1       0.109519492135                    0            0.1145013          42.81073748
         "BPM.30L8.B1"        "BPM.29L8.B1"          18732.12654          18785.57803                    1       0.140155306793                    0           0.13736409          42.92523878
         "BPM.29L8.B1"        "BPM.28L8.B1"          18785.57803          18839.02951                    1       0.128674402896                    0            0.1145036          43.06260287
         "BPM.28L8.B1"        "BPM.27L8.B1"          18839.02951            18892.481                    1       0.135590661249                    0           0.13736483          43.17710647
         "BPM.27L8.B1"        "BPM.26L8.B1"            18892.481          18945.93248                    1       0.098872054682                    0           0.11450128           43.3144713
         "BPM.26L8.B1"        "BPM.25L8.B1"          18945.93248          18999.38397                    1      0.1430768535552                    0           0.13736417          43.42897258
         "BPM.25L8.B1"        "BPM.24L8.B1"          18999.38397          19052.83545                    1      0.1120774270328                    0           0.11450359          43.56633675
         "BPM.24L8.B1"        "BPM.23L8.B1"          19052.83545          19106.28693                    1       0.146283375364                    0           0.13736473          43.68084034
         "BPM.23L8.B1"        "BPM.22L8.B1"          19106.28693          19159.73842                    1       0.110285769928                    0           0.11450129          43.81820507
         "BPM.22L8.B1"        "BPM.21L8.B1"          19159.73842           19213.1899                    1       0.123185973993                    0           0.13736425          43.93270636
         "BPM.21L8.B1"        "BPM.19L8.B1"           19213.1899          19320.09287                    1       0.275526063878                    0           0.25795673          44.07007061
         "BPM.19L8.B1"        "BPM.18L8.B1"          19320.09287          19373.54435                    1       0.105743730753                    0           0.11366542          44.32802734
         "BPM.18L8.B1"        "BPM.17L8.B1"          19373.54435          19426.99584                    1      0.1345563077532                    0           0.13761795          44.44169276
         "BPM.17L8.B1"        "BPM.16L8.B1"          19426.99584          19480.44732                    1      0.1245351113848                    0            0.1176911          44.57931071
         "BPM.16L8.B1"        "BPM.15L8.B1"          19480.44732          19533.89881                    1       0.141265725688                    0           0.14013746          44.69700181
         "BPM.15L8.B1"        "BPM.14L8.B1"          19533.89881          19587.35029                    1       0.101414016383                    0           0.11354295          44.83713927
         "BPM.14L8.B1"        "BPM.13L8.B1"          19587.35029          19640.80177                    1       0.141828943467                    0           0.13789068          44.95068222
         "BPM.13L8.B1"        "BPM.12L8.B1"          19640.80177          19694.25326                    1       0.132233450669                    0           0.11820466           45.0885729
         "BPM.12L8.B1"        "BPM.11L8.B1"          19694.25326          19747.70474                    1       0.126159812065                    0           0.14207473          45.20677756
         "BPM.11L8.B1"         "BPM.9L8.B1"          19747.70474          19838.61242                    1      0.2178099172404                    0           0.21600367          45.34885229
          "BPM.9L8.B1"         "BPM.8L8.B1"          19838.61242          19879.07741                    1      0.1533219146586                    0           0.16169852          45.56485596
          "BPM.8L8.B1"         "BPM.7L8.B1"          19879.07741           19918.1454                    1        0.17321409461                    0           0.17531069          45.72655448
          "BPM.7L8.B1"        "BPMR.6L8.B1"           19918.1454           19950.6144                    1       0.125187440288                    0           0.11225055          45.90186517
         "BPMR.6L8.B1"         "BPM.5L8.B1"           19950.6144           20011.0334                    1       0.231253254893                    0           0.25083668          46.01411572
          "BPM.5L8.B1"       "BPMYB.4L8.B1"           20011.0334           20031.8004                    1       0.017202340867                    0             0.019492           46.2649524
        "BPMYB.4L8.B1"       "BPMWB.4L8.B1"           20031.8004           20056.1919                    1       0.020868903437                    0           0.02278941           46.2844444
        "BPMWB.4L8.B1"        "BPMS.2L8.B1"           20056.1919           20144.3364                    1       0.034749630712                    0           0.03780317          46.30723381
         "BPMS.2L8.B1"       "BPMSW.1L8.B1"           20144.3364           20154.2704                    1       0.014307238969                    0    0.007939209999996          46.34503698
        "BPMSW.1L8.B1"       "BPMSW.1R8.B1"           20154.2704           20197.4604                    1       0.447596247096                    0           0.45606656          46.35297619
        "BPMSW.1R8.B1"        "BPMS.2R8.B1"           20197.4604           20207.3944                    1       0.010969841962                    0    0.006149889999996          46.80904275
         "BPMS.2R8.B1"       "BPMSX.4R8.B1"           20207.3944           20245.3059                    1       0.016035451533                    0           0.01355175          46.81519264
        "BPMSX.4R8.B1"       "BPMWB.4R8.B1"           20245.3059           20295.4629                    1       0.022695632709                    0           0.02596554          46.82874439
        "BPMWB.4R8.B1"       "BPMYB.4R8.B1"           20295.4629           20319.9304                    1    0.005358708358999                    0           0.01435352          46.85470993
        "BPMYB.4R8.B1"       "BPMYB.5R8.B1"           20319.9304           20340.5074                    1     0.03044003151901                    0           0.02723782          46.86906345
        "BPMYB.5R8.B1"         "BPM.6R8.B1"           20340.5074           20424.6154                    1       0.383898406889                    0           0.35529303          46.89630127
          "BPM.6R8.B1"       "BPM_A.7R8.B1"           20424.6154           20446.8554                    1       0.035619712347                    0           0.04274563           47.2515943
        "BPM_A.7R8.B1"         "BPM.8R8.B1"           20446.8554          20488.29241                    1        0.07855275108                    0           0.10048781          47.29433993
          "BPM.8R8.B1"         "BPM.9R8.B1"          20488.29241          20527.35742                    1      0.2120063998589                    0           0.14342153          47.39482774
          "BPM.9R8.B1"        "BPM.10R8.B1"          20527.35742          20567.82043                    1      0.1598288647171                    0           0.18955417          47.53824927
         "BPM.10R8.B1"        "BPM.11R8.B1"          20567.82043          20619.65914                    1       0.064626343576                    0           0.09884113          47.72780344
         "BPM.11R8.B1"        "BPM.12R8.B1"          20619.65914          20674.38266                    1        0.13817151585                    0           0.13458953          47.82664457
         "BPM.12R8.B1"        "BPM.13R8.B1"          20674.38266          20727.83117                    1       0.168342855263                    0           0.11739612           47.9612341
         "BPM.13R8.B1"        "BPM.14R8.B1"          20727.83117          20781.27969                    1       0.120344618599                    0           0.13616164          48.07863022
         "BPM.14R8.B1"        "BPM.15R8.B1"          20781.27969          20834.72821                    1       0.075245413088                    0           0.11386057          48.21479186
         "BPM.15R8.B1"        "BPM.16R8.B1"          20834.72821          20888.17672                    1       0.158527866908                    0            0.1361947          48.32865243
         "BPM.16R8.B1"        "BPM.17R8.B1"          20888.17672          20941.62524                    1      0.1606620187373                    0           0.11385022          48.46484713
         "BPM.17R8.B1"        "BPM.18R8.B1"          20941.62524          20995.07375                    1      0.1083567456277                    0           0.13615754          48.57869735
         "BPM.18R8.B1"        "BPM.19R8.B1"          20995.07375          21048.52227                    1       0.066467730936                    0           0.11386055          48.71485489
         "BPM.19R8.B1"        "BPM.20R8.B1"          21048.52227          21101.97079                    1       0.175710556811                    0           0.13619464          48.82871544
         "BPM.20R8.B1"        "BPM.21R8.B1"          21101.97079           21155.4193                    1       0.152088585717                    0           0.11385024          48.96491008
         "BPM.21R8.B1"        "BPM.22R8.B1"           21155.4193          21208.86782                    1       0.111896998913                    0           0.13615762          49.07876032
         "BPM.22R8.B1"        "BPM.23R8.B1"          21208.86782          21262.31633                    1       0.136355384046                    0           0.11382465          49.21491794
         "BPM.23R8.B1"        "BPM.24R8.B1"          21262.31633          21315.76485                    1     0.09693586082701                    0           0.13613818          49.32874259
         "BPM.24R8.B1"        "BPM.25R8.B1"          21315.76485          21369.21337                    1      0.1627721277429                    0           0.11384356          49.46488077
         "BPM.25R8.B1"        "BPM.26R8.B1"          21369.21337          21422.66188                    1      0.1037928642331                    0           0.13615755          49.57872433
         "BPM.26R8.B1"        "BPM.27R8.B1"          21422.66188           21476.1104                    1       0.076802182093                    0           0.11382462          49.71488188
         "BPM.27R8.B1"        "BPM.28R8.B1"           21476.1104          21529.55891                    1       0.151032949109                    0           0.13613812           49.8287065
         "BPM.28R8.B1"        "BPM.29R8.B1"          21529.55891          21583.00743                    1       0.163152723253                    0            0.1138436          49.96484462
         "BPM.29R8.B1"        "BPM.30R8.B1"          21583.00743          21636.45594                    1       0.103921080134                    0           0.13615762          50.07868822
         "BPM.30R8.B1"        "BPM.31R8.B1"          21636.45594          21689.90446                    1       0.075522611054                    0            0.1138246          50.21484584
         "BPM.31R8.B1"        "BPM.32R8.B1"          21689.90446          21743.35298                    1       0.149726613212                    0           0.13613812          50.32867044
         "BPM.32R8.B1"        "BPM.33R8.B1"          21743.35298          21796.80149                    1      0.1640991439569                    0           0.11384359          50.46480856
         "BPM.33R8.B1"        "BPM.34R8.B1"          21796.80149          21850.25001                    1      0.1142712092871                    0           0.13615762          50.57865215
         "BPM.34R8.B1"        "BPM.33L1.B1"          21850.25001          21903.69852                    1       0.082143452222                    0           0.11382463          50.71480977
         "BPM.33L1.B1"        "BPM.32L1.B1"          21903.69852          21957.14704                    1       0.143971209708                    0           0.13613811           50.8286344
         "BPM.32L1.B1"        "BPM.31L1.B1"          21957.14704          22010.59556                    1       0.154727032069                    0           0.11384358          50.96477251
         "BPM.31L1.B1"        "BPM.30L1.B1"          22010.59556          22064.04407                    1       0.121774570145                    0           0.13615762          51.07861609
         "BPM.30L1.B1"        "BPM.29L1.B1"          22064.04407          22117.49259                    1       0.070787962957                    0           0.11382467          51.21477371
         "BPM.29L1.B1"        "BPM.28L1.B1"          22117.49259           22170.9411                    1       0.154171122134                    0           0.13613818          51.32859838
         "BPM.28L1.B1"        "BPM.27L1.B1"           22170.9411          22224.38962                    1       0.162700513877                    0           0.11384354          51.46473656
         "BPM.27L1.B1"        "BPM.26L1.B1"          22224.38962          22277.83814                    1       0.103603512398                    0           0.13615757           51.5785801
         "BPM.26L1.B1"        "BPM.25L1.B1"          22277.83814          22331.28665                    1       0.077085556796                    0           0.11382463          51.71473767
         "BPM.25L1.B1"        "BPM.23L1.B1"          22331.28665          22438.18368                    1        0.31931741668                    0           0.24998168           51.8285623
         "BPM.23L1.B1"        "BPM.22L1.B1"          22438.18368           22491.6322                    1       0.104223986102                    0           0.13615764          52.07854398
         "BPM.22L1.B1"        "BPM.21L1.B1"           22491.6322          22545.08071                    1       0.068314998971                    0           0.11382467          52.21470162
         "BPM.21L1.B1"        "BPM.20L1.B1"          22545.08071          22598.52923                    1       0.159793652382                    0            0.1361462          52.32852629
         "BPM.20L1.B1"        "BPM.19L1.B1"          22598.52923          22651.97775                    1      0.1638704752629                    0           0.11385018          52.46467249
         "BPM.19L1.B1"        "BPM.18L1.B1"          22651.97775          22705.42626                    1      0.1076226594661                    0           0.13615758          52.57852267
         "BPM.18L1.B1"        "BPM.17L1.B1"          22705.42626          22758.87478                    1     0.07592272719799                    0           0.11382464          52.71468025
         "BPM.17L1.B1"        "BPM.16L1.B1"          22758.87478          22812.32329                    1       0.148849746638                    0           0.13614614          52.82850489
         "BPM.16L1.B1"        "BPM.15L1.B1"          22812.32329          22865.77181                    1       0.160218655811                    0           0.11385022          52.96465103
         "BPM.15L1.B1"        "BPM.13L1.B1"          22865.77181          22972.66884                    1       0.188249683666                    0           0.24998232          53.07850125
         "BPM.13L1.B1"        "BPM.12L1.B1"          22972.66884          23026.11736                    1       0.156079780495                    0           0.13766712          53.32848357
         "BPM.12L1.B1"        "BPM.11L1.B1"          23026.11736          23079.56587                    1       0.163001235218                    0           0.11034222          53.46615069
         "BPM.11L1.B1"        "BPM.10L1.B1"          23079.56587          23132.34658                    1       0.100435056203                    0           0.13223208          53.57649291
         "BPM.10L1.B1"         "BPM.9L1.B1"          23132.34658           23171.4116                    1       0.070227812203                    0           0.10319307          53.70872499
          "BPM.9L1.B1"         "BPM.8L1.B1"           23171.4116          23211.87461                    1       0.207061780257                    0            0.1895422          53.81191806
          "BPM.8L1.B1"        "BPMR.7L1.B1"          23211.87461          23250.94062                    1       0.127221984352                    0            0.1007134          54.00146026
         "BPMR.7L1.B1"        "BPMR.5L1.B1"          23250.94062          23326.02462                    1       0.099069722039                    0           0.11740956          54.10217366
         "BPMR.5L1.B1"       "BPMYA.4L1.B1"          23326.02462          23347.14262                    1    0.004792096890005                    0    0.004395640000006          54.21958322
        "BPMYA.4L1.B1"       "BPMWB.4L1.B1"          23347.14262          23368.27512                    1       0.999782593317                    0    0.002876829999998          54.22397886
        "BPMWB.4L1.B1"       "BPMSY.4L1.B1"          23368.27512          23461.05512                    1    0.007342554056997                    0    0.008276459999998          54.22685569
        "BPMSY.4L1.B1"        "BPMS.2L1.B1"          23461.05512          23487.84062                    1    0.003267750165003                    0    0.001144260000004          54.23513215
         "BPMS.2L1.B1"       "BPMSW.1L1.B1"          23487.84062          23497.79062                    1       0.997271416931                    0   0.0008347499999957          54.23627641
        "BPMSW.1L1.B1"       "BPMSW.1R1.B1"          23497.79062          23540.93362                    1       0.495556927361                    0           0.49409851          54.23711116
        "BPMSW.1R1.B1"        "BPMS.2R1.B1"          23540.93362          23550.89862                    1    0.001118847776006                    0    0.001074440000004          54.73120967
         "BPMS.2R1.B1"       "BPMSY.4R1.B1"          23550.89862          23577.68412                    1   0.0009678803389969                    0           0.00165123          54.73228411
        "BPMSY.4R1.B1"       "BPMWB.4R1.B1"          23577.68412          23670.46412                    1    0.006551144699001                    0    0.007000040000001          54.73393534
        "BPMWB.4R1.B1"       "BPMYA.4R1.B1"          23670.46412          23691.59662                    1    0.003452275021001                    0           0.00582996          54.74093538
        "BPMYA.4R1.B1"         "BPM.5R1.B1"          23691.59662          23719.00462                    1    0.009499987334993                    0     0.01868692999999          54.74676534
          "BPM.5R1.B1"        "BPMR.6R1.B1"          23719.00462          23750.90462                    1       0.338082616661                    0            0.2550049          54.76545227
         "BPMR.6R1.B1"       "BPMSX.7R1.B1"          23750.90462          23757.12012                    1       0.071575739069                    0           0.09156329          55.02045717
        "BPMSX.7R1.B1"       "BPM_A.7R1.B1"          23757.12012          23778.62862                    1       0.041740451625                    0           0.07585681          55.11202046
        "BPM_A.7R1.B1"         "BPM.8R1.B1"          23778.62862          23820.06761                    1       0.074361356675                    0           0.11955556          55.18787727
          "BPM.8R1.B1"         "BPM.9R1.B1"          23820.06761           23859.1346                    1      0.2269413495454                    0           0.19596189          55.30743283
          "BPM.9R1.B1"        "BPM.10R1.B1"           23859.1346          23899.59958                    1      0.1317017243475                    0           0.09430414          55.50339472
         "BPM.10R1.B1"        "BPM.11R1.B1"          23899.59958          23952.38227                    1      0.0901977554071                    0            0.1246416          55.59769886
         "BPM.11R1.B1"        "BPM.12R1.B1"          23952.38227          24007.10876                    1       0.073366001613                    0           0.10991312          55.72234046
         "BPM.12R1.B1"        "BPM.13R1.B1"          24007.10876          24060.56024                    1       0.134590435782                    0             0.133396          55.83225358
         "BPM.13R1.B1"        "BPM.14R1.B1"          24060.56024          24114.01173                    1        0.17511039146                    0           0.11385128          55.96564958
         "BPM.14R1.B1"        "BPM.15R1.B1"          24114.01173          24167.46321                    1       0.115233707054                    0           0.13617584          56.07950086
         "BPM.15R1.B1"        "BPM.16R1.B1"          24167.46321          24220.91469                    1       0.084259560487                    0           0.11387489           56.2156767
         "BPM.16R1.B1"        "BPM.17R1.B1"          24220.91469          24274.36618                    1       0.130202530985                    0           0.13619707          56.32955159
         "BPM.17R1.B1"        "BPM.18R1.B1"          24274.36618          24327.81766                    1      0.1679872244371                    0           0.11385134          56.46574866
         "BPM.18R1.B1"        "BPM.19R1.B1"          24327.81766          24381.26915                    1      0.1213836774789                    0           0.13617582              56.5796
         "BPM.19R1.B1"        "BPM.20R1.B1"          24381.26915          24434.72063                    1        0.07479664538                    0           0.11387487          56.71577582
         "BPM.20R1.B1"        "BPM.21R1.B1"          24434.72063          24488.17211                    1       0.134928775537                    0           0.13619699          56.82965069
         "BPM.21R1.B1"        "BPM.22R1.B1"          24488.17211           24541.6236                    1       0.169469384332                    0           0.11385136          56.96584768
         "BPM.22R1.B1"        "BPM.23R1.B1"           24541.6236          24595.07508                    1        0.12048708719                    0           0.13616783          57.07969904
         "BPM.23R1.B1"        "BPM.24R1.B1"          24595.07508          24648.52657                    1        0.07364554965                    0           0.11383232          57.21586687
         "BPM.24R1.B1"        "BPM.25R1.B1"          24648.52657          24701.97805                    1       0.141964101025                    0           0.13614857          57.32969919
         "BPM.25R1.B1"        "BPM.26R1.B1"          24701.97805          24755.42954                    1      0.1717230509388                    0           0.11385133          57.46584776
         "BPM.26R1.B1"        "BPM.27R1.B1"          24755.42954          24808.88102                    1      0.1125559986992                    0           0.13616779          57.57969909
         "BPM.27R1.B1"        "BPM.28R1.B1"          24808.88102           24862.3325                    1     0.07116169653099                    0           0.11383229          57.71586688
         "BPM.28R1.B1"        "BPM.29R1.B1"           24862.3325          24915.78399                    1       0.155639157256                    0           0.13614852          57.82969917
         "BPM.29R1.B1"        "BPM.30R1.B1"          24915.78399          24969.23547                    1        0.17378980641                    0           0.11385135          57.96584769
         "BPM.30R1.B1"        "BPM.31R1.B1"          24969.23547          25022.68696                    1       0.096724013828                    0           0.13616784          58.07969904
         "BPM.31R1.B1"        "BPM.32R1.B1"          25022.68696          25076.13844                    1       0.076303228891                    0           0.11383232          58.21586688
         "BPM.32R1.B1"        "BPM.33R1.B1"          25076.13844          25129.58992                    1       0.149329848225                    0           0.13614856           58.3296992
         "BPM.33R1.B1"        "BPM.34R1.B1"          25129.58992          25183.04141                    1      0.1646538789879                    0           0.11385133          58.46584776
         "BPM.34R1.B1"        "BPM.32L2.B1"          25183.04141          25289.94438                    1      0.8863292981592                    0           0.25000011          58.57969909
         "BPM.32L2.B1"        "BPM.30L2.B1"          25289.94438          25396.84734                    1      0.3209427467039                    0           0.24999988           58.8296992
         "BPM.30L2.B1"        "BPM.29L2.B1"          25396.84734          25450.29883                    1       0.103759567769                    0           0.13616779          59.07969908
         "BPM.29L2.B1"        "BPM.28L2.B1"          25450.29883          25503.75031                    1       0.074614046783                    0           0.11383232          59.21586687
         "BPM.28L2.B1"        "BPM.27L2.B1"          25503.75031           25557.2018                    1       0.147785847688                    0           0.13614857          59.32969919
         "BPM.27L2.B1"        "BPM.26L2.B1"           25557.2018          25610.65328                    1        0.16794751292                    0           0.11385133          59.46584776
         "BPM.26L2.B1"        "BPM.25L2.B1"          25610.65328          25664.10477                    1       0.106518013681                    0           0.13616779          59.57969909
         "BPM.25L2.B1"        "BPM.24L2.B1"          25664.10477          25717.55625                    1     0.08021802620559                    0           0.11383229          59.71586688
         "BPM.24L2.B1"        "BPM.23L2.B1"          25717.55625          25771.00773                    1      0.1474994268298                    0           0.13614852          59.82969917
         "BPM.23L2.B1"        "BPM.22L2.B1"          25771.00773          25824.45922                    1      0.1696430413536                    0           0.11385135          59.96584769
         "BPM.22L2.B1"        "BPM.21L2.B1"          25824.45922           25877.9107                    1       0.102659364236                    0           0.13616783          60.07969904
         "BPM.21L2.B1"        "BPM.20L2.B1"           25877.9107          25931.36219                    1       0.076552148491                    0           0.11386827          60.21586687
         "BPM.20L2.B1"        "BPM.19L2.B1"          25931.36219          25984.81367                    1       0.153103211172                    0           0.13620508          60.32973514
         "BPM.19L2.B1"        "BPM.18L2.B1"          25984.81367          26038.26515                    1       0.163370860621                    0           0.11385795          60.46594022
         "BPM.18L2.B1"        "BPM.17L2.B1"          26038.26515          26091.71664                    1       0.119964648869                    0           0.13616781          60.57979817
         "BPM.17L2.B1"        "BPM.16L2.B1"          26091.71664          26145.16812                    1      0.0652874337341                    0           0.11386826          60.71596598
         "BPM.16L2.B1"        "BPM.15L2.B1"          26145.16812          26198.61961                    1      0.1513657846614                    0           0.13620501          60.82983424
         "BPM.15L2.B1"        "BPM.14L2.B1"          26198.61961          26252.07109                    1      0.1727020146505                    0           0.11385795          60.96603925
         "BPM.14L2.B1"        "BPM.13L2.B1"          26252.07109          26305.52257                    1       0.109655113948                    0           0.13616786           61.0798972
         "BPM.13L2.B1"        "BPM.12L2.B1"          26305.52257          26358.97406                    1       0.074296236632                    0           0.11819131          61.21606506
         "BPM.12L2.B1"        "BPM.10L2.B1"          26358.97406          26464.26623                    1       0.317914157549                    0           0.25172085          61.33425637
         "BPM.10L2.B1"         "BPM.9L2.B1"          26464.26623          26503.33322                    1       0.091373369062                    0             0.122461          61.58597722
          "BPM.9L2.B1"         "BPM.8L2.B1"          26503.33322          26543.79821                    1      0.1071856217234                    0           0.13895541          61.70843822
          "BPM.8L2.B1"         "BPM.7L2.B1"          26543.79821           26582.8662                    1      0.2592302753116                    0           0.18187728          61.84739363
          "BPM.7L2.B1"        "BPMR.6L2.B1"           26582.8662           26614.9722                    1        0.08688577736                    0           0.09832182          62.02927091
         "BPMR.6L2.B1"       "BPMYB.5L2.B1"           26614.9722               28.288                    1       0.152761229229                    0      0.2168631448245          62.12759273