@ GetLLMVersion %s "V3.0.0 Dev"
@ Command %s "/usr/bin/python2 '/home/eirik/CERN/beta-Beat/GetLLM/GetLLM.py' '--accel=LHCB1' '--model=model_opticsfile.19_Qx0.313_Qy0.317_beam1/twiss.dat' '--files=/home/eirik/CERN/global_coupling_correction3/data_analysis/hole_in_one_dir/Beam1@Turn@2018_08_06@22_58_41_834.sdds' '--output=/home/eirik/CERN/global_coupling_correction3/data_analysis/outputfiles/' '--tbtana=SUSSIX' '--bpmu=mm' '--lhcphase=1' '--errordefs=model_opticsfile.19_Qx0.313_Qy0.317_beam1/error_deffs.txt' '--coupling=1'"
@ CWD %s "/home/eirik/CERN/global_coupling_correction3/data_analysis"
@ Date %s "28. June 2021, 09:52:23"
@ Q1 %le 0.31300635133449045
@ MUX %le 70.31300635133456
@ Q2 %le 0.3170063933371513
@ MUY %le 72.31700639333718
@ FILES %s "/home/eirik/CERN/global_coupling_correction3/data_analysis/hole_in_one_dir/Beam1@Turn@2018_08_06@22_58_41_834.sdds.liny"
*                 NAME                NAME2                    S                   S1                COUNT               PHASEY               STDPHY               PHYMDL               MUYMDL
$                   %s                   %s                  %le                  %le                  %le                  %le                  %le                  %le                  %le
        "BPMYB.5L2.B1"       "BPMYB.4L2.B1"               28.288               48.858                    1     0.05228232609978                    0         0.0533292855         0.1162322856
        "BPMYB.4L2.B1"       "BPMWI.4L2.B1"               48.858              73.3255                    1      0.0605281669274                    0         0.0349405066         0.1695615711
        "BPMWI.4L2.B1"       "BPMSX.4L2.B1"              73.3255             123.4825                    1     0.09109034800617                    0         0.0813703508         0.2045020777
        "BPMSX.4L2.B1"       "BPMSW.1L2.B1"             123.4825              171.328                    1     0.02432547286732                    0         0.0614938884         0.2858724285
        "BPMSW.1L2.B1"       "BPMSW.1R2.B1"              171.328              214.518                    1      0.6942660006602                    0         0.3619265418         0.3473663169
        "BPMSW.1R2.B1"        "BPMS.2R2.B1"              214.518              224.452                    1      0.9963532324428                    0         0.0234267057         0.7092928587
         "BPMS.2R2.B1"       "BPMSX.4R2.B1"              224.452             262.3635                    1      0.1061527183107                    0         0.0504137192         0.7327195644
        "BPMSX.4R2.B1"       "BPMWB.4R2.B1"             262.3635             312.5965                    1     0.06379461665834                    0         0.0692305481         0.7831332836
        "BPMWB.4R2.B1"       "BPMYB.4R2.B1"             312.5965              336.988                    1     0.04806445703861                    0         0.0511402372         0.8523638317
        "BPMYB.4R2.B1"        "BPMR.5R2.B1"              336.988              366.522                    1     0.03200358572485                    0         0.0347600855         0.9035040689
         "BPMR.5R2.B1"         "BPM.6R2.B1"              366.522              439.818                    1      0.1832894486181                    0         0.2643180596         0.9382641544
          "BPM.6R2.B1"       "BPM_A.7R2.B1"              439.818              452.693                    1     0.01470965149315                    0          0.031319214          1.202582214
        "BPM_A.7R2.B1"         "BPM.8R2.B1"              452.693          494.1300106                    1      0.1645527782388                    0          0.094327402          1.233901428
          "BPM.8R2.B1"         "BPM.9R2.B1"          494.1300106          533.1950212                    1      0.1237902806993                    0          0.105391717           1.32822883
          "BPM.9R2.B1"        "BPM.10R2.B1"          533.1950212          573.6580318                    1     0.08426591735619                    0          0.111578984          1.433620547
         "BPM.10R2.B1"        "BPM.11R2.B1"          573.6580318          625.4967424                    1      0.1158702004167                    0          0.172464836          1.545199531
         "BPM.11R2.B1"        "BPM.13R2.B1"          625.4967424          733.6687742                    1      0.2725010969725                    0          0.263127857          1.717664367
         "BPM.13R2.B1"        "BPM.14R2.B1"          733.6687742          787.1172901                    1        0.10780324442                    0          0.111793938          1.980792224
         "BPM.14R2.B1"        "BPM.15R2.B1"          787.1172901           840.565806                    1      0.1247767095729                    0          0.131615513          2.092586162
         "BPM.15R2.B1"        "BPM.16R2.B1"           840.565806          894.0143219                    1      0.1237060539396                    0           0.10722157          2.224201675
         "BPM.16R2.B1"        "BPM.18R2.B1"          894.0143219          1000.911354                    1      0.2185522223436                    0          0.239608711          2.331423245
         "BPM.18R2.B1"        "BPM.19R2.B1"          1000.911354           1054.35987                    1      0.1238445885166                    0          0.132262149          2.571031956
         "BPM.19R2.B1"        "BPM.20R2.B1"           1054.35987          1107.808386                    1      0.1186376250141                    0          0.107670802          2.703294105
         "BPM.20R2.B1"        "BPM.21R2.B1"          1107.808386          1161.256901                    1      0.1293328431032                    0          0.127670442          2.810964907
         "BPM.21R2.B1"        "BPM.22R2.B1"          1161.256901          1214.705417                    1      0.1276418897859                    0          0.110848325          2.938635349
         "BPM.22R2.B1"        "BPM.23R2.B1"          1214.705417          1268.153933                    1        0.11247689672                    0          0.132062937          3.049483674
         "BPM.23R2.B1"        "BPM.24R2.B1"          1268.153933          1321.602449                    1      0.1213870622877                    0          0.110911956          3.181546611
         "BPM.24R2.B1"        "BPM.25R2.B1"          1321.602449          1375.050965                    1      0.1520294729254                    0           0.13210763          3.292458567
         "BPM.25R2.B1"        "BPM.26R2.B1"          1375.050965          1428.499481                    1     0.06827107904578                    0           0.11085191          3.424566197
         "BPM.26R2.B1"        "BPM.27R2.B1"          1428.499481          1481.947997                    1      0.1439104244095                    0          0.132056826          3.535418107
         "BPM.27R2.B1"        "BPM.28R2.B1"          1481.947997          1535.396513                    1       0.114381372416                    0          0.110908049          3.667474933
         "BPM.28R2.B1"        "BPM.29R2.B1"          1535.396513          1588.845029                    1      0.1456936494256                    0          0.132113332          3.778382982
         "BPM.29R2.B1"        "BPM.30R2.B1"          1588.845029          1642.293545                    1      0.0860889353255                    0          0.110856258          3.910496314
         "BPM.30R2.B1"        "BPM.31R2.B1"          1642.293545           1695.74206                    1      0.1476078248787                    0          0.132051576          4.021352572
         "BPM.31R2.B1"        "BPM.32R2.B1"           1695.74206          1749.190576                    1      0.1141938882752                    0          0.110903303          4.153404148
         "BPM.32R2.B1"        "BPM.33R2.B1"          1749.190576          1802.639092                    1      0.1365326932305                    0          0.132118119          4.264307451
         "BPM.33R2.B1"        "BPM.34R2.B1"          1802.639092          1856.087608                    1     0.09496957345419                    0          0.110861361           4.39642557
         "BPM.34R2.B1"        "BPM.33L3.B1"          1856.087608          1909.536124                    1      0.1253388120168                    0          0.132047304          4.507286931
         "BPM.33L3.B1"        "BPM.31L3.B1"          1909.536124          2016.433156                    1       0.270347927118                    0          0.243019682          4.639334235
         "BPM.31L3.B1"        "BPM.30L3.B1"          2016.433156          2069.881672                    1       0.101411722115                    0          0.110867095          4.882353917
         "BPM.30L3.B1"        "BPM.29L3.B1"          2069.881672          2123.330188                    1      0.1140280523745                    0           0.13204419          4.993221012
         "BPM.29L3.B1"        "BPM.27L3.B1"          2123.330188           2230.22722                    1      0.2730300245959                    0          0.243016241          5.125265202
         "BPM.27L3.B1"        "BPM.25L3.B1"           2230.22722          2337.124251                    1      0.2010732032013                    0          0.242915534          5.368281443
         "BPM.25L3.B1"        "BPM.24L3.B1"          2337.124251          2390.572767                    1      0.1277015057635                    0          0.110885581          5.611196977
         "BPM.24L3.B1"        "BPM.23L3.B1"          2390.572767          2444.021283                    1      0.1470463744435                    0          0.132125601          5.722082558
         "BPM.23L3.B1"        "BPM.22L3.B1"          2444.021283          2497.469799                    1      0.1004152742715                    0          0.110879659          5.854208159
         "BPM.22L3.B1"        "BPM.21L3.B1"          2497.469799          2550.918315                    1       0.129726470949                    0          0.132041695          5.965087818
         "BPM.21L3.B1"        "BPM.20L3.B1"          2550.918315          2604.366831                    1      0.1231256196652                    0          0.107587428          6.097129513
         "BPM.20L3.B1"        "BPM.19L3.B1"          2604.366831          2657.815347                    1      0.1309542653287                    0          0.127869282          6.204716941
         "BPM.19L3.B1"        "BPM.18L3.B1"          2657.815347          2711.263863                    1      0.1337422057856                    0           0.11096285          6.332586223
         "BPM.18L3.B1"        "BPM.17L3.B1"          2711.263863          2764.712379                    1     0.09350007120093                    0          0.132568376          6.443549073
         "BPM.17L3.B1"        "BPM.16L3.B1"          2764.712379          2818.160894                    1      0.1022775348237                    0          0.108113011          6.576117449
         "BPM.16L3.B1"        "BPM.15L3.B1"          2818.160894           2871.60941                    1      0.1360354791522                    0          0.127450551           6.68423046
         "BPM.15L3.B1"        "BPM.14L3.B1"           2871.60941          2925.057926                    1      0.1191222545627                    0            0.1103637          6.811681011
         "BPM.14L3.B1"        "BPM.13L3.B1"          2925.057926          2978.506442                    1      0.1054685064081                    0          0.132921076          6.922044711
         "BPM.13L3.B1"        "BPM.12L3.B1"          2978.506442          3031.954958                    1      0.1362103621751                    0           0.11440748          7.054965787
         "BPM.12L3.B1"        "BPM.10L3.B1"          3031.954958          3138.184185                    1      0.2258272832737                    0           0.23991171          7.169373267
         "BPM.10L3.B1"         "BPM.9L3.B1"          3138.184185          3177.249195                    1      0.1363207466868                    0          0.117569642          7.409284977
          "BPM.9L3.B1"         "BPM.8L3.B1"          3177.249195          3217.712206                    1      0.1689071696886                    0          0.166536259          7.526854619
          "BPM.8L3.B1"         "BPM.7L3.B1"          3217.712206          3256.776216                    1      0.1784903394765                    0          0.173206908          7.693390878
          "BPM.7L3.B1"         "BPM.6L3.B1"          3256.776216          3329.415216                    1      0.1131841765944                    0          0.119338915          7.866597786
          "BPM.6L3.B1"      "BPMWG.A5L3.B1"          3329.415216          3371.119716                    1     0.03480655639155                    0           0.04676378          7.985936701
       "BPMWG.A5L3.B1"        "BPMW.5L3.B1"          3371.119716          3400.089716                    1     0.01933915884656                    0          0.015596785          8.032700481
         "BPMW.5L3.B1"       "BPMWE.4L3.B1"          3400.089716          3475.217716                    1     0.06558046229902                    0          0.073419928          8.048297266
        "BPMWE.4L3.B1"        "BPMW.4L3.B1"          3475.217716          3502.762716                    1     0.03800520780322                    0          0.045631176          8.121717194
         "BPMW.4L3.B1"        "BPMW.4R3.B1"          3502.762716          3547.727716                    1     0.03341135899187                    0          0.035149268           8.16734837
         "BPMW.4R3.B1"       "BPMWE.4R3.B1"          3547.727716          3575.272716                    1     0.02154437688076                    0          0.011291251          8.202497638
        "BPMWE.4R3.B1"        "BPMW.5R3.B1"          3575.272716          3650.400716                    1      0.0724182691228                    0          0.073400978          8.213788889
         "BPMW.5R3.B1"      "BPMWJ.A5R3.B1"          3650.400716          3679.118716                    1     0.05348565069258                    0          0.063368188          8.287189867
       "BPMWJ.A5R3.B1"       "BPMWC.6R3.B1"          3679.118716          3718.936716                    1     0.07617255945177                    0          0.044956377          8.350558055
        "BPMWC.6R3.B1"       "BPM_A.7R3.B1"          3718.936716          3786.839216                    1     0.05765312785627                    0          0.079175015          8.395514432
        "BPM_A.7R3.B1"         "BPM.8R3.B1"          3786.839216          3825.903227                    1     0.07100191758301                    0           0.06200342          8.474689447
          "BPM.8R3.B1"         "BPM.9R3.B1"          3825.903227          3864.968238                    1     0.04434560588224                    0          0.052756974          8.536692867
          "BPM.9R3.B1"        "BPM.10R3.B1"          3864.968238          3905.431248                    1     0.06371459795736                    0          0.063217435          8.589449841
         "BPM.10R3.B1"        "BPM.11R3.B1"          3905.431248          3958.211959                    1      0.0923842507196                    0          0.101717769          8.652667276
         "BPM.11R3.B1"        "BPM.12R3.B1"          3958.211959          4012.935475                    1      0.1393975326135                    0          0.122084843          8.754385045
         "BPM.12R3.B1"        "BPM.13R3.B1"          4012.935475          4066.383991                    1      0.1272990483641                    0          0.114953427          8.876469888
         "BPM.13R3.B1"        "BPM.14R3.B1"          4066.383991          4119.832506                    1      0.1033414373461                    0          0.130674139          8.991423315
         "BPM.14R3.B1"        "BPM.16R3.B1"          4119.832506          4226.729538                    1       0.282961054974                    0          0.236052073          9.122097454
         "BPM.16R3.B1"        "BPM.17R3.B1"          4226.729538          4280.178054                    1      0.1072789925895                    0          0.111785435          9.358149527
         "BPM.17R3.B1"        "BPM.18R3.B1"          4280.178054           4333.62657                    1      0.1038755259303                    0          0.131412046          9.469934962
         "BPM.18R3.B1"        "BPM.19R3.B1"           4333.62657          4387.075086                    1      0.1037145482116                    0          0.107209801          9.601347008
         "BPM.19R3.B1"        "BPM.20R3.B1"          4387.075086          4440.523602                    1       0.171556877696                    0          0.128416031          9.708556809
         "BPM.20R3.B1"        "BPM.21R3.B1"          4440.523602          4493.972118                    1      0.0948498462963                    0          0.111429358           9.83697284
         "BPM.21R3.B1"        "BPM.22R3.B1"          4493.972118          4547.420634                    1      0.1007256625978                    0          0.132065002          9.948402198
         "BPM.22R3.B1"        "BPM.23R3.B1"          4547.420634           4600.86915                    1      0.1098388601392                    0           0.11090702           10.0804672
         "BPM.23R3.B1"        "BPM.24R3.B1"           4600.86915          4654.317666                    1      0.1503825233756                    0           0.13210569          10.19137422
         "BPM.24R3.B1"        "BPM.25R3.B1"          4654.317666          4707.766181                    1      0.1075459701378                    0            0.1108567          10.32347991
         "BPM.25R3.B1"        "BPM.26R3.B1"          4707.766181          4761.214697                    1      0.1239176022905                    0           0.13205925          10.43433661
         "BPM.26R3.B1"        "BPM.27R3.B1"          4761.214697          4814.663213                    1      0.0947320965625                    0           0.11090346          10.56639586
         "BPM.27R3.B1"        "BPM.28R3.B1"          4814.663213          4868.111729                    1      0.1587461641727                    0           0.13211045          10.67729932
         "BPM.28R3.B1"        "BPM.29R3.B1"          4868.111729          4921.560245                    1      0.1150499971755                    0           0.11086063          10.80940977
         "BPM.29R3.B1"        "BPM.31R3.B1"          4921.560245          5028.457277                    1       0.207343592204                    0           0.24295408           10.9202704
         "BPM.31R3.B1"        "BPM.32R3.B1"          5028.457277          5081.905793                    1      0.1600368597638                    0           0.13211436          11.16322448
         "BPM.32R3.B1"        "BPM.33R3.B1"          5081.905793          5135.354309                    1      0.1272192357122                    0            0.1108652          11.29533884
         "BPM.33R3.B1"        "BPM.34R3.B1"          5135.354309          5188.802825                    1      0.1306718460942                    0           0.13205145          11.40620404
         "BPM.34R3.B1"        "BPM.33L4.B1"          5188.802825           5242.25134                    1     0.09078959357377                    0           0.11089435          11.53825549
         "BPM.33L4.B1"        "BPM.32L4.B1"           5242.25134          5295.699856                    1      0.1392462116654                    0           0.13211734          11.64914984
         "BPM.32L4.B1"        "BPM.31L4.B1"          5295.699856          5349.148372                    1      0.1192642214851                    0           0.11087026          11.78126718
         "BPM.31L4.B1"        "BPM.30L4.B1"          5349.148372          5402.596888                    1      0.1230651808484                    0           0.13204899          11.89213744
         "BPM.30L4.B1"        "BPM.29L4.B1"          5402.596888          5456.045404                    1       0.107177125461                    0           0.11088909          12.02418643
         "BPM.29L4.B1"        "BPM.28L4.B1"          5456.045404           5509.49392                    1      0.1235492166946                    0           0.13211924          12.13507552
         "BPM.28L4.B1"        "BPM.27L4.B1"           5509.49392          5562.942436                    1      0.1552585963895                    0           0.11087566          12.26719476
         "BPM.27L4.B1"        "BPM.26L4.B1"          5562.942436          5616.390952                    1      0.0968448906085                    0           0.13204764          12.37807042
         "BPM.26L4.B1"        "BPM.25L4.B1"          5616.390952          5669.839468                    1     0.09696634323842                    0           0.11088359          12.51011806
         "BPM.25L4.B1"        "BPM.24L4.B1"          5669.839468          5723.287984                    1      0.1459605498641                    0           0.13212006          12.62100165
         "BPM.24L4.B1"        "BPM.23L4.B1"          5723.287984            5776.7365                    1      0.1309536751994                    0           0.11088122          12.75312171
         "BPM.23L4.B1"        "BPM.22L4.B1"            5776.7365          5830.185015                    1      0.1167395521903                    0            0.1320474          12.86400293
         "BPM.22L4.B1"        "BPM.21L4.B1"          5830.185015          5883.633531                    1      0.0951457164597                    0             0.110878          12.99605033
         "BPM.21L4.B1"        "BPM.20L4.B1"          5883.633531          5937.082047                    1      0.1535128064148                    0           0.13281551          13.10692833
         "BPM.20L4.B1"        "BPM.19L4.B1"          5937.082047          5990.530563                    1      0.1026567501299                    0           0.10821663          13.23974384
         "BPM.19L4.B1"        "BPM.18L4.B1"          5990.530563          6043.979079                    1      0.1317462888285                    0           0.12722923          13.34796047
         "BPM.18L4.B1"        "BPM.17L4.B1"          6043.979079          6097.427595                    1      0.0942644511271                    0           0.11022502           13.4751897
         "BPM.17L4.B1"        "BPM.16L4.B1"          6097.427595          6150.876111                    1      0.1537087318768                    0           0.13313113          13.58541472
         "BPM.16L4.B1"        "BPM.15L4.B1"          6150.876111          6204.324627                    1      0.1024913990077                    0           0.10888437          13.71854585
         "BPM.15L4.B1"        "BPM.14L4.B1"          6204.324627          6257.773143                    1       0.132970819339                    0           0.12703359          13.82743022
         "BPM.14L4.B1"        "BPM.13L4.B1"          6257.773143          6311.221659                    1      0.1063530161983                    0           0.10952016          13.95446381
         "BPM.13L4.B1"        "BPM.12L4.B1"          6311.221659          6364.670174                    1      0.1241714879837                    0           0.13280156          14.06398397
         "BPM.12L4.B1"        "BPM.11L4.B1"          6364.670174           6418.11869                    1      0.1257788718931                    0             0.105145          14.19678553
         "BPM.11L4.B1"        "BPM.10L4.B1"           6418.11869          6469.957401                    1      0.1281176483727                    0           0.11702914          14.30193053
         "BPM.10L4.B1"         "BPM.9L4.B1"          6469.957401          6509.022412                    1     0.02480105483153                    0           0.06060539          14.41895967
          "BPM.9L4.B1"         "BPM.8L4.B1"          6509.022412          6549.485422                    1     0.08132987567187                    0           0.08493501          14.47956506
          "BPM.8L4.B1"         "BPM.7L4.B1"          6549.485422          6588.549433                    1     0.07338991783716                    0           0.05275371          14.56450007
          "BPM.7L4.B1"       "BPMYB.6L4.B1"          6588.549433          6685.153433                    1      0.0720551584029                    0           0.07766639          14.61725378
        "BPMYB.6L4.B1"       "BPMYA.5L4.B1"          6685.153433          6722.153433                    1    0.009915219378269                    0           0.01509906          14.69492017
        "BPMYA.5L4.B1"      "BPMWI.A5L4.B1"          6722.153433          6798.755933                    1     0.05470981642331                    0           0.05620908          14.71001923
       "BPMWI.A5L4.B1"      "BPMWA.B5L4.B1"          6798.755933          6824.619933                    1     0.02573686142241                    0           0.01883382          14.76622831
       "BPMWA.B5L4.B1"      "BPMWA.A5R4.B1"          6824.619933          6881.553933                    1     0.03304025092709                    0           0.03771546          14.78506213
       "BPMWA.A5R4.B1"      "BPMWA.B5R4.B1"          6881.553933          6890.438933                    1    0.007774038177187                    0           0.00527836          14.82277759
       "BPMWA.B5R4.B1"       "BPMYB.5R4.B1"          6890.438933          6992.829433                    1     0.04946918090555                    0           0.04839181          14.82805595
        "BPMYB.5R4.B1"       "BPMYA.6R4.B1"          6992.829433          7024.393433                    1     0.01752021502471                    0           0.02131905          14.87644776
        "BPMYA.6R4.B1"         "BPM.8R4.B1"          7024.393433          7158.698443                    1       0.315118039798                    0           0.25151518          14.89776681
          "BPM.8R4.B1"        "BPM.10R4.B1"          7158.698443          7238.226465                    1      0.1439229981545                    0           0.27411185          15.14928199
         "BPM.10R4.B1"        "BPM.11R4.B1"          7238.226465          7290.065175                    1      0.1311089255713                    0           0.10787574          15.42339384
         "BPM.11R4.B1"        "BPM.12R4.B1"          7290.065175          7344.788691                    1      0.1680977692708                    0           0.11298456          15.53126958
         "BPM.12R4.B1"        "BPM.13R4.B1"          7344.788691          7398.237207                    1      0.1180518935713                    0           0.13228364          15.64425414
         "BPM.13R4.B1"        "BPM.14R4.B1"          7398.237207          7451.685723                    1     0.07944129388397                    0           0.11382747          15.77653778
         "BPM.14R4.B1"        "BPM.15R4.B1"          7451.685723          7505.134239                    1      0.1851442817125                    0           0.13608176          15.89036525
         "BPM.15R4.B1"        "BPM.17R4.B1"          7505.134239          7612.031271                    1       0.232174113756                    0           0.24996008          16.02644701
         "BPM.17R4.B1"        "BPM.18R4.B1"          7612.031271          7665.479786                    1     0.08283924278077                    0           0.11382766          16.27640709
         "BPM.18R4.B1"        "BPM.19R4.B1"          7665.479786          7718.928302                    1       0.171594746745                    0           0.13608179          16.39023475
         "BPM.19R4.B1"        "BPM.20R4.B1"          7718.928302          7772.376818                    1      0.1512013824494                    0           0.11379979          16.52631654
         "BPM.20R4.B1"        "BPM.21R4.B1"          7772.376818          7825.825334                    1     0.09702707577023                    0            0.1361602          16.64011633
         "BPM.21R4.B1"        "BPM.22R4.B1"          7825.825334           7879.27385                    1     0.06351420704397                    0           0.11382771          16.77627653
         "BPM.22R4.B1"        "BPM.23R4.B1"           7879.27385          7932.722366                    1      0.1916100735926                    0           0.13609044          16.89010424
         "BPM.23R4.B1"        "BPM.24R4.B1"          7932.722366          7986.170882                    1      0.1535524572642                    0           0.11384038          17.02619468
         "BPM.24R4.B1"        "BPM.25R4.B1"          7986.170882          8039.619398                    1     0.09269852557768                    0            0.1362054          17.14003506
         "BPM.25R4.B1"        "BPM.26R4.B1"          8039.619398          8093.067914                    1     0.06302207948279                    0           0.11382774          17.27624046
         "BPM.26R4.B1"        "BPM.27R4.B1"          8093.067914           8146.51643                    1      0.1891802682568                    0           0.13609044           17.3900682
         "BPM.27R4.B1"        "BPM.28R4.B1"           8146.51643          8199.964946                    1      0.1510064458514                    0           0.11384035          17.52615864
         "BPM.28R4.B1"        "BPM.29R4.B1"          8199.964946          8253.413461                    1      0.1024763358303                    0            0.1362054          17.63999899
         "BPM.29R4.B1"        "BPM.31R4.B1"          8253.413461          8360.310493                    1      0.2459796092844                    0           0.24991819          17.77620439
         "BPM.31R4.B1"        "BPM.32R4.B1"          8360.310493          8413.759009                    1      0.1440247668654                    0           0.11384034          18.02612258
         "BPM.32R4.B1"        "BPM.33R4.B1"          8413.759009          8467.207525                    1      0.1318686367748                    0           0.13620541          18.13996292
         "BPM.33R4.B1"        "BPM.32L5.B1"          8467.207525          8627.553073                    1      0.3863334659987                    0           0.36375852          18.27616833
         "BPM.32L5.B1"        "BPM.31L5.B1"          8627.553073          8681.001589                    1     0.08911472389416                    0            0.1362054          18.63992685
         "BPM.31L5.B1"        "BPM.30L5.B1"          8681.001589          8734.450105                    1     0.07210910278399                    0           0.11382781          18.77613225
         "BPM.30L5.B1"        "BPM.29L5.B1"          8734.450105           8787.89862                    1      0.1751213455291                    0           0.13609042          18.88996006
         "BPM.29L5.B1"        "BPM.28L5.B1"           8787.89862          8841.347136                    1      0.1521737657154                    0            0.1138403          19.02605048
         "BPM.28L5.B1"        "BPM.27L5.B1"          8841.347136          8894.795652                    1      0.1071450131289                    0           0.13620542          19.13989078
         "BPM.27L5.B1"        "BPM.26L5.B1"          8894.795652          8948.244168                    1     0.04968187988539                    0           0.11382782           19.2760962
         "BPM.26L5.B1"        "BPM.24L5.B1"          8948.244168            9055.1412                    1      0.3453048705073                    0           0.24993069          19.38992402
         "BPM.24L5.B1"        "BPM.23L5.B1"            9055.1412          9108.589716                    1     0.09908235346312                    0           0.13620541          19.63985471
         "BPM.23L5.B1"        "BPM.22L5.B1"          9108.589716          9162.038232                    1     0.06938044812405                    0           0.11382785          19.77606012
         "BPM.22L5.B1"        "BPM.21L5.B1"          9162.038232          9215.486748                    1       0.187536658663                    0           0.13609042          19.88988797
         "BPM.21L5.B1"        "BPM.20L5.B1"          9215.486748          9268.935264                    1      0.1380355425825                    0           0.11380673          20.02597839
         "BPM.20L5.B1"        "BPM.19L5.B1"          9268.935264          9322.383779                    1      0.1057081154746                    0            0.1361516          20.13978512
         "BPM.19L5.B1"        "BPM.18L5.B1"          9322.383779          9375.832295                    1     0.07700385288506                    0           0.11382076          20.27593672
         "BPM.18L5.B1"        "BPM.16L5.B1"          9375.832295          9482.729327                    1      0.3501293811942                    0           0.24989712          20.38975748
         "BPM.16L5.B1"        "BPM.15L5.B1"          9482.729327          9536.177843                    1     0.06446146977131                    0           0.13615156           20.6396546
         "BPM.15L5.B1"        "BPM.14L5.B1"          9536.177843          9589.626359                    1     0.08179086443371                    0           0.11382081          20.77580616
         "BPM.14L5.B1"        "BPM.13L5.B1"          9589.626359          9643.074875                    1      0.1577764400615                    0           0.13609044          20.88962697
         "BPM.13L5.B1"        "BPM.12L5.B1"          9643.074875          9696.523391                    1      0.1532723064352                    0           0.10780124          21.02571741
         "BPM.12L5.B1"        "BPM.11L5.B1"          9696.523391          9749.971907                    1     0.09018587965793                    0           0.12862506          21.13351865
         "BPM.11L5.B1"        "BPM.10L5.B1"          9749.971907          9802.752617                    1     0.05384608486467                    0           0.09380137          21.26214371
         "BPM.10L5.B1"         "BPM.9L5.B1"          9802.752617          9841.817628                    1      0.0425968729015                    0           0.07822721          21.35594508
          "BPM.9L5.B1"         "BPM.8L5.B1"          9841.817628          9882.280639                    1      0.1698204326154                    0           0.13650127          21.43417229
          "BPM.8L5.B1"        "BPMR.7L5.B1"          9882.280639          9921.346649                    1      0.2630918191274                    0           0.22952811          21.57067356
         "BPMR.7L5.B1"         "BPM.6L5.B1"          9921.346649          9958.240649                    1     0.09153794743442                    0           0.16332042          21.80020167
          "BPM.6L5.B1"        "BPMR.5L5.B1"          9958.240649          9990.140649                    1      0.3587056862881                    0             0.271199          21.96352209
         "BPMR.5L5.B1"       "BPMYA.4L5.B1"          9990.140649          10017.54665                    1     0.03416718145135                    0           0.01870576          22.23472109
        "BPMYA.4L5.B1"       "BPMWB.4L5.B1"          10017.54665          10038.68115                    1      0.9975142604159                    0    0.005833389999999          22.25342685
        "BPMWB.4L5.B1"       "BPMSY.4L5.B1"          10038.68115          10131.46115                    1      0.9985333493911                    0    0.007002759999999          22.25926024
        "BPMSY.4L5.B1"        "BPMS.2L5.B1"          10131.46115          10158.24665                    1    0.002281639833166                    0    0.001651820000003            22.266263
         "BPMS.2L5.B1"       "BPMSW.1L5.B1"          10158.24665          10168.21165                    1    0.002305730513306                    0    0.001074799999998          22.26791482
        "BPMSW.1L5.B1"       "BPMSW.1R5.B1"          10168.21165          10211.33965                    1      0.5037541194875                    0           0.49409435          22.26898962
        "BPMSW.1R5.B1"        "BPMS.2R5.B1"          10211.33965          10221.30465                    1      0.9940383333919                    0   0.0008371099999991          22.76308397
         "BPMS.2R5.B1"       "BPMSY.4R5.B1"          10221.30465          10248.09015                    1      0.9987905982373                    0    0.001144679999999          22.76392108
        "BPMSY.4R5.B1"       "BPMWB.4R5.B1"          10248.09015          10340.87015                    1     0.01474896453435                    0    0.008279330000001          22.76506576
        "BPMWB.4R5.B1"       "BPMYA.4R5.B1"          10340.87015          10362.00265                    1       0.991606527726                    0    0.002877760000001          22.77334509
        "BPMYA.4R5.B1"         "BPM.5R5.B1"          10362.00265          10383.12065                    1   0.0006169503773427                    0    0.004397010000002          22.77622285
          "BPM.5R5.B1"        "BPMR.6R5.B1"          10383.12065          10415.02065                    1     0.01569437666097                    0           0.01443184          22.78061986
         "BPMR.6R5.B1"       "BPM_A.7R5.B1"          10415.02065          10449.03465                    1      0.1111610123951                    0           0.06740087           22.7950517
        "BPM_A.7R5.B1"         "BPM.9R5.B1"          10449.03465          10529.54063                    1      0.3041014435058                    0           0.27622424          22.86245257
          "BPM.9R5.B1"        "BPM.10R5.B1"          10529.54063          10570.00562                    1     0.06244036003307                    0           0.09786876          23.13867681
         "BPM.10R5.B1"        "BPM.11R5.B1"          10570.00562          10622.78831                    1     0.06769634575089                    0           0.12351434          23.23654557
         "BPM.11R5.B1"        "BPM.12R5.B1"          10622.78831          10677.51479                    1      0.1909610778318                    0           0.16646232          23.36005991
         "BPM.12R5.B1"        "BPM.13R5.B1"          10677.51479          10730.96627                    1      0.1417371531175                    0           0.11426073          23.52652223
         "BPM.13R5.B1"        "BPM.14R5.B1"          10730.96627          10784.41776                    1      0.1063678880275                    0           0.13621606          23.64078296
         "BPM.14R5.B1"        "BPM.15R5.B1"          10784.41776          10837.86924                    1     0.09396796749767                    0           0.11380139          23.77699902
         "BPM.15R5.B1"        "BPM.16R5.B1"          10837.86924          10891.32073                    1      0.1665563473352                    0           0.13604703          23.89080041
         "BPM.16R5.B1"        "BPM.17R5.B1"          10891.32073          10944.77221                    1      0.1530415475115                    0           0.11384145          24.02684744
         "BPM.17R5.B1"        "BPM.18R5.B1"          10944.77221           10998.2237                    1      0.0980172309589                    0           0.13621565          24.14068889
         "BPM.18R5.B1"        "BPM.19R5.B1"           10998.2237          11051.67518                    1     0.07466234054435                    0            0.1138015          24.27690454
         "BPM.19R5.B1"        "BPM.20R5.B1"          11051.67518          11105.12666                    1      0.1690740053959                    0           0.13604703          24.39070604
         "BPM.20R5.B1"        "BPM.21R5.B1"          11105.12666          11158.57815                    1       0.159125858422                    0           0.11384133          24.52675307
         "BPM.21R5.B1"        "BPM.22R5.B1"          11158.57815          11212.02963                    1     0.09804721673917                    0           0.13621563           24.6405944
         "BPM.22R5.B1"        "BPM.23R5.B1"          11212.02963          11265.48112                    1     0.06377734352093                    0           0.11383505          24.77681003
         "BPM.23R5.B1"        "BPM.24R5.B1"          11265.48112           11318.9326                    1      0.1754483710232                    0           0.13610078          24.89064508
         "BPM.24R5.B1"        "BPM.25R5.B1"           11318.9326          11372.38408                    1      0.1281127192435                    0           0.11384849          25.02674586
         "BPM.25R5.B1"        "BPM.26R5.B1"          11372.38408          11425.83557                    1      0.1146317522977                    0            0.1362157          25.14059435
         "BPM.26R5.B1"        "BPM.27R5.B1"          11425.83557          11479.28705                    1      0.1054175067299                    0           0.11383507          25.27681005
         "BPM.27R5.B1"        "BPM.28R5.B1"          11479.28705          11532.73854                    1      0.1498701708451                    0           0.13610081          25.39064512
         "BPM.28R5.B1"        "BPM.29R5.B1"          11532.73854          11586.19002                    1      0.1678673833554                    0           0.11384846          25.52674593
         "BPM.29R5.B1"        "BPM.30R5.B1"          11586.19002           11639.6415                    1     0.09943428973704                    0           0.13621563          25.64059439
         "BPM.30R5.B1"        "BPM.31R5.B1"           11639.6415          11693.09299                    1     0.05884873275401                    0           0.11383506          25.77681002
         "BPM.31R5.B1"        "BPM.33R5.B1"          11693.09299          11799.99596                    1      0.3112020990056                    0           0.24994927          25.89064508
         "BPM.33R5.B1"        "BPM.34R5.B1"          11799.99596          11853.44744                    1      0.1153007431542                    0            0.1362157          26.14059435
         "BPM.34R5.B1"        "BPM.33L6.B1"          11853.44744          11906.89893                    1     0.09850387495618                    0           0.11383507          26.27681005
         "BPM.33L6.B1"        "BPM.32L6.B1"          11906.89893          11960.35041                    1      0.1295324471376                    0           0.13610081          26.39064512
         "BPM.32L6.B1"        "BPM.31L6.B1"          11960.35041          12013.80189                    1      0.1734149307875                    0           0.11384846          26.52674593
         "BPM.31L6.B1"        "BPM.30L6.B1"          12013.80189          12067.25338                    1      0.1030024411127                    0           0.13621563          26.64059439
         "BPM.30L6.B1"        "BPM.29L6.B1"          12067.25338          12120.70486                    1     0.07115803043346                    0           0.11383506          26.77681002
         "BPM.29L6.B1"        "BPM.28L6.B1"          12120.70486          12174.15635                    1      0.1584532846121                    0           0.13610078          26.89064508
         "BPM.28L6.B1"        "BPM.27L6.B1"          12174.15635          12227.60783                    1      0.1885007020657                    0           0.11384849          27.02674586
         "BPM.27L6.B1"        "BPM.26L6.B1"          12227.60783          12281.05931                    1      0.0825054881348                    0            0.1362157          27.14059435
         "BPM.26L6.B1"        "BPM.25L6.B1"          12281.05931           12334.5108                    1     0.06484119882729                    0           0.11383507          27.27681005
         "BPM.25L6.B1"        "BPM.24L6.B1"           12334.5108          12387.96228                    1      0.1736250102295                    0           0.13610081          27.39064512
         "BPM.24L6.B1"        "BPM.23L6.B1"          12387.96228          12441.41377                    1      0.1981007828228                    0           0.11384846          27.52674593
         "BPM.23L6.B1"        "BPM.22L6.B1"          12441.41377          12494.86525                    1     0.05827993975561                    0           0.13621564          27.64059439
         "BPM.22L6.B1"        "BPM.18L6.B1"          12494.86525          12708.67119                    1      0.5030585610234                    0           0.49990552          27.77681003
         "BPM.18L6.B1"        "BPM.17L6.B1"          12708.67119          12762.12267                    1     0.06696169540946                    0           0.11383512          28.27671555
         "BPM.17L6.B1"        "BPM.16L6.B1"          12762.12267          12815.57415                    1      0.1677798006449                    0           0.13609221          28.39055067
         "BPM.16L6.B1"        "BPM.15L6.B1"          12815.57415          12869.02564                    1      0.1576751342988                    0           0.11380776          28.52664288
         "BPM.15L6.B1"        "BPM.14L6.B1"          12869.02564          12922.47712                    1      0.1101239748829                    0           0.13617039          28.64045064
         "BPM.14L6.B1"        "BPM.13L6.B1"          12922.47712          12975.92861                    1     0.07904243838937                    0           0.11383514          28.77662103
         "BPM.13L6.B1"        "BPM.12L6.B1"          12975.92861          13029.38009                    1      0.1653164890172                    0           0.13578697          28.89045617
         "BPM.12L6.B1"        "BPM.11L6.B1"          13029.38009          13082.83158                    1      0.1690010778627                    0           0.12688473          29.02624314
         "BPM.11L6.B1"        "BPM.10L6.B1"          13082.83158          13134.67226                    1      0.1045073962635                    0           0.14682693          29.15312787
         "BPM.10L6.B1"         "BPM.9L6.B1"          13134.67226          13173.73925                    1      0.1276267439334                    0           0.11325254           29.2999548
          "BPM.9L6.B1"         "BPM.8L6.B1"          13173.73925          13214.20424                    1      0.2382296066526                    0           0.22557501          29.41320734
          "BPM.8L6.B1"       "BPMYA.5L6.B1"          13214.20424          13311.29423                    1      0.1212549260709                    0           0.10213525          29.63878235
        "BPMYA.5L6.B1"       "BPMYB.4L6.B1"          13311.29423          13347.69423                    1    0.005101624266796                    0           0.01894815           29.7409176
        "BPMYB.4L6.B1"       "BPMSA.4R6.B1"          13347.69423          13568.51473                    1      0.1237908580492                    0           0.13501847          29.75986575
        "BPMSA.4R6.B1"       "BPMYA.4R6.B1"          13568.51473          13691.29423                    1      0.1448805736017                    0           0.14409975          29.89488422
        "BPMYA.4R6.B1"       "BPMYB.5R6.B1"          13691.29423          13727.69423                    1     0.01252030703399                    0           0.01801873          30.03898397
        "BPMYB.5R6.B1"         "BPM.8R6.B1"          13727.69423          13823.42122                    1       0.143118864069                    0           0.14270302           30.0570027
          "BPM.8R6.B1"         "BPM.9R6.B1"          13823.42122          13862.48821                    1      0.1638601072318                    0           0.16404811          30.19970572
          "BPM.9R6.B1"        "BPM.10R6.B1"          13862.48821           13902.9532                    1     0.07185517770245                    0           0.10337645          30.36375383
         "BPM.10R6.B1"        "BPM.11R6.B1"           13902.9532          13954.79389                    1      0.1660947230362                    0           0.14685235          30.46713028
         "BPM.11R6.B1"        "BPM.12R6.B1"          13954.79389          14009.52037                    1      0.1177687895038                    0           0.11369979          30.61398263
         "BPM.12R6.B1"        "BPM.13R6.B1"          14009.52037          14062.97186                    1      0.1176873818343                    0           0.13510934          30.72768242
         "BPM.13R6.B1"        "BPM.14R6.B1"          14062.97186          14116.42334                    1      0.1344807228774                    0           0.11774386          30.86279176
         "BPM.14R6.B1"        "BPM.15R6.B1"          14116.42334          14169.87483                    1      0.1204771215136                    0           0.13868458          30.98053562
         "BPM.15R6.B1"        "BPM.16R6.B1"          14169.87483          14223.32631                    1       0.112221410509                    0           0.11834199           31.1192202
         "BPM.16R6.B1"        "BPM.17R6.B1"          14223.32631          14276.77779                    1      0.1550583525559                    0           0.14532731          31.23756219
         "BPM.17R6.B1"        "BPM.18R6.B1"          14276.77779          14330.22928                    1      0.1072166596185                    0           0.11703261           31.3828895
         "BPM.18R6.B1"        "BPM.19R6.B1"          14330.22928          14383.68076                    1      0.1575104385937                    0           0.13886676          31.49992211
         "BPM.19R6.B1"        "BPM.20R6.B1"          14383.68076          14437.13225                    1       0.130217503417                    0            0.1190459          31.63878887
         "BPM.20R6.B1"        "BPM.21R6.B1"          14437.13225          14490.58373                    1      0.1176971535135                    0            0.1450298          31.75783477
         "BPM.21R6.B1"        "BPM.22R6.B1"          14490.58373          14544.03522                    1      0.1150298674863                    0           0.11637832          31.90286457
         "BPM.22R6.B1"        "BPM.23R6.B1"          14544.03522           14597.4867                    1      0.1544089577841                    0           0.13993771          32.01924289
         "BPM.23R6.B1"        "BPM.24R6.B1"           14597.4867          14650.93818                    1      0.1299005750144                    0            0.1164568           32.1591806
         "BPM.24R6.B1"        "BPM.25R6.B1"          14650.93818          14704.38967                    1      0.1213799219904                    0           0.13994608           32.2756374
         "BPM.25R6.B1"        "BPM.26R6.B1"          14704.38967          14757.84115                    1      0.1154286636445                    0           0.11637757          32.41558348
         "BPM.26R6.B1"        "BPM.27R6.B1"          14757.84115          14811.29264                    1      0.1613646571245                    0           0.13994498          32.53196105
         "BPM.27R6.B1"        "BPM.28R6.B1"          14811.29264          14864.74412                    1      0.1209332832366                    0           0.11645689          32.67190603
         "BPM.28R6.B1"        "BPM.29R6.B1"          14864.74412           14918.1956                    1      0.1057601026254                    0           0.13993878          32.78836292
         "BPM.29R6.B1"        "BPM.30R6.B1"           14918.1956          14971.64709                    1      0.1303061094088                    0           0.11637801           32.9283017
         "BPM.30R6.B1"        "BPM.32R6.B1"          14971.64709          15078.55006                    1      0.2569302919512                    0           0.25640823          33.04467971
         "BPM.32R6.B1"        "BPM.33R6.B1"          15078.55006          15132.00154                    1      0.1318583064576                    0           0.13993158          33.30108794
         "BPM.33R6.B1"        "BPM.34R6.B1"          15132.00154          15185.45302                    1       0.119900562875                    0           0.11637943          33.44101952
         "BPM.34R6.B1"        "BPM.33L7.B1"          15185.45302          15238.90451                    1       0.140815219014                    0            0.1399593          33.55739895
         "BPM.33L7.B1"        "BPM.31L7.B1"          15238.90451          15345.80748                    1      0.2408237370553                    0           0.25637876          33.69735825
         "BPM.31L7.B1"        "BPM.30L7.B1"          15345.80748          15399.25896                    1      0.1247797752353                    0           0.11638184          33.95373701
         "BPM.30L7.B1"        "BPM.29L7.B1"          15399.25896          15452.71045                    1       0.146126879085                    0           0.13996598          34.07011885
         "BPM.29L7.B1"        "BPM.28L7.B1"          15452.71045          15506.16193                    1      0.1083960647967                    0           0.11645116          34.21008483
         "BPM.28L7.B1"        "BPM.27L7.B1"          15506.16193          15559.61341                    1      0.1306712192059                    0           0.13991832          34.32653599
         "BPM.27L7.B1"        "BPM.26L7.B1"          15559.61341           15613.0649                    1      0.1184847000407                    0           0.11638513          34.46645431
         "BPM.26L7.B1"        "BPM.25L7.B1"           15613.0649          15666.51638                    1      0.1803843094869                    0           0.13997205          34.58283944
         "BPM.25L7.B1"        "BPM.24L7.B1"          15666.51638          15719.96787                    1      0.1164064425137                    0           0.11644744          34.72281149
         "BPM.24L7.B1"        "BPM.23L7.B1"          15719.96787          15773.41935                    1     0.09823388827359                    0            0.1399126          34.83925893
         "BPM.23L7.B1"        "BPM.22L7.B1"          15773.41935          15826.87083                    1      0.1225517003428                    0           0.11638926          34.97917153
         "BPM.22L7.B1"        "BPM.21L7.B1"          15826.87083          15880.32232                    1      0.1648369098206                    0           0.13997743          35.09556079
         "BPM.21L7.B1"        "BPM.20L7.B1"          15880.32232           15933.7738                    1      0.1061825240569                    0            0.1201977          35.23553822
         "BPM.20L7.B1"        "BPM.19L7.B1"           15933.7738          15987.22529                    1       0.147373794431                    0            0.1437023          35.35573592
         "BPM.19L7.B1"        "BPM.18L7.B1"          15987.22529          16040.67677                    1      0.1085870371595                    0           0.11542454          35.49943822
         "BPM.18L7.B1"        "BPM.17L7.B1"          16040.67677          16094.12825                    1      0.1580034146974                    0           0.14065074          35.61486276
         "BPM.17L7.B1"        "BPM.16L7.B1"          16094.12825          16147.57974                    1      0.1071176176375                    0           0.12053739           35.7555135
         "BPM.16L7.B1"        "BPM.15L7.B1"          16147.57974          16201.03122                    1      0.2097798384696                    0           0.14295954          35.87605089
         "BPM.15L7.B1"        "BPM.14L7.B1"          16201.03122          16254.48271                    1     0.05293922276671                    0           0.11518395          36.01901043
         "BPM.14L7.B1"        "BPM.13L7.B1"          16254.48271          16307.93419                    1      0.1497625150468                    0            0.1414119          36.13419438
         "BPM.13L7.B1"        "BPM.12L7.B1"          16307.93419          16361.38567                    1      0.1032440152331                    0            0.1090414          36.27560628
         "BPM.12L7.B1"        "BPM.11L7.B1"          16361.38567          16414.83716                    1      0.1281523705909                    0           0.12679051          36.38464768
         "BPM.11L7.B1"        "BPM.10L7.B1"          16414.83716          16467.61985                    1     0.08566188730765                    0           0.09188569          36.51143819
         "BPM.10L7.B1"         "BPM.9L7.B1"          16467.61985          16506.68684                    1      0.0914236201534                    0            0.0796766          36.60332388
          "BPM.9L7.B1"         "BPM.8L7.B1"          16506.68684          16547.15183                    1     0.06470146444077                    0           0.06174489          36.68300048
          "BPM.8L7.B1"         "BPM.7L7.B1"          16547.15183          16586.21782                    1     0.07382453359357                    0           0.07581231          36.74474537
          "BPM.7L7.B1"         "BPM.6L7.B1"          16586.21782          16621.03582                    1     0.06025355698072                    0           0.06575821          36.82055768
          "BPM.6L7.B1"       "BPMWC.6L7.B1"          16621.03582          16633.13832                    1     0.02668308857288                    0           0.04160708          36.88631589
        "BPMWC.6L7.B1"       "BPMWE.5L7.B1"          16633.13832          16710.19232                    1      0.1057423240759                    0            0.1057543          36.92792297
        "BPMWE.5L7.B1"        "BPMW.5L7.B1"          16710.19232          16733.39732                    1     0.01001319973935                    0           0.01142756          37.03367727
         "BPMW.5L7.B1"       "BPMWE.4L7.B1"          16733.39732          16768.48232                    1     0.04457092226139                    0           0.03449014          37.04510483
        "BPMWE.4L7.B1"        "BPMW.4L7.B1"          16768.48232          16796.58732                    1      0.1054452997087                    0           0.07084157          37.07959497
         "BPMW.4L7.B1"        "BPMW.4R7.B1"          16796.58732          16912.63432                    1      0.1323266621914                    0           0.15069747          37.15043654
         "BPMW.4R7.B1"       "BPMWE.4R7.B1"          16912.63432          16940.73932                    1      0.9880655912929                    0           0.01200249          37.30113401
        "BPMWE.4R7.B1"        "BPMW.5R7.B1"          16940.73932          16975.82432                    1     0.03331852647002                    0           0.03270217           37.3131365
         "BPMW.5R7.B1"        "BPMR.6R7.B1"          16975.82432          17078.24482                    1      0.2275913537833                    0           0.23363587          37.34583867
         "BPMR.6R7.B1"       "BPM_A.7R7.B1"          17078.24482          17116.28082                    1     0.08125681599016                    0           0.05657875          37.57947454
        "BPM_A.7R7.B1"         "BPM.8R7.B1"          17116.28082          17155.34681                    1     0.08306759476411                    0           0.08126907          37.63605329
          "BPM.8R7.B1"         "BPM.9R7.B1"          17155.34681           17194.4138                    1     0.07585884892828                    0           0.07906211          37.71732236
          "BPM.9R7.B1"        "BPM.10R7.B1"           17194.4138          17234.87878                    1     0.06753984643326                    0           0.08536257          37.79638447
         "BPM.10R7.B1"        "BPM.11R7.B1"          17234.87878          17287.66147                    1     0.09052293573872                    0           0.10900216          37.88174704
         "BPM.11R7.B1"        "BPM.12R7.B1"          17287.66147          17342.38796                    1        0.15186034941                    0           0.13682663           37.9907492
         "BPM.12R7.B1"        "BPM.14R7.B1"          17342.38796          17449.29093                    1      0.2576073636661                    0           0.25578819          38.12757583
         "BPM.14R7.B1"        "BPM.15R7.B1"          17449.29093          17502.74241                    1     0.09744642046514                    0           0.11903987          38.38336402
         "BPM.15R7.B1"        "BPM.16R7.B1"          17502.74241          17556.19389                    1      0.1851387659268                    0           0.14487195          38.50240389
         "BPM.16R7.B1"        "BPM.17R7.B1"          17556.19389          17609.64538                    1      0.1111697065413                    0           0.11640548          38.64727584
         "BPM.17R7.B1"        "BPM.18R7.B1"          17609.64538          17663.09686                    1       0.128644327465                    0           0.13938935          38.76368132
         "BPM.18R7.B1"        "BPM.19R7.B1"          17663.09686          17716.54835                    1     0.09119564144838                    0           0.11964219          38.90307067
         "BPM.19R7.B1"        "BPM.20R7.B1"          17716.54835          17769.99983                    1      0.1838035679388                    0             0.144396          39.02271286
         "BPM.20R7.B1"        "BPM.21R7.B1"          17769.99983          17823.45131                    1      0.1152988256902                    0           0.11587789          39.16710886
         "BPM.21R7.B1"        "BPM.22R7.B1"          17823.45131           17876.9028                    1      0.1191336758808                    0           0.13991758          39.28298675
         "BPM.22R7.B1"        "BPM.23R7.B1"           17876.9028          17930.35428                    1      0.1194441096198                    0           0.11638316          39.42290433
         "BPM.23R7.B1"        "BPM.24R7.B1"          17930.35428          17983.80577                    1      0.1733023654701                    0            0.1399723          39.53928749
         "BPM.24R7.B1"        "BPM.25R7.B1"          17983.80577          18037.25725                    1     0.09868687886262                    0            0.1164494          39.67925979
         "BPM.25R7.B1"        "BPM.26R7.B1"          18037.25725          18090.70874                    1      0.1256139734836                    0            0.1399122          39.79570919
         "BPM.26R7.B1"        "BPM.27R7.B1"          18090.70874          18144.16022                    1      0.1096588182229                    0            0.1163873          39.93562139
         "BPM.27R7.B1"        "BPM.28R7.B1"          18144.16022           18197.6117                    1      0.1698037542489                    0           0.13997799          40.05200869
         "BPM.28R7.B1"        "BPM.29R7.B1"           18197.6117          18251.06319                    1     0.09726285748991                    0           0.11644485          40.19198668
         "BPM.29R7.B1"        "BPM.30R7.B1"          18251.06319          18304.51467                    1      0.1387005226108                    0           0.13990688          40.30843153
         "BPM.30R7.B1"        "BPM.31R7.B1"          18304.51467          18357.96616                    1      0.1078572009868                    0           0.11639224          40.44833841
         "BPM.31R7.B1"        "BPM.32R7.B1"          18357.96616          18411.41764                    1      0.1570588156921                    0           0.13998287          40.56473065
         "BPM.32R7.B1"        "BPM.33R7.B1"          18411.41764          18464.86912                    1      0.1239496554652                    0           0.11643958          40.70471352
         "BPM.33R7.B1"        "BPM.34R7.B1"          18464.86912          18518.32061                    1      0.1112303023175                    0           0.13990253           40.8211531
         "BPM.34R7.B1"        "BPM.33L8.B1"          18518.32061          18571.77209                    1      0.1489139445213                    0            0.1163978          40.96105563
         "BPM.33L8.B1"        "BPM.32L8.B1"          18571.77209          18625.22358                    1       0.134250227191                    0           0.13998669          41.07745343
         "BPM.32L8.B1"        "BPM.31L8.B1"          18625.22358          18678.67506                    1     0.09888861725097                    0           0.11643373          41.21744012
         "BPM.31L8.B1"        "BPM.30L8.B1"          18678.67506          18732.12654                    1       0.125638148223                    0           0.13989922          41.33387385
         "BPM.30L8.B1"        "BPM.27L8.B1"          18732.12654            18892.481                    1      0.3897484451716                    0           0.37282084          41.47377307
         "BPM.27L8.B1"        "BPM.26L8.B1"            18892.481          18945.93248                    1      0.1468327730955                    0           0.13989705          41.84659391
         "BPM.26L8.B1"        "BPM.25L8.B1"          18945.93248          18999.38397                    1     0.09111040721385                    0           0.11641026          41.98649096
         "BPM.25L8.B1"        "BPM.24L8.B1"          18999.38397          19052.83545                    1      0.1687227511984                    0           0.13999103          42.10290122
         "BPM.24L8.B1"        "BPM.23L8.B1"          19052.83545          19106.28693                    1      0.1219069790059                    0           0.11642097          42.24289225
         "BPM.23L8.B1"        "BPM.22L8.B1"          19106.28693          19159.73842                    1      0.1123297645265                    0           0.13989605          42.35931322
         "BPM.22L8.B1"        "BPM.21L8.B1"          19159.73842           19213.1899                    1     0.09040945310972                    0           0.11641686          42.49920927
         "BPM.21L8.B1"        "BPM.20L8.B1"           19213.1899          19266.64139                    1      0.2048055085808                    0           0.13929273          42.61562613
         "BPM.20L8.B1"        "BPM.19L8.B1"          19266.64139          19320.09287                    1     0.07233674265689                    0           0.11963837          42.75491886
         "BPM.19L8.B1"        "BPM.18L8.B1"          19320.09287          19373.54435                    1      0.1643261120482                    0           0.14449559          42.87455723
         "BPM.18L8.B1"        "BPM.17L8.B1"          19373.54435          19426.99584                    1      0.1433371854628                    0           0.11586873          43.01905282
         "BPM.17L8.B1"        "BPM.15L8.B1"          19426.99584          19533.89881                    1      0.2337037908492                    0           0.25997678          43.13492155
         "BPM.15L8.B1"        "BPM.14L8.B1"          19533.89881          19587.35029                    1      0.1440348499673                    0           0.14386788          43.39489833
         "BPM.14L8.B1"        "BPM.12L8.B1"          19587.35029          19694.25326                    1      0.2727019221768                    0           0.25584044          43.53876621
         "BPM.12L8.B1"        "BPM.11L8.B1"          19694.25326          19747.70474                    1       0.108090583075                    0           0.11282284          43.79460665
         "BPM.11L8.B1"        "BPM.10L8.B1"          19747.70474          19799.54543                    1      0.1330774592157                    0           0.13204976          43.90742949
         "BPM.10L8.B1"         "BPM.9L8.B1"          19799.54543          19838.61242                    1     0.08030314488022                    0           0.06595266          44.03947925
          "BPM.9L8.B1"         "BPM.8L8.B1"          19838.61242          19879.07741                    1      0.1140810778519                    0           0.09115788          44.10543191
          "BPM.8L8.B1"         "BPM.7L8.B1"          19879.07741           19918.1454                    1     0.06879921180215                    0     0.09804868000001          44.19658979
          "BPM.7L8.B1"        "BPMR.6L8.B1"           19918.1454           19950.6144                    1       0.077435301896                    0           0.13423509          44.29463847
         "BPMR.6L8.B1"         "BPM.5L8.B1"           19950.6144           20011.0334                    1      0.3765385709891                    0           0.28450511          44.42887356
          "BPM.5L8.B1"       "BPMWB.4L8.B1"           20011.0334           20056.1919                    1     0.02970350606058                    0     0.04202762000001          44.71337867
        "BPMWB.4L8.B1"        "BPMS.2L8.B1"           20056.1919           20144.3364                    1     0.02462910057947                    0           0.03956381          44.75540629
         "BPMS.2L8.B1"       "BPMSW.1R8.B1"           20144.3364           20197.4604                    1      0.4671827971088                    0           0.46221296           44.7949701
        "BPMSW.1R8.B1"        "BPMS.2R8.B1"           20197.4604           20207.3944                    1     0.01569119895915                    0    0.007940409999996          45.25718306
         "BPMS.2R8.B1"       "BPMSX.4R8.B1"           20207.3944           20245.3059                    1    0.008646438154859                    0           0.01547165          45.26512347
        "BPMSX.4R8.B1"       "BPMWB.4R8.B1"           20245.3059           20295.4629                    1    0.005007337532041                    0           0.02228115          45.28059512
        "BPMWB.4R8.B1"       "BPMYB.5R8.B1"           20295.4629           20340.5074                    1     0.04882062342308                    0           0.04217949          45.30287627
        "BPMYB.5R8.B1"       "BPM_A.7R8.B1"           20340.5074           20446.8554                    1      0.2405082310691                    0           0.28144103          45.34505576
        "BPM_A.7R8.B1"         "BPM.8R8.B1"           20446.8554          20488.29241                    1      0.1243421900858                    0             0.116879          45.62649679
          "BPM.8R8.B1"         "BPM.9R8.B1"          20488.29241          20527.35742                    1      0.2382649296086                    0           0.21700562          45.74337579
          "BPM.9R8.B1"        "BPM.10R8.B1"          20527.35742          20567.82043                    1     0.08057851975207                    0           0.11173763          45.96038141
         "BPM.10R8.B1"        "BPM.11R8.B1"          20567.82043          20619.65914                    1      0.2263277258887                    0           0.16192098          46.07211904
         "BPM.11R8.B1"        "BPM.12R8.B1"          20619.65914          20674.38266                    1     0.09708129246129                    0           0.09712095          46.23404002
         "BPM.12R8.B1"        "BPM.13R8.B1"          20674.38266          20727.83117                    1     0.06281810957111                    0           0.11531402          46.33116097
         "BPM.13R8.B1"        "BPM.14R8.B1"          20727.83117          20781.27969                    1      0.1034459034998                    0           0.11382677          46.44647499
         "BPM.14R8.B1"        "BPM.15R8.B1"          20781.27969          20834.72821                    1       0.214913316826                    0           0.13617724          46.56030176
         "BPM.15R8.B1"        "BPM.16R8.B1"          20834.72821          20888.17672                    1     0.08949830556806                    0           0.11379993            46.696479
         "BPM.16R8.B1"        "BPM.17R8.B1"          20888.17672          20941.62524                    1     0.09208914103866                    0           0.13606477          46.81027893
         "BPM.17R8.B1"        "BPM.18R8.B1"          20941.62524          20995.07375                    1     0.07539573592318                    0           0.11382746           46.9463437
         "BPM.18R8.B1"        "BPM.20R8.B1"          20995.07375          21101.97079                    1      0.3473341160502                    0           0.24997728          47.06017116
         "BPM.20R8.B1"        "BPM.22R8.B1"          21101.97079          21208.86782                    1      0.1686151767624                    0           0.24989218          47.31014844
         "BPM.22R8.B1"        "BPM.23R8.B1"          21208.86782          21262.31633                    1      0.2226042566487                    0           0.13618591          47.56004062
         "BPM.23R8.B1"        "BPM.24R8.B1"          21262.31633          21315.76485                    1      0.1150681228211                    0           0.11384071          47.69622653
         "BPM.24R8.B1"        "BPM.25R8.B1"          21315.76485          21369.21337                    1     0.05809906657873                    0           0.13610992          47.81006724
         "BPM.25R8.B1"        "BPM.26R8.B1"          21369.21337          21422.66188                    1     0.07294961991879                    0           0.11382737          47.94617716
         "BPM.26R8.B1"        "BPM.27R8.B1"          21422.66188           21476.1104                    1      0.2154307459565                    0           0.13618586          48.06000453
         "BPM.27R8.B1"        "BPM.28R8.B1"           21476.1104          21529.55891                    1      0.1406469457087                    0           0.11384077          48.19619039
         "BPM.28R8.B1"        "BPM.30R8.B1"          21529.55891          21636.45594                    1      0.1610992627929                    0           0.24993733          48.31003116
         "BPM.30R8.B1"        "BPM.31R8.B1"          21636.45594          21689.90446                    1       0.194749323392                    0           0.13618591          48.55996849
         "BPM.31R8.B1"        "BPM.32R8.B1"          21689.90446          21743.35298                    1      0.1496392389828                    0           0.11384076           48.6961544
         "BPM.32R8.B1"        "BPM.33R8.B1"          21743.35298          21796.80149                    1     0.07330088143427                    0           0.13610992          48.80999516
         "BPM.33R8.B1"        "BPM.34R8.B1"          21796.80149          21850.25001                    1     0.09984980468221                    0           0.11382732          48.94610508
         "BPM.34R8.B1"        "BPM.33L1.B1"          21850.25001          21903.69852                    1      0.1861273681691                    0           0.13618586           49.0599324
         "BPM.33L1.B1"        "BPM.32L1.B1"          21903.69852          21957.14704                    1      0.1339348376263                    0            0.1138408          49.19611826
         "BPM.32L1.B1"        "BPM.31L1.B1"          21957.14704          22010.59556                    1     0.08335796688146                    0           0.13610996          49.30995906
         "BPM.31L1.B1"        "BPM.30L1.B1"          22010.59556          22064.04407                    1     0.07022673246045                    0           0.11382735          49.44606902
         "BPM.30L1.B1"        "BPM.29L1.B1"          22064.04407          22117.49259                    1      0.2251763587921                    0           0.13618589          49.55989637
         "BPM.29L1.B1"        "BPM.28L1.B1"          22117.49259           22170.9411                    1      0.1111776324013                    0           0.11384077          49.69608226
         "BPM.28L1.B1"        "BPM.27L1.B1"           22170.9411          22224.38962                    1     0.09279548666774                    0           0.13610994          49.80992303
         "BPM.27L1.B1"        "BPM.26L1.B1"          22224.38962          22277.83814                    1     0.07306181263755                    0           0.11382731          49.94603297
         "BPM.26L1.B1"        "BPM.25L1.B1"          22277.83814          22331.28665                    1      0.1948267100168                    0           0.13618585          50.05986028
         "BPM.25L1.B1"        "BPM.24L1.B1"          22331.28665          22384.73517                    1      0.1232341720467                    0           0.11384082          50.19604613
         "BPM.24L1.B1"        "BPM.23L1.B1"          22384.73517          22438.18368                    1      0.1071039053548                    0           0.13610998          50.30988695
         "BPM.23L1.B1"        "BPM.22L1.B1"          22438.18368           22491.6322                    1      0.1192584143891                    0           0.11382731          50.44599693
         "BPM.22L1.B1"        "BPM.21L1.B1"           22491.6322          22545.08071                    1      0.1518468353782                    0           0.13618589          50.55982424
         "BPM.21L1.B1"        "BPM.20L1.B1"          22545.08071          22598.52923                    1      0.1328938072051                    0           0.11380731          50.69601013
         "BPM.20L1.B1"        "BPM.18L1.B1"          22598.52923          22705.42626                    1      0.1815027868157                    0           0.24989197          50.80981744
         "BPM.18L1.B1"        "BPM.17L1.B1"          22705.42626          22758.87478                    1      0.1968361493054                    0           0.13618586          51.05970941
         "BPM.17L1.B1"        "BPM.16L1.B1"          22758.87478          22812.32329                    1      0.1432153085303                    0           0.11380743          51.19589527
         "BPM.16L1.B1"        "BPM.15L1.B1"          22812.32329          22865.77181                    1     0.07263509789678                    0           0.13606477           51.3097027
         "BPM.15L1.B1"        "BPM.14L1.B1"          22865.77181          22919.22033                    1     0.06234600097772                    0           0.11382716          51.44576747
         "BPM.14L1.B1"        "BPM.13L1.B1"          22919.22033          22972.66884                    1      0.2061292716011                    0           0.13618592          51.55959463
         "BPM.13L1.B1"        "BPM.12L1.B1"          22972.66884          23026.11736                    1      0.1338984349618                    0           0.10780501          51.69578055
         "BPM.12L1.B1"        "BPM.11L1.B1"          23026.11736          23079.56587                    1     0.09310855699576                    0           0.12853444          51.80358556
         "BPM.11L1.B1"         "BPM.9L1.B1"          23079.56587           23171.4116                    1      0.1031077110441                    0           0.17204904             51.93212
          "BPM.9L1.B1"         "BPM.8L1.B1"           23171.4116          23211.87461                    1      0.1954423881286                    0           0.13658269          52.10416904
          "BPM.8L1.B1"        "BPMR.7L1.B1"          23211.87461          23250.94062                    1       0.224806180127                    0           0.22940793          52.24075173
         "BPMR.7L1.B1"        "BPMR.5L1.B1"          23250.94062          23326.02462                    1      0.4726696197897                    0           0.44090763          52.47015966
         "BPMR.5L1.B1"       "BPMYA.4L1.B1"          23326.02462          23347.14262                    1      0.9978653188412                    0           0.01234228          52.91106729
        "BPMYA.4L1.B1"       "BPMWB.4L1.B1"          23347.14262          23368.27512                    1    0.004346342012929                    0    0.005828770000001          52.92340957
        "BPMWB.4L1.B1"       "BPMSY.4L1.B1"          23368.27512          23461.05512                    1    0.004305621522089                    0    0.006998440000004          52.92923834
        "BPMSY.4L1.B1"        "BPMS.2L1.B1"          23461.05512          23487.84062                    1      0.9986538441261                    0    0.001650849999997          52.93623678
         "BPMS.2L1.B1"       "BPMSW.1R1.B1"          23487.84062          23540.93362                    1      0.4977881675639                    0           0.49517204          52.93788763
        "BPMSW.1R1.B1"        "BPMS.2R1.B1"          23540.93362          23550.89862                    1    0.001172288180605                    0   0.0008365999999995          53.43305967
         "BPMS.2R1.B1"       "BPMSY.4R1.B1"          23550.89862          23577.68412                    1    0.009316207423144                    0    0.001143990000003          53.43389627
        "BPMSY.4R1.B1"       "BPMWB.4R1.B1"          23577.68412          23670.46412                    1      0.9950252609158                    0    0.008274579999998          53.43504026
        "BPMWB.4R1.B1"       "BPMYA.4R1.B1"          23670.46412          23691.59662                    1    0.005845417430453                    0    0.002876219999997          53.44331484
        "BPMYA.4R1.B1"         "BPM.5R1.B1"          23691.59662          23719.00462                    1    0.004588522097737                    0           0.00633346          53.44619106
          "BPM.5R1.B1"        "BPMR.6R1.B1"          23719.00462          23750.90462                    1    0.008915979811428                    0           0.01751669          53.45252452
         "BPMR.6R1.B1"       "BPMSX.7R1.B1"          23750.90462          23757.12012                    1      0.9927483334271                    0    0.006548309999999          53.47004121
        "BPMSX.7R1.B1"       "BPM_A.7R1.B1"          23757.12012          23778.62862                    1     0.07171554943175                    0           0.05581973          53.47658952
        "BPM_A.7R1.B1"         "BPM.8R1.B1"          23778.62862          23820.06761                    1      0.2996193879565                    0           0.17730352          53.53240925
          "BPM.8R1.B1"         "BPM.9R1.B1"          23820.06761           23859.1346                    1      0.0636111233446                    0     0.09902838999999          53.70971277
          "BPM.9R1.B1"        "BPM.10R1.B1"           23859.1346          23899.59958                    1     0.04369085116722                    0           0.09779832          53.80874116
         "BPM.10R1.B1"        "BPM.11R1.B1"          23899.59958          23952.38227                    1     0.08407021216419                    0           0.12347645          53.90653948
         "BPM.11R1.B1"        "BPM.12R1.B1"          23952.38227          24007.10876                    1      0.2127506100975                    0            0.1665698          54.03001593
         "BPM.12R1.B1"        "BPM.13R1.B1"          24007.10876          24060.56024                    1      0.1383028749162                    0           0.11426051          54.19658573
         "BPM.13R1.B1"        "BPM.14R1.B1"          24060.56024          24114.01173                    1     0.08322473893645                    0            0.1361206          54.31084624
         "BPM.14R1.B1"        "BPM.15R1.B1"          24114.01173          24167.46321                    1     0.08026194258448                    0           0.11380185          54.44696684
         "BPM.15R1.B1"        "BPM.17R1.B1"          24167.46321          24274.36618                    1      0.3321743162239                    0           0.24998356          54.56076869
         "BPM.17R1.B1"        "BPM.18R1.B1"          24274.36618          24327.81766                    1      0.0817031581602                    0           0.13612015          54.81075225
         "BPM.18R1.B1"        "BPM.19R1.B1"          24327.81766          24381.26915                    1     0.08852819560789                    0           0.11380183           54.9468724
         "BPM.19R1.B1"        "BPM.20R1.B1"          24381.26915          24434.72063                    1      0.1956951142592                    0           0.13614245          55.06067423
         "BPM.20R1.B1"        "BPM.21R1.B1"          24434.72063          24488.17211                    1      0.1416387473346                    0           0.11384109          55.19681668
         "BPM.21R1.B1"        "BPM.23R1.B1"          24488.17211          24595.07508                    1      0.1720095260948                    0           0.24995551          55.31065777
         "BPM.23R1.B1"        "BPM.24R1.B1"          24595.07508          24648.52657                    1      0.1926663936585                    0           0.13619628          55.56061328
         "BPM.24R1.B1"        "BPM.25R1.B1"          24648.52657          24701.97805                    1      0.1305484793817                    0           0.11384821          55.69680956
         "BPM.25R1.B1"        "BPM.26R1.B1"          24701.97805          24755.42954                    1     0.08208237130588                    0           0.13612018          55.81065777
         "BPM.26R1.B1"        "BPM.27R1.B1"          24755.42954          24808.88102                    1      0.0734061800302                    0           0.11383533          55.94677795
         "BPM.27R1.B1"        "BPM.28R1.B1"          24808.88102           24862.3325                    1      0.2131681129647                    0           0.13619626          56.06061328
         "BPM.28R1.B1"        "BPM.29R1.B1"           24862.3325          24915.78399                    1      0.1392928463963                    0           0.11384822          56.19680954
         "BPM.29R1.B1"        "BPM.30R1.B1"          24915.78399          24969.23547                    1     0.06235197469971                    0           0.13612018          56.31065776
         "BPM.30R1.B1"        "BPM.32R1.B1"          24969.23547          25076.13844                    1      0.3142942284241                    0           0.25003162          56.44677794
         "BPM.32R1.B1"        "BPM.33R1.B1"          25076.13844          25129.58992                    1      0.1203417687224                    0           0.11384821          56.69680956
         "BPM.33R1.B1"        "BPM.34R1.B1"          25129.58992          25183.04141                    1     0.06773001711285                    0           0.13612018          56.81065777
         "BPM.34R1.B1"        "BPM.32L2.B1"          25183.04141          25289.94438                    1      0.9534650533935                    0           0.25003159          56.94677795
         "BPM.32L2.B1"        "BPM.31L2.B1"          25289.94438          25343.39586                    1       0.124290813291                    0           0.11384821          57.19680954
         "BPM.31L2.B1"        "BPM.30L2.B1"          25343.39586          25396.84734                    1      0.1163882600734                    0           0.13612018          57.31065775
         "BPM.30L2.B1"        "BPM.29L2.B1"          25396.84734          25450.29883                    1       0.065084134705                    0           0.11383535          57.44677793
         "BPM.29L2.B1"        "BPM.28L2.B1"          25450.29883          25503.75031                    1      0.2004961440275                    0           0.13619628          57.56061328
         "BPM.28L2.B1"        "BPM.27L2.B1"          25503.75031           25557.2018                    1      0.1119327568133                    0           0.11384821          57.69680956
         "BPM.27L2.B1"        "BPM.26L2.B1"           25557.2018          25610.65328                    1      0.1217739663294                    0           0.13612018          57.81065777
         "BPM.26L2.B1"        "BPM.25L2.B1"          25610.65328          25664.10477                    1       0.076492640841                    0           0.11383533          57.94677795
         "BPM.25L2.B1"        "BPM.24L2.B1"          25664.10477          25717.55625                    1      0.1770478845659                    0           0.13619626          58.06061328
         "BPM.24L2.B1"        "BPM.23L2.B1"          25717.55625          25771.00773                    1       0.139441584654                    0           0.11384822          58.19680954
         "BPM.23L2.B1"        "BPM.22L2.B1"          25771.00773          25824.45922                    1      0.1024738745736                    0           0.13612018          58.31065776
         "BPM.22L2.B1"        "BPM.21L2.B1"          25824.45922           25877.9107                    1     0.09125915265316                    0           0.11383534          58.44677794
         "BPM.21L2.B1"        "BPM.20L2.B1"           25877.9107          25931.36219                    1       0.172237743858                    0           0.13618765          58.56061328
         "BPM.20L2.B1"        "BPM.19L2.B1"          25931.36219          25984.81367                    1      0.1167540475963                    0           0.11380759          58.69680093
         "BPM.19L2.B1"        "BPM.18L2.B1"          25984.81367          26038.26515                    1       0.113202638521                    0           0.13607498          58.81060852
         "BPM.18L2.B1"        "BPM.17L2.B1"          26038.26515          26091.71664                    1     0.08599919826727                    0           0.11383527           58.9466835
         "BPM.17L2.B1"        "BPM.16L2.B1"          26091.71664          26145.16812                    1      0.1672763535056                    0           0.13618766          59.06051877
         "BPM.16L2.B1"        "BPM.15L2.B1"          26145.16812          26198.61961                    1      0.1510492170052                    0           0.11380766          59.19670643
         "BPM.15L2.B1"        "BPM.13L2.B1"          26198.61961          26305.52257                    1      0.1723063087558                    0           0.24991018          59.31051409
         "BPM.13L2.B1"        "BPM.12L2.B1"          26305.52257          26358.97406                    1       0.186445522837                    0           0.13518803          59.56042427
         "BPM.12L2.B1"        "BPM.11L2.B1"          26358.97406          26412.42554                    1      0.1313690662361                    0           0.11867921           59.6956123
         "BPM.11L2.B1"        "BPM.10L2.B1"          26412.42554          26464.26623                    1      0.1230512151751                    0           0.14000775          59.81429151
         "BPM.10L2.B1"         "BPM.9L2.B1"          26464.26623          26503.33322                    1     0.04711361807799                    0           0.06974148          59.95429926
          "BPM.9L2.B1"         "BPM.8L2.B1"          26503.33322          26543.79821                    1      0.1272127086569                    0           0.11040638          60.02404074
          "BPM.8L2.B1"         "BPM.7L2.B1"          26543.79821           26582.8662                    1      0.1029472083167                    0           0.06913393          60.13444712
          "BPM.7L2.B1"        "BPMR.6L2.B1"           26582.8662           26614.9722                    1     0.06063900031904                    0           0.04709966          60.20358105
         "BPMR.6L2.B1"       "BPMYB.5L2.B1"           26614.9722               28.288                    1      0.2154792934883                    0         0.1825514656          60.25068071