@ GetLLMVersion %s "V3.0.0 Dev"
@ Command %s "/usr/bin/python2 '/home/eirik/CERN/beta-Beat/GetLLM/GetLLM.py' '--accel=LHCB1' '--model=model_opticsfile.19_Qx0.313_Qy0.317_beam1/twiss.dat' '--files=/home/eirik/CERN/global_coupling_correction3/data_analysis/hole_in_one_dir/Beam1@Turn@2018_08_06@22_58_41_834.sdds' '--output=/home/eirik/CERN/global_coupling_correction3/data_analysis/outputfiles/' '--tbtana=SUSSIX' '--bpmu=mm' '--lhcphase=1' '--errordefs=model_opticsfile.19_Qx0.313_Qy0.317_beam1/error_deffs.txt' '--coupling=1'"
@ CWD %s "/home/eirik/CERN/global_coupling_correction3/data_analysis"
@ Date %s "28. June 2021, 09:52:23"
@ Q1 %le 0.30100635133449
@ MUX %le 0.0
@ Q2 %le 0.32900639333715176
@ MUY %le 0.0
@ FILES %s "/home/eirik/CERN/global_coupling_correction3/data_analysis/hole_in_one_dir/Beam1@Turn@2018_08_06@22_58_41_834.sdds.liny"
*                 NAME                NAME2                    S                   S1                COUNT               PHASEY               STDPHY               PHYMDL               MUYMDL
$                   %s                   %s                  %le                  %le                  %le                  %le                  %le                  %le                  %le
        "BPMYB.5L2.B1"       "BPMYB.4L2.B1"               28.288               48.858                    1       0.050199030864                    0         0.0545905862         0.1252806806
        "BPMYB.4L2.B1"       "BPMWI.4L2.B1"               48.858              73.3255                    1      0.0614795467201                    0         0.0341738332         0.1798712668
        "BPMWI.4L2.B1"       "BPMSX.4L2.B1"              73.3255             123.4825                    1      0.0979820794859                    0         0.0760906441            0.2140451
        "BPMSX.4L2.B1"       "BPMSW.1L2.B1"             123.4825              171.328                    1      0.0263164451892                    0          0.056818365         0.2901357441
        "BPMSW.1L2.B1"       "BPMSW.1R2.B1"              171.328              214.518                    1       0.692347122642                    0         0.3716871128         0.3469541091
        "BPMSW.1R2.B1"        "BPMS.2R2.B1"              214.518              224.452                    1       0.996640342819                    0          0.022211357         0.7186412219
         "BPMS.2R2.B1"       "BPMSX.4R2.B1"              224.452             262.3635                    1       0.098745775122                    0         0.0467636778         0.7408525789
        "BPMSX.4R2.B1"       "BPMWB.4R2.B1"             262.3635             312.5965                    1        0.06311392258                    0         0.0640185819         0.7876162567
        "BPMWB.4R2.B1"       "BPMYB.4R2.B1"             312.5965              336.988                    1       0.050282968811                    0         0.0489845292         0.8516348386
        "BPMYB.4R2.B1"        "BPMR.5R2.B1"              336.988              366.522                    1       0.034468792261                    0         0.0347179247         0.9006193678
         "BPMR.5R2.B1"         "BPM.6R2.B1"              366.522              439.818                    1       0.190892165607                    0         0.2768603175         0.9353372925
          "BPM.6R2.B1"       "BPM_A.7R2.B1"              439.818              452.693                    1       0.014025452846                    0          0.029765123           1.21219761
        "BPM_A.7R2.B1"         "BPM.8R2.B1"              452.693          494.1300106                    1      0.1533820291641                    0          0.087189322          1.241962733
          "BPM.8R2.B1"         "BPM.9R2.B1"          494.1300106          533.1950212                    1      0.1269240566949                    0          0.101473367          1.329152055
          "BPM.9R2.B1"        "BPM.10R2.B1"          533.1950212          573.6580318                    1       0.091237268642                    0          0.118325804          1.430625422
         "BPM.10R2.B1"        "BPM.11R2.B1"          573.6580318          625.4967424                    1       0.117486782834                    0          0.177675208          1.548951226
         "BPM.11R2.B1"        "BPM.13R2.B1"          625.4967424          733.6687742                    1       0.261990916584                    0          0.252889956          1.726626434
         "BPM.13R2.B1"        "BPM.14R2.B1"          733.6687742          787.1172901                    1       0.116428051919                    0          0.120683724           1.97951639
         "BPM.14R2.B1"        "BPM.15R2.B1"          787.1172901           840.565806                    1        0.12643217546                    0          0.132623673          2.100200114
         "BPM.15R2.B1"        "BPM.16R2.B1"           840.565806          894.0143219                    1      0.1147869435374                    0          0.099288094          2.232823787
         "BPM.16R2.B1"        "BPM.18R2.B1"          894.0143219          1000.911354                    1      0.2231710832316                    0          0.244886163          2.332111881
         "BPM.18R2.B1"        "BPM.19R2.B1"          1000.911354           1054.35987                    1       0.129241060726                    0          0.135885003          2.576998044
         "BPM.19R2.B1"        "BPM.20R2.B1"           1054.35987          1107.808386                    1       0.111598997151                    0          0.100331183          2.712883047
         "BPM.20R2.B1"        "BPM.21R2.B1"          1107.808386          1161.256901                    1       0.123138986982                    0          0.122500702           2.81321423
         "BPM.21R2.B1"        "BPM.22R2.B1"          1161.256901          1214.705417                    1       0.135430975741                    0          0.117895927          2.935714932
         "BPM.22R2.B1"        "BPM.23R2.B1"          1214.705417          1268.153933                    1       0.118040082656                    0           0.13811873          3.053610859
         "BPM.23R2.B1"        "BPM.24R2.B1"          1268.153933          1321.602449                    1      0.1149673345567                    0          0.104461855          3.191729589
         "BPM.24R2.B1"        "BPM.25R2.B1"          1321.602449          1375.050965                    1      0.1452930337453                    0          0.125312575          3.296191444
         "BPM.25R2.B1"        "BPM.26R2.B1"          1375.050965          1428.499481                    1        0.07193998415                    0          0.116808915          3.421504019
         "BPM.26R2.B1"        "BPM.27R2.B1"          1428.499481          1481.947997                    1       0.153343638028                    0          0.139478491          3.538312934
         "BPM.27R2.B1"        "BPM.28R2.B1"          1481.947997          1535.396513                    1       0.109714780828                    0          0.105453209          3.677791425
         "BPM.28R2.B1"        "BPM.29R2.B1"          1535.396513          1588.845029                    1       0.137065499946                    0          0.124257218          3.783244634
         "BPM.29R2.B1"        "BPM.30R2.B1"          1588.845029          1642.293545                    1       0.089189171852                    0          0.115539031          3.907501852
         "BPM.30R2.B1"        "BPM.31R2.B1"          1642.293545           1695.74206                    1       0.157710607549                    0          0.140605183          4.023040883
         "BPM.31R2.B1"        "BPM.32R2.B1"           1695.74206          1749.190576                    1      0.1101085957591                    0          0.106617696          4.163646066
         "BPM.32R2.B1"        "BPM.33R2.B1"          1749.190576          1802.639092                    1      0.1276592542233                    0          0.123437953          4.270263762
         "BPM.33R2.B1"        "BPM.34R2.B1"          1802.639092          1856.087608                    1      0.0973460185946                    0          0.114135122          4.393701715
         "BPM.34R2.B1"        "BPM.33L3.B1"          1856.087608          1909.536124                    1       0.134963995113                    0          0.141454411          4.507836837
         "BPM.33L3.B1"        "BPM.31L3.B1"          1909.536124          2016.433156                    1       0.258607775443                    0          0.230799964          4.649291248
         "BPM.31L3.B1"        "BPM.30L3.B1"          2016.433156          2069.881672                    1       0.103328541226                    0           0.11264848          4.880091212
         "BPM.30L3.B1"        "BPM.29L3.B1"          2069.881672          2123.330188                    1       0.123084481213                    0           0.14199199          4.992739692
         "BPM.29L3.B1"        "BPM.27L3.B1"          2123.330188           2230.22722                    1      0.2624902205885                    0          0.231921465          5.134731682
         "BPM.27L3.B1"        "BPM.25L3.B1"           2230.22722          2337.124251                    1      0.2098069745525                    0           0.25332618          5.366653147
         "BPM.25L3.B1"        "BPM.24L3.B1"          2337.124251          2390.572767                    1       0.130505799794                    0          0.110839056          5.619979327
         "BPM.24L3.B1"        "BPM.23L3.B1"          2390.572767          2444.021283                    1       0.136768064063                    0          0.122547756          5.730818383
         "BPM.23L3.B1"        "BPM.22L3.B1"          2444.021283          2497.469799                    1       0.098745780925                    0          0.109629946          5.853366139
         "BPM.22L3.B1"        "BPM.21L3.B1"          2497.469799          2550.918315                    1       0.139244902687                    0          0.142057548          5.962996085
         "BPM.21L3.B1"        "BPM.20L3.B1"          2550.918315          2604.366831                    1        0.12554214524                    0          0.109198029          6.105053633
         "BPM.20L3.B1"        "BPM.19L3.B1"          2604.366831          2657.815347                    1      0.1217208176133                    0          0.118938824          6.214251662
         "BPM.19L3.B1"        "BPM.18L3.B1"          2657.815347          2711.263863                    1      0.1317932598937                    0          0.107537269          6.333190486
         "BPM.18L3.B1"        "BPM.17L3.B1"          2711.263863          2764.712379                    1       0.100770535902                    0          0.141767103          6.440727755
         "BPM.17L3.B1"        "BPM.16L3.B1"          2764.712379          2818.160894                    1       0.107077749026                    0          0.111870096          6.582494858
         "BPM.16L3.B1"        "BPM.15L3.B1"          2818.160894           2871.60941                    1       0.128530038858                    0          0.119508844          6.694364954
         "BPM.15L3.B1"        "BPM.14L3.B1"           2871.60941          2925.057926                    1       0.113247002356                    0          0.105105573          6.813873798
         "BPM.14L3.B1"        "BPM.13L3.B1"          2925.057926          2978.506442                    1       0.110829835421                    0          0.140591522          6.918979371
         "BPM.13L3.B1"        "BPM.12L3.B1"          2978.506442          3031.954958                    1       0.144232640949                    0          0.120112871          7.059570893
         "BPM.12L3.B1"        "BPM.10L3.B1"          3031.954958          3138.184185                    1      0.2129550892712                    0          0.226622206          7.179683764
         "BPM.10L3.B1"         "BPM.9L3.B1"          3138.184185          3177.249195                    1      0.1410299211618                    0          0.122703087           7.40630597
          "BPM.9L3.B1"         "BPM.8L3.B1"          3177.249195          3217.712206                    1       0.176596859512                    0          0.174297231          7.529009057
          "BPM.8L3.B1"         "BPM.7L3.B1"          3217.712206          3256.776216                    1       0.166727034136                    0          0.161749731          7.703306288
          "BPM.7L3.B1"         "BPM.6L3.B1"          3256.776216          3329.415216                    1       0.114236868123                    0          0.119918962          7.865056019
          "BPM.6L3.B1"      "BPMWG.A5L3.B1"          3329.415216          3371.119716                    1       0.037436105798                    0          0.050383859          7.984974981
       "BPMWG.A5L3.B1"        "BPMW.5L3.B1"          3371.119716          3400.089716                    1       0.021010413523                    0          0.016961738           8.03535884
         "BPMW.5L3.B1"       "BPMWE.4L3.B1"          3400.089716          3475.217716                    1       0.070698900375                    0          0.078708176          8.052320578
        "BPMWE.4L3.B1"        "BPMW.4L3.B1"          3475.217716          3502.762716                    1       0.039552281706                    0          0.046636373          8.131028754
         "BPMW.4L3.B1"        "BPMW.4R3.B1"          3502.762716          3547.727716                    1       0.033538475383                    0           0.03445102          8.177665127
         "BPMW.4R3.B1"       "BPMWE.4R3.B1"          3547.727716          3575.272716                    1       0.021019236195                    0          0.010820732          8.212116147
        "BPMWE.4R3.B1"        "BPMW.5R3.B1"          3575.272716          3650.400716                    1      0.0680361729281                    0          0.068410404          8.222936879
         "BPMW.5R3.B1"      "BPMWJ.A5R3.B1"          3650.400716          3679.118716                    1      0.0492509462031                    0          0.058594505          8.291347283
       "BPMWJ.A5R3.B1"       "BPMWC.6R3.B1"          3679.118716          3718.936716                    1      0.0722272501694                    0          0.042873041          8.349941788
        "BPMWC.6R3.B1"       "BPM_A.7R3.B1"          3718.936716          3786.839216                    1      0.0582005492424                    0          0.080255214          8.392814829
        "BPM_A.7R3.B1"         "BPM.8R3.B1"          3786.839216          3825.903227                    1       0.075813305994                    0          0.066628924          8.473070043
          "BPM.8R3.B1"         "BPM.9R3.B1"          3825.903227          3864.968238                    1       0.048151244289                    0          0.057142253          8.539698967
          "BPM.9R3.B1"        "BPM.10R3.B1"          3864.968238          3905.431248                    1        0.06735517724                    0           0.06605826           8.59684122
         "BPM.10R3.B1"        "BPM.11R3.B1"          3905.431248          3958.211959                    1       0.090655687628                    0          0.098176424           8.66289948
         "BPM.11R3.B1"        "BPM.12R3.B1"          3958.211959          4012.935475                    1       0.129430867608                    0          0.113376614          8.761075904
         "BPM.12R3.B1"        "BPM.13R3.B1"          4012.935475          4066.383991                    1       0.128903815078                    0          0.116367218          8.874452518
         "BPM.13R3.B1"        "BPM.14R3.B1"          4066.383991          4119.832506                    1       0.111684644743                    0          0.140606463          8.990819736
         "BPM.14R3.B1"        "BPM.16R3.B1"          4119.832506          4226.729538                    1      0.2724246623283                    0          0.225647171          9.131426199
         "BPM.16R3.B1"        "BPM.17R3.B1"          4226.729538          4280.178054                    1      0.1090244275667                    0          0.110997557           9.35707337
         "BPM.17R3.B1"        "BPM.18R3.B1"          4280.178054           4333.62657                    1       0.112280305353                    0          0.141474327          9.468070927
         "BPM.18R3.B1"        "BPM.19R3.B1"           4333.62657          4387.075086                    1       0.105637754399                    0           0.10839111          9.609545254
         "BPM.19R3.B1"        "BPM.20R3.B1"          4387.075086          4440.523602                    1       0.160070532967                    0          0.119327823          9.717936364
         "BPM.20R3.B1"        "BPM.21R3.B1"          4440.523602          4493.972118                    1       0.094531170028                    0          0.108439535          9.837264187
         "BPM.21R3.B1"        "BPM.22R3.B1"          4493.972118          4547.420634                    1        0.10836989058                    0          0.141482768          9.945703722
         "BPM.22R3.B1"        "BPM.23R3.B1"          4547.420634           4600.86915                    1       0.114522516242                    0           0.11415838          10.08718649
         "BPM.23R3.B1"        "BPM.24R3.B1"           4600.86915          4654.317666                    1      0.1411732273078                    0           0.12341409          10.20134487
         "BPM.24R3.B1"        "BPM.25R3.B1"          4654.317666          4707.766181                    1      0.1035072669469                    0           0.10659155          10.32475896
         "BPM.25R3.B1"        "BPM.26R3.B1"          4707.766181          4761.214697                    1      0.1317745273263                    0           0.14062705          10.43135051
         "BPM.26R3.B1"        "BPM.27R3.B1"          4761.214697          4814.663213                    1       0.100097888421                    0           0.11556657          10.57197756
         "BPM.27R3.B1"        "BPM.28R3.B1"          4814.663213          4868.111729                    1       0.150721857342                    0           0.12423808          10.68754413
         "BPM.28R3.B1"        "BPM.29R3.B1"          4868.111729          4921.560245                    1       0.109785910876                    0           0.10542465          10.81178221
         "BPM.29R3.B1"        "BPM.31R3.B1"          4921.560245          5028.457277                    1       0.220189350245                    0           0.25633375          10.91720686
         "BPM.31R3.B1"        "BPM.32R3.B1"          5028.457277          5081.905793                    1      0.1538623213211                    0           0.12529874          11.17354061
         "BPM.32R3.B1"        "BPM.33R3.B1"          5081.905793          5135.354309                    1      0.1205382560329                    0           0.10443173          11.29883935
         "BPM.33R3.B1"        "BPM.34R3.B1"          5135.354309          5188.802825                    1       0.138066248938                    0           0.13812715          11.40327108
         "BPM.34R3.B1"        "BPM.33L4.B1"          5188.802825           5242.25134                    1       0.096501741801                    0           0.11792949          11.54139823
         "BPM.33L4.B1"        "BPM.32L4.B1"           5242.25134          5295.699856                    1       0.133791510761                    0           0.12657158          11.65932772
         "BPM.32L4.B1"        "BPM.31L4.B1"          5295.699856          5349.148372                    1       0.111841634304                    0           0.10363533           11.7858993
         "BPM.31L4.B1"        "BPM.30L4.B1"          5349.148372          5402.596888                    1       0.127826122181                    0           0.13657905          11.88953463
         "BPM.30L4.B1"        "BPM.29L4.B1"          5402.596888          5456.045404                    1       0.114954934691                    0           0.11879167          12.02611368
         "BPM.29L4.B1"        "BPM.28L4.B1"          5456.045404           5509.49392                    1      0.1205006650679                    0           0.12802546          12.14490535
         "BPM.28L4.B1"        "BPM.27L4.B1"           5509.49392          5562.942436                    1       0.145613782589                    0           0.10305259          12.27293081
         "BPM.27L4.B1"        "BPM.26L4.B1"          5562.942436          5616.390952                    1      0.1003622770811                    0           0.13490629           12.3759834
         "BPM.26L4.B1"        "BPM.25L4.B1"          5616.390952          5669.839468                    1       0.104800400537                    0           0.11939081          12.51088969
         "BPM.25L4.B1"        "BPM.24L4.B1"          5669.839468          5723.287984                    1       0.144607598537                    0           0.12962275           12.6302805
         "BPM.24L4.B1"        "BPM.23L4.B1"          5723.287984            5776.7365                    1       0.121741588847                    0           0.10269544          12.75990325
         "BPM.23L4.B1"        "BPM.22L4.B1"            5776.7365          5830.185015                    1        0.11877037912                    0            0.1331674          12.86259869
         "BPM.22L4.B1"        "BPM.21L4.B1"          5830.185015          5883.633531                    1       0.102944897596                    0           0.11970148          12.99576609
         "BPM.21L4.B1"        "BPM.20L4.B1"          5883.633531          5937.082047                    1      0.1531470619448                    0            0.1319703          13.11546757
         "BPM.20L4.B1"        "BPM.19L4.B1"          5937.082047          5990.530563                    1       0.094883467676                    0           0.10007195          13.24743787
         "BPM.19L4.B1"        "BPM.18L4.B1"          5990.530563          6043.979079                    1      0.1309763610432                    0           0.12608741          13.34750982
         "BPM.18L4.B1"        "BPM.17L4.B1"          6043.979079          6097.427595                    1       0.101830530492                    0           0.11891301          13.47359723
         "BPM.17L4.B1"        "BPM.16L4.B1"          6097.427595          6150.876111                    1       0.155798621537                    0           0.13495374          13.59251024
         "BPM.16L4.B1"        "BPM.15L4.B1"          6150.876111          6204.324627                    1       0.094827536617                    0           0.10094873          13.72746398
         "BPM.15L4.B1"        "BPM.14L4.B1"          6204.324627          6257.773143                    1       0.130126508894                    0           0.12354045          13.82841271
         "BPM.14L4.B1"        "BPM.13L4.B1"          6257.773143          6311.221659                    1       0.114407505228                    0           0.11740947          13.95195316
         "BPM.13L4.B1"        "BPM.12L4.B1"          6311.221659          6364.670174                    1       0.128131590784                    0           0.13723662          14.06936263
         "BPM.12L4.B1"        "BPM.11L4.B1"          6364.670174           6418.11869                    1      0.1174121122842                    0           0.09830099          14.20659925
         "BPM.11L4.B1"        "BPM.10L4.B1"           6418.11869          6469.957401                    1      0.1239098663528                    0           0.11099936          14.30490024
         "BPM.10L4.B1"         "BPM.9L4.B1"          6469.957401          6509.022412                    1       0.025804610959                    0           0.06231795           14.4158996
          "BPM.9L4.B1"         "BPM.8L4.B1"          6509.022412          6549.485422                    1        0.08760009479                    0           0.09170478          14.47821755
          "BPM.8L4.B1"         "BPM.7L4.B1"          6549.485422          6588.549433                    1       0.078390785505                    0           0.05643099          14.56992233
          "BPM.7L4.B1"       "BPMYB.6L4.B1"          6588.549433          6685.153433                    1        0.07217946721                    0           0.07843779          14.62635332
        "BPMYB.6L4.B1"       "BPMYA.5L4.B1"          6685.153433          6722.153433                    1       0.009582116694                    0           0.01459899          14.70479111
        "BPMYA.5L4.B1"      "BPMWI.A5L4.B1"          6722.153433          6798.755933                    1       0.054621767374                    0           0.05616309           14.7193901
       "BPMWI.A5L4.B1"      "BPMWA.B5L4.B1"          6798.755933          6824.619933                    1       0.026769459865                    0           0.01955429          14.77555319
       "BPMWA.B5L4.B1"      "BPMWA.A5R4.B1"          6824.619933          6881.553933                    1       0.035214061448                    0           0.04010358          14.79510748
       "BPMWA.A5R4.B1"      "BPMWA.B5R4.B1"          6881.553933          6890.438933                    1       0.008389373141                    0           0.00569088          14.83521106
       "BPMWA.B5R4.B1"       "BPMYB.5R4.B1"          6890.438933          6992.829433                    1       0.053723222341                    0           0.05253787          14.84090194
        "BPMYB.5R4.B1"       "BPMYA.6R4.B1"          6992.829433          7024.393433                    1       0.018942714917                    0           0.02306948          14.89343981
        "BPMYA.6R4.B1"         "BPM.8R4.B1"          7024.393433          7158.698443                    1       0.305614051137                    0           0.24539897          14.91650929
          "BPM.8R4.B1"        "BPM.10R4.B1"          7158.698443          7238.226465                    1      0.1499683909667                    0           0.28199329          15.16190826
         "BPM.10R4.B1"        "BPM.11R4.B1"          7238.226465          7290.065175                    1      0.1380863948403                    0           0.10849361          15.44390155
         "BPM.11R4.B1"        "BPM.12R4.B1"          7290.065175          7344.788691                    1        0.15791191054                    0           0.10485456          15.55239516
         "BPM.12R4.B1"        "BPM.13R4.B1"          7344.788691          7398.237207                    1       0.115537702853                    0           0.12896347          15.65724972
         "BPM.13R4.B1"        "BPM.14R4.B1"          7398.237207          7451.685723                    1       0.084874957339                    0           0.12230832          15.78621319
         "BPM.14R4.B1"        "BPM.15R4.B1"          7451.685723          7505.134239                    1       0.190842984735                    0           0.13926727          15.90852151
         "BPM.15R4.B1"        "BPM.17R4.B1"          7505.134239          7612.031271                    1      0.2209263702222                    0           0.23828861          16.04778878
         "BPM.17R4.B1"        "BPM.18R4.B1"          7612.031271          7665.479786                    1      0.0884020622552                    0           0.12230305          16.28607739
         "BPM.18R4.B1"        "BPM.19R4.B1"          7665.479786          7718.928302                    1      0.1779185147116                    0           0.13928345          16.40838044
         "BPM.19R4.B1"        "BPM.20R4.B1"          7718.928302          7772.376818                    1       0.140649903018                    0           0.10575904          16.54766389
         "BPM.20R4.B1"        "BPM.21R4.B1"          7772.376818          7825.825334                    1       0.095785990584                    0            0.1325188          16.65342293
         "BPM.21R4.B1"        "BPM.22R4.B1"          7825.825334           7879.27385                    1       0.067552770728                    0           0.12229762          16.78594173
         "BPM.22R4.B1"        "BPM.23R4.B1"           7879.27385          7932.722366                    1       0.199217729935                    0           0.13930787          16.90823935
         "BPM.23R4.B1"        "BPM.24R4.B1"          7932.722366          7986.170882                    1       0.142834681066                    0            0.1058006          17.04754722
         "BPM.24R4.B1"        "BPM.25R4.B1"          7986.170882          8039.619398                    1      0.0918214543916                    0           0.13255644          17.15334782
         "BPM.25R4.B1"        "BPM.26R4.B1"          8039.619398          8093.067914                    1      0.0670831907239                    0           0.12229613          17.28590426
         "BPM.26R4.B1"        "BPM.27R4.B1"          8093.067914           8146.51643                    1      0.1967826857635                    0           0.13931233          17.40820039
         "BPM.27R4.B1"        "BPM.28R4.B1"           8146.51643          8199.964946                    1       0.140441953678                    0           0.10580178          17.54751272
         "BPM.28R4.B1"        "BPM.29R4.B1"          8199.964946          8253.413461                    1       0.101609629244                    0           0.13255229           17.6533145
         "BPM.29R4.B1"        "BPM.31R4.B1"          8253.413461          8360.310493                    1       0.257434213405                    0           0.26161141          17.78586679
         "BPM.31R4.B1"        "BPM.32R4.B1"          8360.310493          8413.759009                    1       0.133875227288                    0           0.10580296           18.0474782
         "BPM.32R4.B1"        "BPM.33R4.B1"          8413.759009          8467.207525                    1      0.1317385489239                    0           0.13254817          18.15328116
         "BPM.33R4.B1"        "BPM.32L5.B1"          8467.207525          8627.553073                    1      0.3854723155481                    0            0.3674185          18.28582933
         "BPM.32L5.B1"        "BPM.31L5.B1"          8627.553073          8681.001589                    1       0.088687450784                    0           0.13254402          18.65324783
         "BPM.31L5.B1"        "BPM.30L5.B1"          8681.001589          8734.450105                    1       0.077086251985                    0           0.12229162          18.78579185
         "BPM.30L5.B1"        "BPM.29L5.B1"          8734.450105           8787.89862                    1       0.181773231055                    0           0.13932569          18.90808347
         "BPM.29L5.B1"        "BPM.28L5.B1"           8787.89862          8841.347136                    1       0.141569582404                    0           0.10580533          19.04740916
         "BPM.28L5.B1"        "BPM.27L5.B1"          8841.347136          8894.795652                    1      0.1064097973962                    0            0.1325399          19.15321449
         "BPM.27L5.B1"        "BPM.26L5.B1"          8894.795652          8948.244168                    1     0.05301971154772                    0           0.12229012          19.28575439
         "BPM.26L5.B1"        "BPM.24L5.B1"          8948.244168            9055.1412                    1      0.3425838979151                    0           0.24513666          19.40804451
         "BPM.24L5.B1"        "BPM.23L5.B1"            9055.1412          9108.589716                    1       0.098201420453                    0           0.13253575          19.65318117
         "BPM.23L5.B1"        "BPM.22L5.B1"          9108.589716          9162.038232                    1       0.074148972508                    0           0.12228861          19.78571692
         "BPM.22L5.B1"        "BPM.21L5.B1"          9162.038232          9215.486748                    1       0.193893906319                    0            0.1393346          19.90800553
         "BPM.21L5.B1"        "BPM.20L5.B1"          9215.486748          9268.935264                    1       0.128129862953                    0           0.10577674          20.04734013
         "BPM.20L5.B1"        "BPM.19L5.B1"          9268.935264          9322.383779                    1      0.1045157544441                    0           0.13247187          20.15311687
         "BPM.19L5.B1"        "BPM.18L5.B1"          9322.383779          9375.832295                    1       0.082466853348                    0           0.12227571          20.28558874
         "BPM.18L5.B1"        "BPM.16L5.B1"          9375.832295          9482.729327                    1      0.3443352282709                    0           0.24513181          20.40786445
         "BPM.16L5.B1"        "BPM.15L5.B1"          9482.729327          9536.177843                    1       0.064472263834                    0           0.13245689          20.65299626
         "BPM.15L5.B1"        "BPM.14L5.B1"          9536.177843          9589.626359                    1       0.087257712721                    0           0.12227017          20.78545315
         "BPM.14L5.B1"        "BPM.13L5.B1"          9589.626359          9643.074875                    1       0.164731395117                    0           0.13936687          20.90772332
         "BPM.13L5.B1"        "BPM.12L5.B1"          9643.074875          9696.523391                    1       0.142974862379                    0           0.10024219          21.04709019
         "BPM.12L5.B1"        "BPM.11L5.B1"          9696.523391          9749.971907                    1      0.0876362215582                    0           0.12402765          21.14733238
         "BPM.11L5.B1"        "BPM.10L5.B1"          9749.971907          9802.752617                    1       0.056165254844                    0           0.09978818          21.27136003
         "BPM.10L5.B1"         "BPM.9L5.B1"          9802.752617          9841.817628                    1      0.0459674874576                    0           0.08411958          21.37114821
          "BPM.9L5.B1"         "BPM.8L5.B1"          9841.817628          9882.280639                    1      0.1766543078532                    0           0.13414777          21.45526779
          "BPM.8L5.B1"        "BPMR.7L5.B1"          9882.280639          9921.346649                    1       0.251489623803                    0            0.2216547          21.58941556
         "BPMR.7L5.B1"         "BPM.6L5.B1"          9921.346649          9958.240649                    1       0.098441568181                    0           0.17458055          21.81107026
          "BPM.6L5.B1"        "BPMR.5L5.B1"          9958.240649          9990.140649                    1      0.3507732213325                    0           0.25801514          21.98565081
         "BPMR.5L5.B1"       "BPMYA.4L5.B1"          9990.140649          10017.54665                    1      0.0345964412299                    0           0.01880429          22.24366595
        "BPMYA.4L5.B1"       "BPMWB.4L5.B1"          10017.54665          10038.68115                    1      0.9974414412932                    0    0.005940219999999          22.26247024
        "BPMWB.4L5.B1"       "BPMSY.4L5.B1"          10038.68115          10131.46115                    1      0.9984933984538                    0    0.007178420000002          22.26841046
        "BPMSY.4L5.B1"        "BPMS.2L5.B1"          10131.46115          10158.24665                    1       0.002344759258                    0    0.001700719999999          22.27558888
         "BPMS.2L5.B1"       "BPMSW.1L5.B1"          10158.24665          10168.21165                    1      0.0023750082455                    0    0.001108139999999           22.2772896
        "BPMSW.1L5.B1"       "BPMSW.1R5.B1"          10168.21165          10211.33965                    1      0.5038786173791                    0           0.49392599          22.27839774
        "BPMSW.1R5.B1"        "BPMS.2R5.B1"          10211.33965          10221.30465                    1       0.993847395513                    0   0.0008587599999998          22.77232373
         "BPMS.2R5.B1"       "BPMSY.4R5.B1"          10221.30465          10248.09015                    1       0.998756342072                    0    0.001175490000001          22.77318249
        "BPMSY.4R5.B1"       "BPMWB.4R5.B1"          10248.09015          10340.87015                    1       0.015268810211                    0    0.008542419999998          22.77435798
        "BPMWB.4R5.B1"       "BPMYA.4R5.B1"          10340.87015          10362.00265                    1       0.991283604376                    0    0.002985560000003           22.7829004
        "BPMYA.4R5.B1"         "BPM.5R5.B1"          10362.00265          10383.12065                    1       0.000638274464                    0    0.004577649999998          22.78588596
          "BPM.5R5.B1"        "BPMR.6R5.B1"          10383.12065          10415.02065                    1       0.016363704282                    0           0.01515396          22.79046361
         "BPMR.6R5.B1"       "BPM_A.7R5.B1"          10415.02065          10449.03465                    1       0.119819808458                    0            0.0726089          22.80561757
        "BPM_A.7R5.B1"         "BPM.9R5.B1"          10449.03465          10529.54063                    1       0.294851566396                    0           0.27386649          22.87822647
          "BPM.9R5.B1"        "BPM.10R5.B1"          10529.54063          10570.00562                    1       0.062154175453                    0           0.09339076          23.15209296
         "BPM.10R5.B1"        "BPM.11R5.B1"          10570.00562          10622.78831                    1     0.07165971598284                    0           0.13014013          23.24548372
         "BPM.11R5.B1"        "BPM.12R5.B1"          10622.78831          10677.51479                    1      0.1991228172522                    0           0.17223693          23.37562385
         "BPM.12R5.B1"        "BPM.13R5.B1"          10677.51479          10730.96627                    1       0.131785879845                    0           0.10617828          23.54786078
         "BPM.13R5.B1"        "BPM.14R5.B1"          10730.96627          10784.41776                    1       0.104407571067                    0           0.13265357          23.65403906
         "BPM.14R5.B1"        "BPM.15R5.B1"          10784.41776          10837.86924                    1       0.100562664944                    0           0.12229925          23.78669263
         "BPM.15R5.B1"        "BPM.16R5.B1"          10837.86924          10891.32073                    1       0.171488410988                    0           0.13918011          23.90899188
         "BPM.16R5.B1"        "BPM.17R5.B1"          10891.32073          10944.77221                    1        0.14233148978                    0           0.10578011          24.04817199
         "BPM.17R5.B1"        "BPM.18R5.B1"          10944.77221           10998.2237                    1      0.0976732833096                    0           0.13264231           24.1539521
         "BPM.18R5.B1"        "BPM.19R5.B1"           10998.2237          11051.67518                    1      0.0801070300677                    0           0.12229547          24.28659441
         "BPM.19R5.B1"        "BPM.20R5.B1"          11051.67518          11105.12666                    1      0.1749228458577                    0           0.13919181          24.40888988
         "BPM.20R5.B1"        "BPM.21R5.B1"          11105.12666          11158.57815                    1       0.148132397234                    0           0.10578307          24.54808169
         "BPM.21R5.B1"        "BPM.22R5.B1"          11158.57815          11212.02963                    1        0.09778979922                    0            0.1326314          24.65386476
         "BPM.22R5.B1"        "BPM.23R5.B1"          11212.02963          11265.48112                    1       0.068308555513                    0           0.12232784          24.78649616
         "BPM.23R5.B1"        "BPM.24R5.B1"          11265.48112           11318.9326                    1       0.182320569443                    0           0.13925079            24.908824
         "BPM.24R5.B1"        "BPM.25R5.B1"           11318.9326          11372.38408                    1       0.119088369483                    0           0.10578993          25.04807479
         "BPM.25R5.B1"        "BPM.26R5.B1"          11372.38408          11425.83557                    1       0.111558948691                    0           0.13263146          25.15386472
         "BPM.26R5.B1"        "BPM.27R5.B1"          11425.83557          11479.28705                    1      0.1127058835577                    0           0.12232786          25.28649618
         "BPM.27R5.B1"        "BPM.28R5.B1"          11479.28705          11532.73854                    1      0.1547575905733                    0           0.13925082          25.40882404
         "BPM.28R5.B1"        "BPM.29R5.B1"          11532.73854          11586.19002                    1       0.156489517972                    0            0.1057899          25.54807486
         "BPM.29R5.B1"        "BPM.30R5.B1"          11586.19002           11639.6415                    1       0.099555640291                    0           0.13263139          25.65386476
         "BPM.30R5.B1"        "BPM.31R5.B1"           11639.6415          11693.09299                    1       0.063122454192                    0           0.12232784          25.78649615
         "BPM.31R5.B1"        "BPM.33R5.B1"          11693.09299          11799.99596                    1       0.308577200092                    0           0.24504073          25.90882399
         "BPM.33R5.B1"        "BPM.34R5.B1"          11799.99596          11853.44744                    1      0.1129981219116                    0           0.13263146          26.15386472
         "BPM.34R5.B1"        "BPM.33L6.B1"          11853.44744          11906.89893                    1      0.1056157625248                    0           0.12232786          26.28649618
         "BPM.33L6.B1"        "BPM.32L6.B1"          11906.89893          11960.35041                    1      0.1349147349916                    0           0.13925082          26.40882404
         "BPM.32L6.B1"        "BPM.31L6.B1"          11960.35041          12013.80189                    1       0.162173328968                    0           0.10578989          26.54807486
         "BPM.31L6.B1"        "BPM.30L6.B1"          12013.80189          12067.25338                    1       0.101926635064                    0            0.1326314          26.65386475
         "BPM.30L6.B1"        "BPM.29L6.B1"          12067.25338          12120.70486                    1       0.076092183821                    0           0.12232785          26.78649615
         "BPM.29L6.B1"        "BPM.28L6.B1"          12120.70486          12174.15635                    1       0.165692121017                    0           0.13925079            26.908824
         "BPM.28L6.B1"        "BPM.27L6.B1"          12174.15635          12227.60783                    1       0.176359926576                    0           0.10578993          27.04807479
         "BPM.27L6.B1"        "BPM.26L6.B1"          12227.60783          12281.05931                    1      0.0824993306459                    0           0.13263146          27.15386472
         "BPM.26L6.B1"        "BPM.25L6.B1"          12281.05931           12334.5108                    1      0.0692570526582                    0           0.12232786          27.28649618
         "BPM.25L6.B1"        "BPM.24L6.B1"           12334.5108          12387.96228                    1      0.1810591862649                    0           0.13925082          27.40882404
         "BPM.24L6.B1"        "BPM.23L6.B1"          12387.96228          12441.41377                    1       0.185641504871                    0            0.1057899          27.54807486
         "BPM.23L6.B1"        "BPM.22L6.B1"          12441.41377          12494.86525                    1       0.058683299306                    0            0.1326314          27.65386476
         "BPM.22L6.B1"        "BPM.18L6.B1"          12494.86525          12708.67119                    1      0.5031775887743                    0           0.49990179          27.78649616
         "BPM.18L6.B1"        "BPM.17L6.B1"          12708.67119          12762.12267                    1      0.0714666383824                    0           0.12232399          28.28639795
         "BPM.17L6.B1"        "BPM.16L6.B1"          12762.12267          12815.57415                    1      0.1754040835243                    0            0.1392543          28.40872194
         "BPM.16L6.B1"        "BPM.15L6.B1"          12815.57415          12869.02564                    1       0.147042217245                    0           0.10575565          28.54797624
         "BPM.15L6.B1"        "BPM.14L6.B1"          12869.02564          12922.47712                    1       0.108733582957                    0           0.13256783          28.65373189
         "BPM.14L6.B1"        "BPM.13L6.B1"          12922.47712          12975.92861                    1       0.084713843553                    0           0.12232008          28.78629972
         "BPM.13L6.B1"        "BPM.12L6.B1"          12975.92861          13029.38009                    1       0.171231813781                    0           0.13897381           28.9086198
         "BPM.12L6.B1"        "BPM.11L6.B1"          13029.38009          13082.83158                    1       0.157558097674                    0           0.11788518          29.04759361
         "BPM.11L6.B1"        "BPM.10L6.B1"          13082.83158          13134.67226                    1      0.1052801338687                    0           0.14532958          29.16547879
         "BPM.10L6.B1"         "BPM.9L6.B1"          13134.67226          13173.73925                    1      0.1375280466943                    0           0.12226135          29.31080837
          "BPM.9L6.B1"         "BPM.8L6.B1"          13173.73925          13214.20424                    1       0.229191274861                    0           0.21912072          29.43306972
          "BPM.8L6.B1"       "BPMYA.5L6.B1"          13214.20424          13311.29423                    1       0.119701193387                    0           0.09766352          29.65219044
        "BPMYA.5L6.B1"       "BPMYB.4L6.B1"          13311.29423          13347.69423                    1       0.005357181214                    0           0.01917516          29.74985396
        "BPMYB.4L6.B1"       "BPMSA.4R6.B1"          13347.69423          13568.51473                    1       0.133406861026                    0           0.14437255          29.76902912
        "BPMSA.4R6.B1"       "BPMYA.4R6.B1"          13568.51473          13691.29423                    1       0.144496227063                    0           0.14632332          29.91340167
        "BPMYA.4R6.B1"       "BPMYB.5R6.B1"          13691.29423          13727.69423                    1       0.011654251116                    0           0.01695499          30.05972499
        "BPMYB.5R6.B1"         "BPM.8R6.B1"          13727.69423          13823.42122                    1       0.133685381482                    0            0.1327493          30.07667998
          "BPM.8R6.B1"         "BPM.9R6.B1"          13823.42122          13862.48821                    1      0.1717891672189                    0           0.17021259          30.20942928
          "BPM.9R6.B1"        "BPM.10R6.B1"          13862.48821           13902.9532                    1      0.0764578161331                    0           0.10968276          30.37964187
         "BPM.10R6.B1"        "BPM.11R6.B1"           13902.9532          13954.79389                    1       0.159484076746                    0           0.14002593          30.48932463
         "BPM.11R6.B1"        "BPM.12R6.B1"          13954.79389          14009.52037                    1       0.111551122993                    0           0.10733515          30.62935056
         "BPM.12R6.B1"        "BPM.13R6.B1"          14009.52037          14062.97186                    1       0.123595643891                    0           0.14190971          30.73668571
         "BPM.13R6.B1"        "BPM.14R6.B1"          14062.97186          14116.42334                    1        0.14193590271                    0             0.124257          30.87859542
         "BPM.14R6.B1"        "BPM.15R6.B1"          14116.42334          14169.87483                    1       0.114104282905                    0           0.13131422          31.00285242
         "BPM.15R6.B1"        "BPM.16R6.B1"          14169.87483          14223.32631                    1       0.105426180351                    0           0.11233149          31.13416664
         "BPM.16R6.B1"        "BPM.17R6.B1"          14223.32631          14276.77779                    1      0.1627146982544                    0           0.15393061          31.24649813
         "BPM.17R6.B1"        "BPM.18R6.B1"          14276.77779          14330.22928                    1      0.1127363452426                    0           0.12165239          31.40042874
         "BPM.18R6.B1"        "BPM.19R6.B1"          14330.22928          14383.68076                    1       0.148589093594                    0           0.13011533          31.52208113
         "BPM.19R6.B1"        "BPM.20R6.B1"          14383.68076          14437.13225                    1       0.126233464244                    0           0.11475909          31.65219646
         "BPM.20R6.B1"        "BPM.21R6.B1"          14437.13225          14490.58373                    1       0.126152557184                    0           0.15503804          31.76695555
         "BPM.21R6.B1"        "BPM.22R6.B1"          14490.58373          14544.03522                    1       0.119283506136                    0           0.11887714          31.92199359
         "BPM.22R6.B1"        "BPM.23R6.B1"          14544.03522           14597.4867                    1       0.144417190934                    0           0.13024159          32.04087073
         "BPM.23R6.B1"        "BPM.24R6.B1"           14597.4867          14650.93818                    1       0.127869406951                    0           0.11416559          32.17111232
         "BPM.24R6.B1"        "BPM.25R6.B1"          14650.93818          14704.38967                    1      0.1307520437087                    0           0.15032574          32.28527791
         "BPM.25R6.B1"        "BPM.26R6.B1"          14704.38967          14757.84115                    1      0.1174423068943                    0           0.11745041          32.43560365
         "BPM.26R6.B1"        "BPM.27R6.B1"          14757.84115          14811.29264                    1       0.150298802036                    0           0.12996774          32.55305406
         "BPM.27R6.B1"        "BPM.28R6.B1"          14811.29264          14864.74412                    1        0.12170322363                    0           0.11554838           32.6830218
         "BPM.28R6.B1"        "BPM.29R6.B1"          14864.74412           14918.1956                    1       0.114286731735                    0           0.15051964          32.79857018
         "BPM.29R6.B1"        "BPM.30R6.B1"           14918.1956          14971.64709                    1       0.131204476451                    0           0.11601833          32.94908982
         "BPM.30R6.B1"        "BPM.32R6.B1"          14971.64709          15078.55006                    1      0.2470696293219                    0            0.2469027          33.06510815
         "BPM.32R6.B1"        "BPM.33R6.B1"          15078.55006          15132.00154                    1      0.1419931095321                    0           0.15042216          33.31201085
         "BPM.33R6.B1"        "BPM.34R6.B1"          15132.00154          15185.45302                    1       0.119126066144                    0            0.1146175          33.46243301
         "BPM.34R6.B1"        "BPM.33L7.B1"          15185.45302          15238.90451                    1       0.130802412094                    0           0.13012491          33.57705051
         "BPM.33L7.B1"        "BPM.31L7.B1"          15238.90451          15345.80748                    1       0.251692119628                    0           0.26844327          33.70717542
         "BPM.31L7.B1"        "BPM.30L7.B1"          15345.80748          15399.25896                    1       0.123522948433                    0           0.11328189          33.97561869
         "BPM.30L7.B1"        "BPM.29L7.B1"          15399.25896          15452.71045                    1       0.136029719736                    0            0.1305532          34.08890058
         "BPM.29L7.B1"        "BPM.28L7.B1"          15452.71045          15506.16193                    1      0.1103522603088                    0           0.11980791          34.21945378
         "BPM.28L7.B1"        "BPM.27L7.B1"          15506.16193          15559.61341                    1      0.1405408273772                    0           0.14937573          34.33926169
         "BPM.27L7.B1"        "BPM.26L7.B1"          15559.61341           15613.0649                    1       0.116515065869                    0           0.11204177          34.48863742
         "BPM.26L7.B1"        "BPM.25L7.B1"           15613.0649          15666.51638                    1       0.169848600907                    0           0.13120589          34.60067919
         "BPM.25L7.B1"        "BPM.24L7.B1"          15666.51638          15719.96787                    1       0.122760474895                    0            0.1211383          34.73188508
         "BPM.24L7.B1"        "BPM.23L7.B1"          15719.96787          15773.41935                    1       0.104868422805                    0           0.14846123          34.85302338
         "BPM.23L7.B1"        "BPM.22L7.B1"          15773.41935          15826.87083                    1       0.118853934516                    0            0.1109237          35.00148461
         "BPM.22L7.B1"        "BPM.21L7.B1"          15826.87083          15880.32232                    1      0.1555513087474                    0           0.13207134          35.11240831
         "BPM.21L7.B1"        "BPM.20L7.B1"          15880.32232           15933.7738                    1      0.1118165793264                    0           0.12644108          35.24447965
         "BPM.20L7.B1"        "BPM.19L7.B1"           15933.7738          15987.22529                    1      0.1550197902602                    0           0.15068516          35.37092073
         "BPM.19L7.B1"        "BPM.18L7.B1"          15987.22529          16040.67677                    1        0.10248275804                    0           0.10855387          35.52160589
         "BPM.18L7.B1"        "BPM.17L7.B1"          16040.67677          16094.12825                    1       0.151116864472                    0           0.13443119          35.63015976
         "BPM.17L7.B1"        "BPM.16L7.B1"          16094.12825          16147.57974                    1       0.114306100258                    0            0.1284179          35.76459095
         "BPM.16L7.B1"        "BPM.15L7.B1"          16147.57974          16201.03122                    1       0.211446793038                    0           0.14763788          35.89300885
         "BPM.15L7.B1"        "BPM.14L7.B1"          16201.03122          16254.48271                    1       0.048743890308                    0           0.10730888          36.04064673
         "BPM.14L7.B1"        "BPM.13L7.B1"          16254.48271          16307.93419                    1      0.1457901032712                    0           0.13728999          36.14795561
         "BPM.13L7.B1"        "BPM.12L7.B1"          16307.93419          16361.38567                    1      0.1110872672725                    0           0.11708838           36.2852456
         "BPM.12L7.B1"        "BPM.11L7.B1"          16361.38567          16414.83716                    1      0.1322080735263                    0            0.1309894          36.40233398
         "BPM.11L7.B1"        "BPM.10L7.B1"          16414.83716          16467.61985                    1       0.080390184186                    0           0.08622753          36.53332338
         "BPM.10L7.B1"         "BPM.9L7.B1"          16467.61985          16506.68684                    1       0.084982944432                    0             0.073939          36.61955091
          "BPM.9L7.B1"         "BPM.8L7.B1"          16506.68684          16547.15183                    1       0.063674014283                    0           0.06020688          36.69348991
          "BPM.8L7.B1"         "BPM.7L7.B1"          16547.15183          16586.21782                    1       0.077693645584                    0           0.07912545          36.75369679
          "BPM.7L7.B1"         "BPM.6L7.B1"          16586.21782          16621.03582                    1       0.065398764787                    0           0.07131843          36.83282224
          "BPM.6L7.B1"       "BPMWC.6L7.B1"          16621.03582          16633.13832                    1       0.028655409927                    0           0.04454952          36.90414067
        "BPMWC.6L7.B1"       "BPMWE.5L7.B1"          16633.13832          16710.19232                    1       0.107203200464                    0           0.10599763          36.94869019
        "BPMWE.5L7.B1"        "BPMW.5L7.B1"          16710.19232          16733.39732                    1       0.009580126506                    0            0.0108212          37.05468782
         "BPMW.5L7.B1"       "BPMWE.4L7.B1"          16733.39732          16768.48232                    1       0.041791281895                    0           0.03217161          37.06550902
        "BPMWE.4L7.B1"        "BPMW.4L7.B1"          16768.48232          16796.58732                    1       0.097675009916                    0           0.06529883          37.09768063
         "BPMW.4L7.B1"        "BPMW.4R7.B1"          16796.58732          16912.63432                    1      0.1335929620823                    0            0.1490803          37.16297946
         "BPMW.4R7.B1"       "BPMWE.4R7.B1"          16912.63432          16940.73932                    1      0.9872629605843                    0            0.0127986          37.31205976
        "BPMWE.4R7.B1"        "BPMW.5R7.B1"          16940.73932          16975.82432                    1      0.0357829694158                    0           0.03530493          37.32485836
         "BPMW.5R7.B1"        "BPMR.6R7.B1"          16975.82432          17078.24482                    1      0.2333790525686                    0           0.23740597          37.36016329
         "BPMR.6R7.B1"       "BPM_A.7R7.B1"          17078.24482          17116.28082                    1       0.074971293526                    0           0.05210145          37.59756926
        "BPM_A.7R7.B1"         "BPM.8R7.B1"          17116.28082          17155.34681                    1       0.079099615745                    0           0.07683314          37.64967071
          "BPM.8R7.B1"         "BPM.9R7.B1"          17155.34681           17194.4138                    1       0.077929254091                    0           0.08052267          37.72650385
          "BPM.9R7.B1"        "BPM.10R7.B1"           17194.4138          17234.87878                    1       0.072990724381                    0           0.09216363          37.80702652
         "BPM.10R7.B1"        "BPM.11R7.B1"          17234.87878          17287.66147                    1       0.096085517872                    0           0.11384135          37.89919015
         "BPM.11R7.B1"        "BPM.12R7.B1"          17287.66147          17342.38796                    1       0.145185719538                    0           0.12882439           38.0130315
         "BPM.12R7.B1"        "BPM.14R7.B1"          17342.38796          17449.29093                    1      0.2587185984731                    0           0.25908716          38.14185589
         "BPM.14R7.B1"        "BPM.15R7.B1"          17449.29093          17502.74241                    1      0.1031377880099                    0           0.12357187          38.40094305
         "BPM.15R7.B1"        "BPM.16R7.B1"          17502.74241          17556.19389                    1       0.175239561385                    0           0.13553333          38.52451492
         "BPM.16R7.B1"        "BPM.17R7.B1"          17556.19389          17609.64538                    1       0.108137923938                    0           0.11288821          38.66004825
         "BPM.17R7.B1"        "BPM.18R7.B1"          17609.64538          17663.09686                    1       0.137762372952                    0           0.14927853          38.77293646
         "BPM.18R7.B1"        "BPM.19R7.B1"          17663.09686          17716.54835                    1       0.095109405029                    0           0.12199357          38.92221499
         "BPM.19R7.B1"        "BPM.20R7.B1"          17716.54835          17769.99983                    1       0.172816162582                    0           0.13431237          39.04420856
         "BPM.20R7.B1"        "BPM.21R7.B1"          17769.99983          17823.45131                    1      0.1139527401505                    0           0.11441463          39.17852093
         "BPM.21R7.B1"        "BPM.22R7.B1"          17823.45131           17876.9028                    1      0.1282799117414                    0           0.15044738          39.29293556
         "BPM.22R7.B1"        "BPM.23R7.B1"           17876.9028          17930.35428                    1      0.1218268680031                    0           0.11662952          39.44338294
         "BPM.23R7.B1"        "BPM.24R7.B1"          17930.35428          17983.80577                    1       0.161680426088                    0           0.12993824          39.56001246
         "BPM.24R7.B1"        "BPM.25R7.B1"          17983.80577          18037.25725                    1       0.099320348993                    0           0.11636176           39.6899507
         "BPM.25R7.B1"        "BPM.26R7.B1"          18037.25725          18090.70874                    1       0.135387122901                    0           0.15047543          39.80631246
         "BPM.26R7.B1"        "BPM.27R7.B1"          18090.70874          18144.16022                    1       0.110566423513                    0            0.1152141          39.95678789
         "BPM.27R7.B1"        "BPM.28R7.B1"          18144.16022           18197.6117                    1       0.158336079466                    0           0.13003377          40.07200199
         "BPM.28R7.B1"        "BPM.29R7.B1"           18197.6117          18251.06319                    1      0.0981829834343                    0           0.11779274          40.20203576
         "BPM.29R7.B1"        "BPM.30R7.B1"          18251.06319          18304.51467                    1      0.1491968409007                    0           0.15021276           40.3198285
         "BPM.30R7.B1"        "BPM.31R7.B1"          18304.51467          18357.96616                    1       0.107216663114                    0           0.11384963          40.47004126
         "BPM.31R7.B1"        "BPM.32R7.B1"          18357.96616          18411.41764                    1        0.14624882845                    0           0.13036281          40.58389089
         "BPM.32R7.B1"        "BPM.33R7.B1"          18411.41764          18464.86912                    1       0.126790650816                    0           0.11920898           40.7142537
         "BPM.33R7.B1"        "BPM.34R7.B1"          18464.86912          18518.32061                    1       0.119844491038                    0           0.14966888          40.83346268
         "BPM.34R7.B1"        "BPM.33L8.B1"          18518.32061          18571.77209                    1       0.145480844729                    0           0.11256788          40.98313156
         "BPM.33L8.B1"        "BPM.32L8.B1"          18571.77209          18625.22358                    1       0.125679460992                    0           0.13091954          41.09569944
         "BPM.32L8.B1"        "BPM.31L8.B1"          18625.22358          18678.67506                    1      0.1017705691297                    0           0.12057137          41.22661898
         "BPM.31L8.B1"        "BPM.30L8.B1"          18678.67506          18732.12654                    1      0.1351048109243                    0           0.14886167          41.34719035
         "BPM.30L8.B1"        "BPM.27L8.B1"          18732.12654            18892.481                    1       0.381480576057                    0           0.36493153          41.49605202
         "BPM.27L8.B1"        "BPM.26L8.B1"            18892.481          18945.93248                    1       0.155913302521                    0            0.1478174          41.86098355
         "BPM.26L8.B1"        "BPM.25L8.B1"          18945.93248          18999.38397                    1        0.08752737132                    0           0.11036126          42.00880095
         "BPM.25L8.B1"        "BPM.24L8.B1"          18999.38397          19052.83545                    1      0.1589254850344                    0           0.13267222          42.11916221
         "BPM.24L8.B1"        "BPM.23L8.B1"          19052.83545          19106.28693                    1        0.12865788671                    0           0.12297721          42.25183443
         "BPM.23L8.B1"        "BPM.22L8.B1"          19106.28693          19159.73842                    1      0.1189233509116                    0           0.14656931          42.37481164
         "BPM.22L8.B1"        "BPM.21L8.B1"          19159.73842           19213.1899                    1       0.087328236981                    0           0.10948068          42.52138095
         "BPM.21L8.B1"        "BPM.20L8.B1"           19213.1899          19266.64139                    1       0.195015617967                    0            0.1331245          42.63086163
         "BPM.20L8.B1"        "BPM.19L8.B1"          19266.64139          19320.09287                    1       0.076867855407                    0           0.12740045          42.76398613
         "BPM.19L8.B1"        "BPM.18L8.B1"          19320.09287          19373.54435                    1       0.172426084804                    0           0.14930101          42.89138658
         "BPM.18L8.B1"        "BPM.17L8.B1"          19373.54435          19426.99584                    1       0.133945478583                    0           0.10793882          43.04068759
         "BPM.17L8.B1"        "BPM.15L8.B1"          19426.99584          19533.89881                    1      0.2385792587239                    0           0.26479048          43.14862641
         "BPM.15L8.B1"        "BPM.14L8.B1"          19533.89881          19587.35029                    1      0.1478417929211                    0           0.14610183          43.41341689
         "BPM.14L8.B1"        "BPM.12L8.B1"          19587.35029          19694.25326                    1       0.262193877857                    0           0.24562871          43.55951872
         "BPM.12L8.B1"        "BPM.11L8.B1"          19694.25326          19747.70474                    1        0.11673708557                    0           0.12174368          43.80514743
         "BPM.11L8.B1"        "BPM.10L8.B1"          19747.70474          19799.54543                    1       0.134264113496                    0           0.13330292          43.92689111
         "BPM.10L8.B1"         "BPM.9L8.B1"          19799.54543          19838.61242                    1       0.074459824888                    0           0.06129532          44.06019403
          "BPM.9L8.B1"         "BPM.8L8.B1"          19838.61242          19879.07741                    1       0.108213047788                    0           0.08494928          44.12148935
          "BPM.8L8.B1"         "BPM.7L8.B1"          19879.07741           19918.1454                    1      0.0709475177616                    0           0.09874241          44.20643863
          "BPM.7L8.B1"        "BPMR.6L8.B1"           19918.1454           19950.6144                    1      0.0837418830156                    0           0.14451195          44.30518104
         "BPMR.6L8.B1"         "BPM.5L8.B1"           19950.6144           20011.0334                    1      0.3682592172768                    0           0.27296304          44.44969299
          "BPM.5L8.B1"       "BPMWB.4L8.B1"           20011.0334           20056.1919                    1       0.030746245289                    0     0.04182583999999          44.72265603
        "BPMWB.4L8.B1"        "BPMS.2L8.B1"           20056.1919           20144.3364                    1       0.026115342464                    0     0.04104949000001          44.76448187
         "BPMS.2L8.B1"       "BPMSW.1R8.B1"           20144.3364           20197.4604                    1      0.4653209389874                    0           0.46075974          44.80553136
        "BPMSW.1R8.B1"        "BPMS.2R8.B1"           20197.4604           20207.3944                    1      0.0164657230857                    0    0.008126170000004           45.2662911
         "BPMS.2R8.B1"       "BPMSX.4R8.B1"           20207.3944           20245.3059                    1      0.0091665297082                    0           0.01602053          45.27441727
        "BPMSX.4R8.B1"       "BPMWB.4R8.B1"           20245.3059           20295.4629                    1      0.0053358675582                    0           0.02347294           45.2904378
        "BPMWB.4R8.B1"       "BPMYB.5R8.B1"           20295.4629           20340.5074                    1      0.0527451162259                    0     0.04540237000001          45.31391074
        "BPMYB.5R8.B1"       "BPM_A.7R8.B1"           20340.5074           20446.8554                    1      0.2418322060236                    0            0.2815492          45.35931311
        "BPM_A.7R8.B1"         "BPM.8R8.B1"           20446.8554          20488.29241                    1       0.116766841366                    0           0.11145772          45.64086231
          "BPM.8R8.B1"         "BPM.9R8.B1"          20488.29241          20527.35742                    1       0.251246957555                    0           0.23012176          45.75232003
          "BPM.9R8.B1"        "BPM.10R8.B1"          20527.35742          20567.82043                    1       0.079140080696                    0            0.1083151          45.98244179
         "BPM.10R8.B1"        "BPM.11R8.B1"          20567.82043          20619.65914                    1      0.2150625304021                    0           0.15223139          46.09075689
         "BPM.11R8.B1"        "BPM.12R8.B1"          20619.65914          20674.38266                    1      0.1036773881787                    0           0.10126788          46.24298828
         "BPM.12R8.B1"        "BPM.13R8.B1"          20674.38266          20727.83117                    1      0.0675970771892                    0           0.12385308          46.34425616
         "BPM.13R8.B1"        "BPM.14R8.B1"          20727.83117          20781.27969                    1       0.103857374947                    0           0.11165304          46.46810924
         "BPM.14R8.B1"        "BPM.15R8.B1"          20781.27969          20834.72821                    1       0.202723507773                    0           0.12657017          46.57976228
         "BPM.15R8.B1"        "BPM.16R8.B1"          20834.72821          20888.17672                    1       0.093967740595                    0           0.11546914          46.70633245
         "BPM.16R8.B1"        "BPM.17R8.B1"          20888.17672          20941.62524                    1       0.099395064674                    0            0.1461714          46.82180159
         "BPM.17R8.B1"        "BPM.18R8.B1"          20941.62524          20995.07375                    1       0.076767801855                    0           0.11166738          46.96797299
         "BPM.18R8.B1"        "BPM.20R8.B1"          20995.07375          21101.97079                    1      0.3399164480851                    0           0.24202177          47.07964037
         "BPM.20R8.B1"        "BPM.22R8.B1"          21101.97079          21208.86782                    1      0.1755773121419                    0           0.25785637          47.32166214
         "BPM.22R8.B1"        "BPM.23R8.B1"          21208.86782          21262.31633                    1       0.209891701106                    0           0.12657202          47.57951851
         "BPM.23R8.B1"        "BPM.24R8.B1"          21262.31633          21315.76485                    1         0.1213673285                    0           0.11548484          47.70609053
         "BPM.24R8.B1"        "BPM.25R8.B1"          21315.76485          21369.21337                    1       0.062806540687                    0           0.14622475          47.82157537
         "BPM.25R8.B1"        "BPM.26R8.B1"          21369.21337          21422.66188                    1       0.075311978614                    0            0.1116847          47.96780012
         "BPM.26R8.B1"        "BPM.27R8.B1"          21422.66188           21476.1104                    1       0.202732208886                    0           0.12657108          48.07948482
         "BPM.27R8.B1"        "BPM.28R8.B1"           21476.1104          21529.55891                    1      0.1451592154598                    0           0.11548092           48.2060559
         "BPM.28R8.B1"        "BPM.30R8.B1"          21529.55891          21636.45594                    1      0.1690443325982                    0           0.25791436          48.32153682
         "BPM.30R8.B1"        "BPM.31R8.B1"          21636.45594          21689.90446                    1         0.1824239586                    0           0.12657024          48.57945118
         "BPM.31R8.B1"        "BPM.32R8.B1"          21689.90446          21743.35298                    1       0.154491900204                    0           0.11547693          48.70602142
         "BPM.32R8.B1"        "BPM.33R8.B1"          21743.35298          21796.80149                    1       0.079147547852                    0           0.14622694          48.82149835
         "BPM.33R8.B1"        "BPM.34R8.B1"          21796.80149          21850.25001                    1       0.100931515407                    0            0.1116922          48.96772529
         "BPM.34R8.B1"        "BPM.33L1.B1"          21850.25001          21903.69852                    1       0.174032333653                    0           0.12656931          49.07941749
         "BPM.33L1.B1"        "BPM.32L1.B1"          21903.69852          21957.14704                    1      0.1385183862401                    0           0.11547298           49.2059868
         "BPM.32L1.B1"        "BPM.31L1.B1"          21957.14704          22010.59556                    1      0.0899801104879                    0           0.14622809          49.32145978
         "BPM.31L1.B1"        "BPM.30L1.B1"          22010.59556          22064.04407                    1       0.071821746689                    0           0.11169598          49.46768787
         "BPM.30L1.B1"        "BPM.29L1.B1"          22064.04407          22117.49259                    1       0.212057683931                    0           0.12656846          49.57938385
         "BPM.29L1.B1"        "BPM.28L1.B1"          22117.49259           22170.9411                    1       0.115240587704                    0           0.11546898          49.70595231
         "BPM.28L1.B1"        "BPM.27L1.B1"           22170.9411          22224.38962                    1       0.100220195406                    0           0.14622914          49.82142129
         "BPM.27L1.B1"        "BPM.26L1.B1"          22224.38962          22277.83814                    1       0.074659689479                    0           0.11169972          49.96765043
         "BPM.26L1.B1"        "BPM.25L1.B1"          22277.83814          22331.28665                    1       0.182647293275                    0           0.12656754          50.07935015
         "BPM.25L1.B1"        "BPM.24L1.B1"          22331.28665          22384.73517                    1      0.1251480394726                    0           0.11546505          50.20591769
         "BPM.24L1.B1"        "BPM.23L1.B1"          22384.73517          22438.18368                    1      0.1156674327274                    0           0.14623027          50.32138274
         "BPM.23L1.B1"        "BPM.22L1.B1"          22438.18368           22491.6322                    1       0.119325661447                    0            0.1117035          50.46761301
         "BPM.22L1.B1"        "BPM.21L1.B1"           22491.6322          22545.08071                    1       0.141238440975                    0            0.1265667          50.57931651
         "BPM.21L1.B1"        "BPM.20L1.B1"          22545.08071          22598.52923                    1        0.13571484846                    0           0.11542526          50.70588321
         "BPM.20L1.B1"        "BPM.18L1.B1"          22598.52923          22705.42626                    1       0.190696399274                    0           0.25790082          50.82130847
         "BPM.18L1.B1"        "BPM.17L1.B1"          22705.42626          22758.87478                    1       0.184386761478                    0            0.1265639          51.07920929
         "BPM.17L1.B1"        "BPM.16L1.B1"          22758.87478          22812.32329                    1      0.1482686428438                    0            0.1154127          51.20577319
         "BPM.16L1.B1"        "BPM.15L1.B1"          22812.32329          22865.77181                    1      0.0784485349572                    0           0.14618887          51.32118589
         "BPM.15L1.B1"        "BPM.14L1.B1"          22865.77181          22919.22033                    1       0.064282213151                    0           0.11172736          51.46737476
         "BPM.14L1.B1"        "BPM.13L1.B1"          22919.22033          22972.66884                    1       0.193962696062                    0           0.12656119          51.57910212
         "BPM.13L1.B1"        "BPM.12L1.B1"          22972.66884          23026.11736                    1       0.136249206969                    0           0.10900167          51.70566331
         "BPM.12L1.B1"        "BPM.11L1.B1"          23026.11736          23079.56587                    1       0.100704437166                    0           0.13844662          51.81466498
         "BPM.11L1.B1"         "BPM.9L1.B1"          23079.56587           23171.4116                    1       0.104613769314                    0           0.16721652           51.9531116
          "BPM.9L1.B1"         "BPM.8L1.B1"           23171.4116          23211.87461                    1       0.183066087775                    0           0.12935966          52.12032812
          "BPM.8L1.B1"        "BPMR.7L1.B1"          23211.87461          23250.94062                    1       0.236953423509                    0           0.24271064          52.24968778
         "BPMR.7L1.B1"        "BPMR.5L1.B1"          23250.94062          23326.02462                    1       0.471129922754                    0           0.43838557          52.49239842
         "BPMR.5L1.B1"       "BPMYA.4L1.B1"          23326.02462          23347.14262                    1       0.997719385515                    0           0.01313421          52.93078399
        "BPMYA.4L1.B1"       "BPMWB.4L1.B1"          23347.14262          23368.27512                    1       0.004639943831                    0           0.00615938           52.9439182
        "BPMWB.4L1.B1"       "BPMSY.4L1.B1"          23368.27512          23461.05512                    1       0.004582367817                    0    0.007355269999998          52.95007758
        "BPMSY.4L1.B1"        "BPMS.2L1.B1"          23461.05512          23487.84062                    1       0.998568878708                    0    0.001728370000002          52.95743285
         "BPMS.2L1.B1"       "BPMSW.1R1.B1"          23487.84062          23540.93362                    1      0.4976454724241                    0           0.49493811          52.95916122
        "BPMSW.1R1.B1"        "BPMS.2R1.B1"          23540.93362          23550.89862                    1       0.001248391354                    0   0.0008786900000004          53.45409933
         "BPMS.2R1.B1"       "BPMSY.4R1.B1"          23550.89862          23577.68412                    1      0.0098816841339                    0    0.001200510000004          53.45497802
        "BPMSY.4R1.B1"       "BPMWB.4R1.B1"          23577.68412          23670.46412                    1       0.994732188071                    0    0.008646259999999          53.45617853
        "BPMWB.4R1.B1"       "BPMYA.4R1.B1"          23670.46412          23691.59662                    1       0.006187609933                    0    0.002989759999998          53.46482479
        "BPMYA.4R1.B1"         "BPM.5R1.B1"          23691.59662          23719.00462                    1       0.004836310227                    0    0.006554090000002          53.46781455
          "BPM.5R1.B1"        "BPMR.6R1.B1"          23719.00462          23750.90462                    1       0.009341996702                    0           0.01790978          53.47436864
         "BPMR.6R1.B1"       "BPMSX.7R1.B1"          23750.90462          23757.12012                    1        0.99240749168                    0    0.006611730000003          53.49227842
        "BPMSX.7R1.B1"       "BPM_A.7R1.B1"          23757.12012          23778.62862                    1       0.072711928831                    0            0.0545908          53.49889015
        "BPM_A.7R1.B1"         "BPM.8R1.B1"          23778.62862          23820.06761                    1       0.288718735304                    0           0.16561175          53.55348095
          "BPM.8R1.B1"         "BPM.9R1.B1"          23820.06761           23859.1346                    1       0.068747596216                    0           0.10106633           53.7190927
          "BPM.9R1.B1"        "BPM.10R1.B1"           23859.1346          23899.59958                    1       0.047184489976                    0           0.10577829          53.82015903
         "BPM.10R1.B1"        "BPM.11R1.B1"          23899.59958          23952.38227                    1       0.086509701597                    0           0.12526223          53.92593732
         "BPM.11R1.B1"        "BPM.12R1.B1"          23952.38227          24007.10876                    1       0.199935674444                    0           0.15523519          54.05119955
         "BPM.12R1.B1"        "BPM.13R1.B1"          24007.10876          24060.56024                    1      0.1433332001441                    0           0.11597325          54.20643474
         "BPM.13R1.B1"        "BPM.14R1.B1"          24060.56024          24114.01173                    1      0.0896878835489                    0           0.14621155          54.32240799
         "BPM.14R1.B1"        "BPM.15R1.B1"          24114.01173          24167.46321                    1       0.081271091508                    0            0.1115785          54.46861954
         "BPM.15R1.B1"        "BPM.17R1.B1"          24167.46321          24274.36618                    1       0.324329767579                    0           0.24210947          54.58019804
         "BPM.17R1.B1"        "BPM.18R1.B1"          24274.36618          24327.81766                    1       0.088211804623                    0           0.14621406          54.82230751
         "BPM.18R1.B1"        "BPM.19R1.B1"          24327.81766          24381.26915                    1       0.089792620399                    0           0.11158832          54.96852157
         "BPM.19R1.B1"        "BPM.20R1.B1"          24381.26915          24434.72063                    1       0.183267328319                    0           0.12654623          55.08010989
         "BPM.20R1.B1"        "BPM.21R1.B1"          24434.72063          24488.17211                    1      0.1469451706862                    0           0.11555039          55.20665612
         "BPM.21R1.B1"        "BPM.23R1.B1"          24488.17211          24595.07508                    1      0.1788026840758                    0            0.2578465          55.32220651
         "BPM.23R1.B1"        "BPM.24R1.B1"          24595.07508          24648.52657                    1        0.18039220265                    0           0.12659628          55.58005301
         "BPM.24R1.B1"        "BPM.25R1.B1"          24648.52657          24701.97805                    1       0.135616607348                    0           0.11555722          55.70664929
         "BPM.25R1.B1"        "BPM.26R1.B1"          24701.97805          24755.42954                    1       0.088532631033                    0           0.14621708          55.82220651
         "BPM.26R1.B1"        "BPM.27R1.B1"          24755.42954          24808.88102                    1       0.074790376594                    0           0.11162942          55.96842359
         "BPM.27R1.B1"        "BPM.28R1.B1"          24808.88102           24862.3325                    1       0.200285401454                    0           0.12659627          56.08005301
         "BPM.28R1.B1"        "BPM.29R1.B1"           24862.3325          24915.78399                    1      0.1450305886642                    0           0.11555722          56.20664928
         "BPM.29R1.B1"        "BPM.30R1.B1"          24915.78399          24969.23547                    1      0.0673997055892                    0           0.14621708           56.3222065
         "BPM.30R1.B1"        "BPM.32R1.B1"          24969.23547          25076.13844                    1      0.3032303835636                    0           0.23822571          56.46842358
         "BPM.32R1.B1"        "BPM.33R1.B1"          25076.13844          25129.58992                    1       0.126095371913                    0           0.11555722          56.70664929
         "BPM.33R1.B1"        "BPM.34R1.B1"          25129.58992          25183.04141                    1       0.073192528615                    0           0.14621708          56.82220651
         "BPM.34R1.B1"        "BPM.32L2.B1"          25183.04141          25289.94438                    1       0.949856376422                    0           0.23822568          56.96842359
         "BPM.32L2.B1"        "BPM.31L2.B1"          25289.94438          25343.39586                    1       0.129929092941                    0           0.11555722          57.20664927
         "BPM.31L2.B1"        "BPM.30L2.B1"          25343.39586          25396.84734                    1       0.109661564191                    0           0.14621708          57.32220649
         "BPM.30L2.B1"        "BPM.29L2.B1"          25396.84734          25450.29883                    1       0.060378577072                    0           0.11162944          57.46842357
         "BPM.29L2.B1"        "BPM.28L2.B1"          25450.29883          25503.75031                    1      0.2068295653919                    0           0.12659628          57.58005301
         "BPM.28L2.B1"        "BPM.27L2.B1"          25503.75031           25557.2018                    1      0.1170987335891                    0           0.11555722          57.70664929
         "BPM.27L2.B1"        "BPM.26L2.B1"           25557.2018          25610.65328                    1       0.115037643853                    0           0.14621708          57.82220651
         "BPM.26L2.B1"        "BPM.25L2.B1"          25610.65328          25664.10477                    1       0.071167339077                    0           0.11162942          57.96842359
         "BPM.25L2.B1"        "BPM.24L2.B1"          25664.10477          25717.55625                    1       0.182837424532                    0           0.12659627          58.08005301
         "BPM.24L2.B1"        "BPM.23L2.B1"          25717.55625          25771.00773                    1       0.145486300592                    0           0.11555722          58.20664928
         "BPM.23L2.B1"        "BPM.22L2.B1"          25771.00773          25824.45922                    1       0.096331440271                    0           0.14621708           58.3222065
         "BPM.22L2.B1"        "BPM.21L2.B1"          25824.45922           25877.9107                    1       0.085114410971                    0           0.11162943          58.46842358
         "BPM.21L2.B1"        "BPM.20L2.B1"           25877.9107          25931.36219                    1      0.1789529108879                    0           0.12658802          58.58005301
         "BPM.20L2.B1"        "BPM.19L2.B1"          25931.36219          25984.81367                    1      0.1225699075201                    0           0.11551284          58.70664103
         "BPM.19L2.B1"        "BPM.18L2.B1"          25984.81367          26038.26515                    1       0.107342633503                    0           0.14617173          58.82215387
         "BPM.18L2.B1"        "BPM.17L2.B1"          26038.26515          26091.71664                    1        0.07985888735                    0           0.11163922           58.9683256
         "BPM.17L2.B1"        "BPM.16L2.B1"          26091.71664          26145.16812                    1       0.171992640233                    0           0.12658561          59.07996482
         "BPM.16L2.B1"        "BPM.15L2.B1"          26145.16812          26198.61961                    1       0.158083608877                    0           0.11550249          59.20655043
         "BPM.15L2.B1"        "BPM.13L2.B1"          26198.61961          26305.52257                    1       0.161054574686                    0            0.2578237          59.32205292
         "BPM.13L2.B1"        "BPM.12L2.B1"          26305.52257          26358.97406                    1       0.191522083864                    0           0.12562555          59.57987662
         "BPM.12L2.B1"        "BPM.11L2.B1"          26358.97406          26412.42554                    1       0.137723480426                    0           0.12059332          59.70550217
         "BPM.11L2.B1"        "BPM.10L2.B1"          26412.42554          26464.26623                    1       0.115852667191                    0           0.15010235          59.82609549
         "BPM.10L2.B1"         "BPM.9L2.B1"          26464.26623          26503.33322                    1       0.043610049646                    0     0.06928523000001          59.97619784
          "BPM.9L2.B1"         "BPM.8L2.B1"          26503.33322          26543.79821                    1       0.126099298768                    0           0.10270568          60.04548307
          "BPM.8L2.B1"         "BPM.7L2.B1"          26543.79821           26582.8662                    1       0.111082848028                    0           0.06497198          60.14818875
          "BPM.7L2.B1"        "BPMR.6L2.B1"           26582.8662           26614.9722                    1       0.064031472813                    0           0.04652559          60.21316073
         "BPMR.6L2.B1"       "BPMYB.5L2.B1"           26614.9722               28.288                    1       0.204672314367                    0         0.1945942506          60.25968632