
  ++++++++++++++++++++++++++++++++++++++++++++
  +     MAD-X 5.06.00  (64 bit, Linux)       +
  + Support: mad@cern.ch, http://cern.ch/mad +
  + Release   date: 2020.08.13               +
  + Execution date: 2021.04.23 13:57:29      +
  ++++++++++++++++++++++++++++++++++++++++++++
option, -echo;

++++++ warning: implicit element re-definition ignored: ip1
++++++ warning: implicit element re-definition ignored: mbas2.1r1
++++++ warning: implicit element re-definition ignored: tas.1r1
++++++ warning: implicit element re-definition ignored: bpmwk.1r1
++++++ warning: implicit element re-definition ignored: mqxa.1r1
++++++ warning: implicit element re-definition ignored: mcbxh.1r1
++++++ warning: implicit element re-definition ignored: mcbxv.1r1
++++++ warning: implicit element re-definition ignored: mqxb.a2r1
++++++ warning: implicit element re-definition ignored: mcbxh.2r1
++++++ warning: implicit element re-definition ignored: mcbxv.2r1
++++++ warning: implicit element re-definition ignored: mqxb.b2r1
++++++ warning: implicit element re-definition ignored: tasb.3r1
++++++ warning: implicit element re-definition ignored: mqsx.3r1
++++++ warning: implicit element re-definition ignored: mqxa.3r1
++++++ warning: implicit element re-definition ignored: mcbxh.3r1
++++++ warning: implicit element re-definition ignored: mcbxv.3r1
++++++ warning: implicit element re-definition ignored: mcsx.3r1
++++++ warning: implicit element re-definition ignored: mctx.3r1
++++++ warning: implicit element re-definition ignored: mcosx.3r1
++++++ warning: implicit element re-definition ignored: mcox.3r1
++++++ warning: implicit element re-definition ignored: mcssx.3r1
++++++ warning: implicit element re-definition ignored: dfbxb.3r1
++++++ warning: implicit element re-definition ignored: mbxw.a4r1
++++++ warning: implicit element re-definition ignored: mbxw.b4r1
++++++ warning: implicit element re-definition ignored: mbxw.c4r1
++++++ warning: implicit element re-definition ignored: mbxw.d4r1
++++++ warning: implicit element re-definition ignored: mbxw.e4r1
++++++ warning: implicit element re-definition ignored: mbxw.f4r1
++++++ warning: implicit element re-definition ignored: x1fcr.4r1
++++++ warning: implicit element re-definition ignored: brana.4r1
++++++ warning: implicit element re-definition ignored: x1zdc.a4r1
++++++ warning: implicit element re-definition ignored: tanar.4r1
++++++ warning: implicit element re-definition ignored: x2zdc.4l2
++++++ warning: implicit element re-definition ignored: branb.4l2
++++++ warning: implicit element re-definition ignored: btvst.a4l2
++++++ warning: implicit element re-definition ignored: tcdd.4l2
++++++ warning: implicit element re-definition ignored: mbx.4l2
++++++ warning: implicit element re-definition ignored: dfbxc.3l2
++++++ warning: implicit element re-definition ignored: mcosx.3l2
++++++ warning: implicit element re-definition ignored: mcox.3l2
++++++ warning: implicit element re-definition ignored: mcssx.3l2
++++++ warning: implicit element re-definition ignored: mcbxh.3l2
++++++ warning: implicit element re-definition ignored: mcbxv.3l2
++++++ warning: implicit element re-definition ignored: mcsx.3l2
++++++ warning: implicit element re-definition ignored: mctx.3l2
++++++ warning: implicit element re-definition ignored: mqxa.3l2
++++++ warning: implicit element re-definition ignored: mqsx.3l2
++++++ warning: implicit element re-definition ignored: mqxb.b2l2
++++++ warning: implicit element re-definition ignored: mcbxh.2l2
++++++ warning: implicit element re-definition ignored: mcbxv.2l2
++++++ warning: implicit element re-definition ignored: mqxb.a2l2
++++++ warning: implicit element re-definition ignored: mcbxh.1l2
++++++ warning: implicit element re-definition ignored: mcbxv.1l2
++++++ warning: implicit element re-definition ignored: mqxa.1l2
++++++ warning: implicit element re-definition ignored: mbxwt.1l2
++++++ warning: implicit element re-definition ignored: mbwmd.1l2
++++++ warning: implicit element re-definition ignored: mbls2.1l2
++++++ warning: implicit element re-definition ignored: ip2
++++++ warning: implicit element re-definition ignored: mbls2.1r2
++++++ warning: implicit element re-definition ignored: mbaw.1r2
++++++ warning: implicit element re-definition ignored: mbxwt.1r2
++++++ warning: implicit element re-definition ignored: mqxa.1r2
++++++ warning: implicit element re-definition ignored: mcbxh.1r2
++++++ warning: implicit element re-definition ignored: mcbxv.1r2
++++++ warning: implicit element re-definition ignored: mqxb.a2r2
++++++ warning: implicit element re-definition ignored: mcbxh.2r2
++++++ warning: implicit element re-definition ignored: mcbxv.2r2
++++++ warning: implicit element re-definition ignored: mqxb.b2r2
++++++ warning: implicit element re-definition ignored: mqsx.3r2
++++++ warning: implicit element re-definition ignored: mqxa.3r2
++++++ warning: implicit element re-definition ignored: mcbxh.3r2
++++++ warning: implicit element re-definition ignored: mcbxv.3r2
++++++ warning: implicit element re-definition ignored: mcsx.3r2
++++++ warning: implicit element re-definition ignored: mctx.3r2
++++++ warning: implicit element re-definition ignored: mcosx.3r2
++++++ warning: implicit element re-definition ignored: mcox.3r2
++++++ warning: implicit element re-definition ignored: mcssx.3r2
++++++ warning: implicit element re-definition ignored: dfbxd.3r2
++++++ warning: implicit element re-definition ignored: mbx.4r2
++++++ warning: implicit element re-definition ignored: tclia.4r2
++++++ warning: implicit element re-definition ignored: branb.4r2
++++++ warning: implicit element re-definition ignored: x2zdc.4r2
++++++ warning: implicit element re-definition ignored: ip3
++++++ warning: implicit element re-definition ignored: ip4
++++++ warning: implicit element re-definition ignored: tanc.4l5
++++++ warning: implicit element re-definition ignored: x5zdc.b4l5
++++++ warning: implicit element re-definition ignored: brana.4l5
++++++ warning: implicit element re-definition ignored: x5zdc.a4l5
++++++ warning: implicit element re-definition ignored: x5fcb.a4l5
++++++ warning: implicit element re-definition ignored: x5fca.b4l5
++++++ warning: implicit element re-definition ignored: mbxw.f4l5
++++++ warning: implicit element re-definition ignored: mbxw.e4l5
++++++ warning: implicit element re-definition ignored: mbxw.d4l5
++++++ warning: implicit element re-definition ignored: mbxw.c4l5
++++++ warning: implicit element re-definition ignored: mbxw.b4l5
++++++ warning: implicit element re-definition ignored: mbxw.a4l5
++++++ warning: implicit element re-definition ignored: x5fca.a4l5
++++++ warning: implicit element re-definition ignored: dfbxe.3l5
++++++ warning: implicit element re-definition ignored: mcosx.3l5
++++++ warning: implicit element re-definition ignored: mcox.3l5
++++++ warning: implicit element re-definition ignored: mcssx.3l5
++++++ warning: implicit element re-definition ignored: mcbxh.3l5
++++++ warning: implicit element re-definition ignored: mcbxv.3l5
++++++ warning: implicit element re-definition ignored: mcsx.3l5
++++++ warning: implicit element re-definition ignored: mctx.3l5
++++++ warning: implicit element re-definition ignored: mqxa.3l5
++++++ warning: implicit element re-definition ignored: mqsx.3l5
++++++ warning: implicit element re-definition ignored: tasb.3l5
++++++ warning: implicit element re-definition ignored: mqxb.b2l5
++++++ warning: implicit element re-definition ignored: mcbxh.2l5
++++++ warning: implicit element re-definition ignored: mcbxv.2l5
++++++ warning: implicit element re-definition ignored: mqxb.a2l5
++++++ warning: implicit element re-definition ignored: mcbxh.1l5
++++++ warning: implicit element re-definition ignored: mcbxv.1l5
++++++ warning: implicit element re-definition ignored: mqxa.1l5
++++++ warning: implicit element re-definition ignored: bpmwk.1l5
++++++ warning: implicit element re-definition ignored: tas.1l5
++++++ warning: implicit element re-definition ignored: mbcs2.1l5
++++++ warning: implicit element re-definition ignored: ip5
++++++ warning: implicit element re-definition ignored: mbcs2.1r5
++++++ warning: implicit element re-definition ignored: tas.1r5
++++++ warning: implicit element re-definition ignored: bpmwk.1r5
++++++ warning: implicit element re-definition ignored: mqxa.1r5
++++++ warning: implicit element re-definition ignored: mcbxh.1r5
++++++ warning: implicit element re-definition ignored: mcbxv.1r5
++++++ warning: implicit element re-definition ignored: mqxb.a2r5
++++++ warning: implicit element re-definition ignored: mcbxh.2r5
++++++ warning: implicit element re-definition ignored: mcbxv.2r5
++++++ warning: implicit element re-definition ignored: mqxb.b2r5
++++++ warning: implicit element re-definition ignored: tasb.3r5
++++++ warning: implicit element re-definition ignored: mqsx.3r5
++++++ warning: implicit element re-definition ignored: mqxa.3r5
++++++ warning: implicit element re-definition ignored: mcbxh.3r5
++++++ warning: implicit element re-definition ignored: mcbxv.3r5
++++++ warning: implicit element re-definition ignored: mcsx.3r5
++++++ warning: implicit element re-definition ignored: mctx.3r5
++++++ warning: implicit element re-definition ignored: mcosx.3r5
++++++ warning: implicit element re-definition ignored: mcox.3r5
++++++ warning: implicit element re-definition ignored: mcssx.3r5
++++++ warning: implicit element re-definition ignored: dfbxf.3r5
++++++ warning: implicit element re-definition ignored: x5fca.b4r5
++++++ warning: implicit element re-definition ignored: mbxw.a4r5
++++++ warning: implicit element re-definition ignored: mbxw.b4r5
++++++ warning: implicit element re-definition ignored: mbxw.c4r5
++++++ warning: implicit element re-definition ignored: mbxw.d4r5
++++++ warning: implicit element re-definition ignored: mbxw.e4r5
++++++ warning: implicit element re-definition ignored: mbxw.f4r5
++++++ warning: implicit element re-definition ignored: x5fca.a4r5
++++++ warning: implicit element re-definition ignored: x5fcb.a4r5
++++++ warning: implicit element re-definition ignored: x5zdc.b4r5
++++++ warning: implicit element re-definition ignored: brana.4r5
++++++ warning: implicit element re-definition ignored: x5zdc.a4r5
++++++ warning: implicit element re-definition ignored: tanc.4r5
++++++ warning: implicit element re-definition ignored: ip6
++++++ warning: implicit element re-definition ignored: ip7
++++++ warning: implicit element re-definition ignored: branb.4l8
++++++ warning: implicit element re-definition ignored: tclia.4l8
++++++ warning: implicit element re-definition ignored: mbx.4l8
++++++ warning: implicit element re-definition ignored: dfbxg.3l8
++++++ warning: implicit element re-definition ignored: mcosx.3l8
++++++ warning: implicit element re-definition ignored: mcox.3l8
++++++ warning: implicit element re-definition ignored: mcssx.3l8
++++++ warning: implicit element re-definition ignored: mcbxh.3l8
++++++ warning: implicit element re-definition ignored: mcbxv.3l8
++++++ warning: implicit element re-definition ignored: mcsx.3l8
++++++ warning: implicit element re-definition ignored: mctx.3l8
++++++ warning: implicit element re-definition ignored: mqxa.3l8
++++++ warning: implicit element re-definition ignored: mqsx.3l8
++++++ warning: implicit element re-definition ignored: mqxb.b2l8
++++++ warning: implicit element re-definition ignored: mcbxh.2l8
++++++ warning: implicit element re-definition ignored: mcbxv.2l8
++++++ warning: implicit element re-definition ignored: mqxb.a2l8
++++++ warning: implicit element re-definition ignored: mcbxh.1l8
++++++ warning: implicit element re-definition ignored: mcbxv.1l8
++++++ warning: implicit element re-definition ignored: mqxa.1l8
++++++ warning: implicit element re-definition ignored: mbxws.1l8
++++++ warning: implicit element re-definition ignored: mbxwh.1l8
++++++ warning: implicit element re-definition ignored: ip8
++++++ warning: implicit element re-definition ignored: mblw.1r8
++++++ warning: implicit element re-definition ignored: mbxws.1r8
++++++ warning: implicit element re-definition ignored: mqxa.1r8
++++++ warning: implicit element re-definition ignored: mcbxh.1r8
++++++ warning: implicit element re-definition ignored: mcbxv.1r8
++++++ warning: implicit element re-definition ignored: mqxb.a2r8
++++++ warning: implicit element re-definition ignored: mcbxh.2r8
++++++ warning: implicit element re-definition ignored: mcbxv.2r8
++++++ warning: implicit element re-definition ignored: mqxb.b2r8
++++++ warning: implicit element re-definition ignored: mqsx.3r8
++++++ warning: implicit element re-definition ignored: mqxa.3r8
++++++ warning: implicit element re-definition ignored: mcbxh.3r8
++++++ warning: implicit element re-definition ignored: mcbxv.3r8
++++++ warning: implicit element re-definition ignored: mcsx.3r8
++++++ warning: implicit element re-definition ignored: mctx.3r8
++++++ warning: implicit element re-definition ignored: mcosx.3r8
++++++ warning: implicit element re-definition ignored: mcox.3r8
++++++ warning: implicit element re-definition ignored: mcssx.3r8
++++++ warning: implicit element re-definition ignored: dfbxh.3r8
++++++ warning: implicit element re-definition ignored: mbx.4r8
++++++ warning: implicit element re-definition ignored: tcddm.4r8
++++++ warning: implicit element re-definition ignored: btvst.a4r8
++++++ warning: implicit element re-definition ignored: branb.4r8
++++++ warning: implicit element re-definition ignored: tanal.4l1
++++++ warning: implicit element re-definition ignored: x1zdc.a4l1
++++++ warning: implicit element re-definition ignored: brana.4l1
++++++ warning: implicit element re-definition ignored: x1fcl.4l1
++++++ warning: implicit element re-definition ignored: mbxw.f4l1
++++++ warning: implicit element re-definition ignored: mbxw.e4l1
++++++ warning: implicit element re-definition ignored: mbxw.d4l1
++++++ warning: implicit element re-definition ignored: mbxw.c4l1
++++++ warning: implicit element re-definition ignored: mbxw.b4l1
++++++ warning: implicit element re-definition ignored: mbxw.a4l1
++++++ warning: implicit element re-definition ignored: dfbxa.3l1
++++++ warning: implicit element re-definition ignored: mcosx.3l1
++++++ warning: implicit element re-definition ignored: mcox.3l1
++++++ warning: implicit element re-definition ignored: mcssx.3l1
++++++ warning: implicit element re-definition ignored: mcbxh.3l1
++++++ warning: implicit element re-definition ignored: mcbxv.3l1
++++++ warning: implicit element re-definition ignored: mcsx.3l1
++++++ warning: implicit element re-definition ignored: mctx.3l1
++++++ warning: implicit element re-definition ignored: mqxa.3l1
++++++ warning: implicit element re-definition ignored: mqsx.3l1
++++++ warning: implicit element re-definition ignored: tasb.3l1
++++++ warning: implicit element re-definition ignored: mqxb.b2l1
++++++ warning: implicit element re-definition ignored: mcbxh.2l1
++++++ warning: implicit element re-definition ignored: mcbxv.2l1
++++++ warning: implicit element re-definition ignored: mqxb.a2l1
++++++ warning: implicit element re-definition ignored: mcbxh.1l1
++++++ warning: implicit element re-definition ignored: mcbxv.1l1
++++++ warning: implicit element re-definition ignored: mqxa.1l1
++++++ warning: implicit element re-definition ignored: bpmwk.1l1
++++++ warning: implicit element re-definition ignored: tas.1l1
++++++ warning: implicit element re-definition ignored: mbas2.1l1
++++++ warning: implicit element re-definition ignored: ip1.l1
++++++ info: seqedit - number of elements installed:  0
++++++ info: seqedit - number of elements moved:      0
++++++ info: seqedit - number of elements removed:    0
++++++ info: seqedit - number of elements replaced:   0
++++++ info: seqedit - number of elements installed:  0
++++++ info: seqedit - number of elements moved:      0
++++++ info: seqedit - number of elements removed:    0
++++++ info: seqedit - number of elements replaced:   0
++++++ info: on_x1 redefined
++++++ info: on_sep1 redefined
++++++ info: on_oh1 redefined
++++++ info: on_ov1 redefined
++++++ info: on_ssep1 redefined
++++++ info: on_xx1 redefined
++++++ info: on_x2 redefined
++++++ info: on_sep2 redefined
++++++ info: on_o2 redefined
++++++ info: on_a2 redefined
++++++ info: on_oh2 redefined
++++++ info: on_ov2 redefined
++++++ info: on_x5 redefined
++++++ info: on_sep5 redefined
++++++ info: on_oh5 redefined
++++++ info: on_ov5 redefined
++++++ info: on_ssep5 redefined
++++++ info: on_xx5 redefined
++++++ info: on_x8 redefined
++++++ info: on_sep8 redefined
++++++ info: on_o8 redefined
++++++ info: on_a8 redefined
++++++ info: on_oh8 redefined
++++++ info: on_ov8 redefined
exec, match_tunes_ats(62.31000004, 60.31999998, 1);

START MATCHING

number of variables:    2
user given constraints: 2
total constraints:      2

START LMDIF:

Initial Penalty Function =   0.22395961E-14


 ++++++++++ LMDIF ended: converged successfully
call:       1   Penalty function =   0.22395961E-14

MATCH SUMMARY

Node_Name                  Constraint   Type  Target Value       Final Value        Penalty
--------------------------------------------------------------------------------------------------
lhcb1msia.exit.b1_p_:1     mux          4     6.23100000E+01     6.23100000E+01     1.59134338E-15
lhcb1msia.exit.b1_p_:1     muy          4     6.03200000E+01     6.03200000E+01     6.48252683E-16


Final Penalty Function =   2.23959607e-15





Variable                 Final Value  Initial Value Lower Limit  Upper Limit 
--------------------------------------------------------------------------------
dqx.b1                    0.00000e+00  0.00000e+00 -1.00000e+20  1.00000e+20
dqy.b1                    0.00000e+00  0.00000e+00 -1.00000e+20  1.00000e+20

END MATCH SUMMARY

VARIABLE "TAR" SET TO   2.23959607e-15
exec, coupling_knob_ats(1);

++++++ info: cmrs.b1 redefined
++++++ info: cmrs.b2 redefined
++++++ info: cmis.b1 redefined
++++++ info: cmis.b2 redefined
select, flag=twiss, clear;

select, flag=twiss, pattern='^BPM.*\.B1$', column=NAME,S,BETX,ALFX,BETY,ALFY,DX,DY,DPX,DPY,X,Y,K1L,MUX,MUY,R11,R12,R21,R22;



b1_re_ip7_knob=b1_re_ip7_knob+0.000020;

twiss, file='model_opticsfile.1_Qx0.31_Qy0.32_beam1/twiss.b1_re_ip7_knob';

enter Twiss module
  
iteration:   1 error:   8.611701E-09 deltap:   0.000000E+00
orbit:   1.337853E-08  4.226529E-10 -4.123440E-13  1.184454E-14  0.000000E+00  0.000000E+00

++++++ table: summ

            length             orbit5               alfa            gammatr 
        26658.8832                 -0    0.0003478717476        53.61550742 

                q1                dq1            betxmax              dxmax 
       62.31000003        2.000004983        588.9483307        2.861364109 

             dxrms             xcomax             xcorms                 q2 
       1.499401832    8.686216785e-08    2.432115224e-08        60.31999999 

               dq2            betymax              dymax              dyrms 
       2.000004066        640.9197642    2.978907103e-05    3.729531646e-06 

            ycomax             ycorms             deltap            synch_1 
   3.250159928e-12    9.619858354e-13                  0                  0 

           synch_2            synch_3            synch_4            synch_5 
                 0                  0                  0                  0 

           synch_6            synch_8             nflips 
                 0                  0                  0 
b1_re_ip7_knob=b1_re_ip7_knob-0.000020;

++++++ info: b1_re_ip7_knob redefined



  Number of warnings: 233
233 in C and 0 in Fortran

  ++++++++++++++++++++++++++++++++++++++++++++
  +          MAD-X finished normally         +
  ++++++++++++++++++++++++++++++++++++++++++++

  ++++++++++++++++++++++++++++++++++++++++++++
  +     MAD-X 5.06.00  (64 bit, Linux)       +
  + Support: mad@cern.ch, http://cern.ch/mad +
  + Release   date: 2020.08.13               +
  + Execution date: 2021.04.23 13:57:29      +
  ++++++++++++++++++++++++++++++++++++++++++++
option, -echo;

++++++ warning: implicit element re-definition ignored: ip1
++++++ warning: implicit element re-definition ignored: mbas2.1r1
++++++ warning: implicit element re-definition ignored: tas.1r1
++++++ warning: implicit element re-definition ignored: bpmwk.1r1
++++++ warning: implicit element re-definition ignored: mqxa.1r1
++++++ warning: implicit element re-definition ignored: mcbxh.1r1
++++++ warning: implicit element re-definition ignored: mcbxv.1r1
++++++ warning: implicit element re-definition ignored: mqxb.a2r1
++++++ warning: implicit element re-definition ignored: mcbxh.2r1
++++++ warning: implicit element re-definition ignored: mcbxv.2r1
++++++ warning: implicit element re-definition ignored: mqxb.b2r1
++++++ warning: implicit element re-definition ignored: tasb.3r1
++++++ warning: implicit element re-definition ignored: mqsx.3r1
++++++ warning: implicit element re-definition ignored: mqxa.3r1
++++++ warning: implicit element re-definition ignored: mcbxh.3r1
++++++ warning: implicit element re-definition ignored: mcbxv.3r1
++++++ warning: implicit element re-definition ignored: mcsx.3r1
++++++ warning: implicit element re-definition ignored: mctx.3r1
++++++ warning: implicit element re-definition ignored: mcosx.3r1
++++++ warning: implicit element re-definition ignored: mcox.3r1
++++++ warning: implicit element re-definition ignored: mcssx.3r1
++++++ warning: implicit element re-definition ignored: dfbxb.3r1
++++++ warning: implicit element re-definition ignored: mbxw.a4r1
++++++ warning: implicit element re-definition ignored: mbxw.b4r1
++++++ warning: implicit element re-definition ignored: mbxw.c4r1
++++++ warning: implicit element re-definition ignored: mbxw.d4r1
++++++ warning: implicit element re-definition ignored: mbxw.e4r1
++++++ warning: implicit element re-definition ignored: mbxw.f4r1
++++++ warning: implicit element re-definition ignored: x1fcr.4r1
++++++ warning: implicit element re-definition ignored: brana.4r1
++++++ warning: implicit element re-definition ignored: x1zdc.a4r1
++++++ warning: implicit element re-definition ignored: tanar.4r1
++++++ warning: implicit element re-definition ignored: x2zdc.4l2
++++++ warning: implicit element re-definition ignored: branb.4l2
++++++ warning: implicit element re-definition ignored: btvst.a4l2
++++++ warning: implicit element re-definition ignored: tcdd.4l2
++++++ warning: implicit element re-definition ignored: mbx.4l2
++++++ warning: implicit element re-definition ignored: dfbxc.3l2
++++++ warning: implicit element re-definition ignored: mcosx.3l2
++++++ warning: implicit element re-definition ignored: mcox.3l2
++++++ warning: implicit element re-definition ignored: mcssx.3l2
++++++ warning: implicit element re-definition ignored: mcbxh.3l2
++++++ warning: implicit element re-definition ignored: mcbxv.3l2
++++++ warning: implicit element re-definition ignored: mcsx.3l2
++++++ warning: implicit element re-definition ignored: mctx.3l2
++++++ warning: implicit element re-definition ignored: mqxa.3l2
++++++ warning: implicit element re-definition ignored: mqsx.3l2
++++++ warning: implicit element re-definition ignored: mqxb.b2l2
++++++ warning: implicit element re-definition ignored: mcbxh.2l2
++++++ warning: implicit element re-definition ignored: mcbxv.2l2
++++++ warning: implicit element re-definition ignored: mqxb.a2l2
++++++ warning: implicit element re-definition ignored: mcbxh.1l2
++++++ warning: implicit element re-definition ignored: mcbxv.1l2
++++++ warning: implicit element re-definition ignored: mqxa.1l2
++++++ warning: implicit element re-definition ignored: mbxwt.1l2
++++++ warning: implicit element re-definition ignored: mbwmd.1l2
++++++ warning: implicit element re-definition ignored: mbls2.1l2
++++++ warning: implicit element re-definition ignored: ip2
++++++ warning: implicit element re-definition ignored: mbls2.1r2
++++++ warning: implicit element re-definition ignored: mbaw.1r2
++++++ warning: implicit element re-definition ignored: mbxwt.1r2
++++++ warning: implicit element re-definition ignored: mqxa.1r2
++++++ warning: implicit element re-definition ignored: mcbxh.1r2
++++++ warning: implicit element re-definition ignored: mcbxv.1r2
++++++ warning: implicit element re-definition ignored: mqxb.a2r2
++++++ warning: implicit element re-definition ignored: mcbxh.2r2
++++++ warning: implicit element re-definition ignored: mcbxv.2r2
++++++ warning: implicit element re-definition ignored: mqxb.b2r2
++++++ warning: implicit element re-definition ignored: mqsx.3r2
++++++ warning: implicit element re-definition ignored: mqxa.3r2
++++++ warning: implicit element re-definition ignored: mcbxh.3r2
++++++ warning: implicit element re-definition ignored: mcbxv.3r2
++++++ warning: implicit element re-definition ignored: mcsx.3r2
++++++ warning: implicit element re-definition ignored: mctx.3r2
++++++ warning: implicit element re-definition ignored: mcosx.3r2
++++++ warning: implicit element re-definition ignored: mcox.3r2
++++++ warning: implicit element re-definition ignored: mcssx.3r2
++++++ warning: implicit element re-definition ignored: dfbxd.3r2
++++++ warning: implicit element re-definition ignored: mbx.4r2
++++++ warning: implicit element re-definition ignored: tclia.4r2
++++++ warning: implicit element re-definition ignored: branb.4r2
++++++ warning: implicit element re-definition ignored: x2zdc.4r2
++++++ warning: implicit element re-definition ignored: ip3
++++++ warning: implicit element re-definition ignored: ip4
++++++ warning: implicit element re-definition ignored: tanc.4l5
++++++ warning: implicit element re-definition ignored: x5zdc.b4l5
++++++ warning: implicit element re-definition ignored: brana.4l5
++++++ warning: implicit element re-definition ignored: x5zdc.a4l5
++++++ warning: implicit element re-definition ignored: x5fcb.a4l5
++++++ warning: implicit element re-definition ignored: x5fca.b4l5
++++++ warning: implicit element re-definition ignored: mbxw.f4l5
++++++ warning: implicit element re-definition ignored: mbxw.e4l5
++++++ warning: implicit element re-definition ignored: mbxw.d4l5
++++++ warning: implicit element re-definition ignored: mbxw.c4l5
++++++ warning: implicit element re-definition ignored: mbxw.b4l5
++++++ warning: implicit element re-definition ignored: mbxw.a4l5
++++++ warning: implicit element re-definition ignored: x5fca.a4l5
++++++ warning: implicit element re-definition ignored: dfbxe.3l5
++++++ warning: implicit element re-definition ignored: mcosx.3l5
++++++ warning: implicit element re-definition ignored: mcox.3l5
++++++ warning: implicit element re-definition ignored: mcssx.3l5
++++++ warning: implicit element re-definition ignored: mcbxh.3l5
++++++ warning: implicit element re-definition ignored: mcbxv.3l5
++++++ warning: implicit element re-definition ignored: mcsx.3l5
++++++ warning: implicit element re-definition ignored: mctx.3l5
++++++ warning: implicit element re-definition ignored: mqxa.3l5
++++++ warning: implicit element re-definition ignored: mqsx.3l5
++++++ warning: implicit element re-definition ignored: tasb.3l5
++++++ warning: implicit element re-definition ignored: mqxb.b2l5
++++++ warning: implicit element re-definition ignored: mcbxh.2l5
++++++ warning: implicit element re-definition ignored: mcbxv.2l5
++++++ warning: implicit element re-definition ignored: mqxb.a2l5
++++++ warning: implicit element re-definition ignored: mcbxh.1l5
++++++ warning: implicit element re-definition ignored: mcbxv.1l5
++++++ warning: implicit element re-definition ignored: mqxa.1l5
++++++ warning: implicit element re-definition ignored: bpmwk.1l5
++++++ warning: implicit element re-definition ignored: tas.1l5
++++++ warning: implicit element re-definition ignored: mbcs2.1l5
++++++ warning: implicit element re-definition ignored: ip5
++++++ warning: implicit element re-definition ignored: mbcs2.1r5
++++++ warning: implicit element re-definition ignored: tas.1r5
++++++ warning: implicit element re-definition ignored: bpmwk.1r5
++++++ warning: implicit element re-definition ignored: mqxa.1r5
++++++ warning: implicit element re-definition ignored: mcbxh.1r5
++++++ warning: implicit element re-definition ignored: mcbxv.1r5
++++++ warning: implicit element re-definition ignored: mqxb.a2r5
++++++ warning: implicit element re-definition ignored: mcbxh.2r5
++++++ warning: implicit element re-definition ignored: mcbxv.2r5
++++++ warning: implicit element re-definition ignored: mqxb.b2r5
++++++ warning: implicit element re-definition ignored: tasb.3r5
++++++ warning: implicit element re-definition ignored: mqsx.3r5
++++++ warning: implicit element re-definition ignored: mqxa.3r5
++++++ warning: implicit element re-definition ignored: mcbxh.3r5
++++++ warning: implicit element re-definition ignored: mcbxv.3r5
++++++ warning: implicit element re-definition ignored: mcsx.3r5
++++++ warning: implicit element re-definition ignored: mctx.3r5
++++++ warning: implicit element re-definition ignored: mcosx.3r5
++++++ warning: implicit element re-definition ignored: mcox.3r5
++++++ warning: implicit element re-definition ignored: mcssx.3r5
++++++ warning: implicit element re-definition ignored: dfbxf.3r5
++++++ warning: implicit element re-definition ignored: x5fca.b4r5
++++++ warning: implicit element re-definition ignored: mbxw.a4r5
++++++ warning: implicit element re-definition ignored: mbxw.b4r5
++++++ warning: implicit element re-definition ignored: mbxw.c4r5
++++++ warning: implicit element re-definition ignored: mbxw.d4r5
++++++ warning: implicit element re-definition ignored: mbxw.e4r5
++++++ warning: implicit element re-definition ignored: mbxw.f4r5
++++++ warning: implicit element re-definition ignored: x5fca.a4r5
++++++ warning: implicit element re-definition ignored: x5fcb.a4r5
++++++ warning: implicit element re-definition ignored: x5zdc.b4r5
++++++ warning: implicit element re-definition ignored: brana.4r5
++++++ warning: implicit element re-definition ignored: x5zdc.a4r5
++++++ warning: implicit element re-definition ignored: tanc.4r5
++++++ warning: implicit element re-definition ignored: ip6
++++++ warning: implicit element re-definition ignored: ip7
++++++ warning: implicit element re-definition ignored: branb.4l8
++++++ warning: implicit element re-definition ignored: tclia.4l8
++++++ warning: implicit element re-definition ignored: mbx.4l8
++++++ warning: implicit element re-definition ignored: dfbxg.3l8
++++++ warning: implicit element re-definition ignored: mcosx.3l8
++++++ warning: implicit element re-definition ignored: mcox.3l8
++++++ warning: implicit element re-definition ignored: mcssx.3l8
++++++ warning: implicit element re-definition ignored: mcbxh.3l8
++++++ warning: implicit element re-definition ignored: mcbxv.3l8
++++++ warning: implicit element re-definition ignored: mcsx.3l8
++++++ warning: implicit element re-definition ignored: mctx.3l8
++++++ warning: implicit element re-definition ignored: mqxa.3l8
++++++ warning: implicit element re-definition ignored: mqsx.3l8
++++++ warning: implicit element re-definition ignored: mqxb.b2l8
++++++ warning: implicit element re-definition ignored: mcbxh.2l8
++++++ warning: implicit element re-definition ignored: mcbxv.2l8
++++++ warning: implicit element re-definition ignored: mqxb.a2l8
++++++ warning: implicit element re-definition ignored: mcbxh.1l8
++++++ warning: implicit element re-definition ignored: mcbxv.1l8
++++++ warning: implicit element re-definition ignored: mqxa.1l8
++++++ warning: implicit element re-definition ignored: mbxws.1l8
++++++ warning: implicit element re-definition ignored: mbxwh.1l8
++++++ warning: implicit element re-definition ignored: ip8
++++++ warning: implicit element re-definition ignored: mblw.1r8
++++++ warning: implicit element re-definition ignored: mbxws.1r8
++++++ warning: implicit element re-definition ignored: mqxa.1r8
++++++ warning: implicit element re-definition ignored: mcbxh.1r8
++++++ warning: implicit element re-definition ignored: mcbxv.1r8
++++++ warning: implicit element re-definition ignored: mqxb.a2r8
++++++ warning: implicit element re-definition ignored: mcbxh.2r8
++++++ warning: implicit element re-definition ignored: mcbxv.2r8
++++++ warning: implicit element re-definition ignored: mqxb.b2r8
++++++ warning: implicit element re-definition ignored: mqsx.3r8
++++++ warning: implicit element re-definition ignored: mqxa.3r8
++++++ warning: implicit element re-definition ignored: mcbxh.3r8
++++++ warning: implicit element re-definition ignored: mcbxv.3r8
++++++ warning: implicit element re-definition ignored: mcsx.3r8
++++++ warning: implicit element re-definition ignored: mctx.3r8
++++++ warning: implicit element re-definition ignored: mcosx.3r8
++++++ warning: implicit element re-definition ignored: mcox.3r8
++++++ warning: implicit element re-definition ignored: mcssx.3r8
++++++ warning: implicit element re-definition ignored: dfbxh.3r8
++++++ warning: implicit element re-definition ignored: mbx.4r8
++++++ warning: implicit element re-definition ignored: tcddm.4r8
++++++ warning: implicit element re-definition ignored: btvst.a4r8
++++++ warning: implicit element re-definition ignored: branb.4r8
++++++ warning: implicit element re-definition ignored: tanal.4l1
++++++ warning: implicit element re-definition ignored: x1zdc.a4l1
++++++ warning: implicit element re-definition ignored: brana.4l1
++++++ warning: implicit element re-definition ignored: x1fcl.4l1
++++++ warning: implicit element re-definition ignored: mbxw.f4l1
++++++ warning: implicit element re-definition ignored: mbxw.e4l1
++++++ warning: implicit element re-definition ignored: mbxw.d4l1
++++++ warning: implicit element re-definition ignored: mbxw.c4l1
++++++ warning: implicit element re-definition ignored: mbxw.b4l1
++++++ warning: implicit element re-definition ignored: mbxw.a4l1
++++++ warning: implicit element re-definition ignored: dfbxa.3l1
++++++ warning: implicit element re-definition ignored: mcosx.3l1
++++++ warning: implicit element re-definition ignored: mcox.3l1
++++++ warning: implicit element re-definition ignored: mcssx.3l1
++++++ warning: implicit element re-definition ignored: mcbxh.3l1
++++++ warning: implicit element re-definition ignored: mcbxv.3l1
++++++ warning: implicit element re-definition ignored: mcsx.3l1
++++++ warning: implicit element re-definition ignored: mctx.3l1
++++++ warning: implicit element re-definition ignored: mqxa.3l1
++++++ warning: implicit element re-definition ignored: mqsx.3l1
++++++ warning: implicit element re-definition ignored: tasb.3l1
++++++ warning: implicit element re-definition ignored: mqxb.b2l1
++++++ warning: implicit element re-definition ignored: mcbxh.2l1
++++++ warning: implicit element re-definition ignored: mcbxv.2l1
++++++ warning: implicit element re-definition ignored: mqxb.a2l1
++++++ warning: implicit element re-definition ignored: mcbxh.1l1
++++++ warning: implicit element re-definition ignored: mcbxv.1l1
++++++ warning: implicit element re-definition ignored: mqxa.1l1
++++++ warning: implicit element re-definition ignored: bpmwk.1l1
++++++ warning: implicit element re-definition ignored: tas.1l1
++++++ warning: implicit element re-definition ignored: mbas2.1l1
++++++ warning: implicit element re-definition ignored: ip1.l1
++++++ info: seqedit - number of elements installed:  0
++++++ info: seqedit - number of elements moved:      0
++++++ info: seqedit - number of elements removed:    0
++++++ info: seqedit - number of elements replaced:   0
++++++ info: seqedit - number of elements installed:  0
++++++ info: seqedit - number of elements moved:      0
++++++ info: seqedit - number of elements removed:    0
++++++ info: seqedit - number of elements replaced:   0
++++++ info: on_x1 redefined
++++++ info: on_sep1 redefined
++++++ info: on_oh1 redefined
++++++ info: on_ov1 redefined
++++++ info: on_ssep1 redefined
++++++ info: on_xx1 redefined
++++++ info: on_x2 redefined
++++++ info: on_sep2 redefined
++++++ info: on_o2 redefined
++++++ info: on_a2 redefined
++++++ info: on_oh2 redefined
++++++ info: on_ov2 redefined
++++++ info: on_x5 redefined
++++++ info: on_sep5 redefined
++++++ info: on_oh5 redefined
++++++ info: on_ov5 redefined
++++++ info: on_ssep5 redefined
++++++ info: on_xx5 redefined
++++++ info: on_x8 redefined
++++++ info: on_sep8 redefined
++++++ info: on_o8 redefined
++++++ info: on_a8 redefined
++++++ info: on_oh8 redefined
++++++ info: on_ov8 redefined
exec, match_tunes_ats(62.31000004, 60.31999998, 1);

START MATCHING

number of variables:    2
user given constraints: 2
total constraints:      2

START LMDIF:

Initial Penalty Function =   0.22395961E-14


 ++++++++++ LMDIF ended: converged successfully
call:       1   Penalty function =   0.22395961E-14

MATCH SUMMARY

Node_Name                  Constraint   Type  Target Value       Final Value        Penalty
--------------------------------------------------------------------------------------------------
lhcb1msia.exit.b1_p_:1     mux          4     6.23100000E+01     6.23100000E+01     1.59134338E-15
lhcb1msia.exit.b1_p_:1     muy          4     6.03200000E+01     6.03200000E+01     6.48252683E-16


Final Penalty Function =   2.23959607e-15





Variable                 Final Value  Initial Value Lower Limit  Upper Limit 
--------------------------------------------------------------------------------
dqx.b1                    0.00000e+00  0.00000e+00 -1.00000e+20  1.00000e+20
dqy.b1                    0.00000e+00  0.00000e+00 -1.00000e+20  1.00000e+20

END MATCH SUMMARY

VARIABLE "TAR" SET TO   2.23959607e-15
exec, coupling_knob_ats(1);

++++++ info: cmrs.b1 redefined
++++++ info: cmrs.b2 redefined
++++++ info: cmis.b1 redefined
++++++ info: cmis.b2 redefined
select, flag=twiss, clear;

select, flag=twiss, pattern='^BPM.*\.B1$', column=NAME,S,BETX,ALFX,BETY,ALFY,DX,DY,DPX,DPY,X,Y,K1L,MUX,MUY,R11,R12,R21,R22;



b1_im_ip7_knob=b1_im_ip7_knob+0.000020;

twiss, file='model_opticsfile.1_Qx0.31_Qy0.32_beam1/twiss.b1_im_ip7_knob';

enter Twiss module
  
iteration:   1 error:   8.611701E-09 deltap:   0.000000E+00
orbit:   1.337853E-08  4.226529E-10  6.831690E-13 -3.362757E-15  0.000000E+00  0.000000E+00

++++++ table: summ

            length             orbit5               alfa            gammatr 
        26658.8832                 -0    0.0003478717476        53.61550742 

                q1                dq1            betxmax              dxmax 
       62.31000003        2.000004977        588.9483267        2.861364109 

             dxrms             xcomax             xcorms                 q2 
       1.499401832    8.686216793e-08    2.432115224e-08        60.31999999 

               dq2            betymax              dymax              dyrms 
       2.000004072        640.9197633    1.277765243e-05    2.086939235e-06 

            ycomax             ycorms             deltap            synch_1 
   1.987367202e-12    7.105417642e-13                  0                  0 

           synch_2            synch_3            synch_4            synch_5 
                 0                  0                  0                  0 

           synch_6            synch_8             nflips 
                 0                  0                  0 
b1_im_ip7_knob=b1_im_ip7_knob-0.000020;

++++++ info: b1_im_ip7_knob redefined


twiss, file='model_opticsfile.1_Qx0.31_Qy0.32_beam1/twiss.0';

enter Twiss module
  
iteration:   1 error:   8.611701E-09 deltap:   0.000000E+00
orbit:   1.337853E-08  4.226529E-10  0.000000E+00  0.000000E+00  0.000000E+00  0.000000E+00

++++++ table: summ

            length             orbit5               alfa            gammatr 
        26658.8832                 -0    0.0003478717476        53.61550742 

                q1                dq1            betxmax              dxmax 
       62.31000004        2.000005031         588.948328        2.861364109 

             dxrms             xcomax             xcorms                 q2 
       1.499401832    8.686216784e-08    2.432115223e-08        60.31999998 

               dq2            betymax              dymax              dyrms 
       2.000004012        640.9197637                  0                  0 

            ycomax             ycorms             deltap            synch_1 
                 0                  0                  0                  0 

           synch_2            synch_3            synch_4            synch_5 
                 0                  0                  0                  0 

           synch_6            synch_8             nflips 
                 0                  0                  0 

  Number of warnings: 233
233 in C and 0 in Fortran

  ++++++++++++++++++++++++++++++++++++++++++++
  +          MAD-X finished normally         +
  ++++++++++++++++++++++++++++++++++++++++++++
